--------
Total Statistics
--------
Total Instructions: 18199705463
Total Cycles: 472644791972
IPC: 0.0385061

--------
Two level Cache hierarchy
--------
  L1-Data Cache:
    Size(KB):          32
    Block Size(B):     32
    Associativity:      4

  L2-Data Cache:
    Size(KB):         256
    Block Size(B):    128
    Associativity:      8

Latencies:    1   15  250
L1-Sets:  256 - LRU - assoc:   4
L2-Sets:  256 - LRU - assoc:   8
Store_allocation: Yes
L2_inclusive: Yes

L1 Cache Stats:
L1-Load-Hits:        3247427700   51.12%
L1-Load-Misses:      3105553588   48.88%
L1-Load-Accesses:    6352981288  100.00%

L1-Store-Hits:        1808912277   96.18%
L1-Store-Misses:        71885414    3.82%
L1-Store-Accesses:    1880797691  100.00%

L1-Total-Hits:        5056339977   61.41%
L1-Total-Misses:      3177439002   38.59%
L1-Total-Accesses:    8233778979  100.00%

L2 Cache Stats:
L2-Load-Hits:        1529329378   49.24%
L2-Load-Misses:      1576224210   50.76%
L2-Load-Accesses:    3105553588  100.00%

L2-Store-Hits:          53910734   75.00%
L2-Store-Misses:        17974680   25.00%
L2-Store-Accesses:      71885414  100.00%

L2-Total-Hits:        1583240112   49.83%
L2-Total-Misses:      1594198890   50.17%
L2-Total-Accesses:    3177439002  100.00%

