--------
Total Statistics
--------
Total Instructions: 18199705463
Total Cycles: 343970937907
IPC: 0.0529106

--------
Two level Cache hierarchy
--------
  L1-Data Cache:
    Size(KB):          32
    Block Size(B):     32
    Associativity:      4

  L2-Data Cache:
    Size(KB):        2048
    Block Size(B):    128
    Associativity:     16

Latencies:    1   15  250
L1-Sets:  256 - LRU - assoc:   4
L2-Sets: 1024 - LRU - assoc:  16
Store_allocation: Yes
L2_inclusive: Yes

L1 Cache Stats:
L1-Load-Hits:        3250087982   51.16%
L1-Load-Misses:      3102893306   48.84%
L1-Load-Accesses:    6352981288  100.00%

L1-Store-Hits:        1809411816   96.20%
L1-Store-Misses:        71385875    3.80%
L1-Store-Accesses:    1880797691  100.00%

L1-Total-Hits:        5059499798   61.45%
L1-Total-Misses:      3174279181   38.55%
L1-Total-Accesses:    8233778979  100.00%

L2 Cache Stats:
L2-Load-Hits:        2039370632   65.72%
L2-Load-Misses:      1063522674   34.28%
L2-Load-Accesses:    3102893306  100.00%

L2-Store-Hits:          55215486   77.35%
L2-Store-Misses:        16170389   22.65%
L2-Store-Accesses:      71385875  100.00%

L2-Total-Hits:        2094586118   65.99%
L2-Total-Misses:      1079693063   34.01%
L2-Total-Accesses:    3174279181  100.00%

