--------
Total Statistics
--------
Total Instructions: 18199705463
Total Cycles: 443044852547
IPC: 0.0410787

--------
Two level Cache hierarchy
--------
  L1-Data Cache:
    Size(KB):          32
    Block Size(B):     32
    Associativity:      4

  L2-Data Cache:
    Size(KB):         512
    Block Size(B):    128
    Associativity:      4

Latencies:    1   15  250
L1-Sets:  256 - LRU - assoc:   4
L2-Sets: 1024 - LRU - assoc:   4
Store_allocation: Yes
L2_inclusive: Yes

L1 Cache Stats:
L1-Load-Hits:        3248499915   51.13%
L1-Load-Misses:      3104481373   48.87%
L1-Load-Accesses:    6352981288  100.00%

L1-Store-Hits:        1808984807   96.18%
L1-Store-Misses:        71812884    3.82%
L1-Store-Accesses:    1880797691  100.00%

L1-Total-Hits:        5057484722   61.42%
L1-Total-Misses:      3176294257   38.58%
L1-Total-Accesses:    8233778979  100.00%

L2 Cache Stats:
L2-Load-Hits:        1646074605   53.02%
L2-Load-Misses:      1458406768   46.98%
L2-Load-Accesses:    3104481373  100.00%

L2-Store-Hits:          54351835   75.69%
L2-Store-Misses:        17461049   24.31%
L2-Store-Accesses:      71812884  100.00%

L2-Total-Hits:        1700426440   53.53%
L2-Total-Misses:      1475867817   46.47%
L2-Total-Accesses:    3176294257  100.00%

