--------
Total Statistics
--------
Total Instructions: 18199705463
Total Cycles: 222581438337
IPC: 0.0817665

--------
Two level Cache hierarchy
--------
  L1-Data Cache:
    Size(KB):          32
    Block Size(B):     32
    Associativity:      4

  L2-Data Cache:
    Size(KB):        2048
    Block Size(B):    256
    Associativity:     16

Latencies:    1   15  250
L1-Sets:  256 - LRU - assoc:   4
L2-Sets:  512 - LRU - assoc:  16
Store_allocation: Yes
L2_inclusive: Yes

L1 Cache Stats:
L1-Load-Hits:        3250084220   51.16%
L1-Load-Misses:      3102897068   48.84%
L1-Load-Accesses:    6352981288  100.00%

L1-Store-Hits:        1809228366   96.19%
L1-Store-Misses:        71569325    3.81%
L1-Store-Accesses:    1880797691  100.00%

L1-Total-Hits:        5059312586   61.45%
L1-Total-Misses:      3174466393   38.55%
L1-Total-Accesses:    8233778979  100.00%

L2 Cache Stats:
L2-Load-Hits:        2517091580   81.12%
L2-Load-Misses:       585805488   18.88%
L2-Load-Accesses:    3102897068  100.00%

L2-Store-Hits:          63250981   88.38%
L2-Store-Misses:         8318344   11.62%
L2-Store-Accesses:      71569325  100.00%

L2-Total-Hits:        2580342561   81.28%
L2-Total-Misses:       594123832   18.72%
L2-Total-Accesses:    3174466393  100.00%

