--------
Total Statistics
--------
Total Instructions: 18199705463
Total Cycles: 264444295302
IPC: 0.0688225

--------
Two level Cache hierarchy
--------
  L1-Data Cache:
    Size(KB):          32
    Block Size(B):     32
    Associativity:      4

  L2-Data Cache:
    Size(KB):        1024
    Block Size(B):    256
    Associativity:      8

Latencies:    1   15  250
L1-Sets:  256 - LRU - assoc:   4
L2-Sets:  512 - LRU - assoc:   8
Store_allocation: Yes
L2_inclusive: Yes

L1 Cache Stats:
L1-Load-Hits:        3249983698   51.16%
L1-Load-Misses:      3102997590   48.84%
L1-Load-Accesses:    6352981288  100.00%

L1-Store-Hits:        1809080657   96.19%
L1-Store-Misses:        71717034    3.81%
L1-Store-Accesses:    1880797691  100.00%

L1-Total-Hits:        5059064355   61.44%
L1-Total-Misses:      3174714624   38.56%
L1-Total-Accesses:    8233778979  100.00%

L2 Cache Stats:
L2-Load-Hits:        2350198183   75.74%
L2-Load-Misses:       752799407   24.26%
L2-Load-Accesses:    3102997590  100.00%

L2-Store-Hits:          62956075   87.78%
L2-Store-Misses:         8760959   12.22%
L2-Store-Accesses:      71717034  100.00%

L2-Total-Hits:        2413154258   76.01%
L2-Total-Misses:       761560366   23.99%
L2-Total-Accesses:    3174714624  100.00%

