--------
Total Statistics
--------
Total Instructions: 18199705463
Total Cycles: 301236496227
IPC: 0.0604167

--------
Two level Cache hierarchy
--------
  L1-Data Cache:
    Size(KB):          32
    Block Size(B):     32
    Associativity:      4

  L2-Data Cache:
    Size(KB):         512
    Block Size(B):    256
    Associativity:      8

Latencies:    1   15  250
L1-Sets:  256 - LRU - assoc:   4
L2-Sets:  256 - LRU - assoc:   8
Store_allocation: Yes
L2_inclusive: Yes

L1 Cache Stats:
L1-Load-Hits:        3248451695   51.13%
L1-Load-Misses:      3104529593   48.87%
L1-Load-Accesses:    6352981288  100.00%

L1-Store-Hits:        1809084315   96.19%
L1-Store-Misses:        71713376    3.81%
L1-Store-Accesses:    1880797691  100.00%

L1-Total-Hits:        5057536010   61.42%
L1-Total-Misses:      3176242969   38.58%
L1-Total-Accesses:    8233778979  100.00%

L2 Cache Stats:
L2-Load-Hits:        2205127675   71.03%
L2-Load-Misses:       899401918   28.97%
L2-Load-Accesses:    3104529593  100.00%

L2-Store-Hits:          62477825   87.12%
L2-Store-Misses:         9235551   12.88%
L2-Store-Accesses:      71713376  100.00%

L2-Total-Hits:        2267605500   71.39%
L2-Total-Misses:       908637469   28.61%
L2-Total-Accesses:    3176242969  100.00%

