--------
Total Statistics
--------
Total Instructions: 18199705463
Total Cycles: 477354634012
IPC: 0.0381262

--------
Two level Cache hierarchy
--------
  L1-Data Cache:
    Size(KB):          32
    Block Size(B):     32
    Associativity:      4

  L2-Data Cache:
    Size(KB):         256
    Block Size(B):    128
    Associativity:      4

Latencies:    1   15  250
L1-Sets:  256 - LRU - assoc:   4
L2-Sets:  512 - LRU - assoc:   4
Store_allocation: Yes
L2_inclusive: Yes

L1 Cache Stats:
L1-Load-Hits:        3244353994   51.07%
L1-Load-Misses:      3108627294   48.93%
L1-Load-Accesses:    6352981288  100.00%

L1-Store-Hits:        1808431297   96.15%
L1-Store-Misses:        72366394    3.85%
L1-Store-Accesses:    1880797691  100.00%

L1-Total-Hits:        5052785291   61.37%
L1-Total-Misses:      3180993688   38.63%
L1-Total-Accesses:    8233778979  100.00%

L2 Cache Stats:
L2-Load-Hits:        1514441044   48.72%
L2-Load-Misses:      1594186250   51.28%
L2-Load-Accesses:    3108627294  100.00%

L2-Store-Hits:          53727667   74.24%
L2-Store-Misses:        18638727   25.76%
L2-Store-Accesses:      72366394  100.00%

L2-Total-Hits:        1568168711   49.30%
L2-Total-Misses:      1612824977   50.70%
L2-Total-Accesses:    3180993688  100.00%

