--------
Total Statistics
--------
Total Instructions: 18199705463
Total Cycles: 307749499177
IPC: 0.0591381

--------
Two level Cache hierarchy
--------
  L1-Data Cache:
    Size(KB):          32
    Block Size(B):     32
    Associativity:      4

  L2-Data Cache:
    Size(KB):         512
    Block Size(B):    256
    Associativity:      4

Latencies:    1   15  250
L1-Sets:  256 - LRU - assoc:   4
L2-Sets:  512 - LRU - assoc:   4
Store_allocation: Yes
L2_inclusive: Yes

L1 Cache Stats:
L1-Load-Hits:        3244930439   51.08%
L1-Load-Misses:      3108050849   48.92%
L1-Load-Accesses:    6352981288  100.00%

L1-Store-Hits:        1808677841   96.17%
L1-Store-Misses:        72119850    3.83%
L1-Store-Accesses:    1880797691  100.00%

L1-Total-Hits:        5053608280   61.38%
L1-Total-Misses:      3180170699   38.62%
L1-Total-Accesses:    8233778979  100.00%

L2 Cache Stats:
L2-Load-Hits:        2183309920   70.25%
L2-Load-Misses:       924740929   29.75%
L2-Load-Accesses:    3108050849  100.00%

L2-Store-Hits:          62406962   86.53%
L2-Store-Misses:         9712888   13.47%
L2-Store-Accesses:      72119850  100.00%

L2-Total-Hits:        2245716882   70.62%
L2-Total-Misses:       934453817   29.38%
L2-Total-Accesses:    3180170699  100.00%

