--------
Total Statistics
--------
Total Instructions: 18199705463
Total Cycles: 607449345402
IPC: 0.0299609

--------
Two level Cache hierarchy
--------
  L1-Data Cache:
    Size(KB):          32
    Block Size(B):     32
    Associativity:      4

  L2-Data Cache:
    Size(KB):         512
    Block Size(B):     64
    Associativity:      4

Latencies:    1   15  250
L1-Sets:  256 - LRU - assoc:   4
L2-Sets: 2048 - LRU - assoc:   4
Store_allocation: Yes
L2_inclusive: Yes

L1 Cache Stats:
L1-Load-Hits:        3249617790   51.15%
L1-Load-Misses:      3103363498   48.85%
L1-Load-Accesses:    6352981288  100.00%

L1-Store-Hits:        1809388725   96.20%
L1-Store-Misses:        71408966    3.80%
L1-Store-Accesses:    1880797691  100.00%

L1-Total-Hits:        5059006515   61.44%
L1-Total-Misses:      3174772464   38.56%
L1-Total-Accesses:    8233778979  100.00%

L2 Cache Stats:
L2-Load-Hits:        1003070405   32.32%
L2-Load-Misses:      2100293093   67.68%
L2-Load-Accesses:    3103363498  100.00%

L2-Store-Hits:          38124963   53.39%
L2-Store-Misses:        33284003   46.61%
L2-Store-Accesses:      71408966  100.00%

L2-Total-Hits:        1041195368   32.80%
L2-Total-Misses:      2133577096   67.20%
L2-Total-Accesses:    3174772464  100.00%

