--------
Total Statistics
--------
Total Instructions: 18199705463
Total Cycles: 407066108857
IPC: 0.0447095

--------
Two level Cache hierarchy
--------
  L1-Data Cache:
    Size(KB):          32
    Block Size(B):     32
    Associativity:      4

  L2-Data Cache:
    Size(KB):        1024
    Block Size(B):    128
    Associativity:     16

Latencies:    1   15  250
L1-Sets:  256 - LRU - assoc:   4
L2-Sets:  512 - LRU - assoc:  16
Store_allocation: Yes
L2_inclusive: Yes

L1 Cache Stats:
L1-Load-Hits:        3249953883   51.16%
L1-Load-Misses:      3103027405   48.84%
L1-Load-Accesses:    6352981288  100.00%

L1-Store-Hits:        1809411335   96.20%
L1-Store-Misses:        71386356    3.80%
L1-Store-Accesses:    1880797691  100.00%

L1-Total-Hits:        5059365218   61.45%
L1-Total-Misses:      3174413761   38.55%
L1-Total-Accesses:    8233778979  100.00%

L2 Cache Stats:
L2-Load-Hits:        1787799459   57.61%
L2-Load-Misses:      1315227946   42.39%
L2-Load-Accesses:    3103027405  100.00%

L2-Store-Hits:          54548630   76.41%
L2-Store-Misses:        16837726   23.59%
L2-Store-Accesses:      71386356  100.00%

L2-Total-Hits:        1842348089   58.04%
L2-Total-Misses:      1332065672   41.96%
L2-Total-Accesses:    3174413761  100.00%

