--------
Total Statistics
--------
Total Instructions: 18199705463
Total Cycles: 440826308847
IPC: 0.0412854

--------
Two level Cache hierarchy
--------
  L1-Data Cache:
    Size(KB):          32
    Block Size(B):     32
    Associativity:      4

  L2-Data Cache:
    Size(KB):         512
    Block Size(B):    128
    Associativity:      8

Latencies:    1   15  250
L1-Sets:  256 - LRU - assoc:   4
L2-Sets:  512 - LRU - assoc:   8
Store_allocation: Yes
L2_inclusive: Yes

L1 Cache Stats:
L1-Load-Hits:        3249493204   51.15%
L1-Load-Misses:      3103488084   48.85%
L1-Load-Accesses:    6352981288  100.00%

L1-Store-Hits:        1809142148   96.19%
L1-Store-Misses:        71655543    3.81%
L1-Store-Accesses:    1880797691  100.00%

L1-Total-Hits:        5058635352   61.44%
L1-Total-Misses:      3175143627   38.56%
L1-Total-Accesses:    8233778979  100.00%

L2 Cache Stats:
L2-Load-Hits:        1653762337   53.29%
L2-Load-Misses:      1449725747   46.71%
L2-Load-Accesses:    3103488084  100.00%

L2-Store-Hits:          54318610   75.81%
L2-Store-Misses:        17336933   24.19%
L2-Store-Accesses:      71655543  100.00%

L2-Total-Hits:        1708080947   53.80%
L2-Total-Misses:      1467062680   46.20%
L2-Total-Accesses:    3175143627  100.00%

