--------
Total Statistics
--------
Total Instructions: 18199705463
Total Cycles: 558589674077
IPC: 0.0325815

--------
Two level Cache hierarchy
--------
  L1-Data Cache:
    Size(KB):          32
    Block Size(B):     32
    Associativity:      4

  L2-Data Cache:
    Size(KB):        1024
    Block Size(B):     64
    Associativity:     16

Latencies:    1   15  250
L1-Sets:  256 - LRU - assoc:   4
L2-Sets: 1024 - LRU - assoc:  16
Store_allocation: Yes
L2_inclusive: Yes

L1 Cache Stats:
L1-Load-Hits:        3250093834   51.16%
L1-Load-Misses:      3102887454   48.84%
L1-Load-Accesses:    6352981288  100.00%

L1-Store-Hits:        1809070936   96.19%
L1-Store-Misses:        71726755    3.81%
L1-Store-Accesses:    1880797691  100.00%

L1-Total-Hits:        5059164770   61.44%
L1-Total-Misses:      3174614209   38.56%
L1-Total-Accesses:    8233778979  100.00%

L2 Cache Stats:
L2-Load-Hits:        1197133244   38.58%
L2-Load-Misses:      1905754210   61.42%
L2-Load-Accesses:    3102887454  100.00%

L2-Store-Hits:          39333059   54.84%
L2-Store-Misses:        32393696   45.16%
L2-Store-Accesses:      71726755  100.00%

L2-Total-Hits:        1236466303   38.95%
L2-Total-Misses:      1938147906   61.05%
L2-Total-Accesses:    3174614209  100.00%

