--------
Total Statistics
--------
Total Instructions: 38323373253
Total Cycles: 265735252081
IPC: 0.144216

--------
Two level Cache hierarchy
--------
  L1-Data Cache:
    Size(KB):          32
    Block Size(B):     32
    Associativity:      4

  L2-Data Cache:
    Size(KB):        1024
    Block Size(B):     64
    Associativity:     16

Latencies:    1   15  250
L1-Sets:  256 - LRU - assoc:   4
L2-Sets: 1024 - LRU - assoc:  16
Store_allocation: Yes
L2_inclusive: Yes

L1 Cache Stats:
L1-Load-Hits:        8617282733   89.24%
L1-Load-Misses:      1039269420   10.76%
L1-Load-Accesses:    9656552153  100.00%

L1-Store-Hits:        3213865765   90.17%
L1-Store-Misses:       350289960    9.83%
L1-Store-Accesses:    3564155725  100.00%

L1-Total-Hits:       11831148498   89.49%
L1-Total-Misses:      1389559380   10.51%
L1-Total-Accesses:   13220707878  100.00%

L2 Cache Stats:
L2-Load-Hits:         443732640   42.70%
L2-Load-Misses:       595536780   57.30%
L2-Load-Accesses:    1039269420  100.00%

L2-Store-Hits:         172435619   49.23%
L2-Store-Misses:       177854341   50.77%
L2-Store-Accesses:     350289960  100.00%

L2-Total-Hits:         616168259   44.34%
L2-Total-Misses:       773391121   55.66%
L2-Total-Accesses:    1389559380  100.00%

