--------
Total Statistics
--------
Total Instructions: 18199705463
Total Cycles: 555696764117
IPC: 0.0327511

--------
Two level Cache hierarchy
--------
  L1-Data Cache:
    Size(KB):          32
    Block Size(B):     32
    Associativity:      4

  L2-Data Cache:
    Size(KB):        1024
    Block Size(B):     64
    Associativity:      8

Latencies:    1   15  250
L1-Sets:  256 - LRU - assoc:   4
L2-Sets: 2048 - LRU - assoc:   8
Store_allocation: Yes
L2_inclusive: Yes

L1 Cache Stats:
L1-Load-Hits:        3250170801   51.16%
L1-Load-Misses:      3102810487   48.84%
L1-Load-Accesses:    6352981288  100.00%

L1-Store-Hits:        1809164333   96.19%
L1-Store-Misses:        71633358    3.81%
L1-Store-Accesses:    1880797691  100.00%

L1-Total-Hits:        5059335134   61.45%
L1-Total-Misses:      3174443845   38.55%
L1-Total-Accesses:    8233778979  100.00%

L2 Cache Stats:
L2-Load-Hits:        1208598303   38.95%
L2-Load-Misses:      1894212184   61.05%
L2-Load-Accesses:    3102810487  100.00%

L2-Store-Hits:          39259054   54.81%
L2-Store-Misses:        32374304   45.19%
L2-Store-Accesses:      71633358  100.00%

L2-Total-Hits:        1247857357   39.31%
L2-Total-Misses:      1926586488   60.69%
L2-Total-Accesses:    3174443845  100.00%

