--------
Total Statistics
--------
Total Instructions: 18199705463
Total Cycles: 301272910212
IPC: 0.0604094

--------
Two level Cache hierarchy
--------
  L1-Data Cache:
    Size(KB):          32
    Block Size(B):     32
    Associativity:      4

  L2-Data Cache:
    Size(KB):         512
    Block Size(B):    256
    Associativity:      8

Latencies:    1   15  250
L1-Sets:  256 - LRU - assoc:   4
L2-Sets:  256 - LRU - assoc:   8
Store_allocation: Yes
L2_inclusive: Yes

L1 Cache Stats:
L1-Load-Hits:        3248557984   51.13%
L1-Load-Misses:      3104423304   48.87%
L1-Load-Accesses:    6352981288  100.00%

L1-Store-Hits:        1809073177   96.19%
L1-Store-Misses:        71724514    3.81%
L1-Store-Accesses:    1880797691  100.00%

L1-Total-Hits:        5057631161   61.43%
L1-Total-Misses:      3176147818   38.57%
L1-Total-Accesses:    8233778979  100.00%

L2 Cache Stats:
L2-Load-Hits:        2204858747   71.02%
L2-Load-Misses:       899564557   28.98%
L2-Load-Accesses:    3104423304  100.00%

L2-Store-Hits:          62500237   87.14%
L2-Store-Misses:         9224277   12.86%
L2-Store-Accesses:      71724514  100.00%

L2-Total-Hits:        2267358984   71.39%
L2-Total-Misses:       908788834   28.61%
L2-Total-Accesses:    3176147818  100.00%

