--------
Total Statistics
--------
Total Instructions: 1583876103
Total Cycles: 21022656799
IPC: 0.0753414

--------
Two level Cache hierarchy
--------
  L1-Data Cache:
    Size(KB):          32
    Block Size(B):     32
    Associativity:      4

  L2-Data Cache:
    Size(KB):        1024
    Block Size(B):     64
    Associativity:     16

Latencies:    1   15  250
L1-Sets:  256 - LRU - assoc:   4
L2-Sets: 1024 - LRU - assoc:  16
Store_allocation: Yes
L2_inclusive: Yes

L1 Cache Stats:
L1-Load-Hits:         365014786   71.59%
L1-Load-Misses:       144826853   28.41%
L1-Load-Accesses:     509841639  100.00%

L1-Store-Hits:         132985030   94.34%
L1-Store-Misses:         7982577    5.66%
L1-Store-Accesses:     140967607  100.00%

L1-Total-Hits:         497999816   76.52%
L1-Total-Misses:       152809430   23.48%
L1-Total-Accesses:     650809246  100.00%

L2 Cache Stats:
L2-Load-Hits:          80134813   55.33%
L2-Load-Misses:        64692040   44.67%
L2-Load-Accesses:     144826853  100.00%

L2-Store-Hits:           6691297   83.82%
L2-Store-Misses:         1291280   16.18%
L2-Store-Accesses:       7982577  100.00%

L2-Total-Hits:          86826110   56.82%
L2-Total-Misses:        65983320   43.18%
L2-Total-Accesses:     152809430  100.00%

