--------
Total Statistics
--------
Total Instructions: 18199705463
Total Cycles: 406085110687
IPC: 0.0448175

--------
Two level Cache hierarchy
--------
  L1-Data Cache:
    Size(KB):          32
    Block Size(B):     32
    Associativity:      4

  L2-Data Cache:
    Size(KB):        1024
    Block Size(B):    128
    Associativity:      8

Latencies:    1   15  250
L1-Sets:  256 - LRU - assoc:   4
L2-Sets: 1024 - LRU - assoc:   8
Store_allocation: Yes
L2_inclusive: Yes

L1 Cache Stats:
L1-Load-Hits:        3250109028   51.16%
L1-Load-Misses:      3102872260   48.84%
L1-Load-Accesses:    6352981288  100.00%

L1-Store-Hits:        1809163268   96.19%
L1-Store-Misses:        71634423    3.81%
L1-Store-Accesses:    1880797691  100.00%

L1-Total-Hits:        5059272296   61.45%
L1-Total-Misses:      3174506683   38.55%
L1-Total-Accesses:    8233778979  100.00%

L2 Cache Stats:
L2-Load-Hits:        1791563077   57.74%
L2-Load-Misses:      1311309183   42.26%
L2-Load-Accesses:    3102872260  100.00%

L2-Store-Hits:          54807502   76.51%
L2-Store-Misses:        16826921   23.49%
L2-Store-Accesses:      71634423  100.00%

L2-Total-Hits:        1846370579   58.16%
L2-Total-Misses:      1328136104   41.84%
L2-Total-Accesses:    3174506683  100.00%

