--------
Total Statistics
--------
Total Instructions: 18199705463
Total Cycles: 607456169842
IPC: 0.0299605

--------
Two level Cache hierarchy
--------
  L1-Data Cache:
    Size(KB):          32
    Block Size(B):     32
    Associativity:      4

  L2-Data Cache:
    Size(KB):         512
    Block Size(B):     64
    Associativity:      4

Latencies:    1   15  250
L1-Sets:  256 - LRU - assoc:   4
L2-Sets: 2048 - LRU - assoc:   4
Store_allocation: Yes
L2_inclusive: Yes

L1 Cache Stats:
L1-Load-Hits:        3249647919   51.15%
L1-Load-Misses:      3103333369   48.85%
L1-Load-Accesses:    6352981288  100.00%

L1-Store-Hits:        1809130000   96.19%
L1-Store-Misses:        71667691    3.81%
L1-Store-Accesses:    1880797691  100.00%

L1-Total-Hits:        5058777919   61.44%
L1-Total-Misses:      3175001060   38.56%
L1-Total-Accesses:    8233778979  100.00%

L2 Cache Stats:
L2-Load-Hits:        1003031091   32.32%
L2-Load-Misses:      2100302278   67.68%
L2-Load-Accesses:    3103333369  100.00%

L2-Store-Hits:          38379291   53.55%
L2-Store-Misses:        33288400   46.45%
L2-Store-Accesses:      71667691  100.00%

L2-Total-Hits:        1041410382   32.80%
L2-Total-Misses:      2133590678   67.20%
L2-Total-Accesses:    3175001060  100.00%

