--------
Total Statistics
--------
Total Instructions: 18199705463
Total Cycles: 443097021312
IPC: 0.0410739

--------
Two level Cache hierarchy
--------
  L1-Data Cache:
    Size(KB):          32
    Block Size(B):     32
    Associativity:      4

  L2-Data Cache:
    Size(KB):         512
    Block Size(B):    128
    Associativity:      4

Latencies:    1   15  250
L1-Sets:  256 - LRU - assoc:   4
L2-Sets: 1024 - LRU - assoc:   4
Store_allocation: Yes
L2_inclusive: Yes

L1 Cache Stats:
L1-Load-Hits:        3248883460   51.14%
L1-Load-Misses:      3104097828   48.86%
L1-Load-Accesses:    6352981288  100.00%

L1-Store-Hits:        1808961111   96.18%
L1-Store-Misses:        71836580    3.82%
L1-Store-Accesses:    1880797691  100.00%

L1-Total-Hits:        5057844571   61.43%
L1-Total-Misses:      3175934408   38.57%
L1-Total-Accesses:    8233778979  100.00%

L2 Cache Stats:
L2-Load-Hits:        1645449255   53.01%
L2-Load-Misses:      1458648573   46.99%
L2-Load-Accesses:    3104097828  100.00%

L2-Store-Hits:          54387070   75.71%
L2-Store-Misses:        17449510   24.29%
L2-Store-Accesses:      71836580  100.00%

L2-Total-Hits:        1699836325   53.52%
L2-Total-Misses:      1476098083   46.48%
L2-Total-Accesses:    3175934408  100.00%

