--------
Total Statistics
--------
Total Instructions: 18199705463
Total Cycles: 440814848807
IPC: 0.0412865

--------
Two level Cache hierarchy
--------
  L1-Data Cache:
    Size(KB):          32
    Block Size(B):     32
    Associativity:      4

  L2-Data Cache:
    Size(KB):         512
    Block Size(B):    128
    Associativity:      8

Latencies:    1   15  250
L1-Sets:  256 - LRU - assoc:   4
L2-Sets:  512 - LRU - assoc:   8
Store_allocation: Yes
L2_inclusive: Yes

L1 Cache Stats:
L1-Load-Hits:        3249532623   51.15%
L1-Load-Misses:      3103448665   48.85%
L1-Load-Accesses:    6352981288  100.00%

L1-Store-Hits:        1809371665   96.20%
L1-Store-Misses:        71426026    3.80%
L1-Store-Accesses:    1880797691  100.00%

L1-Total-Hits:        5058904288   61.44%
L1-Total-Misses:      3174874691   38.56%
L1-Total-Accesses:    8233778979  100.00%

L2 Cache Stats:
L2-Load-Hits:        1653756490   53.29%
L2-Load-Misses:      1449692175   46.71%
L2-Load-Accesses:    3103448665  100.00%

L2-Store-Hits:          54085225   75.72%
L2-Store-Misses:        17340801   24.28%
L2-Store-Accesses:      71426026  100.00%

L2-Total-Hits:        1707841715   53.79%
L2-Total-Misses:      1467032976   46.21%
L2-Total-Accesses:    3174874691  100.00%

