--------
Total Statistics
--------
Total Instructions: 18199705835
Total Cycles: 359806597529
IPC: 0.0505819

--------
Two level Cache hierarchy
--------
  L1-Data Cache:
    Size(KB):          32
    Block Size(B):     32
    Associativity:      4

  L2-Data Cache:
    Size(KB):         256
    Block Size(B):    256
    Associativity:      4

Latencies:    1   15  250
L1-Sets:  256 - LRU - assoc:   4
L2-Sets:  256 - LRU - assoc:   4
Store_allocation: Yes
L2_inclusive: Yes

L1 Cache Stats:
L1-Load-Hits:        3225282642   50.77%
L1-Load-Misses:      3127698680   49.23%
L1-Load-Accesses:    6352981322  100.00%

L1-Store-Hits:        1807736848   96.12%
L1-Store-Misses:        73060864    3.88%
L1-Store-Accesses:    1880797712  100.00%

L1-Total-Hits:        5033019490   61.13%
L1-Total-Misses:      3200759544   38.87%
L1-Total-Accesses:    8233779034  100.00%

L2 Cache Stats:
L2-Load-Hits:        1997610440   63.87%
L2-Load-Misses:      1130088240   36.13%
L2-Load-Accesses:    3127698680  100.00%

L2-Store-Hits:          61702226   84.45%
L2-Store-Misses:        11358638   15.55%
L2-Store-Accesses:      73060864  100.00%

L2-Total-Hits:        2059312666   64.34%
L2-Total-Misses:      1141446878   35.66%
L2-Total-Accesses:    3200759544  100.00%

