--------
Total Statistics
--------
Total Instructions: 18199705835
Total Cycles: 477321600389
IPC: 0.0381288

--------
Two level Cache hierarchy
--------
  L1-Data Cache:
    Size(KB):          32
    Block Size(B):     32
    Associativity:      4

  L2-Data Cache:
    Size(KB):         256
    Block Size(B):    128
    Associativity:      4

Latencies:    1   15  250
L1-Sets:  256 - LRU - assoc:   4
L2-Sets:  512 - LRU - assoc:   4
Store_allocation: Yes
L2_inclusive: Yes

L1 Cache Stats:
L1-Load-Hits:        3244640379   51.07%
L1-Load-Misses:      3108340943   48.93%
L1-Load-Accesses:    6352981322  100.00%

L1-Store-Hits:        1808667037   96.16%
L1-Store-Misses:        72130675    3.84%
L1-Store-Accesses:    1880797712  100.00%

L1-Total-Hits:        5053307416   61.37%
L1-Total-Misses:      3180471618   38.63%
L1-Total-Accesses:    8233779034  100.00%

L2 Cache Stats:
L2-Load-Hits:        1513988107   48.71%
L2-Load-Misses:      1594352836   51.29%
L2-Load-Accesses:    3108340943  100.00%

L2-Store-Hits:          53759346   74.53%
L2-Store-Misses:        18371329   25.47%
L2-Store-Accesses:      72130675  100.00%

L2-Total-Hits:        1567747453   49.29%
L2-Total-Misses:      1612724165   50.71%
L2-Total-Accesses:    3180471618  100.00%

