--------
Total Statistics
--------
Total Instructions: 18199705835
Total Cycles: 639871476349
IPC: 0.0284428

--------
Two level Cache hierarchy
--------
  L1-Data Cache:
    Size(KB):          32
    Block Size(B):     32
    Associativity:      4

  L2-Data Cache:
    Size(KB):         256
    Block Size(B):     64
    Associativity:      4

Latencies:    1   15  250
L1-Sets:  256 - LRU - assoc:   4
L2-Sets: 1024 - LRU - assoc:   4
Store_allocation: Yes
L2_inclusive: Yes

L1 Cache Stats:
L1-Load-Hits:        3248424262   51.13%
L1-Load-Misses:      3104557060   48.87%
L1-Load-Accesses:    6352981322  100.00%

L1-Store-Hits:        1809197940   96.19%
L1-Store-Misses:        71599772    3.81%
L1-Store-Accesses:    1880797712  100.00%

L1-Total-Hits:        5057622202   61.43%
L1-Total-Misses:      3176156832   38.57%
L1-Total-Accesses:    8233779034  100.00%

L2 Cache Stats:
L2-Load-Hits:         875542032   28.20%
L2-Load-Misses:      2229015028   71.80%
L2-Load-Accesses:    3104557060  100.00%

L2-Store-Hits:          37432244   52.28%
L2-Store-Misses:        34167528   47.72%
L2-Store-Accesses:      71599772  100.00%

L2-Total-Hits:         912974276   28.74%
L2-Total-Misses:      2263182556   71.26%
L2-Total-Accesses:    3176156832  100.00%

