--------
Total Statistics
--------
Total Instructions: 18199705463
Total Cycles: 307706700692
IPC: 0.0591463

--------
Two level Cache hierarchy
--------
  L1-Data Cache:
    Size(KB):          32
    Block Size(B):     32
    Associativity:      4

  L2-Data Cache:
    Size(KB):         512
    Block Size(B):    256
    Associativity:      4

Latencies:    1   15  250
L1-Sets:  256 - LRU - assoc:   4
L2-Sets:  512 - LRU - assoc:   4
Store_allocation: Yes
L2_inclusive: Yes

L1 Cache Stats:
L1-Load-Hits:        3245062106   51.08%
L1-Load-Misses:      3107919182   48.92%
L1-Load-Accesses:    6352981288  100.00%

L1-Store-Hits:        1808881923   96.18%
L1-Store-Misses:        71915768    3.82%
L1-Store-Accesses:    1880797691  100.00%

L1-Total-Hits:        5053944029   61.38%
L1-Total-Misses:      3179834950   38.62%
L1-Total-Accesses:    8233778979  100.00%

L2 Cache Stats:
L2-Load-Hits:        2183175141   70.25%
L2-Load-Misses:       924744041   29.75%
L2-Load-Accesses:    3107919182  100.00%

L2-Store-Hits:          62357041   86.71%
L2-Store-Misses:         9558727   13.29%
L2-Store-Accesses:      71915768  100.00%

L2-Total-Hits:        2245532182   70.62%
L2-Total-Misses:       934302768   29.38%
L2-Total-Accesses:    3179834950  100.00%

