--------
Total Statistics
--------
Total Instructions: 18199705463
Total Cycles: 472630925187
IPC: 0.0385072

--------
Two level Cache hierarchy
--------
  L1-Data Cache:
    Size(KB):          32
    Block Size(B):     32
    Associativity:      4

  L2-Data Cache:
    Size(KB):         256
    Block Size(B):    128
    Associativity:      8

Latencies:    1   15  250
L1-Sets:  256 - LRU - assoc:   4
L2-Sets:  256 - LRU - assoc:   8
Store_allocation: Yes
L2_inclusive: Yes

L1 Cache Stats:
L1-Load-Hits:        3247679278   51.12%
L1-Load-Misses:      3105302010   48.88%
L1-Load-Accesses:    6352981288  100.00%

L1-Store-Hits:        1809258618   96.20%
L1-Store-Misses:        71539073    3.80%
L1-Store-Accesses:    1880797691  100.00%

L1-Total-Hits:        5056937896   61.42%
L1-Total-Misses:      3176841083   38.58%
L1-Total-Accesses:    8233778979  100.00%

L2 Cache Stats:
L2-Load-Hits:        1529134747   49.24%
L2-Load-Misses:      1576167263   50.76%
L2-Load-Accesses:    3105302010  100.00%

L2-Store-Hits:          53527038   74.82%
L2-Store-Misses:        18012035   25.18%
L2-Store-Accesses:      71539073  100.00%

L2-Total-Hits:        1582661785   49.82%
L2-Total-Misses:      1594179298   50.18%
L2-Total-Accesses:    3176841083  100.00%

