--------
Total Statistics
--------
Total Instructions: 18199705463
Total Cycles: 356967571982
IPC: 0.0509842

--------
Two level Cache hierarchy
--------
  L1-Data Cache:
    Size(KB):          32
    Block Size(B):     32
    Associativity:      4

  L2-Data Cache:
    Size(KB):         256
    Block Size(B):    256
    Associativity:      8

Latencies:    1   15  250
L1-Sets:  256 - LRU - assoc:   4
L2-Sets:  128 - LRU - assoc:   8
Store_allocation: Yes
L2_inclusive: Yes

L1 Cache Stats:
L1-Load-Hits:        3230417095   50.85%
L1-Load-Misses:      3122564193   49.15%
L1-Load-Accesses:    6352981288  100.00%

L1-Store-Hits:        1808326698   96.15%
L1-Store-Misses:        72470993    3.85%
L1-Store-Accesses:    1880797691  100.00%

L1-Total-Hits:        5038743793   61.20%
L1-Total-Misses:      3195035186   38.80%
L1-Total-Accesses:    8233778979  100.00%

L2 Cache Stats:
L2-Load-Hits:        2003036861   64.15%
L2-Load-Misses:      1119527332   35.85%
L2-Load-Accesses:    3122564193  100.00%

L2-Store-Hits:          61564086   84.95%
L2-Store-Misses:        10906907   15.05%
L2-Store-Accesses:      72470993  100.00%

L2-Total-Hits:        2064600947   64.62%
L2-Total-Misses:      1130434239   35.38%
L2-Total-Accesses:    3195035186  100.00%

