--------
Total Statistics
--------
Total Instructions: 18199705463
Total Cycles: 607411435012
IPC: 0.0299627

--------
Two level Cache hierarchy
--------
  L1-Data Cache:
    Size(KB):          32
    Block Size(B):     32
    Associativity:      4

  L2-Data Cache:
    Size(KB):         512
    Block Size(B):     64
    Associativity:      8

Latencies:    1   15  250
L1-Sets:  256 - LRU - assoc:   4
L2-Sets: 1024 - LRU - assoc:   8
Store_allocation: Yes
L2_inclusive: Yes

L1 Cache Stats:
L1-Load-Hits:        3249791393   51.15%
L1-Load-Misses:      3103189895   48.85%
L1-Load-Accesses:    6352981288  100.00%

L1-Store-Hits:        1809204248   96.19%
L1-Store-Misses:        71593443    3.81%
L1-Store-Accesses:    1880797691  100.00%

L1-Total-Hits:        5058995641   61.44%
L1-Total-Misses:      3174783338   38.56%
L1-Total-Accesses:    8233778979  100.00%

L2 Cache Stats:
L2-Load-Hits:        1003008209   32.32%
L2-Load-Misses:      2100181686   67.68%
L2-Load-Accesses:    3103189895  100.00%

L2-Store-Hits:          38350327   53.57%
L2-Store-Misses:        33243116   46.43%
L2-Store-Accesses:      71593443  100.00%

L2-Total-Hits:        1041358536   32.80%
L2-Total-Misses:      2133424802   67.20%
L2-Total-Accesses:    3174783338  100.00%

