                                     | Core 0     | Core 1     | Core 2     | Core 3     | Core 4     | Core 5     | Core 6     | Core 7     | Core 8     | Core 9     | Core 10    | Core 11    | Core 12    | Core 13    | Core 14    | Core 15   
  Instructions                       |    6340762 |    5856658 |    5773757 |    6074543 |    6003871 |    5455850 |    5580762 |    6398870 |    6862331 |    6844926 |    6897077 |    7249220 |    7179182 |    6386120 |    7233879 |    6821840
  Cycles                             |    5356708 |    5356708 |    5356708 |    5356708 |    5356708 |    5356708 |    5356708 |    5356708 |    5356708 |    5356708 |    5356708 |    5356708 |    5356708 |    5356708 |    5356708 |    5356708
  IPC                                |       1.18 |       1.09 |       1.08 |       1.13 |       1.12 |       1.02 |       1.04 |       1.19 |       1.28 |       1.28 |       1.29 |       1.35 |       1.34 |       1.19 |       1.35 |       1.27
  Time (ns)                          |    2013800 |    2013800 |    2013800 |    2013800 |    2013800 |    2013800 |    2013800 |    2013800 |    2013800 |    2013800 |    2013800 |    2013800 |    2013800 |    2013800 |    2013800 |    2013800
  Idle time (ns)                     |     165149 |     346741 |     364786 |     324879 |     332577 |     464525 |     449871 |     222107 |     105566 |     141945 |     140172 |      89511 |      90477 |     327763 |      96312 |     171464
  Idle time (%)                      |       8.2% |      17.2% |      18.1% |      16.1% |      16.5% |      23.1% |      22.3% |      11.0% |       5.2% |       7.0% |       7.0% |       4.4% |       4.5% |      16.3% |       4.8% |       8.5%
Branch predictor stats               |            |            |            |            |            |            |            |            |            |            |            |            |            |            |            |           
  num correct                        |    1039214 |     958545 |     944724 |     994846 |     983061 |     891761 |     912563 |    1048896 |    1126136 |    1123256 |    1131944 |    1190638 |    1178984 |    1046760 |    1188064 |    1119408
  num incorrect                      |        271 |        255 |        260 |        269 |        276 |        238 |        255 |        270 |        274 |        256 |        260 |        252 |        236 |        285 |        273 |        256
  misprediction rate                 |      0.03% |      0.03% |      0.03% |      0.03% |      0.03% |      0.03% |      0.03% |      0.03% |      0.02% |      0.02% |      0.02% |      0.02% |      0.02% |      0.03% |      0.02% |      0.02%
  mpki                               |       0.04 |       0.04 |       0.05 |       0.04 |       0.05 |       0.04 |       0.05 |       0.04 |       0.04 |       0.04 |       0.04 |       0.03 |       0.03 |       0.04 |       0.04 |       0.04
TLB Summary                          |            |            |            |            |            |            |            |            |            |            |            |            |            |            |            |           
Cache Summary                        |            |            |            |            |            |            |            |            |            |            |            |            |            |            |            |           
  Cache L1-I                         |            |            |            |            |            |            |            |            |            |            |            |            |            |            |            |           
    num cache accesses               |    2081832 |    1920477 |    1892837 |    1993099 |    1969547 |    1786888 |    1828519 |    2101243 |    2255702 |    2249905 |    2267285 |    2384696 |    2361335 |    2096981 |    2379551 |    2242215
    num cache misses                 |         15 |         15 |         15 |         15 |         15 |         12 |         15 |         15 |         15 |         15 |         15 |         15 |         15 |         13 |         15 |         15
    miss rate                        |      0.00% |      0.00% |      0.00% |      0.00% |      0.00% |      0.00% |      0.00% |      0.00% |      0.00% |      0.00% |      0.00% |      0.00% |      0.00% |      0.00% |      0.00% |      0.00%
    mpki                             |       0.00 |       0.00 |       0.00 |       0.00 |       0.00 |       0.00 |       0.00 |       0.00 |       0.00 |       0.00 |       0.00 |       0.00 |       0.00 |       0.00 |       0.00 |       0.00
  Cache L1-D                         |            |            |            |            |            |            |            |            |            |            |            |            |            |            |            |           
    num cache accesses               |    2177061 |    2015683 |    1988056 |    2088318 |    2064757 |    1882067 |    1923714 |    2196399 |    2350912 |    2345102 |    2362489 |    2479846 |    2456511 |    2192159 |    2474758 |    2337404
    num cache misses                 |      27652 |      24304 |      23882 |      24254 |      23972 |      21904 |      21961 |      25086 |      28136 |      26753 |      26442 |      26933 |      27078 |      22838 |      26574 |      25228
    miss rate                        |      1.27% |      1.21% |      1.20% |      1.16% |      1.16% |      1.16% |      1.14% |      1.14% |      1.20% |      1.14% |      1.12% |      1.09% |      1.10% |      1.04% |      1.07% |      1.08%
    mpki                             |       4.36 |       4.15 |       4.14 |       3.99 |       3.99 |       4.01 |       3.94 |       3.92 |       4.10 |       3.91 |       3.83 |       3.72 |       3.77 |       3.58 |       3.67 |       3.70
  Cache L2                           |            |            |            |            |            |            |            |            |            |            |            |            |            |            |            |           
    num cache accesses               |      29945 |      26319 |      25894 |      26252 |      25978 |      23946 |      24014 |      27108 |      30432 |      28681 |      28493 |      28849 |      28852 |      24896 |      28537 |      27264
    num cache misses                 |      27671 |      24335 |      23920 |      24290 |      24025 |      21943 |      22008 |      25148 |      28160 |      26783 |      26478 |      26974 |      27136 |      22874 |      26634 |      25293
    miss rate                        |     92.41% |     92.46% |     92.38% |     92.53% |     92.48% |     91.64% |     91.65% |     92.77% |     92.53% |     93.38% |     92.93% |     93.50% |     94.05% |     91.88% |     93.33% |     92.77%
    mpki                             |       4.36 |       4.16 |       4.14 |       4.00 |       4.00 |       4.02 |       3.94 |       3.93 |       4.10 |       3.91 |       3.84 |       3.72 |       3.78 |       3.58 |       3.68 |       3.71
  Cache L3                           |            |            |            |            |            |            |            |            |            |            |            |            |            |            |            |           
    num cache accesses               |      29945 |      26319 |      25894 |      26252 |      25978 |      23946 |      24014 |      27108 |      30432 |      28681 |      28493 |      28849 |      28852 |      24896 |      28537 |      27264
    num cache misses                 |      16981 |      14717 |      14278 |      14621 |      14439 |      13210 |      13501 |      16470 |      17318 |      16953 |      16446 |      16204 |      16155 |      14986 |      16494 |      16715
    miss rate                        |     56.71% |     55.92% |     55.14% |     55.69% |     55.58% |     55.17% |     56.22% |     60.76% |     56.91% |     59.11% |     57.72% |     56.17% |     55.99% |     60.19% |     57.80% |     61.31%
    mpki                             |       2.68 |       2.51 |       2.47 |       2.41 |       2.40 |       2.42 |       2.42 |       2.57 |       2.52 |       2.48 |       2.38 |       2.24 |       2.25 |       2.35 |       2.28 |       2.45
DRAM summary                         |            |            |            |            |            |            |            |            |            |            |            |            |            |            |            |           
  num dram accesses                  |        100 |          0 |          0 |          0 |          0 |          0 |          0 |          0 |          0 |          0 |          0 |          0 |          0 |          0 |          0 |          0
  average dram access latency (ns)   |      92.32 |        inf |        inf |        inf |        inf |        inf |        inf |        inf |        inf |        inf |        inf |        inf |        inf |        inf |        inf |        inf
  average dram queueing delay        |      38.89 |       0.00 |       0.00 |       0.00 |       0.00 |       0.00 |       0.00 |       0.00 |       0.00 |       0.00 |       0.00 |       0.00 |       0.00 |       0.00 |       0.00 |       0.00
  average dram bandwidth utilization |      0.00% |      0.00% |      0.00% |      0.00% |      0.00% |      0.00% |      0.00% |      0.00% |      0.00% |      0.00% |      0.00% |      0.00% |      0.00% |      0.00% |      0.00% |      0.00%
Coherency Traffic                    |            |            |            |            |            |            |            |            |            |            |            |            |            |            |            |           
  num loads from dram                |          4 |          4 |          5 |          4 |          4 |          4 |          3 |          4 |          4 |          5 |          5 |          6 |          5 |          5 |          4 |          3
  num loads from dram cache          |          0 |          0 |          0 |          0 |          0 |          0 |          0 |          0 |          0 |          0 |          0 |          0 |          0 |          0 |          0 |          0
  num loads from remote cache        |       9920 |       8180 |       8045 |       8400 |       8272 |       7570 |       7705 |       9419 |      10722 |      10567 |      10388 |      10397 |      10532 |      10010 |      10622 |      10580
