Total Instructions: 288587138817

RAS: (Correct - Incorrect)

Branch Predictors: (Name - Correct - Incorrect)
  Static-AlwaysTaken: 15926492604 22623216873
  Static-BT-FNT: 24936341046 13613368431
  Nbit-8K-4-Saturated_Counter: 34913465372 3636244105
  Pentium-M: 33775179084 4774530393
  LocalHistory-BHT2048-PHT8192-History8-Counters2: 34844287459 3705422018
  LocalHistory-BHT4096-PHT8192-History4-Counters2: 34636338036 3913371441
  LocalHistory-BHT8192-PHT8192-History2-Counters2: 34330646370 4219063107
  GlobalHistory-BHR2-PHT16384-Counter2b: 30942040469 7607669008
  GlobalHistory-BHR2-PHT8192-Counter4b: 31405762217 7143947260
  GlobalHistory-BHR4-PHT16384-Counter2b: 32970123099 5579586378
  GlobalHistory-BHR4-PHT8192-Counter4b: 33143190789 5406518688
  Alpha21264Hybrid: 35323316824 3226392653
  Tournament-1024-entries-LocalHistory-BHT2048-PHT4096-History4-Counters2-vs-GlobalHistory-BHR4-PHT8192-Counter2b: 34710639100 3839070377
  Tournament-2048-entries-LocalHistory-BHT1024-PHT4096-History8-Counters2-vs-GlobalHistory-BHR4-PHT4096-Counter4b: 34985516778 3564192699
  Tournament-1024-entries-Nbit-8K-2-Saturated_Counter-vs-GlobalHistory-BHR4-PHT8192-Counter2b: 34977900864 3571808613
  Tournament-2048-entries-LocalHistory-BHT2048-PHT4096-History4-Counters2-vs-Nbit-8K-2-Saturated_Counter: 34993802403 3555907074

BTB Predictors: (Name - Correct - Incorrect - TargetCorrect)
