Total Instructions: 2782911385994

RAS: (Correct - Incorrect)

Branch Predictors: (Name - Correct - Incorrect)
  Static-AlwaysTaken: 4156984547 165207063
  Static-BT-FNT: 4262055602 60136008
  Nbit-8K-4-Saturated_Counter: 4275194792 46996818
  Pentium-M: 4239597827 82593783
  LocalHistory-BHT2048-PHT8192-History8-Counters2: 4285036301 37155309
  LocalHistory-BHT4096-PHT8192-History4-Counters2: 4282802551 39389059
  LocalHistory-BHT8192-PHT8192-History2-Counters2: 4274118298 48073312
  GlobalHistory-BHR2-PHT16384-Counter2b: 4221068356 101123254
  GlobalHistory-BHR2-PHT8192-Counter4b: 4223012443 99179167
  GlobalHistory-BHR4-PHT16384-Counter2b: 4260512076 61679534
  GlobalHistory-BHR4-PHT8192-Counter4b: 4262862294 59329316
  Alpha21264Hybrid: 4286016533 36175077
  Tournament-1024-entries-LocalHistory-BHT2048-PHT4096-History4-Counters2-vs-GlobalHistory-BHR4-PHT8192-Counter2b: 4282868322 39323288
  Tournament-2048-entries-LocalHistory-BHT1024-PHT4096-History8-Counters2-vs-GlobalHistory-BHR4-PHT4096-Counter4b: 4285087487 37104123
  Tournament-1024-entries-Nbit-8K-2-Saturated_Counter-vs-GlobalHistory-BHR4-PHT8192-Counter2b: 4281480688 40710922
  Tournament-2048-entries-LocalHistory-BHT2048-PHT4096-History4-Counters2-vs-Nbit-8K-2-Saturated_Counter: 4283293250 38898360

BTB Predictors: (Name - Correct - Incorrect - TargetCorrect)
