Total Instructions: 1516975662736

RAS: (Correct - Incorrect)

Branch Predictors: (Name - Correct - Incorrect)
  Static-AlwaysTaken: 114398464119 5298773337
  Static-BT-FNT: 118674833607 1022403849
  Nbit-8K-4-Saturated_Counter: 118679267006 1017970450
  Pentium-M: 117742536970 1954700486
  LocalHistory-BHT2048-PHT8192-History8-Counters2: 118697059569 1000177887
  LocalHistory-BHT4096-PHT8192-History4-Counters2: 118660964093 1036273363
  LocalHistory-BHT8192-PHT8192-History2-Counters2: 118657434643 1039802813
  GlobalHistory-BHR2-PHT16384-Counter2b: 117594497345 2102740111
  GlobalHistory-BHR2-PHT8192-Counter4b: 117601386111 2095851345
  GlobalHistory-BHR4-PHT16384-Counter2b: 118228787677 1468449779
  GlobalHistory-BHR4-PHT8192-Counter4b: 118184900725 1512336731
  Alpha21264Hybrid: 118741006749 956230707
  Tournament-1024-entries-LocalHistory-BHT2048-PHT4096-History4-Counters2-vs-GlobalHistory-BHR4-PHT8192-Counter2b: 118700126325 997111131
  Tournament-2048-entries-LocalHistory-BHT1024-PHT4096-History8-Counters2-vs-GlobalHistory-BHR4-PHT4096-Counter4b: 118698669339 998568117
  Tournament-1024-entries-Nbit-8K-2-Saturated_Counter-vs-GlobalHistory-BHR4-PHT8192-Counter2b: 118702764350 994473106
  Tournament-2048-entries-LocalHistory-BHT2048-PHT4096-History4-Counters2-vs-Nbit-8K-2-Saturated_Counter: 118704948754 992288702

BTB Predictors: (Name - Correct - Incorrect - TargetCorrect)
