--------
Total Statistics
--------
Total Instructions: 18199705463
Total Cycles: 352889325092
IPC: 0.0515734

--------
Two level Cache hierarchy
--------
  L1-Data Cache:
    Size(KB):          32
    Block Size(B):     32
    Associativity:      4

  L2-Data Cache:
    Size(KB):         256
    Block Size(B):    256
    Associativity:      4

Latencies:    1   15  250
L1-Sets:  256 - SRRIP - assoc:   4
L2-Sets:  256 - SRRIP - assoc:   4
Store_allocation: Yes
L2_inclusive: Yes

L1 Cache Stats:
L1-Load-Hits:        3205082288   50.45%
L1-Load-Misses:      3147899000   49.55%
L1-Load-Accesses:    6352981288  100.00%

L1-Store-Hits:        1808400181   96.15%
L1-Store-Misses:        72397510    3.85%
L1-Store-Accesses:    1880797691  100.00%

L1-Total-Hits:        5013482469   60.89%
L1-Total-Misses:      3220296510   39.11%
L1-Total-Accesses:    8233778979  100.00%

L2 Cache Stats:
L2-Load-Hits:        2045742278   64.99%
L2-Load-Misses:      1102156722   35.01%
L2-Load-Accesses:    3147899000  100.00%

L2-Store-Hits:          61948660   85.57%
L2-Store-Misses:        10448850   14.43%
L2-Store-Accesses:      72397510  100.00%

L2-Total-Hits:        2107690938   65.45%
L2-Total-Misses:      1112605572   34.55%
L2-Total-Accesses:    3220296510  100.00%

