--------
Total Statistics
--------
Total Instructions: 38323373253
Total Cycles: 168989457051
IPC: 0.22678

--------
Two level Cache hierarchy
--------
  L1-Data Cache:
    Size(KB):          32
    Block Size(B):     32
    Associativity:      4

  L2-Data Cache:
    Size(KB):         256
    Block Size(B):    256
    Associativity:      4

Latencies:    1   15  250
L1-Sets:  256 - SRRIP - assoc:   4
L2-Sets:  256 - SRRIP - assoc:   4
Store_allocation: Yes
L2_inclusive: Yes

L1 Cache Stats:
L1-Load-Hits:        8504776290   88.07%
L1-Load-Misses:      1151775863   11.93%
L1-Load-Accesses:    9656552153  100.00%

L1-Store-Hits:        3183954360   89.33%
L1-Store-Misses:       380201365   10.67%
L1-Store-Accesses:    3564155725  100.00%

L1-Total-Hits:       11688730650   88.41%
L1-Total-Misses:      1531977228   11.59%
L1-Total-Accesses:   13220707878  100.00%

L2 Cache Stats:
L2-Load-Hits:         848050330   73.63%
L2-Load-Misses:       303725533   26.37%
L2-Load-Accesses:    1151775863  100.00%

L2-Store-Hits:         306064028   80.50%
L2-Store-Misses:        74137337   19.50%
L2-Store-Accesses:     380201365  100.00%

L2-Total-Hits:        1154114358   75.33%
L2-Total-Misses:       377862870   24.67%
L2-Total-Accesses:    1531977228  100.00%

