--------
Total Statistics
--------
Total Instructions: 60533959035
Total Cycles: 90619669254
IPC: 0.668

--------
Two level Cache hierarchy
--------
  L1-Data Cache:
    Size(KB):          32
    Block Size(B):     32
    Associativity:      4

  L2-Data Cache:
    Size(KB):         256
    Block Size(B):    256
    Associativity:      4

Latencies:    1   15  250
L1-Sets:  256 - SRRIP - assoc:   4
L2-Sets:  256 - SRRIP - assoc:   4
Store_allocation: Yes
L2_inclusive: Yes

L1 Cache Stats:
L1-Load-Hits:       13243160842   95.09%
L1-Load-Misses:       683452328    4.91%
L1-Load-Accesses:   13926613170  100.00%

L1-Store-Hits:        3661817939   98.27%
L1-Store-Misses:        64585715    1.73%
L1-Store-Accesses:    3726403654  100.00%

L1-Total-Hits:       16904978781   95.76%
L1-Total-Misses:       748038043    4.24%
L1-Total-Accesses:   17653016824  100.00%

L2 Cache Stats:
L2-Load-Hits:         679253206   99.39%
L2-Load-Misses:         4199122    0.61%
L2-Load-Accesses:     683452328  100.00%

L2-Store-Hits:          63936346   98.99%
L2-Store-Misses:          649369    1.01%
L2-Store-Accesses:      64585715  100.00%

L2-Total-Hits:         743189552   99.35%
L2-Total-Misses:         4848491    0.65%
L2-Total-Accesses:     748038043  100.00%

