--------
Total Statistics
--------
Total Instructions: 108733220728
Total Cycles: 764054752792
IPC: 0.142311

--------
Two level Cache hierarchy
--------
  L1-Data Cache:
    Size(KB):          32
    Block Size(B):     32
    Associativity:      4

  L2-Data Cache:
    Size(KB):         256
    Block Size(B):    256
    Associativity:      4

Latencies:    1   15  250
L1-Sets:  256 - SRRIP - assoc:   4
L2-Sets:  256 - SRRIP - assoc:   4
Store_allocation: Yes
L2_inclusive: Yes

L1 Cache Stats:
L1-Load-Hits:       24319432810   69.95%
L1-Load-Misses:     10445946097   30.05%
L1-Load-Accesses:   34765378907  100.00%

L1-Store-Hits:        8982672980   93.61%
L1-Store-Misses:       613671342    6.39%
L1-Store-Accesses:    9596344322  100.00%

L1-Total-Hits:       33302105790   75.07%
L1-Total-Misses:     11059617439   24.93%
L1-Total-Accesses:   44361723229  100.00%

L2 Cache Stats:
L2-Load-Hits:        8686240820   83.15%
L2-Load-Misses:      1759705277   16.85%
L2-Load-Accesses:   10445946097  100.00%

L2-Store-Hits:         593114430   96.65%
L2-Store-Misses:        20556912    3.35%
L2-Store-Accesses:     613671342  100.00%

L2-Total-Hits:        9279355250   83.90%
L2-Total-Misses:      1780262189   16.10%
L2-Total-Accesses:   11059617439  100.00%

