--------
Total Statistics
--------
Total Instructions: 3184164898
Total Cycles: 10164420874
IPC: 0.313266

--------
Two level Cache hierarchy
--------
  L1-Data Cache:
    Size(KB):          32
    Block Size(B):     32
    Associativity:      4

  L2-Data Cache:
    Size(KB):         256
    Block Size(B):     64
    Associativity:      4

Latencies:    1   15  250
L1-Sets:  256 - LRU - assoc:   4
L2-Sets: 1024 - LRU - assoc:   4
Store_allocation: Yes
L2_inclusive: Yes

L1 Cache Stats:
L1-Load-Hits:         719534847   95.00%
L1-Load-Misses:        37855827    5.00%
L1-Load-Accesses:     757390674  100.00%

L1-Store-Hits:         443550255   93.73%
L1-Store-Misses:        29690337    6.27%
L1-Store-Accesses:     473240592  100.00%

L1-Total-Hits:        1163085102   94.51%
L1-Total-Misses:        67546164    5.49%
L1-Total-Accesses:    1230631266  100.00%

L2 Cache Stats:
L2-Load-Hits:          21954377   57.99%
L2-Load-Misses:        15901450   42.01%
L2-Load-Accesses:      37855827  100.00%

L2-Store-Hits:          26646058   89.75%
L2-Store-Misses:         3044279   10.25%
L2-Store-Accesses:      29690337  100.00%

L2-Total-Hits:          48600435   71.95%
L2-Total-Misses:        18945729   28.05%
L2-Total-Accesses:      67546164  100.00%

