--------
Total Statistics
--------
Total Instructions: 18199703624
Total Cycles: 639869567473
IPC: 0.0284428

--------
Two level Cache hierarchy
--------
  L1-Data Cache:
    Size(KB):          32
    Block Size(B):     32
    Associativity:      4

  L2-Data Cache:
    Size(KB):         256
    Block Size(B):     64
    Associativity:      4

Latencies:    1   15  250
L1-Sets:  256 - LRU - assoc:   4
L2-Sets: 1024 - LRU - assoc:   4
Store_allocation: Yes
L2_inclusive: Yes

L1 Cache Stats:
L1-Load-Hits:        3248652905   51.14%
L1-Load-Misses:      3104327925   48.86%
L1-Load-Accesses:    6352980830  100.00%

L1-Store-Hits:        1808987570   96.18%
L1-Store-Misses:        71810114    3.82%
L1-Store-Accesses:    1880797684  100.00%

L1-Total-Hits:        5057640475   61.43%
L1-Total-Misses:      3176138039   38.57%
L1-Total-Accesses:    8233778514  100.00%

L2 Cache Stats:
L2-Load-Hits:         875310376   28.20%
L2-Load-Misses:      2229017549   71.80%
L2-Load-Accesses:    3104327925  100.00%

L2-Store-Hits:          37651604   52.43%
L2-Store-Misses:        34158510   47.57%
L2-Store-Accesses:      71810114  100.00%

L2-Total-Hits:         912961980   28.74%
L2-Total-Misses:      2263176059   71.26%
L2-Total-Accesses:    3176138039  100.00%

