--------
Total Statistics
--------
Total Instructions: 38323371624
Total Cycles: 268640592376
IPC: 0.142657

--------
Two level Cache hierarchy
--------
  L1-Data Cache:
    Size(KB):          32
    Block Size(B):     32
    Associativity:      4

  L2-Data Cache:
    Size(KB):         256
    Block Size(B):     64
    Associativity:      4

Latencies:    1   15  250
L1-Sets:  256 - LRU - assoc:   4
L2-Sets: 1024 - LRU - assoc:   4
Store_allocation: Yes
L2_inclusive: Yes

L1 Cache Stats:
L1-Load-Hits:        8617020600   89.23%
L1-Load-Misses:      1039531116   10.77%
L1-Load-Accesses:    9656551716  100.00%

L1-Store-Hits:        3213903600   90.17%
L1-Store-Misses:       350252106    9.83%
L1-Store-Accesses:    3564155706  100.00%

L1-Total-Hits:       11830924200   89.49%
L1-Total-Misses:      1389783222   10.51%
L1-Total-Accesses:   13220707422  100.00%

L2 Cache Stats:
L2-Load-Hits:         438125220   42.15%
L2-Load-Misses:       601405896   57.85%
L2-Load-Accesses:    1039531116  100.00%

L2-Store-Hits:         166658942   47.58%
L2-Store-Misses:       183593164   52.42%
L2-Store-Accesses:     350252106  100.00%

L2-Total-Hits:         604784162   43.52%
L2-Total-Misses:       784999060   56.48%
L2-Total-Accesses:    1389783222  100.00%

