--------
Total Statistics
--------
Total Instructions: 60533958852
Total Cycles: 89858357609
IPC: 0.67366

--------
Two level Cache hierarchy
--------
  L1-Data Cache:
    Size(KB):          32
    Block Size(B):     32
    Associativity:      4

  L2-Data Cache:
    Size(KB):         256
    Block Size(B):     64
    Associativity:      4

Latencies:    1   15  250
L1-Sets:  256 - LRU - assoc:   4
L2-Sets: 1024 - LRU - assoc:   4
Store_allocation: Yes
L2_inclusive: Yes

L1 Cache Stats:
L1-Load-Hits:       13366505368   95.98%
L1-Load-Misses:       560107727    4.02%
L1-Load-Accesses:   13926613095  100.00%

L1-Store-Hits:        3700165623   99.30%
L1-Store-Misses:        26238024    0.70%
L1-Store-Accesses:    3726403647  100.00%

L1-Total-Hits:       17066670991   96.68%
L1-Total-Misses:       586345751    3.32%
L1-Total-Accesses:   17653016742  100.00%

L2 Cache Stats:
L2-Load-Hits:         550353201   98.26%
L2-Load-Misses:         9754526    1.74%
L2-Load-Accesses:     560107727  100.00%

L2-Store-Hits:          24487767   93.33%
L2-Store-Misses:         1750257    6.67%
L2-Store-Accesses:      26238024  100.00%

L2-Total-Hits:         574840968   98.04%
L2-Total-Misses:        11504783    1.96%
L2-Total-Accesses:     586345751  100.00%

