--------
Total Statistics
--------
Total Instructions: 108731470697
Total Cycles: 954488995976
IPC: 0.113916

--------
Two level Cache hierarchy
--------
  L1-Data Cache:
    Size(KB):          32
    Block Size(B):     32
    Associativity:      4

  L2-Data Cache:
    Size(KB):         256
    Block Size(B):     64
    Associativity:      4

Latencies:    1   15  250
L1-Sets:  256 - LRU - assoc:   4
L2-Sets: 1024 - LRU - assoc:   4
Store_allocation: Yes
L2_inclusive: Yes

L1 Cache Stats:
L1-Load-Hits:       28464474037   81.88%
L1-Load-Misses:      6300907471   18.12%
L1-Load-Accesses:   34765381508  100.00%

L1-Store-Hits:        9520167516   99.21%
L1-Store-Misses:        75760465    0.79%
L1-Store-Accesses:    9595927981  100.00%

L1-Total-Hits:       37984641553   85.63%
L1-Total-Misses:      6376667936   14.37%
L1-Total-Accesses:   44361309489  100.00%

L2 Cache Stats:
L2-Load-Hits:        3514918786   55.78%
L2-Load-Misses:      2785988685   44.22%
L2-Load-Accesses:    6300907471  100.00%

L2-Store-Hits:          38764363   51.17%
L2-Store-Misses:        36996102   48.83%
L2-Store-Accesses:      75760465  100.00%

L2-Total-Hits:        3553683149   55.73%
L2-Total-Misses:      2822984787   44.27%
L2-Total-Accesses:    6376667936  100.00%

