--------
Total Statistics
--------
Total Instructions: 96483397560
Total Cycles: 1248165232096
IPC: 0.0773002

--------
Two level Cache hierarchy
--------
  L1-Data Cache:
    Size(KB):          32
    Block Size(B):     32
    Associativity:      4

  L2-Data Cache:
    Size(KB):         256
    Block Size(B):     64
    Associativity:      4

Latencies:    1   15  250
L1-Sets:  256 - LRU - assoc:   4
L2-Sets: 1024 - LRU - assoc:   4
Store_allocation: Yes
L2_inclusive: Yes

L1 Cache Stats:
L1-Load-Hits:       18237739678   89.87%
L1-Load-Misses:      2055419162   10.13%
L1-Load-Accesses:   20293158840  100.00%

L1-Store-Hits:        5347781118   45.96%
L1-Store-Misses:      6289175853   54.04%
L1-Store-Accesses:   11636956971  100.00%

L1-Total-Hits:       23585520796   73.87%
L1-Total-Misses:      8344595015   26.13%
L1-Total-Accesses:   31930115811  100.00%

L2 Cache Stats:
L2-Load-Hits:        1027404290   49.99%
L2-Load-Misses:      1028014872   50.01%
L2-Load-Accesses:    2055419162  100.00%

L2-Store-Hits:        3338859551   53.09%
L2-Store-Misses:      2950316302   46.91%
L2-Store-Accesses:    6289175853  100.00%

L2-Total-Hits:        4366263841   52.32%
L2-Total-Misses:      3978331174   47.68%
L2-Total-Accesses:    8344595015  100.00%

