--------
Total Statistics
--------
Total Instructions: 7441198036
Total Cycles: 27462057441
IPC: 0.270963

--------
Two level Cache hierarchy
--------
  L1-Data Cache:
    Size(KB):          32
    Block Size(B):     32
    Associativity:      4

  L2-Data Cache:
    Size(KB):        1024
    Block Size(B):    256
    Associativity:      8

Latencies:    1   15  250
L1-Sets:  256 - LRU - assoc:   4
L2-Sets:  512 - LRU - assoc:   8
Store_allocation: Yes
L2_inclusive: Yes

L1 Cache Stats:
L1-Load-Hits:        1815700380   83.40%
L1-Load-Misses:       361476238   16.60%
L1-Load-Accesses:    2177176618  100.00%

L1-Store-Hits:         437399179   94.58%
L1-Store-Misses:        25043643    5.42%
L1-Store-Accesses:     462442822  100.00%

L1-Total-Hits:        2253099559   85.36%
L1-Total-Misses:       386519881   14.64%
L1-Total-Accesses:    2639619440  100.00%

L2 Cache Stats:
L2-Load-Hits:         318319077   88.06%
L2-Load-Misses:        43157161   11.94%
L2-Load-Accesses:     361476238  100.00%

L2-Store-Hits:          21867037   87.32%
L2-Store-Misses:         3176606   12.68%
L2-Store-Accesses:      25043643  100.00%

L2-Total-Hits:         340186114   88.01%
L2-Total-Misses:        46333767   11.99%
L2-Total-Accesses:     386519881  100.00%

