--------
Total Statistics
--------
Total Instructions: 7452307442
Total Cycles: 29201228737
IPC: 0.255205

--------
Two level Cache hierarchy
--------
  L1-Data Cache:
    Size(KB):          32
    Block Size(B):     32
    Associativity:      4

  L2-Data Cache:
    Size(KB):         512
    Block Size(B):    256
    Associativity:      8

Latencies:    1   15  250
L1-Sets:  256 - LRU - assoc:   4
L2-Sets:  256 - LRU - assoc:   8
Store_allocation: Yes
L2_inclusive: Yes

L1 Cache Stats:
L1-Load-Hits:        1817497526   83.41%
L1-Load-Misses:       361527634   16.59%
L1-Load-Accesses:    2179025160  100.00%

L1-Store-Hits:         437403617   94.59%
L1-Store-Misses:        25039063    5.41%
L1-Store-Accesses:     462442680  100.00%

L1-Total-Hits:        2254901143   85.37%
L1-Total-Misses:       386566697   14.63%
L1-Total-Accesses:    2641467840  100.00%

L2 Cache Stats:
L2-Load-Hits:         311674846   86.21%
L2-Load-Misses:        49852788   13.79%
L2-Load-Accesses:     361527634  100.00%

L2-Store-Hits:          21656039   86.49%
L2-Store-Misses:         3383024   13.51%
L2-Store-Accesses:      25039063  100.00%

L2-Total-Hits:         333330885   86.23%
L2-Total-Misses:        53235812   13.77%
L2-Total-Accesses:     386566697  100.00%

