--------
Total Statistics
--------
Total Instructions: 7451764884
Total Cycles: 35619460781
IPC: 0.209205

--------
Two level Cache hierarchy
--------
  L1-Data Cache:
    Size(KB):          32
    Block Size(B):     32
    Associativity:      4

  L2-Data Cache:
    Size(KB):        2048
    Block Size(B):    128
    Associativity:     16

Latencies:    1   15  250
L1-Sets:  256 - LRU - assoc:   4
L2-Sets: 1024 - LRU - assoc:  16
Store_allocation: Yes
L2_inclusive: Yes

L1 Cache Stats:
L1-Load-Hits:        1817347791   83.41%
L1-Load-Misses:       361494541   16.59%
L1-Load-Accesses:    2178842332  100.00%

L1-Store-Hits:         437403320   94.59%
L1-Store-Misses:        25032555    5.41%
L1-Store-Accesses:     462435875  100.00%

L1-Total-Hits:        2254751111   85.37%
L1-Total-Misses:       386527096   14.63%
L1-Total-Accesses:    2641278207  100.00%

L2 Cache Stats:
L2-Load-Hits:         288009516   79.67%
L2-Load-Misses:        73485025   20.33%
L2-Load-Accesses:     361494541  100.00%

L2-Store-Hits:          19603535   78.31%
L2-Store-Misses:         5429020   21.69%
L2-Store-Accesses:      25032555  100.00%

L2-Total-Hits:         307613051   79.58%
L2-Total-Misses:        78914045   20.42%
L2-Total-Accesses:     386527096  100.00%

