--------
Total Statistics
--------
Total Instructions: 7441376198
Total Cycles: 29254238145
IPC: 0.254369

--------
Two level Cache hierarchy
--------
  L1-Data Cache:
    Size(KB):          32
    Block Size(B):     32
    Associativity:      4

  L2-Data Cache:
    Size(KB):         512
    Block Size(B):    256
    Associativity:      4

Latencies:    1   15  250
L1-Sets:  256 - LRU - assoc:   4
L2-Sets:  512 - LRU - assoc:   4
Store_allocation: Yes
L2_inclusive: Yes

L1 Cache Stats:
L1-Load-Hits:        1815253185   83.39%
L1-Load-Misses:       361608576   16.61%
L1-Load-Accesses:    2176861761  100.00%

L1-Store-Hits:         437504506   94.59%
L1-Store-Misses:        25029690    5.41%
L1-Store-Accesses:     462534196  100.00%

L1-Total-Hits:        2252757691   85.35%
L1-Total-Misses:       386638266   14.65%
L1-Total-Accesses:    2639395957  100.00%

L2 Cache Stats:
L2-Load-Hits:         311500651   86.14%
L2-Load-Misses:        50107925   13.86%
L2-Load-Accesses:     361608576  100.00%

L2-Store-Hits:          21642047   86.47%
L2-Store-Misses:         3387643   13.53%
L2-Store-Accesses:      25029690  100.00%

L2-Total-Hits:         333142698   86.16%
L2-Total-Misses:        53495568   13.84%
L2-Total-Accesses:     386638266  100.00%

