--------
Total Statistics
--------
Total Instructions: 7437347017
Total Cycles: 42588864483
IPC: 0.174631

--------
Two level Cache hierarchy
--------
  L1-Data Cache:
    Size(KB):          32
    Block Size(B):     32
    Associativity:      4

  L2-Data Cache:
    Size(KB):         256
    Block Size(B):    128
    Associativity:      8

Latencies:    1   15  250
L1-Sets:  256 - LRU - assoc:   4
L2-Sets:  256 - LRU - assoc:   8
Store_allocation: Yes
L2_inclusive: Yes

L1 Cache Stats:
L1-Load-Hits:        1814814263   83.39%
L1-Load-Misses:       361601873   16.61%
L1-Load-Accesses:    2176416136  100.00%

L1-Store-Hits:         437405043   94.59%
L1-Store-Misses:        25037637    5.41%
L1-Store-Accesses:     462442680  100.00%

L1-Total-Hits:        2252219306   85.35%
L1-Total-Misses:       386639510   14.65%
L1-Total-Accesses:    2638858816  100.00%

L2 Cache Stats:
L2-Load-Hits:         261360866   72.28%
L2-Load-Misses:       100241007   27.72%
L2-Load-Accesses:     361601873  100.00%

L2-Store-Hits:          18426380   73.59%
L2-Store-Misses:         6611257   26.41%
L2-Store-Accesses:      25037637  100.00%

L2-Total-Hits:         279787246   72.36%
L2-Total-Misses:       106852264   27.64%
L2-Total-Accesses:     386639510  100.00%

