--------
Total Statistics
--------
Total Instructions: 60533956984
Total Cycles: 87479598474
IPC: 0.691978

--------
Two level Cache hierarchy
--------
  L1-Data Cache:
    Size(KB):          32
    Block Size(B):     32
    Associativity:      4

  L2-Data Cache:
    Size(KB):        1024
    Block Size(B):    256
    Associativity:      8

Latencies:    1   15  250
L1-Sets:  256 - LRU - assoc:   4
L2-Sets:  512 - LRU - assoc:   8
Store_allocation: Yes
L2_inclusive: Yes

L1 Cache Stats:
L1-Load-Hits:       13367172579   95.98%
L1-Load-Misses:       559440317    4.02%
L1-Load-Accesses:   13926612896  100.00%

L1-Store-Hits:        3699094875   99.27%
L1-Store-Misses:        27308779    0.73%
L1-Store-Accesses:    3726403654  100.00%

L1-Total-Hits:       17066267454   96.68%
L1-Total-Misses:       586749096    3.32%
L1-Total-Accesses:   17653016550  100.00%

L2 Cache Stats:
L2-Load-Hits:         557914266   99.73%
L2-Load-Misses:         1526051    0.27%
L2-Load-Accesses:     559440317  100.00%

L2-Store-Hits:          26869276   98.39%
L2-Store-Misses:          439503    1.61%
L2-Store-Accesses:      27308779  100.00%

L2-Total-Hits:         584783542   99.67%
L2-Total-Misses:         1965554    0.33%
L2-Total-Accesses:     586749096  100.00%

