--------
Total Statistics
--------
Total Instructions: 108733220816
Total Cycles: 481701272639
IPC: 0.225727

--------
Two level Cache hierarchy
--------
  L1-Data Cache:
    Size(KB):          32
    Block Size(B):     32
    Associativity:      4

  L2-Data Cache:
    Size(KB):        1024
    Block Size(B):    256
    Associativity:      8

Latencies:    1   15  250
L1-Sets:  256 - LRU - assoc:   4
L2-Sets:  512 - LRU - assoc:   8
Store_allocation: Yes
L2_inclusive: Yes

L1 Cache Stats:
L1-Load-Hits:       28470381705   81.89%
L1-Load-Misses:      6294997198   18.11%
L1-Load-Accesses:   34765378903  100.00%

L1-Store-Hits:        9520622098   99.21%
L1-Store-Misses:        75722272    0.79%
L1-Store-Accesses:    9596344370  100.00%

L1-Total-Hits:       37991003803   85.64%
L1-Total-Misses:      6370719470   14.36%
L1-Total-Accesses:   44361723273  100.00%

L2 Cache Stats:
L2-Load-Hits:        5369420294   85.30%
L2-Load-Misses:       925576904   14.70%
L2-Load-Accesses:    6294997198  100.00%

L2-Store-Hits:          69117030   91.28%
L2-Store-Misses:         6605242    8.72%
L2-Store-Accesses:      75722272  100.00%

L2-Total-Hits:        5438537324   85.37%
L2-Total-Misses:       932182146   14.63%
L2-Total-Accesses:    6370719470  100.00%

