--------
Total Statistics
--------
Total Instructions: 38323371624
Total Cycles: 160103242846
IPC: 0.239367

--------
Two level Cache hierarchy
--------
  L1-Data Cache:
    Size(KB):          32
    Block Size(B):     32
    Associativity:      4

  L2-Data Cache:
    Size(KB):         256
    Block Size(B):    256
    Associativity:      8

Latencies:    1   15  250
L1-Sets:  256 - LRU - assoc:   4
L2-Sets:  128 - LRU - assoc:   8
Store_allocation: Yes
L2_inclusive: Yes

L1 Cache Stats:
L1-Load-Hits:        8616007765   89.22%
L1-Load-Misses:      1040543951   10.78%
L1-Load-Accesses:    9656551716  100.00%

L1-Store-Hits:        3213499887   90.16%
L1-Store-Misses:       350655819    9.84%
L1-Store-Accesses:    3564155706  100.00%

L1-Total-Hits:       11829507652   89.48%
L1-Total-Misses:      1391199770   10.52%
L1-Total-Accesses:   13220707422  100.00%

L2 Cache Stats:
L2-Load-Hits:         756996408   72.75%
L2-Load-Misses:       283547543   27.25%
L2-Load-Accesses:    1040543951  100.00%

L2-Store-Hits:         283438693   80.83%
L2-Store-Misses:        67217126   19.17%
L2-Store-Accesses:     350655819  100.00%

L2-Total-Hits:        1040435101   74.79%
L2-Total-Misses:       350764669   25.21%
L2-Total-Accesses:    1391199770  100.00%

