--------
Total Statistics
--------
Total Instructions: 60533958854
Total Cycles: 87869395511
IPC: 0.688908

--------
Two level Cache hierarchy
--------
  L1-Data Cache:
    Size(KB):          32
    Block Size(B):     32
    Associativity:      4

  L2-Data Cache:
    Size(KB):         256
    Block Size(B):    256
    Associativity:      8

Latencies:    1   15  250
L1-Sets:  256 - LRU - assoc:   4
L2-Sets:  128 - LRU - assoc:   8
Store_allocation: Yes
L2_inclusive: Yes

L1 Cache Stats:
L1-Load-Hits:       13366079415   95.98%
L1-Load-Misses:       560533680    4.02%
L1-Load-Accesses:   13926613095  100.00%

L1-Store-Hits:        3700296066   99.30%
L1-Store-Misses:        26107581    0.70%
L1-Store-Accesses:    3726403647  100.00%

L1-Total-Hits:       17066375481   96.68%
L1-Total-Misses:       586641261    3.32%
L1-Total-Accesses:   17653016742  100.00%

L2 Cache Stats:
L2-Load-Hits:         557502579   99.46%
L2-Load-Misses:         3031101    0.54%
L2-Load-Accesses:     560533680  100.00%

L2-Store-Hits:          25607478   98.08%
L2-Store-Misses:          500103    1.92%
L2-Store-Accesses:      26107581  100.00%

L2-Total-Hits:         583110057   99.40%
L2-Total-Misses:         3531204    0.60%
L2-Total-Accesses:     586641261  100.00%

