--------
Total Statistics
--------
Total Instructions: 7474547153
Total Cycles: 31053786582
IPC: 0.240697

--------
Two level Cache hierarchy
--------
  L1-Data Cache:
    Size(KB):          32
    Block Size(B):     32
    Associativity:      4

  L2-Data Cache:
    Size(KB):         256
    Block Size(B):    256
    Associativity:      8

Latencies:    1   15  250
L1-Sets:  256 - LRU - assoc:   4
L2-Sets:  128 - LRU - assoc:   8
Store_allocation: Yes
L2_inclusive: Yes

L1 Cache Stats:
L1-Load-Hits:        1820833136   83.42%
L1-Load-Misses:       361859014   16.58%
L1-Load-Accesses:    2182692150  100.00%

L1-Store-Hits:         437408203   94.59%
L1-Store-Misses:        25039351    5.41%
L1-Store-Accesses:     462447554  100.00%

L1-Total-Hits:        2258241339   85.37%
L1-Total-Misses:       386898365   14.63%
L1-Total-Accesses:    2645139704  100.00%

L2 Cache Stats:
L2-Load-Hits:         304856735   84.25%
L2-Load-Misses:        57002279   15.75%
L2-Load-Accesses:     361859014  100.00%

L2-Store-Hits:          21519133   85.94%
L2-Store-Misses:         3520218   14.06%
L2-Store-Accesses:      25039351  100.00%

L2-Total-Hits:         326375868   84.36%
L2-Total-Misses:        60522497   15.64%
L2-Total-Accesses:     386898365  100.00%

