--------
Total Statistics
--------
Total Instructions: 108731470697
Total Cycles: 664918659821
IPC: 0.163526

--------
Two level Cache hierarchy
--------
  L1-Data Cache:
    Size(KB):          32
    Block Size(B):     32
    Associativity:      4

  L2-Data Cache:
    Size(KB):         256
    Block Size(B):    256
    Associativity:      8

Latencies:    1   15  250
L1-Sets:  256 - LRU - assoc:   4
L2-Sets:  128 - LRU - assoc:   8
Store_allocation: Yes
L2_inclusive: Yes

L1 Cache Stats:
L1-Load-Hits:       28449393233   81.83%
L1-Load-Misses:      6315988275   18.17%
L1-Load-Accesses:   34765381508  100.00%

L1-Store-Hits:        9520110297   99.21%
L1-Store-Misses:        75817684    0.79%
L1-Store-Accesses:    9595927981  100.00%

L1-Total-Hits:       37969503530   85.59%
L1-Total-Misses:      6391805959   14.41%
L1-Total-Accesses:   44361309489  100.00%

L2 Cache Stats:
L2-Load-Hits:        4662072339   73.81%
L2-Load-Misses:      1653915936   26.19%
L2-Load-Accesses:    6315988275  100.00%

L2-Store-Hits:          65938459   86.97%
L2-Store-Misses:         9879225   13.03%
L2-Store-Accesses:      75817684  100.00%

L2-Total-Hits:        4728010798   73.97%
L2-Total-Misses:      1663795161   26.03%
L2-Total-Accesses:    6391805959  100.00%

