--------
Total Statistics
--------
Total Instructions: 38323371624
Total Cycles: 155816821456
IPC: 0.245951

--------
Two level Cache hierarchy
--------
  L1-Data Cache:
    Size(KB):          32
    Block Size(B):     32
    Associativity:      4

  L2-Data Cache:
    Size(KB):        2048
    Block Size(B):    256
    Associativity:     16

Latencies:    1   15  250
L1-Sets:  256 - LRU - assoc:   4
L2-Sets:  512 - LRU - assoc:  16
Store_allocation: Yes
L2_inclusive: Yes

L1 Cache Stats:
L1-Load-Hits:        8617370013   89.24%
L1-Load-Misses:      1039181703   10.76%
L1-Load-Accesses:    9656551716  100.00%

L1-Store-Hits:        3213906115   90.17%
L1-Store-Misses:       350249591    9.83%
L1-Store-Accesses:    3564155706  100.00%

L1-Total-Hits:       11831276128   89.49%
L1-Total-Misses:      1389431294   10.51%
L1-Total-Accesses:   13220707422  100.00%

L2 Cache Stats:
L2-Load-Hits:         766613241   73.77%
L2-Load-Misses:       272568462   26.23%
L2-Load-Accesses:    1039181703  100.00%

L2-Store-Hits:         289092961   82.54%
L2-Store-Misses:        61156630   17.46%
L2-Store-Accesses:     350249591  100.00%

L2-Total-Hits:        1055706202   75.98%
L2-Total-Misses:       333725092   24.02%
L2-Total-Accesses:    1389431294  100.00%

