--------
Total Statistics
--------
Total Instructions: 7470393616
Total Cycles: 26335756625
IPC: 0.28366

--------
Two level Cache hierarchy
--------
  L1-Data Cache:
    Size(KB):          32
    Block Size(B):     32
    Associativity:      4

  L2-Data Cache:
    Size(KB):        2048
    Block Size(B):    256
    Associativity:     16

Latencies:    1   15  250
L1-Sets:  256 - LRU - assoc:   4
L2-Sets:  512 - LRU - assoc:  16
Store_allocation: Yes
L2_inclusive: Yes

L1 Cache Stats:
L1-Load-Hits:        1821835516   83.44%
L1-Load-Misses:       361676489   16.56%
L1-Load-Accesses:    2183512005  100.00%

L1-Store-Hits:         437438863   94.59%
L1-Store-Misses:        25008691    5.41%
L1-Store-Accesses:     462447554  100.00%

L1-Total-Hits:        2259274379   85.39%
L1-Total-Misses:       386685180   14.61%
L1-Total-Accesses:    2645959559  100.00%

L2 Cache Stats:
L2-Load-Hits:         322806876   89.25%
L2-Load-Misses:        38869613   10.75%
L2-Load-Accesses:     361676489  100.00%

L2-Store-Hits:          22201801   88.78%
L2-Store-Misses:         2806890   11.22%
L2-Store-Accesses:      25008691  100.00%

L2-Total-Hits:         345008677   89.22%
L2-Total-Misses:        41676503   10.78%
L2-Total-Accesses:     386685180  100.00%

