--------
Total Statistics
--------
Total Instructions: 108731470697
Total Cycles: 472675669231
IPC: 0.230034

--------
Two level Cache hierarchy
--------
  L1-Data Cache:
    Size(KB):          32
    Block Size(B):     32
    Associativity:      4

  L2-Data Cache:
    Size(KB):        2048
    Block Size(B):    256
    Associativity:     16

Latencies:    1   15  250
L1-Sets:  256 - LRU - assoc:   4
L2-Sets:  512 - LRU - assoc:  16
Store_allocation: Yes
L2_inclusive: Yes

L1 Cache Stats:
L1-Load-Hits:       28468450073   81.89%
L1-Load-Misses:      6296931435   18.11%
L1-Load-Accesses:   34765381508  100.00%

L1-Store-Hits:        9520118113   99.21%
L1-Store-Misses:        75809868    0.79%
L1-Store-Accesses:    9595927981  100.00%

L1-Total-Hits:       37988568186   85.63%
L1-Total-Misses:      6372741303   14.37%
L1-Total-Accesses:   44361309489  100.00%

L2 Cache Stats:
L2-Load-Hits:        5406771215   85.86%
L2-Load-Misses:       890160220   14.14%
L2-Load-Accesses:    6296931435  100.00%

L2-Store-Hits:          70003010   92.34%
L2-Store-Misses:         5806858    7.66%
L2-Store-Accesses:      75809868  100.00%

L2-Total-Hits:        5476774225   85.94%
L2-Total-Misses:       895967078   14.06%
L2-Total-Accesses:    6372741303  100.00%

