--------
Total Statistics
--------
Total Instructions: 3184076501
Total Cycles: 6463330840
IPC: 0.492637

--------
Two level Cache hierarchy
--------
  L1-Data Cache:
    Size(KB):          32
    Block Size(B):     32
    Associativity:      4

  L2-Data Cache:
    Size(KB):        2048
    Block Size(B):    256
    Associativity:     16

Latencies:    1   15  250
L1-Sets:  256 - RANDOM - assoc:   4
L2-Sets:  512 - RANDOM - assoc:  16
Store_allocation: Yes
L2_inclusive: Yes

L1 Cache Stats:
L1-Load-Hits:         718205523   94.83%
L1-Load-Misses:        39161305    5.17%
L1-Load-Accesses:     757366828  100.00%

L1-Store-Hits:         446430728   94.34%
L1-Store-Misses:        26806138    5.66%
L1-Store-Accesses:     473236866  100.00%

L1-Total-Hits:        1164636251   94.64%
L1-Total-Misses:        65967443    5.36%
L1-Total-Accesses:    1230603694  100.00%

L2 Cache Stats:
L2-Load-Hits:          35409065   90.42%
L2-Load-Misses:         3752240    9.58%
L2-Load-Accesses:      39161305  100.00%

L2-Store-Hits:          26321822   98.19%
L2-Store-Misses:          484316    1.81%
L2-Store-Accesses:      26806138  100.00%

L2-Total-Hits:          61730887   93.58%
L2-Total-Misses:         4236556    6.42%
L2-Total-Accesses:      65967443  100.00%

