--------
Total Statistics
--------
Total Instructions: 18199705463
Total Cycles: 195660510557
IPC: 0.0930168

--------
Two level Cache hierarchy
--------
  L1-Data Cache:
    Size(KB):          32
    Block Size(B):     32
    Associativity:      4

  L2-Data Cache:
    Size(KB):        2048
    Block Size(B):    256
    Associativity:     16

Latencies:    1   15  250
L1-Sets:  256 - RANDOM - assoc:   4
L2-Sets:  512 - RANDOM - assoc:  16
Store_allocation: Yes
L2_inclusive: Yes

L1 Cache Stats:
L1-Load-Hits:        3225967677   50.78%
L1-Load-Misses:      3127013611   49.22%
L1-Load-Accesses:    6352981288  100.00%

L1-Store-Hits:        1803497661   95.89%
L1-Store-Misses:        77300030    4.11%
L1-Store-Accesses:    1880797691  100.00%

L1-Total-Hits:        5029465338   61.08%
L1-Total-Misses:      3204313641   38.92%
L1-Total-Accesses:    8233778979  100.00%

L2 Cache Stats:
L2-Load-Hits:        2650921271   84.77%
L2-Load-Misses:       476092340   15.23%
L2-Load-Accesses:    3127013611  100.00%

L2-Store-Hits:          68743084   88.93%
L2-Store-Misses:         8556946   11.07%
L2-Store-Accesses:      77300030  100.00%

L2-Total-Hits:        2719664355   84.88%
L2-Total-Misses:       484649286   15.12%
L2-Total-Accesses:    3204313641  100.00%

