--------
Total Statistics
--------
Total Instructions: 38323373253
Total Cycles: 156220745441
IPC: 0.245316

--------
Two level Cache hierarchy
--------
  L1-Data Cache:
    Size(KB):          32
    Block Size(B):     32
    Associativity:      4

  L2-Data Cache:
    Size(KB):        2048
    Block Size(B):    256
    Associativity:     16

Latencies:    1   15  250
L1-Sets:  256 - RANDOM - assoc:   4
L2-Sets:  512 - RANDOM - assoc:  16
Store_allocation: Yes
L2_inclusive: Yes

L1 Cache Stats:
L1-Load-Hits:        8608917426   89.15%
L1-Load-Misses:      1047634727   10.85%
L1-Load-Accesses:    9656552153  100.00%

L1-Store-Hits:        3210288798   90.07%
L1-Store-Misses:       353866927    9.93%
L1-Store-Accesses:    3564155725  100.00%

L1-Total-Hits:       11819206224   89.40%
L1-Total-Misses:      1401501654   10.60%
L1-Total-Accesses:   13220707878  100.00%

L2 Cache Stats:
L2-Load-Hits:         774939194   73.97%
L2-Load-Misses:       272695533   26.03%
L2-Load-Accesses:    1047634727  100.00%

L2-Store-Hits:         291945902   82.50%
L2-Store-Misses:        61921025   17.50%
L2-Store-Accesses:     353866927  100.00%

L2-Total-Hits:        1066885096   76.12%
L2-Total-Misses:       334616558   23.88%
L2-Total-Accesses:    1401501654  100.00%

