--------
Total Statistics
--------
Total Instructions: 60533956351
Total Cycles: 88061757136
IPC: 0.687403

--------
Two level Cache hierarchy
--------
  L1-Data Cache:
    Size(KB):          32
    Block Size(B):     32
    Associativity:      4

  L2-Data Cache:
    Size(KB):        2048
    Block Size(B):    256
    Associativity:     16

Latencies:    1   15  250
L1-Sets:  256 - RANDOM - assoc:   4
L2-Sets:  512 - RANDOM - assoc:  16
Store_allocation: Yes
L2_inclusive: Yes

L1 Cache Stats:
L1-Load-Hits:       13323742190   95.67%
L1-Load-Misses:       602870706    4.33%
L1-Load-Accesses:   13926612896  100.00%

L1-Store-Hits:        3700661411   99.31%
L1-Store-Misses:        25742243    0.69%
L1-Store-Accesses:    3726403654  100.00%

L1-Total-Hits:       17024403601   96.44%
L1-Total-Misses:       628612949    3.56%
L1-Total-Accesses:   17653016550  100.00%

L2 Cache Stats:
L2-Load-Hits:         601529037   99.78%
L2-Load-Misses:         1341669    0.22%
L2-Load-Accesses:     602870706  100.00%

L2-Store-Hits:          25301552   98.29%
L2-Store-Misses:          440691    1.71%
L2-Store-Accesses:      25742243  100.00%

L2-Total-Hits:         626830589   99.72%
L2-Total-Misses:         1782360    0.28%
L2-Total-Accesses:     628612949  100.00%

