--------
Total Statistics
--------
Total Instructions: 7435733480
Total Cycles: 26975525443
IPC: 0.275647

--------
Two level Cache hierarchy
--------
  L1-Data Cache:
    Size(KB):          32
    Block Size(B):     32
    Associativity:      4

  L2-Data Cache:
    Size(KB):        2048
    Block Size(B):    256
    Associativity:     16

Latencies:    1   15  250
L1-Sets:  256 - RANDOM - assoc:   4
L2-Sets:  512 - RANDOM - assoc:  16
Store_allocation: Yes
L2_inclusive: Yes

L1 Cache Stats:
L1-Load-Hits:        1807232853   83.05%
L1-Load-Misses:       368931954   16.95%
L1-Load-Accesses:    2176164807  100.00%

L1-Store-Hits:         437026500   94.50%
L1-Store-Misses:        25416256    5.50%
L1-Store-Accesses:     462442756  100.00%

L1-Total-Hits:        2244259353   85.05%
L1-Total-Misses:       394348210   14.95%
L1-Total-Accesses:    2638607563  100.00%

L2 Cache Stats:
L2-Load-Hits:         327728269   88.83%
L2-Load-Misses:        41203685   11.17%
L2-Load-Accesses:     368931954  100.00%

L2-Store-Hits:          22676096   89.22%
L2-Store-Misses:         2740160   10.78%
L2-Store-Accesses:      25416256  100.00%

L2-Total-Hits:         350404365   88.86%
L2-Total-Misses:        43943845   11.14%
L2-Total-Accesses:     394348210  100.00%

