--------
Total Statistics
--------
Total Instructions: 3184127150
Total Cycles: 9055873927
IPC: 0.351609

--------
Two level Cache hierarchy
--------
  L1-Data Cache:
    Size(KB):          32
    Block Size(B):     32
    Associativity:      4

  L2-Data Cache:
    Size(KB):         512
    Block Size(B):     64
    Associativity:      8

Latencies:    1   15  250
L1-Sets:  256 - LRU - assoc:   4
L2-Sets: 1024 - LRU - assoc:   8
Store_allocation: Yes
L2_inclusive: Yes

L1 Cache Stats:
L1-Load-Hits:         719593916   95.01%
L1-Load-Misses:        37793992    4.99%
L1-Load-Accesses:     757387908  100.00%

L1-Store-Hits:         443305115   93.67%
L1-Store-Misses:        29943289    6.33%
L1-Store-Accesses:     473248404  100.00%

L1-Total-Hits:        1162899031   94.50%
L1-Total-Misses:        67737281    5.50%
L1-Total-Accesses:    1230636312  100.00%

L2 Cache Stats:
L2-Load-Hits:          25380439   67.15%
L2-Load-Misses:        12413553   32.85%
L2-Load-Accesses:      37793992  100.00%

L2-Store-Hits:          27856637   93.03%
L2-Store-Misses:         2086652    6.97%
L2-Store-Accesses:      29943289  100.00%

L2-Total-Hits:          53237076   78.59%
L2-Total-Misses:        14500205   21.41%
L2-Total-Accesses:      67737281  100.00%

