--------
Total Statistics
--------
Total Instructions: 3184050015
Total Cycles: 9134952027
IPC: 0.348557

--------
Two level Cache hierarchy
--------
  L1-Data Cache:
    Size(KB):          32
    Block Size(B):     32
    Associativity:      4

  L2-Data Cache:
    Size(KB):         512
    Block Size(B):     64
    Associativity:      4

Latencies:    1   15  250
L1-Sets:  256 - LRU - assoc:   4
L2-Sets: 2048 - LRU - assoc:   4
Store_allocation: Yes
L2_inclusive: Yes

L1 Cache Stats:
L1-Load-Hits:         719515852   95.00%
L1-Load-Misses:        37844422    5.00%
L1-Load-Accesses:     757360274  100.00%

L1-Store-Hits:         443422714   93.70%
L1-Store-Misses:        29813559    6.30%
L1-Store-Accesses:     473236273  100.00%

L1-Total-Hits:        1162938566   94.50%
L1-Total-Misses:        67657981    5.50%
L1-Total-Accesses:    1230596547  100.00%

L2 Cache Stats:
L2-Load-Hits:          25174515   66.52%
L2-Load-Misses:        12669907   33.48%
L2-Load-Accesses:      37844422  100.00%

L2-Store-Hits:          27661723   92.78%
L2-Store-Misses:         2151836    7.22%
L2-Store-Accesses:      29813559  100.00%

L2-Total-Hits:          52836238   78.09%
L2-Total-Misses:        14821743   21.91%
L2-Total-Accesses:      67657981  100.00%

