--------
Total Statistics
--------
Total Instructions: 3184290983
Total Cycles: 9105247343
IPC: 0.34972

--------
Two level Cache hierarchy
--------
  L1-Data Cache:
    Size(KB):          32
    Block Size(B):     32
    Associativity:      4

  L2-Data Cache:
    Size(KB):         256
    Block Size(B):    128
    Associativity:      4

Latencies:    1   15  250
L1-Sets:  256 - LRU - assoc:   4
L2-Sets:  512 - LRU - assoc:   4
Store_allocation: Yes
L2_inclusive: Yes

L1 Cache Stats:
L1-Load-Hits:         719467018   94.99%
L1-Load-Misses:        37955666    5.01%
L1-Load-Accesses:     757422684  100.00%

L1-Store-Hits:         443858186   93.79%
L1-Store-Misses:        29401125    6.21%
L1-Store-Accesses:     473259311  100.00%

L1-Total-Hits:        1163325204   94.53%
L1-Total-Misses:        67356791    5.47%
L1-Total-Accesses:    1230681995  100.00%

L2 Cache Stats:
L2-Load-Hits:          24963648   65.77%
L2-Load-Misses:        12992018   34.23%
L2-Load-Accesses:      37955666  100.00%

L2-Store-Hits:          27673453   94.12%
L2-Store-Misses:         1727672    5.88%
L2-Store-Accesses:      29401125  100.00%

L2-Total-Hits:          52637101   78.15%
L2-Total-Misses:        14719690   21.85%
L2-Total-Accesses:      67356791  100.00%

