--------
Total Statistics
--------
Total Instructions: 7443931807
Total Cycles: 62235521148
IPC: 0.119609

--------
Two level Cache hierarchy
--------
  L1-Data Cache:
    Size(KB):          32
    Block Size(B):     32
    Associativity:      4

  L2-Data Cache:
    Size(KB):         512
    Block Size(B):     64
    Associativity:      8

Latencies:    1   15  250
L1-Sets:  256 - LRU - assoc:   4
L2-Sets: 1024 - LRU - assoc:   8
Store_allocation: Yes
L2_inclusive: Yes

L1 Cache Stats:
L1-Load-Hits:        1815841629   83.40%
L1-Load-Misses:       361538177   16.60%
L1-Load-Accesses:    2177379806  100.00%

L1-Store-Hits:         437406500   94.59%
L1-Store-Misses:        25036180    5.41%
L1-Store-Accesses:     462442680  100.00%

L1-Total-Hits:        2253248129   85.36%
L1-Total-Misses:       386574357   14.64%
L1-Total-Accesses:    2639822486  100.00%

L2 Cache Stats:
L2-Load-Hits:         188325136   52.09%
L2-Load-Misses:       173213041   47.91%
L2-Load-Accesses:     361538177  100.00%

L2-Store-Hits:          12836615   51.27%
L2-Store-Misses:        12199565   48.73%
L2-Store-Accesses:      25036180  100.00%

L2-Total-Hits:         201161751   52.04%
L2-Total-Misses:       185412606   47.96%
L2-Total-Accesses:     386574357  100.00%

