--------
Total Statistics
--------
Total Instructions: 7442575065
Total Cycles: 62338683078
IPC: 0.119389

--------
Two level Cache hierarchy
--------
  L1-Data Cache:
    Size(KB):          32
    Block Size(B):     32
    Associativity:      4

  L2-Data Cache:
    Size(KB):         512
    Block Size(B):     64
    Associativity:      4

Latencies:    1   15  250
L1-Sets:  256 - LRU - assoc:   4
L2-Sets: 2048 - LRU - assoc:   4
Store_allocation: Yes
L2_inclusive: Yes

L1 Cache Stats:
L1-Load-Hits:        1815716273   83.39%
L1-Load-Misses:       361544370   16.61%
L1-Load-Accesses:    2177260643  100.00%

L1-Store-Hits:         437396504   94.58%
L1-Store-Misses:        25046176    5.42%
L1-Store-Accesses:     462442680  100.00%

L1-Total-Hits:        2253112777   85.35%
L1-Total-Misses:       386590546   14.65%
L1-Total-Accesses:    2639703323  100.00%

L2 Cache Stats:
L2-Load-Hits:         187946882   51.98%
L2-Load-Misses:       173597488   48.02%
L2-Load-Accesses:     361544370  100.00%

L2-Store-Hits:          12813478   51.16%
L2-Store-Misses:        12232698   48.84%
L2-Store-Accesses:      25046176  100.00%

L2-Total-Hits:         200760360   51.93%
L2-Total-Misses:       185830186   48.07%
L2-Total-Accesses:     386590546  100.00%

