--------
Total Statistics
--------
Total Instructions: 7437477950
Total Cycles: 57719019399
IPC: 0.128857

--------
Two level Cache hierarchy
--------
  L1-Data Cache:
    Size(KB):          32
    Block Size(B):     32
    Associativity:      4

  L2-Data Cache:
    Size(KB):        1024
    Block Size(B):     64
    Associativity:     16

Latencies:    1   15  250
L1-Sets:  256 - LRU - assoc:   4
L2-Sets: 1024 - LRU - assoc:  16
Store_allocation: Yes
L2_inclusive: Yes

L1 Cache Stats:
L1-Load-Hits:        1814631680   83.39%
L1-Load-Misses:       361534659   16.61%
L1-Load-Accesses:    2176166339  100.00%

L1-Store-Hits:         437411227   94.59%
L1-Store-Misses:        25031453    5.41%
L1-Store-Accesses:     462442680  100.00%

L1-Total-Hits:        2252042907   85.35%
L1-Total-Misses:       386566112   14.65%
L1-Total-Accesses:    2638609019  100.00%

L2 Cache Stats:
L2-Load-Hits:         205788171   56.92%
L2-Load-Misses:       155746488   43.08%
L2-Load-Accesses:     361534659  100.00%

L2-Store-Hits:          13400178   53.53%
L2-Store-Misses:        11631275   46.47%
L2-Store-Accesses:      25031453  100.00%

L2-Total-Hits:         219188349   56.70%
L2-Total-Misses:       167377763   43.30%
L2-Total-Accesses:     386566112  100.00%

