--------
Total Statistics
--------
Total Instructions: 60533955772
Total Cycles: 87745878125
IPC: 0.689878

--------
Two level Cache hierarchy
--------
  L1-Data Cache:
    Size(KB):          32
    Block Size(B):     32
    Associativity:      4

  L2-Data Cache:
    Size(KB):        2048
    Block Size(B):    128
    Associativity:     16

Latencies:    1   15  250
L1-Sets:  256 - LRU - assoc:   4
L2-Sets: 1024 - LRU - assoc:  16
Store_allocation: Yes
L2_inclusive: Yes

L1 Cache Stats:
L1-Load-Hits:       13365481445   95.97%
L1-Load-Misses:       561131329    4.03%
L1-Load-Accesses:   13926612774  100.00%

L1-Store-Hits:        3699552088   99.28%
L1-Store-Misses:        26851566    0.72%
L1-Store-Accesses:    3726403654  100.00%

L1-Total-Hits:       17065033533   96.67%
L1-Total-Misses:       587982895    3.33%
L1-Total-Accesses:   17653016428  100.00%

L2 Cache Stats:
L2-Load-Hits:         559015078   99.62%
L2-Load-Misses:         2116251    0.38%
L2-Load-Accesses:     561131329  100.00%

L2-Store-Hits:          26011167   96.87%
L2-Store-Misses:          840399    3.13%
L2-Store-Accesses:      26851566  100.00%

L2-Total-Hits:         585026245   99.50%
L2-Total-Misses:         2956650    0.50%
L2-Total-Accesses:     587982895  100.00%

