--------
Total Statistics
--------
Total Instructions: 3184175295
Total Cycles: 10164140723
IPC: 0.313275

--------
Two level Cache hierarchy
--------
  L1-Data Cache:
    Size(KB):          32
    Block Size(B):     32
    Associativity:      4

  L2-Data Cache:
    Size(KB):         256
    Block Size(B):     64
    Associativity:      8

Latencies:    1   15  250
L1-Sets:  256 - LRU - assoc:   4
L2-Sets:  512 - LRU - assoc:   8
Store_allocation: Yes
L2_inclusive: Yes

L1 Cache Stats:
L1-Load-Hits:         719512720   95.00%
L1-Load-Misses:        37877285    5.00%
L1-Load-Accesses:     757390005  100.00%

L1-Store-Hits:         443930906   93.81%
L1-Store-Misses:        29315562    6.19%
L1-Store-Accesses:     473246468  100.00%

L1-Total-Hits:        1163443626   94.54%
L1-Total-Misses:        67192847    5.46%
L1-Total-Accesses:    1230636473  100.00%

L2 Cache Stats:
L2-Load-Hits:          22035613   58.18%
L2-Load-Misses:        15841672   41.82%
L2-Load-Accesses:      37877285  100.00%

L2-Store-Hits:          26191489   89.34%
L2-Store-Misses:         3124073   10.66%
L2-Store-Accesses:      29315562  100.00%

L2-Total-Hits:          48227102   71.77%
L2-Total-Misses:        18965745   28.23%
L2-Total-Accesses:      67192847  100.00%

