--------
Total Statistics
--------
Total Instructions: 3184146947
Total Cycles: 6586280017
IPC: 0.483451

--------
Two level Cache hierarchy
--------
  L1-Data Cache:
    Size(KB):          32
    Block Size(B):     32
    Associativity:      4

  L2-Data Cache:
    Size(KB):        2048
    Block Size(B):    256
    Associativity:     16

Latencies:    1   15  250
L1-Sets:  256 - LRU - assoc:   4
L2-Sets:  512 - LRU - assoc:  16
Store_allocation: Yes
L2_inclusive: Yes

L1 Cache Stats:
L1-Load-Hits:         719507001   95.00%
L1-Load-Misses:        37869004    5.00%
L1-Load-Accesses:     757376005  100.00%

L1-Store-Hits:         443321531   93.67%
L1-Store-Misses:        29934514    6.33%
L1-Store-Accesses:     473256045  100.00%

L1-Total-Hits:        1162828532   94.49%
L1-Total-Misses:        67803518    5.51%
L1-Total-Accesses:    1230632050  100.00%

L2 Cache Stats:
L2-Load-Hits:          33709939   89.02%
L2-Load-Misses:         4159065   10.98%
L2-Load-Accesses:      37869004  100.00%

L2-Store-Hits:          29475786   98.47%
L2-Store-Misses:          458728    1.53%
L2-Store-Accesses:      29934514  100.00%

L2-Total-Hits:          63185725   93.19%
L2-Total-Misses:         4617793    6.81%
L2-Total-Accesses:      67803518  100.00%

