--------
Total Statistics
--------
Total Instructions: 3184387906
Total Cycles: 8381760794
IPC: 0.379919

--------
Two level Cache hierarchy
--------
  L1-Data Cache:
    Size(KB):          32
    Block Size(B):     32
    Associativity:      4

  L2-Data Cache:
    Size(KB):        1024
    Block Size(B):     64
    Associativity:      8

Latencies:    1   15  250
L1-Sets:  256 - LRU - assoc:   4
L2-Sets: 2048 - LRU - assoc:   8
Store_allocation: Yes
L2_inclusive: Yes

L1 Cache Stats:
L1-Load-Hits:         719578450   95.00%
L1-Load-Misses:        37860504    5.00%
L1-Load-Accesses:     757438954  100.00%

L1-Store-Hits:         443379906   93.68%
L1-Store-Misses:        29895998    6.32%
L1-Store-Accesses:     473275904  100.00%

L1-Total-Hits:        1162958356   94.49%
L1-Total-Misses:        67756502    5.51%
L1-Total-Accesses:    1230714858  100.00%

L2 Cache Stats:
L2-Load-Hits:          27878921   73.64%
L2-Load-Misses:         9981583   26.36%
L2-Load-Accesses:      37860504  100.00%

L2-Store-Hits:          28076339   93.91%
L2-Store-Misses:         1819659    6.09%
L2-Store-Accesses:      29895998  100.00%

L2-Total-Hits:          55955260   82.58%
L2-Total-Misses:        11801242   17.42%
L2-Total-Accesses:      67756502  100.00%

