--------
Total Statistics
--------
Total Instructions: 3184200252
Total Cycles: 6888686589
IPC: 0.462236

--------
Two level Cache hierarchy
--------
  L1-Data Cache:
    Size(KB):          32
    Block Size(B):     32
    Associativity:      4

  L2-Data Cache:
    Size(KB):        1024
    Block Size(B):    256
    Associativity:     16

Latencies:    1   15  250
L1-Sets:  256 - LRU - assoc:   4
L2-Sets:  256 - LRU - assoc:  16
Store_allocation: Yes
L2_inclusive: Yes

L1 Cache Stats:
L1-Load-Hits:         719595128   95.01%
L1-Load-Misses:        37832999    4.99%
L1-Load-Accesses:     757428127  100.00%

L1-Store-Hits:         443997553   93.82%
L1-Store-Misses:        29255042    6.18%
L1-Store-Accesses:     473252595  100.00%

L1-Total-Hits:        1163592681   94.55%
L1-Total-Misses:        67088041    5.45%
L1-Total-Accesses:    1230680722  100.00%

L2 Cache Stats:
L2-Load-Hits:          32493392   85.89%
L2-Load-Misses:         5339607   14.11%
L2-Load-Accesses:      37832999  100.00%

L2-Store-Hits:          28724709   98.19%
L2-Store-Misses:          530333    1.81%
L2-Store-Accesses:      29255042  100.00%

L2-Total-Hits:          61218101   91.25%
L2-Total-Misses:         5869940    8.75%
L2-Total-Accesses:      67088041  100.00%

