--------
Total Statistics
--------
Total Instructions: 3184069377
Total Cycles: 7679652641
IPC: 0.414611

--------
Two level Cache hierarchy
--------
  L1-Data Cache:
    Size(KB):          32
    Block Size(B):     32
    Associativity:      4

  L2-Data Cache:
    Size(KB):        1024
    Block Size(B):    128
    Associativity:      8

Latencies:    1   15  250
L1-Sets:  256 - LRU - assoc:   4
L2-Sets: 1024 - LRU - assoc:   8
Store_allocation: Yes
L2_inclusive: Yes

L1 Cache Stats:
L1-Load-Hits:         719517311   95.00%
L1-Load-Misses:        37859700    5.00%
L1-Load-Accesses:     757377011  100.00%

L1-Store-Hits:         443265081   93.67%
L1-Store-Misses:        29970917    6.33%
L1-Store-Accesses:     473235998  100.00%

L1-Total-Hits:        1162782392   94.49%
L1-Total-Misses:        67830617    5.51%
L1-Total-Accesses:    1230613009  100.00%

L2 Cache Stats:
L2-Load-Hits:          29854057   78.85%
L2-Load-Misses:         8005643   21.15%
L2-Load-Accesses:      37859700  100.00%

L2-Store-Hits:          28986516   96.72%
L2-Store-Misses:          984401    3.28%
L2-Store-Accesses:      29970917  100.00%

L2-Total-Hits:          58840573   86.75%
L2-Total-Misses:         8990044   13.25%
L2-Total-Accesses:      67830617  100.00%

