--------
Total Statistics
--------
Total Instructions: 18199705463
Total Cycles: 406392981192
IPC: 0.0447835

--------
Two level Cache hierarchy
--------
  L1-Data Cache:
    Size(KB):          32
    Block Size(B):     32
    Associativity:      4

  L2-Data Cache:
    Size(KB):         512
    Block Size(B):    256
    Associativity:      4

Latencies:    1   15  250
L1-Sets:  256 - LFU - assoc:   4
L2-Sets:  512 - LFU - assoc:   4
Store_allocation: Yes
L2_inclusive: Yes

L1 Cache Stats:
L1-Load-Hits:        3142683320   49.47%
L1-Load-Misses:      3210297968   50.53%
L1-Load-Accesses:    6352981288  100.00%

L1-Store-Hits:        1794631359   95.42%
L1-Store-Misses:        86166332    4.58%
L1-Store-Accesses:    1880797691  100.00%

L1-Total-Hits:        4937314679   59.96%
L1-Total-Misses:      3296464300   40.04%
L1-Total-Accesses:    8233778979  100.00%

L2 Cache Stats:
L2-Load-Hits:        1905175095   59.35%
L2-Load-Misses:      1305122873   40.65%
L2-Load-Accesses:    3210297968  100.00%

L2-Store-Hits:          69239076   80.36%
L2-Store-Misses:        16927256   19.64%
L2-Store-Accesses:      86166332  100.00%

L2-Total-Hits:        1974414171   59.89%
L2-Total-Misses:      1322050129   40.11%
L2-Total-Accesses:    3296464300  100.00%

