--------
Total Statistics
--------
Total Instructions: 38323373253
Total Cycles: 166990511421
IPC: 0.229494

--------
Two level Cache hierarchy
--------
  L1-Data Cache:
    Size(KB):          32
    Block Size(B):     32
    Associativity:      4

  L2-Data Cache:
    Size(KB):         512
    Block Size(B):    256
    Associativity:      4

Latencies:    1   15  250
L1-Sets:  256 - LFU - assoc:   4
L2-Sets:  512 - LFU - assoc:   4
Store_allocation: Yes
L2_inclusive: Yes

L1 Cache Stats:
L1-Load-Hits:        8569897907   88.75%
L1-Load-Misses:      1086654246   11.25%
L1-Load-Accesses:    9656552153  100.00%

L1-Store-Hits:        3204476235   89.91%
L1-Store-Misses:       359679490   10.09%
L1-Store-Accesses:    3564155725  100.00%

L1-Total-Hits:       11774374142   89.06%
L1-Total-Misses:      1446333736   10.94%
L1-Total-Accesses:   13220707878  100.00%

L2 Cache Stats:
L2-Load-Hits:         783465794   72.10%
L2-Load-Misses:       303188452   27.90%
L2-Load-Accesses:    1086654246  100.00%

L2-Store-Hits:         287862245   80.03%
L2-Store-Misses:        71817245   19.97%
L2-Store-Accesses:     359679490  100.00%

L2-Total-Hits:        1071328039   74.07%
L2-Total-Misses:       375005697   25.93%
L2-Total-Accesses:    1446333736  100.00%

