--------
Total Statistics
--------
Total Instructions: 7443137149
Total Cycles: 35021654287
IPC: 0.21253

--------
Two level Cache hierarchy
--------
  L1-Data Cache:
    Size(KB):          32
    Block Size(B):     32
    Associativity:      4

  L2-Data Cache:
    Size(KB):         512
    Block Size(B):    256
    Associativity:      4

Latencies:    1   15  250
L1-Sets:  256 - LFU - assoc:   4
L2-Sets:  512 - LFU - assoc:   4
Store_allocation: Yes
L2_inclusive: Yes

L1 Cache Stats:
L1-Load-Hits:        1787121264   82.08%
L1-Load-Misses:       390193542   17.92%
L1-Load-Accesses:    2177314806  100.00%

L1-Store-Hits:         434790280   94.02%
L1-Store-Misses:        27642792    5.98%
L1-Store-Accesses:     462433072  100.00%

L1-Total-Hits:        2221911544   84.17%
L1-Total-Misses:       417836334   15.83%
L1-Total-Accesses:    2639747878  100.00%

L2 Cache Stats:
L2-Load-Hits:         319931958   81.99%
L2-Load-Misses:        70261584   18.01%
L2-Load-Accesses:     390193542  100.00%

L2-Store-Hits:          23219479   84.00%
L2-Store-Misses:         4423313   16.00%
L2-Store-Accesses:      27642792  100.00%

L2-Total-Hits:         343151437   82.13%
L2-Total-Misses:        74684897   17.87%
L2-Total-Accesses:     417836334  100.00%

