--------
Total Statistics
--------
Total Instructions: 96483399370
Total Cycles: 762705617896
IPC: 0.126501

--------
Two level Cache hierarchy
--------
  L1-Data Cache:
    Size(KB):          32
    Block Size(B):     32
    Associativity:      4

  L2-Data Cache:
    Size(KB):         512
    Block Size(B):    256
    Associativity:      4

Latencies:    1   15  250
L1-Sets:  256 - LFU - assoc:   4
L2-Sets:  512 - LFU - assoc:   4
Store_allocation: Yes
L2_inclusive: Yes

L1 Cache Stats:
L1-Load-Hits:       18157340441   89.48%
L1-Load-Misses:      2135818857   10.52%
L1-Load-Accesses:   20293159298  100.00%

L1-Store-Hits:        5440997185   46.76%
L1-Store-Misses:      6195959793   53.24%
L1-Store-Accesses:   11636956978  100.00%

L1-Total-Hits:       23598337626   73.91%
L1-Total-Misses:      8331778650   26.09%
L1-Total-Accesses:   31930116276  100.00%

L2 Cache Stats:
L2-Load-Hits:        1838257830   86.07%
L2-Load-Misses:       297561027   13.93%
L2-Load-Accesses:    2135818857  100.00%

L2-Store-Hits:        4456259130   71.92%
L2-Store-Misses:      1739700663   28.08%
L2-Store-Accesses:    6195959793  100.00%

L2-Total-Hits:        6294516960   75.55%
L2-Total-Misses:      2037261690   24.45%
L2-Total-Accesses:    8331778650  100.00%

