Total Instructions: 304114926822

RAS: (Correct - Incorrect)

Branch Predictors: (Name - Correct - Incorrect)
  Static-AlwaysTaken: 25764447069 39087003815
  Static-BT-FNT: 45101992659 19749458225
  Nbit-8K-4-Saturated_Counter: 58702582712 6148868172
  Pentium-M: 55746538251 9104912633
  LocalHistory-BHT2048-PHT8192-History8-Counters2: 60336174900 4515275984
  LocalHistory-BHT4096-PHT8192-History4-Counters2: 60055291522 4796159362
  LocalHistory-BHT8192-PHT8192-History2-Counters2: 59652348624 5199102260
  GlobalHistory-BHR2-PHT16384-Counter2b: 48905031092 15946419792
  GlobalHistory-BHR2-PHT8192-Counter4b: 50242124415 14609326469
  GlobalHistory-BHR4-PHT16384-Counter2b: 59080123724 5771327160
  GlobalHistory-BHR4-PHT8192-Counter4b: 59055871139 5795579745
  Alpha21264Hybrid: 61181757454 3669693430
  Tournament-1024-entries-LocalHistory-BHT2048-PHT4096-History4-Counters2-vs-GlobalHistory-BHR4-PHT8192-Counter2b: 60367840805 4483610079
  Tournament-2048-entries-LocalHistory-BHT1024-PHT4096-History8-Counters2-vs-GlobalHistory-BHR4-PHT4096-Counter4b: 60661081266 4190369618
  Tournament-1024-entries-Nbit-8K-2-Saturated_Counter-vs-GlobalHistory-BHR4-PHT8192-Counter2b: 60343290461 4508160423
  Tournament-2048-entries-LocalHistory-BHT2048-PHT4096-History4-Counters2-vs-Nbit-8K-2-Saturated_Counter: 60341818666 4509632218

BTB Predictors: (Name - Correct - Incorrect - TargetCorrect)
