--------
Total Statistics
--------
Total Instructions: 108733220816
Total Cycles: 660369611734
IPC: 0.164655

--------
Two level Cache hierarchy
--------
  L1-Data Cache:
    Size(KB):          32
    Block Size(B):     32
    Associativity:      4

  L2-Data Cache:
    Size(KB):         256
    Block Size(B):    256
    Associativity:      4

Latencies:    1   15  250
L1-Sets:  256 - LRU - assoc:   4
L2-Sets:  256 - LRU - assoc:   4
Store_allocation: Yes
L2_inclusive: Yes

L1 Cache Stats:
L1-Load-Hits:       28450229417   81.83%
L1-Load-Misses:      6315149486   18.17%
L1-Load-Accesses:   34765378903  100.00%

L1-Store-Hits:        9520561263   99.21%
L1-Store-Misses:        75783107    0.79%
L1-Store-Accesses:    9596344370  100.00%

L1-Total-Hits:       37970790680   85.59%
L1-Total-Misses:      6390932593   14.41%
L1-Total-Accesses:   44361723273  100.00%

L2 Cache Stats:
L2-Load-Hits:        4679299431   74.10%
L2-Load-Misses:      1635850055   25.90%
L2-Load-Accesses:    6315149486  100.00%

L2-Store-Hits:          65990447   87.08%
L2-Store-Misses:         9792660   12.92%
L2-Store-Accesses:      75783107  100.00%

L2-Total-Hits:        4745289878   74.25%
L2-Total-Misses:      1645642715   25.75%
L2-Total-Accesses:    6390932593  100.00%

