--------
Total Statistics
--------
Total Instructions: 38323371624
Total Cycles: 160657088096
IPC: 0.238541

--------
Two level Cache hierarchy
--------
  L1-Data Cache:
    Size(KB):          32
    Block Size(B):     32
    Associativity:      4

  L2-Data Cache:
    Size(KB):         256
    Block Size(B):    256
    Associativity:      4

Latencies:    1   15  250
L1-Sets:  256 - SRRIP-FP - assoc:   4
L2-Sets:  256 - SRRIP-FP - assoc:   4
Store_allocation: Yes
L2_inclusive: Yes

L1 Cache Stats:
L1-Load-Hits:        8609028627   89.15%
L1-Load-Misses:      1047523089   10.85%
L1-Load-Accesses:    9656551716  100.00%

L1-Store-Hits:        3212754175   90.14%
L1-Store-Misses:       351401531    9.86%
L1-Store-Accesses:    3564155706  100.00%

L1-Total-Hits:       11821782802   89.42%
L1-Total-Misses:      1398924620   10.58%
L1-Total-Accesses:   13220707422  100.00%

L2 Cache Stats:
L2-Load-Hits:         762348562   72.78%
L2-Load-Misses:       285174527   27.22%
L2-Load-Accesses:    1047523089  100.00%

L2-Store-Hits:         284059499   80.84%
L2-Store-Misses:        67342032   19.16%
L2-Store-Accesses:     351401531  100.00%

L2-Total-Hits:        1046408061   74.80%
L2-Total-Misses:       352516559   25.20%
L2-Total-Accesses:    1398924620  100.00%

