--------
Total Statistics
--------
Total Instructions: 60533959115
Total Cycles: 87878216154
IPC: 0.688839

--------
Two level Cache hierarchy
--------
  L1-Data Cache:
    Size(KB):          32
    Block Size(B):     32
    Associativity:      4

  L2-Data Cache:
    Size(KB):        1024
    Block Size(B):    128
    Associativity:      8

Latencies:    1   15  250
L1-Sets:  256 - LRU - assoc:   4
L2-Sets: 1024 - LRU - assoc:   8
Store_allocation: Yes
L2_inclusive: Yes

L1 Cache Stats:
L1-Load-Hits:       13368263156   95.99%
L1-Load-Misses:       558350054    4.01%
L1-Load-Accesses:   13926613210  100.00%

L1-Store-Hits:        3699622163   99.28%
L1-Store-Misses:        26781491    0.72%
L1-Store-Accesses:    3726403654  100.00%

L1-Total-Hits:       17067885319   96.69%
L1-Total-Misses:       585131545    3.31%
L1-Total-Accesses:   17653016864  100.00%

L2 Cache Stats:
L2-Load-Hits:         555538449   99.50%
L2-Load-Misses:         2811605    0.50%
L2-Load-Accesses:     558350054  100.00%

L2-Store-Hits:          25936028   96.84%
L2-Store-Misses:          845463    3.16%
L2-Store-Accesses:      26781491  100.00%

L2-Total-Hits:         581474477   99.38%
L2-Total-Misses:         3657068    0.62%
L2-Total-Accesses:     585131545  100.00%

