--------
Total Statistics
--------
Total Instructions: 38323373894
Total Cycles: 193391260085
IPC: 0.198165

--------
Two level Cache hierarchy
--------
  L1-Data Cache:
    Size(KB):          32
    Block Size(B):     32
    Associativity:      4

  L2-Data Cache:
    Size(KB):         256
    Block Size(B):    128
    Associativity:      8

Latencies:    1   15  250
L1-Sets:  256 - LRU - assoc:   4
L2-Sets:  256 - LRU - assoc:   8
Store_allocation: Yes
L2_inclusive: Yes

L1 Cache Stats:
L1-Load-Hits:        8616670844   89.23%
L1-Load-Misses:      1039881447   10.77%
L1-Load-Accesses:    9656552291  100.00%

L1-Store-Hits:        3213694727   90.17%
L1-Store-Misses:       350460998    9.83%
L1-Store-Accesses:    3564155725  100.00%

L1-Total-Hits:       11830365571   89.48%
L1-Total-Misses:      1390342445   10.52%
L1-Total-Accesses:   13220708016  100.00%

L2 Cache Stats:
L2-Load-Hits:         656438429   63.13%
L2-Load-Misses:       383443018   36.87%
L2-Load-Accesses:    1039881447  100.00%

L2-Store-Hits:         249935850   71.32%
L2-Store-Misses:       100525148   28.68%
L2-Store-Accesses:     350460998  100.00%

L2-Total-Hits:         906374279   65.19%
L2-Total-Misses:       483968166   34.81%
L2-Total-Accesses:    1390342445  100.00%

