--------
Total Statistics
--------
Total Instructions: 38323373253
Total Cycles: 193404695431
IPC: 0.198151

--------
Two level Cache hierarchy
--------
  L1-Data Cache:
    Size(KB):          32
    Block Size(B):     32
    Associativity:      4

  L2-Data Cache:
    Size(KB):         256
    Block Size(B):    128
    Associativity:      4

Latencies:    1   15  250
L1-Sets:  256 - LRU - assoc:   4
L2-Sets:  512 - LRU - assoc:   4
Store_allocation: Yes
L2_inclusive: Yes

L1 Cache Stats:
L1-Load-Hits:        8616482677   89.23%
L1-Load-Misses:      1040069476   10.77%
L1-Load-Accesses:    9656552153  100.00%

L1-Store-Hits:        3213639531   90.17%
L1-Store-Misses:       350516194    9.83%
L1-Store-Accesses:    3564155725  100.00%

L1-Total-Hits:       11830122208   89.48%
L1-Total-Misses:      1390585670   10.52%
L1-Total-Accesses:   13220707878  100.00%

L2 Cache Stats:
L2-Load-Hits:         656596092   63.13%
L2-Load-Misses:       383473384   36.87%
L2-Load-Accesses:    1040069476  100.00%

L2-Store-Hits:         249982261   71.32%
L2-Store-Misses:       100533933   28.68%
L2-Store-Accesses:     350516194  100.00%

L2-Total-Hits:         906578353   65.19%
L2-Total-Misses:       484007317   34.81%
L2-Total-Accesses:    1390585670  100.00%

