--------
Total Statistics
--------
Total Instructions: 38323373253
Total Cycles: 268789235256
IPC: 0.142578

--------
Two level Cache hierarchy
--------
  L1-Data Cache:
    Size(KB):          32
    Block Size(B):     32
    Associativity:      4

  L2-Data Cache:
    Size(KB):         256
    Block Size(B):     64
    Associativity:      4

Latencies:    1   15  250
L1-Sets:  256 - LRU - assoc:   4
L2-Sets: 1024 - LRU - assoc:   4
Store_allocation: Yes
L2_inclusive: Yes

L1 Cache Stats:
L1-Load-Hits:        8616658937   89.23%
L1-Load-Misses:      1039893216   10.77%
L1-Load-Accesses:    9656552153  100.00%

L1-Store-Hits:        3213499066   90.16%
L1-Store-Misses:       350656659    9.84%
L1-Store-Accesses:    3564155725  100.00%

L1-Total-Hits:       11830158003   89.48%
L1-Total-Misses:      1390549875   10.52%
L1-Total-Accesses:   13220707878  100.00%

L2 Cache Stats:
L2-Load-Hits:         438259738   42.14%
L2-Load-Misses:       601633478   57.86%
L2-Load-Accesses:    1039893216  100.00%

L2-Store-Hits:         166742513   47.55%
L2-Store-Misses:       183914146   52.45%
L2-Store-Accesses:     350656659  100.00%

L2-Total-Hits:         605002251   43.51%
L2-Total-Misses:       785547624   56.49%
L2-Total-Accesses:    1390549875  100.00%

