--------
Total Statistics
--------
Total Instructions: 38323373789
Total Cycles: 265222466633
IPC: 0.144495

--------
Two level Cache hierarchy
--------
  L1-Data Cache:
    Size(KB):          32
    Block Size(B):     32
    Associativity:      4

  L2-Data Cache:
    Size(KB):        1024
    Block Size(B):     64
    Associativity:      8

Latencies:    1   15  250
L1-Sets:  256 - LRU - assoc:   4
L2-Sets: 2048 - LRU - assoc:   8
Store_allocation: Yes
L2_inclusive: Yes

L1 Cache Stats:
L1-Load-Hits:        8617418970   89.24%
L1-Load-Misses:      1039133299   10.76%
L1-Load-Accesses:    9656552269  100.00%

L1-Store-Hits:        3213829034   90.17%
L1-Store-Misses:       350326691    9.83%
L1-Store-Accesses:    3564155725  100.00%

L1-Total-Hits:       11831248004   89.49%
L1-Total-Misses:      1389459990   10.51%
L1-Total-Accesses:   13220707994  100.00%

L2 Cache Stats:
L2-Load-Hits:         445288014   42.85%
L2-Load-Misses:       593845285   57.15%
L2-Load-Accesses:    1039133299  100.00%

L2-Store-Hits:         172826036   49.33%
L2-Store-Misses:       177500655   50.67%
L2-Store-Accesses:     350326691  100.00%

L2-Total-Hits:         618114050   44.49%
L2-Total-Misses:       771345940   55.51%
L2-Total-Accesses:    1389459990  100.00%

