--------
Total Statistics
--------
Total Instructions: 38323373253
Total Cycles: 267853458021
IPC: 0.143076

--------
Two level Cache hierarchy
--------
  L1-Data Cache:
    Size(KB):          32
    Block Size(B):     32
    Associativity:      4

  L2-Data Cache:
    Size(KB):         512
    Block Size(B):     64
    Associativity:      4

Latencies:    1   15  250
L1-Sets:  256 - LRU - assoc:   4
L2-Sets: 2048 - LRU - assoc:   4
Store_allocation: Yes
L2_inclusive: Yes

L1 Cache Stats:
L1-Load-Hits:        8617259831   89.24%
L1-Load-Misses:      1039292322   10.76%
L1-Load-Accesses:    9656552153  100.00%

L1-Store-Hits:        3213815871   90.17%
L1-Store-Misses:       350339854    9.83%
L1-Store-Accesses:    3564155725  100.00%

L1-Total-Hits:       11831075702   89.49%
L1-Total-Misses:      1389632176   10.51%
L1-Total-Accesses:   13220707878  100.00%

L2 Cache Stats:
L2-Load-Hits:         439713271   42.31%
L2-Load-Misses:       599579051   57.69%
L2-Load-Accesses:    1039292322  100.00%

L2-Store-Hits:         168059328   47.97%
L2-Store-Misses:       182280526   52.03%
L2-Store-Accesses:     350339854  100.00%

L2-Total-Hits:         607772599   43.74%
L2-Total-Misses:       781859577   56.26%
L2-Total-Accesses:    1389632176  100.00%

