--------
Total Statistics
--------
Total Instructions: 38323373253
Total Cycles: 160033112026
IPC: 0.239472

--------
Two level Cache hierarchy
--------
  L1-Data Cache:
    Size(KB):          32
    Block Size(B):     32
    Associativity:      4

  L2-Data Cache:
    Size(KB):         256
    Block Size(B):    256
    Associativity:      8

Latencies:    1   15  250
L1-Sets:  256 - LRU - assoc:   4
L2-Sets:  128 - LRU - assoc:   8
Store_allocation: Yes
L2_inclusive: Yes

L1 Cache Stats:
L1-Load-Hits:        8616229932   89.23%
L1-Load-Misses:      1040322221   10.77%
L1-Load-Accesses:    9656552153  100.00%

L1-Store-Hits:        3213904603   90.17%
L1-Store-Misses:       350251122    9.83%
L1-Store-Accesses:    3564155725  100.00%

L1-Total-Hits:       11830134535   89.48%
L1-Total-Misses:      1390573343   10.52%
L1-Total-Accesses:   13220707878  100.00%

L2 Cache Stats:
L2-Load-Hits:         756924403   72.76%
L2-Load-Misses:       283397818   27.24%
L2-Load-Accesses:    1040322221  100.00%

L2-Store-Hits:         283127217   80.84%
L2-Store-Misses:        67123905   19.16%
L2-Store-Accesses:     350251122  100.00%

L2-Total-Hits:        1040051620   74.79%
L2-Total-Misses:       350521723   25.21%
L2-Total-Accesses:    1390573343  100.00%

