--------
Total Statistics
--------
Total Instructions: 38323373253
Total Cycles: 267904377801
IPC: 0.143049

--------
Two level Cache hierarchy
--------
  L1-Data Cache:
    Size(KB):          32
    Block Size(B):     32
    Associativity:      4

  L2-Data Cache:
    Size(KB):         512
    Block Size(B):     64
    Associativity:      8

Latencies:    1   15  250
L1-Sets:  256 - LRU - assoc:   4
L2-Sets: 1024 - LRU - assoc:   8
Store_allocation: Yes
L2_inclusive: Yes

L1 Cache Stats:
L1-Load-Hits:        8617269004   89.24%
L1-Load-Misses:      1039283149   10.76%
L1-Load-Accesses:    9656552153  100.00%

L1-Store-Hits:        3213650446   90.17%
L1-Store-Misses:       350505279    9.83%
L1-Store-Accesses:    3564155725  100.00%

L1-Total-Hits:       11830919450   89.49%
L1-Total-Misses:      1389788428   10.51%
L1-Total-Accesses:   13220707878  100.00%

L2 Cache Stats:
L2-Load-Hits:         439857019   42.32%
L2-Load-Misses:       599426130   57.68%
L2-Load-Accesses:    1039283149  100.00%

L2-Store-Hits:         167877528   47.90%
L2-Store-Misses:       182627751   52.10%
L2-Store-Accesses:     350505279  100.00%

L2-Total-Hits:         607734547   43.73%
L2-Total-Misses:       782053881   56.27%
L2-Total-Accesses:    1389788428  100.00%

