--------
Total Statistics
--------
Total Instructions: 38323373253
Total Cycles: 159660707221
IPC: 0.24003

--------
Two level Cache hierarchy
--------
  L1-Data Cache:
    Size(KB):          32
    Block Size(B):     32
    Associativity:      4

  L2-Data Cache:
    Size(KB):         512
    Block Size(B):    256
    Associativity:      4

Latencies:    1   15  250
L1-Sets:  256 - LRU - assoc:   4
L2-Sets:  512 - LRU - assoc:   4
Store_allocation: Yes
L2_inclusive: Yes

L1 Cache Stats:
L1-Load-Hits:        8616616416   89.23%
L1-Load-Misses:      1039935737   10.77%
L1-Load-Accesses:    9656552153  100.00%

L1-Store-Hits:        3213643606   90.17%
L1-Store-Misses:       350512119    9.83%
L1-Store-Accesses:    3564155725  100.00%

L1-Total-Hits:       11830260022   89.48%
L1-Total-Misses:      1390447856   10.52%
L1-Total-Accesses:   13220707878  100.00%

L2 Cache Stats:
L2-Load-Hits:         757847937   72.87%
L2-Load-Misses:       282087800   27.13%
L2-Load-Accesses:    1039935737  100.00%

L2-Store-Hits:         283560286   80.90%
L2-Store-Misses:        66951833   19.10%
L2-Store-Accesses:     350512119  100.00%

L2-Total-Hits:        1041408223   74.90%
L2-Total-Misses:       349039633   25.10%
L2-Total-Accesses:    1390447856  100.00%

