--------
Total Statistics
--------
Total Instructions: 38323373789
Total Cycles: 192908821643
IPC: 0.198661

--------
Two level Cache hierarchy
--------
  L1-Data Cache:
    Size(KB):          32
    Block Size(B):     32
    Associativity:      4

  L2-Data Cache:
    Size(KB):         512
    Block Size(B):    128
    Associativity:      8

Latencies:    1   15  250
L1-Sets:  256 - LRU - assoc:   4
L2-Sets:  512 - LRU - assoc:   8
Store_allocation: Yes
L2_inclusive: Yes

L1 Cache Stats:
L1-Load-Hits:        8617066877   89.24%
L1-Load-Misses:      1039485392   10.76%
L1-Load-Accesses:    9656552269  100.00%

L1-Store-Hits:        3213614643   90.16%
L1-Store-Misses:       350541082    9.84%
L1-Store-Accesses:    3564155725  100.00%

L1-Total-Hits:       11830681520   89.49%
L1-Total-Misses:      1390026474   10.51%
L1-Total-Accesses:   13220707994  100.00%

L2 Cache Stats:
L2-Load-Hits:         657397173   63.24%
L2-Load-Misses:       382088219   36.76%
L2-Load-Accesses:    1039485392  100.00%

L2-Store-Hits:         250571930   71.48%
L2-Store-Misses:        99969152   28.52%
L2-Store-Accesses:     350541082  100.00%

L2-Total-Hits:         907969103   65.32%
L2-Total-Misses:       482057371   34.68%
L2-Total-Accesses:    1390026474  100.00%

