--------
Total Statistics
--------
Total Instructions: 38323373253
Total Cycles: 268755456231
IPC: 0.142596

--------
Two level Cache hierarchy
--------
  L1-Data Cache:
    Size(KB):          32
    Block Size(B):     32
    Associativity:      4

  L2-Data Cache:
    Size(KB):         256
    Block Size(B):     64
    Associativity:      8

Latencies:    1   15  250
L1-Sets:  256 - LRU - assoc:   4
L2-Sets:  512 - LRU - assoc:   8
Store_allocation: Yes
L2_inclusive: Yes

L1 Cache Stats:
L1-Load-Hits:        8616982032   89.23%
L1-Load-Misses:      1039570121   10.77%
L1-Load-Accesses:    9656552153  100.00%

L1-Store-Hits:        3213277806   90.16%
L1-Store-Misses:       350877919    9.84%
L1-Store-Accesses:    3564155725  100.00%

L1-Total-Hits:       11830259838   89.48%
L1-Total-Misses:      1390448040   10.52%
L1-Total-Accesses:   13220707878  100.00%

L2 Cache Stats:
L2-Load-Hits:         438077652   42.14%
L2-Load-Misses:       601492469   57.86%
L2-Load-Accesses:    1039570121  100.00%

L2-Store-Hits:         166951770   47.58%
L2-Store-Misses:       183926149   52.42%
L2-Store-Accesses:     350877919  100.00%

L2-Total-Hits:         605029422   43.51%
L2-Total-Misses:       785418618   56.49%
L2-Total-Accesses:    1390448040  100.00%

