--------
Total Statistics
--------
Total Instructions: 38323373253
Total Cycles: 159999417881
IPC: 0.239522

--------
Two level Cache hierarchy
--------
  L1-Data Cache:
    Size(KB):          32
    Block Size(B):     32
    Associativity:      4

  L2-Data Cache:
    Size(KB):         256
    Block Size(B):    256
    Associativity:      4

Latencies:    1   15  250
L1-Sets:  256 - LRU - assoc:   4
L2-Sets:  256 - LRU - assoc:   4
Store_allocation: Yes
L2_inclusive: Yes

L1 Cache Stats:
L1-Load-Hits:        8616351566   89.23%
L1-Load-Misses:      1040200587   10.77%
L1-Load-Accesses:    9656552153  100.00%

L1-Store-Hits:        3213735512   90.17%
L1-Store-Misses:       350420213    9.83%
L1-Store-Accesses:    3564155725  100.00%

L1-Total-Hits:       11830087078   89.48%
L1-Total-Misses:      1390620800   10.52%
L1-Total-Accesses:   13220707878  100.00%

L2 Cache Stats:
L2-Load-Hits:         756986662   72.77%
L2-Load-Misses:       283213925   27.23%
L2-Load-Accesses:    1040200587  100.00%

L2-Store-Hits:         283250039   80.83%
L2-Store-Misses:        67170174   19.17%
L2-Store-Accesses:     350420213  100.00%

L2-Total-Hits:        1040236701   74.80%
L2-Total-Misses:       350384099   25.20%
L2-Total-Accesses:    1390620800  100.00%

