--------
Total Statistics
--------
Total Instructions: 38323373400
Total Cycles: 191569980908
IPC: 0.200049

--------
Two level Cache hierarchy
--------
  L1-Data Cache:
    Size(KB):          32
    Block Size(B):     32
    Associativity:      4

  L2-Data Cache:
    Size(KB):        1024
    Block Size(B):    128
    Associativity:      8

Latencies:    1   15  250
L1-Sets:  256 - LRU - assoc:   4
L2-Sets: 1024 - LRU - assoc:   8
Store_allocation: Yes
L2_inclusive: Yes

L1 Cache Stats:
L1-Load-Hits:        8617335559   89.24%
L1-Load-Misses:      1039216624   10.76%
L1-Load-Accesses:    9656552183  100.00%

L1-Store-Hits:        3213891059   90.17%
L1-Store-Misses:       350264666    9.83%
L1-Store-Accesses:    3564155725  100.00%

L1-Total-Hits:       11831226618   89.49%
L1-Total-Misses:      1389481290   10.51%
L1-Total-Accesses:   13220707908  100.00%

L2 Cache Stats:
L2-Load-Hits:         659923466   63.50%
L2-Load-Misses:       379293158   36.50%
L2-Load-Accesses:    1039216624  100.00%

L2-Store-Hits:         252823103   72.18%
L2-Store-Misses:        97441563   27.82%
L2-Store-Accesses:     350264666  100.00%

L2-Total-Hits:         912746569   65.69%
L2-Total-Misses:       476734721   34.31%
L2-Total-Accesses:    1389481290  100.00%

