--------
Total Statistics
--------
Total Instructions: 38323373253
Total Cycles: 192946838866
IPC: 0.198621

--------
Two level Cache hierarchy
--------
  L1-Data Cache:
    Size(KB):          32
    Block Size(B):     32
    Associativity:      4

  L2-Data Cache:
    Size(KB):         512
    Block Size(B):    128
    Associativity:      4

Latencies:    1   15  250
L1-Sets:  256 - LRU - assoc:   4
L2-Sets: 1024 - LRU - assoc:   4
Store_allocation: Yes
L2_inclusive: Yes

L1 Cache Stats:
L1-Load-Hits:        8616925312   89.23%
L1-Load-Misses:      1039626841   10.77%
L1-Load-Accesses:    9656552153  100.00%

L1-Store-Hits:        3213481117   90.16%
L1-Store-Misses:       350674608    9.84%
L1-Store-Accesses:    3564155725  100.00%

L1-Total-Hits:       11830406429   89.48%
L1-Total-Misses:      1390301449   10.52%
L1-Total-Accesses:   13220707878  100.00%

L2 Cache Stats:
L2-Load-Hits:         657357879   63.23%
L2-Load-Misses:       382268962   36.77%
L2-Load-Accesses:    1039626841  100.00%

L2-Store-Hits:         250750626   71.51%
L2-Store-Misses:        99923982   28.49%
L2-Store-Accesses:     350674608  100.00%

L2-Total-Hits:         908108505   65.32%
L2-Total-Misses:       482192944   34.68%
L2-Total-Accesses:    1390301449  100.00%

