--------
Total Statistics
--------
Total Instructions: 96483399370
Total Cycles: 1246879654936
IPC: 0.0773799

--------
Two level Cache hierarchy
--------
  L1-Data Cache:
    Size(KB):          32
    Block Size(B):     32
    Associativity:      4

  L2-Data Cache:
    Size(KB):         512
    Block Size(B):     64
    Associativity:      8

Latencies:    1   15  250
L1-Sets:  256 - LRU - assoc:   4
L2-Sets: 1024 - LRU - assoc:   8
Store_allocation: Yes
L2_inclusive: Yes

L1 Cache Stats:
L1-Load-Hits:       18239877502   89.88%
L1-Load-Misses:      2053281796   10.12%
L1-Load-Accesses:   20293159298  100.00%

L1-Store-Hits:        5349981438   45.97%
L1-Store-Misses:      6286975540   54.03%
L1-Store-Accesses:   11636956978  100.00%

L1-Total-Hits:       23589858940   73.88%
L1-Total-Misses:      8340257336   26.12%
L1-Total-Accesses:   31930116276  100.00%

L2 Cache Stats:
L2-Load-Hits:        1027111419   50.02%
L2-Load-Misses:      1026170377   49.98%
L2-Load-Accesses:    2053281796  100.00%

L2-Store-Hits:        3339696800   53.12%
L2-Store-Misses:      2947278740   46.88%
L2-Store-Accesses:    6286975540  100.00%

L2-Total-Hits:        4366808219   52.36%
L2-Total-Misses:      3973449117   47.64%
L2-Total-Accesses:    8340257336  100.00%

