--------
Total Statistics
--------
Total Instructions: 108733220816
Total Cycles: 915961315279
IPC: 0.118709

--------
Two level Cache hierarchy
--------
  L1-Data Cache:
    Size(KB):          32
    Block Size(B):     32
    Associativity:      4

  L2-Data Cache:
    Size(KB):         512
    Block Size(B):     64
    Associativity:      4

Latencies:    1   15  250
L1-Sets:  256 - LRU - assoc:   4
L2-Sets: 2048 - LRU - assoc:   4
Store_allocation: Yes
L2_inclusive: Yes

L1 Cache Stats:
L1-Load-Hits:       28468861252   81.89%
L1-Load-Misses:      6296517651   18.11%
L1-Load-Accesses:   34765378903  100.00%

L1-Store-Hits:        9520559675   99.21%
L1-Store-Misses:        75784695    0.79%
L1-Store-Accesses:    9596344370  100.00%

L1-Total-Hits:       37989420927   85.64%
L1-Total-Misses:      6372302346   14.36%
L1-Total-Accesses:   44361723273  100.00%

L2 Cache Stats:
L2-Load-Hits:        3662997082   58.17%
L2-Load-Misses:      2633520569   41.83%
L2-Load-Accesses:    6296517651  100.00%

L2-Store-Hits:          40177920   53.02%
L2-Store-Misses:        35606775   46.98%
L2-Store-Accesses:      75784695  100.00%

L2-Total-Hits:        3703175002   58.11%
L2-Total-Misses:      2669127344   41.89%
L2-Total-Accesses:    6372302346  100.00%

