--------
Total Statistics
--------
Total Instructions: 108733220816
Total Cycles: 927574938974
IPC: 0.117223

--------
Two level Cache hierarchy
--------
  L1-Data Cache:
    Size(KB):          32
    Block Size(B):     32
    Associativity:      4

  L2-Data Cache:
    Size(KB):         256
    Block Size(B):     64
    Associativity:      8

Latencies:    1   15  250
L1-Sets:  256 - LRU - assoc:   4
L2-Sets:  512 - LRU - assoc:   8
Store_allocation: Yes
L2_inclusive: Yes

L1 Cache Stats:
L1-Load-Hits:       28467133166   81.88%
L1-Load-Misses:      6298245737   18.12%
L1-Load-Accesses:   34765378903  100.00%

L1-Store-Hits:        9520658198   99.21%
L1-Store-Misses:        75686172    0.79%
L1-Store-Accesses:    9596344370  100.00%

L1-Total-Hits:       37987791364   85.63%
L1-Total-Misses:      6373931909   14.37%
L1-Total-Accesses:   44361723273  100.00%

L2 Cache Stats:
L2-Load-Hits:        3620135583   57.48%
L2-Load-Misses:      2678110154   42.52%
L2-Load-Accesses:    6298245737  100.00%

L2-Store-Hits:          38312261   50.62%
L2-Store-Misses:        37373911   49.38%
L2-Store-Accesses:      75686172  100.00%

L2-Total-Hits:        3658447844   57.40%
L2-Total-Misses:      2715484065   42.60%
L2-Total-Accesses:    6373931909  100.00%

