--------
Total Statistics
--------
Total Instructions: 108733220816
Total Cycles: 475133930784
IPC: 0.228848

--------
Two level Cache hierarchy
--------
  L1-Data Cache:
    Size(KB):          32
    Block Size(B):     32
    Associativity:      4

  L2-Data Cache:
    Size(KB):        1024
    Block Size(B):    256
    Associativity:     16

Latencies:    1   15  250
L1-Sets:  256 - LRU - assoc:   4
L2-Sets:  256 - LRU - assoc:  16
Store_allocation: Yes
L2_inclusive: Yes

L1 Cache Stats:
L1-Load-Hits:       28469367195   81.89%
L1-Load-Misses:      6296011708   18.11%
L1-Load-Accesses:   34765378903  100.00%

L1-Store-Hits:        9520681315   99.21%
L1-Store-Misses:        75663055    0.79%
L1-Store-Accesses:    9596344370  100.00%

L1-Total-Hits:       37990048510   85.64%
L1-Total-Misses:      6371674763   14.36%
L1-Total-Accesses:   44361723273  100.00%

L2 Cache Stats:
L2-Load-Hits:        5396881041   85.72%
L2-Load-Misses:       899130667   14.28%
L2-Load-Accesses:    6296011708  100.00%

L2-Store-Hits:          68938261   91.11%
L2-Store-Misses:         6724794    8.89%
L2-Store-Accesses:      75663055  100.00%

L2-Total-Hits:        5465819302   85.78%
L2-Total-Misses:       905855461   14.22%
L2-Total-Accesses:    6371674763  100.00%

