--------
Total Statistics
--------
Total Instructions: 108733221016
Total Cycles: 472637897584
IPC: 0.230056

--------
Two level Cache hierarchy
--------
  L1-Data Cache:
    Size(KB):          32
    Block Size(B):     32
    Associativity:      4

  L2-Data Cache:
    Size(KB):        2048
    Block Size(B):    256
    Associativity:     16

Latencies:    1   15  250
L1-Sets:  256 - LRU - assoc:   4
L2-Sets:  512 - LRU - assoc:  16
Store_allocation: Yes
L2_inclusive: Yes

L1 Cache Stats:
L1-Load-Hits:       28470176812   81.89%
L1-Load-Misses:      6295202095   18.11%
L1-Load-Accesses:   34765378907  100.00%

L1-Store-Hits:        9520697748   99.21%
L1-Store-Misses:        75646718    0.79%
L1-Store-Accesses:    9596344466  100.00%

L1-Total-Hits:       37990874560   85.64%
L1-Total-Misses:      6370848813   14.36%
L1-Total-Accesses:   44361723373  100.00%

L2 Cache Stats:
L2-Load-Hits:        5405091627   85.86%
L2-Load-Misses:       890110468   14.14%
L2-Load-Accesses:    6295202095  100.00%

L2-Store-Hits:          69836302   92.32%
L2-Store-Misses:         5810416    7.68%
L2-Store-Accesses:      75646718  100.00%

L2-Total-Hits:        5474927929   85.94%
L2-Total-Misses:       895920884   14.06%
L2-Total-Accesses:    6370848813  100.00%

