--------
Total Statistics
--------
Total Instructions: 108733220816
Total Cycles: 573051129004
IPC: 0.189744

--------
Two level Cache hierarchy
--------
  L1-Data Cache:
    Size(KB):          32
    Block Size(B):     32
    Associativity:      4

  L2-Data Cache:
    Size(KB):         512
    Block Size(B):    256
    Associativity:      8

Latencies:    1   15  250
L1-Sets:  256 - LRU - assoc:   4
L2-Sets:  256 - LRU - assoc:   8
Store_allocation: Yes
L2_inclusive: Yes

L1 Cache Stats:
L1-Load-Hits:       28462785284   81.87%
L1-Load-Misses:      6302593619   18.13%
L1-Load-Accesses:   34765378903  100.00%

L1-Store-Hits:        9520514278   99.21%
L1-Store-Misses:        75830092    0.79%
L1-Store-Accesses:    9596344370  100.00%

L1-Total-Hits:       37983299562   85.62%
L1-Total-Misses:      6378423711   14.38%
L1-Total-Accesses:   44361723273  100.00%

L2 Cache Stats:
L2-Load-Hits:        5014867603   79.57%
L2-Load-Misses:      1287726016   20.43%
L2-Load-Accesses:    6302593619  100.00%

L2-Store-Hits:          66436791   87.61%
L2-Store-Misses:         9393301   12.39%
L2-Store-Accesses:      75830092  100.00%

L2-Total-Hits:        5081304394   79.66%
L2-Total-Misses:      1297119317   20.34%
L2-Total-Accesses:    6378423711  100.00%

