--------
Total Statistics
--------
Total Instructions: 108733220728
Total Cycles: 660219451817
IPC: 0.164693

--------
Two level Cache hierarchy
--------
  L1-Data Cache:
    Size(KB):          32
    Block Size(B):     32
    Associativity:      4

  L2-Data Cache:
    Size(KB):         256
    Block Size(B):    256
    Associativity:      4

Latencies:    1   15  250
L1-Sets:  256 - LRU - assoc:   4
L2-Sets:  256 - LRU - assoc:   4
Store_allocation: Yes
L2_inclusive: Yes

L1 Cache Stats:
L1-Load-Hits:       28453402810   81.84%
L1-Load-Misses:      6311976097   18.16%
L1-Load-Accesses:   34765378907  100.00%

L1-Store-Hits:        9520573395   99.21%
L1-Store-Misses:        75770927    0.79%
L1-Store-Accesses:    9596344322  100.00%

L1-Total-Hits:       37973976205   85.60%
L1-Total-Misses:      6387747024   14.40%
L1-Total-Accesses:   44361723229  100.00%

L2 Cache Stats:
L2-Load-Hits:        4676521736   74.09%
L2-Load-Misses:      1635454361   25.91%
L2-Load-Accesses:    6311976097  100.00%

L2-Store-Hits:          65992078   87.09%
L2-Store-Misses:         9778849   12.91%
L2-Store-Accesses:      75770927  100.00%

L2-Total-Hits:        4742513814   74.24%
L2-Total-Misses:      1645233210   25.76%
L2-Total-Accesses:    6387747024  100.00%

