--------
Total Statistics
--------
Total Instructions: 108733220832
Total Cycles: 910046039788
IPC: 0.119481

--------
Two level Cache hierarchy
--------
  L1-Data Cache:
    Size(KB):          32
    Block Size(B):     32
    Associativity:      4

  L2-Data Cache:
    Size(KB):         512
    Block Size(B):     64
    Associativity:      8

Latencies:    1   15  250
L1-Sets:  256 - LRU - assoc:   4
L2-Sets: 1024 - LRU - assoc:   8
Store_allocation: Yes
L2_inclusive: Yes

L1 Cache Stats:
L1-Load-Hits:       28469673490   81.89%
L1-Load-Misses:      6295705416   18.11%
L1-Load-Accesses:   34765378906  100.00%

L1-Store-Hits:        9520626674   99.21%
L1-Store-Misses:        75717696    0.79%
L1-Store-Accesses:    9596344370  100.00%

L1-Total-Hits:       37990300164   85.64%
L1-Total-Misses:      6371423112   14.36%
L1-Total-Accesses:   44361723276  100.00%

L2 Cache Stats:
L2-Load-Hits:        3685784587   58.54%
L2-Load-Misses:      2609920829   41.46%
L2-Load-Accesses:    6295705416  100.00%

L2-Store-Hits:          40119529   52.99%
L2-Store-Misses:        35598167   47.01%
L2-Store-Accesses:      75717696  100.00%

L2-Total-Hits:        3725904116   58.48%
L2-Total-Misses:      2645518996   41.52%
L2-Total-Accesses:    6371423112  100.00%

