--------
Total Statistics
--------
Total Instructions: 108733221506
Total Cycles: 954325006069
IPC: 0.113937

--------
Two level Cache hierarchy
--------
  L1-Data Cache:
    Size(KB):          32
    Block Size(B):     32
    Associativity:      4

  L2-Data Cache:
    Size(KB):         256
    Block Size(B):     64
    Associativity:      4

Latencies:    1   15  250
L1-Sets:  256 - LRU - assoc:   4
L2-Sets: 1024 - LRU - assoc:   4
Store_allocation: Yes
L2_inclusive: Yes

L1 Cache Stats:
L1-Load-Hits:       28466571061   81.88%
L1-Load-Misses:      6298808007   18.12%
L1-Load-Accesses:   34765379068  100.00%

L1-Store-Hits:        9520672402   99.21%
L1-Store-Misses:        75671968    0.79%
L1-Store-Accesses:    9596344370  100.00%

L1-Total-Hits:       37987243463   85.63%
L1-Total-Misses:      6374479975   14.37%
L1-Total-Accesses:   44361723438  100.00%

L2 Cache Stats:
L2-Load-Hits:        3513353934   55.78%
L2-Load-Misses:      2785454073   44.22%
L2-Load-Accesses:    6298808007  100.00%

L2-Store-Hits:          38674595   51.11%
L2-Store-Misses:        36997373   48.89%
L2-Store-Accesses:      75671968  100.00%

L2-Total-Hits:        3552028529   55.72%
L2-Total-Misses:      2822451446   44.28%
L2-Total-Accesses:    6374479975  100.00%

