--------
Total Statistics
--------
Total Instructions: 108733220816
Total Cycles: 902922113169
IPC: 0.120424

--------
Two level Cache hierarchy
--------
  L1-Data Cache:
    Size(KB):          32
    Block Size(B):     32
    Associativity:      4

  L2-Data Cache:
    Size(KB):        1024
    Block Size(B):     64
    Associativity:     16

Latencies:    1   15  250
L1-Sets:  256 - LRU - assoc:   4
L2-Sets: 1024 - LRU - assoc:  16
Store_allocation: Yes
L2_inclusive: Yes

L1 Cache Stats:
L1-Load-Hits:       28470001335   81.89%
L1-Load-Misses:      6295377568   18.11%
L1-Load-Accesses:   34765378903  100.00%

L1-Store-Hits:        9520637366   99.21%
L1-Store-Misses:        75707004    0.79%
L1-Store-Accesses:    9596344370  100.00%

L1-Total-Hits:       37990638701   85.64%
L1-Total-Misses:      6371084572   14.36%
L1-Total-Accesses:   44361723273  100.00%

L2 Cache Stats:
L2-Load-Hits:        3702500022   58.81%
L2-Load-Misses:      2592877546   41.19%
L2-Load-Accesses:    6295377568  100.00%

L2-Store-Hits:          51540948   68.08%
L2-Store-Misses:        24166056   31.92%
L2-Store-Accesses:      75707004  100.00%

L2-Total-Hits:        3754040970   58.92%
L2-Total-Misses:      2617043602   41.08%
L2-Total-Accesses:    6371084572  100.00%

