--------
Total Statistics
--------
Total Instructions: 108733220728
Total Cycles: 902955805052
IPC: 0.120419

--------
Two level Cache hierarchy
--------
  L1-Data Cache:
    Size(KB):          32
    Block Size(B):     32
    Associativity:      4

  L2-Data Cache:
    Size(KB):        1024
    Block Size(B):     64
    Associativity:      8

Latencies:    1   15  250
L1-Sets:  256 - LRU - assoc:   4
L2-Sets: 2048 - LRU - assoc:   8
Store_allocation: Yes
L2_inclusive: Yes

L1 Cache Stats:
L1-Load-Hits:       28464810238   81.88%
L1-Load-Misses:      6300568669   18.12%
L1-Load-Accesses:   34765378907  100.00%

L1-Store-Hits:        9520628668   99.21%
L1-Store-Misses:        75715654    0.79%
L1-Store-Accesses:    9596344322  100.00%

L1-Total-Hits:       37985438906   85.63%
L1-Total-Misses:      6376284323   14.37%
L1-Total-Accesses:   44361723229  100.00%

L2 Cache Stats:
L2-Load-Hits:        3707657228   58.85%
L2-Load-Misses:      2592911441   41.15%
L2-Load-Accesses:    6300568669  100.00%

L2-Store-Hits:          51760710   68.36%
L2-Store-Misses:        23954944   31.64%
L2-Store-Accesses:      75715654  100.00%

L2-Total-Hits:        3759417938   58.96%
L2-Total-Misses:      2616866385   41.04%
L2-Total-Accesses:    6376284323  100.00%

