--------
Total Statistics
--------
Total Instructions: 60533955356
Total Cycles: 87968151491
IPC: 0.688135

--------
Two level Cache hierarchy
--------
  L1-Data Cache:
    Size(KB):          32
    Block Size(B):     32
    Associativity:      4

  L2-Data Cache:
    Size(KB):         256
    Block Size(B):    256
    Associativity:      8

Latencies:    1   15  250
L1-Sets:  256 - LRU - assoc:   4
L2-Sets:  128 - LRU - assoc:   8
Store_allocation: Yes
L2_inclusive: Yes

L1 Cache Stats:
L1-Load-Hits:       13359258792   95.93%
L1-Load-Misses:       567353924    4.07%
L1-Load-Accesses:   13926612716  100.00%

L1-Store-Hits:        3700102527   99.29%
L1-Store-Misses:        26301127    0.71%
L1-Store-Accesses:    3726403654  100.00%

L1-Total-Hits:       17059361319   96.64%
L1-Total-Misses:       593655051    3.36%
L1-Total-Accesses:   17653016370  100.00%

L2 Cache Stats:
L2-Load-Hits:         564350346   99.47%
L2-Load-Misses:         3003578    0.53%
L2-Load-Accesses:     567353924  100.00%

L2-Store-Hits:          25799289   98.09%
L2-Store-Misses:          501838    1.91%
L2-Store-Accesses:      26301127  100.00%

L2-Total-Hits:         590149635   99.41%
L2-Total-Misses:         3505416    0.59%
L2-Total-Accesses:     593655051  100.00%

