--------
Total Statistics
--------
Total Instructions: 60533956349
Total Cycles: 88813840909
IPC: 0.681582

--------
Two level Cache hierarchy
--------
  L1-Data Cache:
    Size(KB):          32
    Block Size(B):     32
    Associativity:      4

  L2-Data Cache:
    Size(KB):         256
    Block Size(B):    128
    Associativity:      4

Latencies:    1   15  250
L1-Sets:  256 - LRU - assoc:   4
L2-Sets:  512 - LRU - assoc:   4
Store_allocation: Yes
L2_inclusive: Yes

L1 Cache Stats:
L1-Load-Hits:       13355894342   95.90%
L1-Load-Misses:       570718554    4.10%
L1-Load-Accesses:   13926612896  100.00%

L1-Store-Hits:        3696996374   99.21%
L1-Store-Misses:        29407280    0.79%
L1-Store-Accesses:    3726403654  100.00%

L1-Total-Hits:       17052890716   96.60%
L1-Total-Misses:       600125834    3.40%
L1-Total-Accesses:   17653016550  100.00%

L2 Cache Stats:
L2-Load-Hits:         565144834   99.02%
L2-Load-Misses:         5573720    0.98%
L2-Load-Accesses:     570718554  100.00%

L2-Store-Hits:          28481078   96.85%
L2-Store-Misses:          926202    3.15%
L2-Store-Accesses:      29407280  100.00%

L2-Total-Hits:         593625912   98.92%
L2-Total-Misses:         6499922    1.08%
L2-Total-Accesses:     600125834  100.00%

