--------
Total Statistics
--------
Total Instructions: 60533956390
Total Cycles: 89897443775
IPC: 0.673367

--------
Two level Cache hierarchy
--------
  L1-Data Cache:
    Size(KB):          32
    Block Size(B):     32
    Associativity:      4

  L2-Data Cache:
    Size(KB):         256
    Block Size(B):     64
    Associativity:      4

Latencies:    1   15  250
L1-Sets:  256 - LRU - assoc:   4
L2-Sets: 1024 - LRU - assoc:   4
Store_allocation: Yes
L2_inclusive: Yes

L1 Cache Stats:
L1-Load-Hits:       13362658624   95.95%
L1-Load-Misses:       563954246    4.05%
L1-Load-Accesses:   13926612870  100.00%

L1-Store-Hits:        3698389615   99.25%
L1-Store-Misses:        28014060    0.75%
L1-Store-Accesses:    3726403675  100.00%

L1-Total-Hits:       17061048239   96.65%
L1-Total-Misses:       591968306    3.35%
L1-Total-Accesses:   17653016545  100.00%

L2 Cache Stats:
L2-Load-Hits:         554367537   98.30%
L2-Load-Misses:         9586709    1.70%
L2-Load-Accesses:     563954246  100.00%

L2-Store-Hits:          26276984   93.80%
L2-Store-Misses:         1737076    6.20%
L2-Store-Accesses:      28014060  100.00%

L2-Total-Hits:         580644521   98.09%
L2-Total-Misses:        11323785    1.91%
L2-Total-Accesses:     591968306  100.00%

