--------
Total Statistics
--------
Total Instructions: 60533955766
Total Cycles: 87695121804
IPC: 0.690277

--------
Two level Cache hierarchy
--------
  L1-Data Cache:
    Size(KB):          32
    Block Size(B):     32
    Associativity:      4

  L2-Data Cache:
    Size(KB):         512
    Block Size(B):    256
    Associativity:      8

Latencies:    1   15  250
L1-Sets:  256 - LRU - assoc:   4
L2-Sets:  256 - LRU - assoc:   8
Store_allocation: Yes
L2_inclusive: Yes

L1 Cache Stats:
L1-Load-Hits:       13363283495   95.96%
L1-Load-Misses:       563329279    4.04%
L1-Load-Accesses:   13926612774  100.00%

L1-Store-Hits:        3700363059   99.30%
L1-Store-Misses:        26040595    0.70%
L1-Store-Accesses:    3726403654  100.00%

L1-Total-Hits:       17063646554   96.66%
L1-Total-Misses:       589369874    3.34%
L1-Total-Accesses:   17653016428  100.00%

L2 Cache Stats:
L2-Load-Hits:         561131231   99.61%
L2-Load-Misses:         2198048    0.39%
L2-Load-Accesses:     563329279  100.00%

L2-Store-Hits:          25568237   98.19%
L2-Store-Misses:          472358    1.81%
L2-Store-Accesses:      26040595  100.00%

L2-Total-Hits:         586699468   99.55%
L2-Total-Misses:         2670406    0.45%
L2-Total-Accesses:     589369874  100.00%

