--------
Total Statistics
--------
Total Instructions: 60533955356
Total Cycles: 88249045531
IPC: 0.685945

--------
Two level Cache hierarchy
--------
  L1-Data Cache:
    Size(KB):          32
    Block Size(B):     32
    Associativity:      4

  L2-Data Cache:
    Size(KB):         512
    Block Size(B):    128
    Associativity:      8

Latencies:    1   15  250
L1-Sets:  256 - LRU - assoc:   4
L2-Sets:  512 - LRU - assoc:   8
Store_allocation: Yes
L2_inclusive: Yes

L1 Cache Stats:
L1-Load-Hits:       13362449107   95.95%
L1-Load-Misses:       564163609    4.05%
L1-Load-Accesses:   13926612716  100.00%

L1-Store-Hits:        3701006576   99.32%
L1-Store-Misses:        25397078    0.68%
L1-Store-Accesses:    3726403654  100.00%

L1-Total-Hits:       17063455683   96.66%
L1-Total-Misses:       589560687    3.34%
L1-Total-Accesses:   17653016370  100.00%

L2 Cache Stats:
L2-Load-Hits:         560170666   99.29%
L2-Load-Misses:         3992943    0.71%
L2-Load-Accesses:     564163609  100.00%

L2-Store-Hits:          24515367   96.53%
L2-Store-Misses:          881711    3.47%
L2-Store-Accesses:      25397078  100.00%

L2-Total-Hits:         584686033   99.17%
L2-Total-Misses:         4874654    0.83%
L2-Total-Accesses:     589560687  100.00%

