--------
Total Statistics
--------
Total Instructions: 60533955766
Total Cycles: 88364055019
IPC: 0.685052

--------
Two level Cache hierarchy
--------
  L1-Data Cache:
    Size(KB):          32
    Block Size(B):     32
    Associativity:      4

  L2-Data Cache:
    Size(KB):         512
    Block Size(B):    128
    Associativity:      4

Latencies:    1   15  250
L1-Sets:  256 - LRU - assoc:   4
L2-Sets: 1024 - LRU - assoc:   4
Store_allocation: Yes
L2_inclusive: Yes

L1 Cache Stats:
L1-Load-Hits:       13358034328   95.92%
L1-Load-Misses:       568578446    4.08%
L1-Load-Accesses:   13926612774  100.00%

L1-Store-Hits:        3699120295   99.27%
L1-Store-Misses:        27283359    0.73%
L1-Store-Accesses:    3726403654  100.00%

L1-Total-Hits:       17057154623   96.62%
L1-Total-Misses:       595861805    3.38%
L1-Total-Accesses:   17653016428  100.00%

L2 Cache Stats:
L2-Load-Hits:         564517417   99.29%
L2-Load-Misses:         4061029    0.71%
L2-Load-Accesses:     568578446  100.00%

L2-Store-Hits:          26387765   96.72%
L2-Store-Misses:          895594    3.28%
L2-Store-Accesses:      27283359  100.00%

L2-Total-Hits:         590905182   99.17%
L2-Total-Misses:         4956623    0.83%
L2-Total-Accesses:     595861805  100.00%

