--------
Total Statistics
--------
Total Instructions: 60533958091
Total Cycles: 89291063776
IPC: 0.67794

--------
Two level Cache hierarchy
--------
  L1-Data Cache:
    Size(KB):          32
    Block Size(B):     32
    Associativity:      4

  L2-Data Cache:
    Size(KB):         512
    Block Size(B):     64
    Associativity:      8

Latencies:    1   15  250
L1-Sets:  256 - LRU - assoc:   4
L2-Sets: 1024 - LRU - assoc:   8
Store_allocation: Yes
L2_inclusive: Yes

L1 Cache Stats:
L1-Load-Hits:       13363692541   95.96%
L1-Load-Misses:       562920645    4.04%
L1-Load-Accesses:   13926613186  100.00%

L1-Store-Hits:        3699891776   99.29%
L1-Store-Misses:        26511878    0.71%
L1-Store-Accesses:    3726403654  100.00%

L1-Total-Hits:       17063584317   96.66%
L1-Total-Misses:       589432523    3.34%
L1-Total-Accesses:   17653016840  100.00%

L2 Cache Stats:
L2-Load-Hits:         555541904   98.69%
L2-Load-Misses:         7378741    1.31%
L2-Load-Accesses:     562920645  100.00%

L2-Store-Hits:          24840215   93.69%
L2-Store-Misses:         1671663    6.31%
L2-Store-Accesses:      26511878  100.00%

L2-Total-Hits:         580382119   98.46%
L2-Total-Misses:         9050404    1.54%
L2-Total-Accesses:     589432523  100.00%

