--------
Total Statistics
--------
Total Instructions: 60533955362
Total Cycles: 89240520567
IPC: 0.678324

--------
Two level Cache hierarchy
--------
  L1-Data Cache:
    Size(KB):          32
    Block Size(B):     32
    Associativity:      4

  L2-Data Cache:
    Size(KB):         512
    Block Size(B):     64
    Associativity:      4

Latencies:    1   15  250
L1-Sets:  256 - LRU - assoc:   4
L2-Sets: 2048 - LRU - assoc:   4
Store_allocation: Yes
L2_inclusive: Yes

L1 Cache Stats:
L1-Load-Hits:       13367838281   95.99%
L1-Load-Misses:       558774435    4.01%
L1-Load-Accesses:   13926612716  100.00%

L1-Store-Hits:        3699488850   99.28%
L1-Store-Misses:        26914804    0.72%
L1-Store-Accesses:    3726403654  100.00%

L1-Total-Hits:       17067327131   96.68%
L1-Total-Misses:       585689239    3.32%
L1-Total-Accesses:   17653016370  100.00%

L2 Cache Stats:
L2-Load-Hits:         551389908   98.68%
L2-Load-Misses:         7384527    1.32%
L2-Load-Accesses:     558774435  100.00%

L2-Store-Hits:          25226490   93.73%
L2-Store-Misses:         1688314    6.27%
L2-Store-Accesses:      26914804  100.00%

L2-Total-Hits:         576616398   98.45%
L2-Total-Misses:         9072841    1.55%
L2-Total-Accesses:     585689239  100.00%

