--------
Total Statistics
--------
Total Instructions: 60533955728
Total Cycles: 88674942073
IPC: 0.68265

--------
Two level Cache hierarchy
--------
  L1-Data Cache:
    Size(KB):          32
    Block Size(B):     32
    Associativity:      4

  L2-Data Cache:
    Size(KB):         256
    Block Size(B):    128
    Associativity:      8

Latencies:    1   15  250
L1-Sets:  256 - LRU - assoc:   4
L2-Sets:  256 - LRU - assoc:   8
Store_allocation: Yes
L2_inclusive: Yes

L1 Cache Stats:
L1-Load-Hits:       13356995788   95.91%
L1-Load-Misses:       569616962    4.09%
L1-Load-Accesses:   13926612750  100.00%

L1-Store-Hits:        3697263359   99.22%
L1-Store-Misses:        29140316    0.78%
L1-Store-Accesses:    3726403675  100.00%

L1-Total-Hits:       17054259147   96.61%
L1-Total-Misses:       598757278    3.39%
L1-Total-Accesses:   17653016425  100.00%

L2 Cache Stats:
L2-Load-Hits:         564511001   99.10%
L2-Load-Misses:         5105961    0.90%
L2-Load-Accesses:     569616962  100.00%

L2-Store-Hits:          28219834   96.84%
L2-Store-Misses:          920482    3.16%
L2-Store-Accesses:      29140316  100.00%

L2-Total-Hits:         592730835   98.99%
L2-Total-Misses:         6026443    1.01%
L2-Total-Accesses:     598757278  100.00%

