--------
Total Statistics
--------
Total Instructions: 60533958091
Total Cycles: 87976584266
IPC: 0.688069

--------
Two level Cache hierarchy
--------
  L1-Data Cache:
    Size(KB):          32
    Block Size(B):     32
    Associativity:      4

  L2-Data Cache:
    Size(KB):         256
    Block Size(B):    256
    Associativity:      4

Latencies:    1   15  250
L1-Sets:  256 - LRU - assoc:   4
L2-Sets:  256 - LRU - assoc:   4
Store_allocation: Yes
L2_inclusive: Yes

L1 Cache Stats:
L1-Load-Hits:       13365856334   95.97%
L1-Load-Misses:       560756852    4.03%
L1-Load-Accesses:   13926613186  100.00%

L1-Store-Hits:        3700183517   99.30%
L1-Store-Misses:        26220137    0.70%
L1-Store-Accesses:    3726403654  100.00%

L1-Total-Hits:       17066039851   96.67%
L1-Total-Misses:       586976989    3.33%
L1-Total-Accesses:   17653016840  100.00%

L2 Cache Stats:
L2-Load-Hits:         557334838   99.39%
L2-Load-Misses:         3422014    0.61%
L2-Load-Accesses:     560756852  100.00%

L2-Store-Hits:          25702333   98.03%
L2-Store-Misses:          517804    1.97%
L2-Store-Accesses:      26220137  100.00%

L2-Total-Hits:         583037171   99.33%
L2-Total-Misses:         3939818    0.67%
L2-Total-Accesses:     586976989  100.00%

