--------
Total Statistics
--------
Total Instructions: 60533957350
Total Cycles: 89739214850
IPC: 0.674554

--------
Two level Cache hierarchy
--------
  L1-Data Cache:
    Size(KB):          32
    Block Size(B):     32
    Associativity:      4

  L2-Data Cache:
    Size(KB):         256
    Block Size(B):     64
    Associativity:      8

Latencies:    1   15  250
L1-Sets:  256 - LRU - assoc:   4
L2-Sets:  512 - LRU - assoc:   8
Store_allocation: Yes
L2_inclusive: Yes

L1 Cache Stats:
L1-Load-Hits:       13363038814   95.95%
L1-Load-Misses:       563574116    4.05%
L1-Load-Accesses:   13926612930  100.00%

L1-Store-Hits:        3699570748   99.28%
L1-Store-Misses:        26832927    0.72%
L1-Store-Accesses:    3726403675  100.00%

L1-Total-Hits:       17062609562   96.66%
L1-Total-Misses:       590407043    3.34%
L1-Total-Accesses:   17653016605  100.00%

L2 Cache Stats:
L2-Load-Hits:         554523334   98.39%
L2-Load-Misses:         9050782    1.61%
L2-Load-Accesses:     563574116  100.00%

L2-Store-Hits:          25099168   93.54%
L2-Store-Misses:         1733759    6.46%
L2-Store-Accesses:      26832927  100.00%

L2-Total-Hits:         579622502   98.17%
L2-Total-Misses:        10784541    1.83%
L2-Total-Accesses:     590407043  100.00%

