--------
Total Statistics
--------
Total Instructions: 38323373625
Total Cycles: 167383380863
IPC: 0.228956

--------
Two level Cache hierarchy
--------
  L1-Data Cache:
    Size(KB):          32
    Block Size(B):     32
    Associativity:      4

  L2-Data Cache:
    Size(KB):         512
    Block Size(B):    256
    Associativity:      4

Latencies:    1   15  250
L1-Sets:  256 - SRRIP - assoc:   4
L2-Sets:  512 - SRRIP - assoc:   4
Store_allocation: Yes
L2_inclusive: Yes

L1 Cache Stats:
L1-Load-Hits:        8507042021   88.10%
L1-Load-Misses:      1149510166   11.90%
L1-Load-Accesses:    9656552187  100.00%

L1-Store-Hits:        3185372225   89.37%
L1-Store-Misses:       378783521   10.63%
L1-Store-Accesses:    3564155746  100.00%

L1-Total-Hits:       11692414246   88.44%
L1-Total-Misses:      1528293687   11.56%
L1-Total-Accesses:   13220707933  100.00%

L2 Cache Stats:
L2-Load-Hits:         851440920   74.07%
L2-Load-Misses:       298069246   25.93%
L2-Load-Accesses:    1149510166  100.00%

L2-Store-Hits:         305193191   80.57%
L2-Store-Misses:        73590330   19.43%
L2-Store-Accesses:     378783521  100.00%

L2-Total-Hits:        1156634111   75.68%
L2-Total-Misses:       371659576   24.32%
L2-Total-Accesses:    1528293687  100.00%

