--------
Total Statistics
--------
Total Instructions: 96483399370
Total Cycles: 559222160296
IPC: 0.172531

--------
Two level Cache hierarchy
--------
  L1-Data Cache:
    Size(KB):          32
    Block Size(B):     32
    Associativity:      4

  L2-Data Cache:
    Size(KB):         512
    Block Size(B):    256
    Associativity:      4

Latencies:    1   15  250
L1-Sets:  256 - SRRIP - assoc:   4
L2-Sets:  512 - SRRIP - assoc:   4
Store_allocation: Yes
L2_inclusive: Yes

L1 Cache Stats:
L1-Load-Hits:       18238716806   89.88%
L1-Load-Misses:      2054442492   10.12%
L1-Load-Accesses:   20293159298  100.00%

L1-Store-Hits:        5733645010   49.27%
L1-Store-Misses:      5903311968   50.73%
L1-Store-Accesses:   11636956978  100.00%

L1-Total-Hits:       23972361816   75.08%
L1-Total-Misses:      7957754460   24.92%
L1-Total-Accesses:   31930116276  100.00%

L2 Cache Stats:
L2-Load-Hits:        1792243124   87.24%
L2-Load-Misses:       262199368   12.76%
L2-Load-Accesses:    2054442492  100.00%

L2-Store-Hits:        4919742025   83.34%
L2-Store-Misses:       983569943   16.66%
L2-Store-Accesses:    5903311968  100.00%

L2-Total-Hits:        6711985149   84.35%
L2-Total-Misses:      1245769311   15.65%
L2-Total-Accesses:    7957754460  100.00%

