--------
Total Statistics
--------
Total Instructions: 3184013370
Total Cycles: 7499079287
IPC: 0.424587

--------
Two level Cache hierarchy
--------
  L1-Data Cache:
    Size(KB):          32
    Block Size(B):     32
    Associativity:      4

  L2-Data Cache:
    Size(KB):         512
    Block Size(B):    256
    Associativity:      4

Latencies:    1   15  250
L1-Sets:  256 - SRRIP - assoc:   4
L2-Sets:  512 - SRRIP - assoc:   4
Store_allocation: Yes
L2_inclusive: Yes

L1 Cache Stats:
L1-Load-Hits:         717989915   94.80%
L1-Load-Misses:        39379079    5.20%
L1-Load-Accesses:     757368994  100.00%

L1-Store-Hits:         443754786   93.77%
L1-Store-Misses:        29483247    6.23%
L1-Store-Accesses:     473238033  100.00%

L1-Total-Hits:        1161744701   94.40%
L1-Total-Misses:        68862326    5.60%
L1-Total-Accesses:    1230607027  100.00%

L2 Cache Stats:
L2-Load-Hits:          31881029   80.96%
L2-Load-Misses:         7498050   19.04%
L2-Load-Accesses:      39379079  100.00%

L2-Store-Hits:          28775201   97.60%
L2-Store-Misses:          708046    2.40%
L2-Store-Accesses:      29483247  100.00%

L2-Total-Hits:          60656230   88.08%
L2-Total-Misses:         8206096   11.92%
L2-Total-Accesses:      68862326  100.00%

