--------
Total Statistics
--------
Total Instructions: 60533956984
Total Cycles: 90202872529
IPC: 0.671087

--------
Two level Cache hierarchy
--------
  L1-Data Cache:
    Size(KB):          32
    Block Size(B):     32
    Associativity:      4

  L2-Data Cache:
    Size(KB):         512
    Block Size(B):    256
    Associativity:      4

Latencies:    1   15  250
L1-Sets:  256 - SRRIP - assoc:   4
L2-Sets:  512 - SRRIP - assoc:   4
Store_allocation: Yes
L2_inclusive: Yes

L1 Cache Stats:
L1-Load-Hits:       13245885772   95.11%
L1-Load-Misses:       680727124    4.89%
L1-Load-Accesses:   13926612896  100.00%

L1-Store-Hits:        3663081145   98.30%
L1-Store-Misses:        63322509    1.70%
L1-Store-Accesses:    3726403654  100.00%

L1-Total-Hits:       16908966917   95.79%
L1-Total-Misses:       744049633    4.21%
L1-Total-Accesses:   17653016550  100.00%

L2 Cache Stats:
L2-Load-Hits:         677892760   99.58%
L2-Load-Misses:         2834364    0.42%
L2-Load-Accesses:     680727124  100.00%

L2-Store-Hits:          62736255   99.07%
L2-Store-Misses:          586254    0.93%
L2-Store-Accesses:      63322509  100.00%

L2-Total-Hits:         740629015   99.54%
L2-Total-Misses:         3420618    0.46%
L2-Total-Accesses:     744049633  100.00%

