--------
Total Statistics
--------
Total Instructions: 3184385217
Total Cycles: 8381126899
IPC: 0.379947

--------
Two level Cache hierarchy
--------
  L1-Data Cache:
    Size(KB):          32
    Block Size(B):     32
    Associativity:      4

  L2-Data Cache:
    Size(KB):        1024
    Block Size(B):     64
    Associativity:      8

Latencies:    1   15  250
L1-Sets:  256 - LRU - assoc:   4
L2-Sets: 2048 - LRU - assoc:   8
Store_allocation: Yes
L2_inclusive: Yes

L1 Cache Stats:
L1-Load-Hits:         719575958   95.00%
L1-Load-Misses:        37859809    5.00%
L1-Load-Accesses:     757435767  100.00%

L1-Store-Hits:         443421284   93.69%
L1-Store-Misses:        29856531    6.31%
L1-Store-Accesses:     473277815  100.00%

L1-Total-Hits:        1162997242   94.50%
L1-Total-Misses:        67716340    5.50%
L1-Total-Accesses:    1230713582  100.00%

L2 Cache Stats:
L2-Load-Hits:          27873163   73.62%
L2-Load-Misses:         9986646   26.38%
L2-Load-Accesses:      37859809  100.00%

L2-Store-Hits:          28042045   93.92%
L2-Store-Misses:         1814486    6.08%
L2-Store-Accesses:      29856531  100.00%

L2-Total-Hits:          55915208   82.57%
L2-Total-Misses:        11801132   17.43%
L2-Total-Accesses:      67716340  100.00%

