--------
Total Statistics
--------
Total Instructions: 18199703624
Total Cycles: 556095208873
IPC: 0.0327277

--------
Two level Cache hierarchy
--------
  L1-Data Cache:
    Size(KB):          32
    Block Size(B):     32
    Associativity:      4

  L2-Data Cache:
    Size(KB):        1024
    Block Size(B):     64
    Associativity:      8

Latencies:    1   15  250
L1-Sets:  256 - LRU - assoc:   4
L2-Sets: 2048 - LRU - assoc:   8
Store_allocation: Yes
L2_inclusive: Yes

L1 Cache Stats:
L1-Load-Hits:        3250205165   51.16%
L1-Load-Misses:      3102775665   48.84%
L1-Load-Accesses:    6352980830  100.00%

L1-Store-Hits:        1809120950   96.19%
L1-Store-Misses:        71676734    3.81%
L1-Store-Accesses:    1880797684  100.00%

L1-Total-Hits:        5059326115   61.45%
L1-Total-Misses:      3174452399   38.55%
L1-Total-Accesses:    8233778514  100.00%

L2 Cache Stats:
L2-Load-Hits:        1206965032   38.90%
L2-Load-Misses:      1895810633   61.10%
L2-Load-Accesses:    3102775665  100.00%

L2-Store-Hits:          39307604   54.84%
L2-Store-Misses:        32369130   45.16%
L2-Store-Accesses:      71676734  100.00%

L2-Total-Hits:        1246272636   39.26%
L2-Total-Misses:      1928179763   60.74%
L2-Total-Accesses:    3174452399  100.00%

