--------
Total Statistics
--------
Total Instructions: 60533958858
Total Cycles: 88709732730
IPC: 0.682382

--------
Two level Cache hierarchy
--------
  L1-Data Cache:
    Size(KB):          32
    Block Size(B):     32
    Associativity:      4

  L2-Data Cache:
    Size(KB):        1024
    Block Size(B):     64
    Associativity:      8

Latencies:    1   15  250
L1-Sets:  256 - LRU - assoc:   4
L2-Sets: 2048 - LRU - assoc:   8
Store_allocation: Yes
L2_inclusive: Yes

L1 Cache Stats:
L1-Load-Hits:       13367065719   95.98%
L1-Load-Misses:       559547376    4.02%
L1-Load-Accesses:   13926613095  100.00%

L1-Store-Hits:        3699376431   99.27%
L1-Store-Misses:        27027216    0.73%
L1-Store-Accesses:    3726403647  100.00%

L1-Total-Hits:       17066442150   96.68%
L1-Total-Misses:       586574592    3.32%
L1-Total-Accesses:   17653016742  100.00%

L2 Cache Stats:
L2-Load-Hits:         554287723   99.06%
L2-Load-Misses:         5259653    0.94%
L2-Load-Accesses:     559547376  100.00%

L2-Store-Hits:          25390316   93.94%
L2-Store-Misses:         1636900    6.06%
L2-Store-Accesses:      27027216  100.00%

L2-Total-Hits:         579678039   98.82%
L2-Total-Misses:         6896553    1.18%
L2-Total-Accesses:     586574592  100.00%

