--------
Total Statistics
--------
Total Instructions: 108731470697
Total Cycles: 902890252536
IPC: 0.120426

--------
Two level Cache hierarchy
--------
  L1-Data Cache:
    Size(KB):          32
    Block Size(B):     32
    Associativity:      4

  L2-Data Cache:
    Size(KB):        1024
    Block Size(B):     64
    Associativity:      8

Latencies:    1   15  250
L1-Sets:  256 - LRU - assoc:   4
L2-Sets: 2048 - LRU - assoc:   8
Store_allocation: Yes
L2_inclusive: Yes

L1 Cache Stats:
L1-Load-Hits:       28467957515   81.89%
L1-Load-Misses:      6297423993   18.11%
L1-Load-Accesses:   34765381508  100.00%

L1-Store-Hits:        9520165484   99.21%
L1-Store-Misses:        75762497    0.79%
L1-Store-Accesses:    9595927981  100.00%

L1-Total-Hits:       37988122999   85.63%
L1-Total-Misses:      6373186490   14.37%
L1-Total-Accesses:   44361309489  100.00%

L2 Cache Stats:
L2-Load-Hits:        3704447082   58.82%
L2-Load-Misses:      2592976911   41.18%
L2-Load-Accesses:    6297423993  100.00%

L2-Store-Hits:          51940708   68.56%
L2-Store-Misses:        23821789   31.44%
L2-Store-Accesses:      75762497  100.00%

L2-Total-Hits:        3756387790   58.94%
L2-Total-Misses:      2616798700   41.06%
L2-Total-Accesses:    6373186490  100.00%

