--------
Total Statistics
--------
Total Instructions: 96483397560
Total Cycles: 1246689657421
IPC: 0.0773917

--------
Two level Cache hierarchy
--------
  L1-Data Cache:
    Size(KB):          32
    Block Size(B):     32
    Associativity:      4

  L2-Data Cache:
    Size(KB):        1024
    Block Size(B):     64
    Associativity:      8

Latencies:    1   15  250
L1-Sets:  256 - LRU - assoc:   4
L2-Sets: 2048 - LRU - assoc:   8
Store_allocation: Yes
L2_inclusive: Yes

L1 Cache Stats:
L1-Load-Hits:       18240593972   89.89%
L1-Load-Misses:      2052564868   10.11%
L1-Load-Accesses:   20293158840  100.00%

L1-Store-Hits:        5350378769   45.98%
L1-Store-Misses:      6286578202   54.02%
L1-Store-Accesses:   11636956971  100.00%

L1-Total-Hits:       23590972741   73.88%
L1-Total-Misses:      8339143070   26.12%
L1-Total-Accesses:   31930115811  100.00%

L2 Cache Stats:
L2-Load-Hits:        1026890803   50.03%
L2-Load-Misses:      1025674065   49.97%
L2-Load-Accesses:    2052564868  100.00%

L2-Store-Hits:        3339496275   53.12%
L2-Store-Misses:      2947081927   46.88%
L2-Store-Accesses:    6286578202  100.00%

L2-Total-Hits:        4366387078   52.36%
L2-Total-Misses:      3972755992   47.64%
L2-Total-Accesses:    8339143070  100.00%

