--------
Total Statistics
--------
Total Instructions: 3184280518
Total Cycles: 8159213895
IPC: 0.390268

--------
Two level Cache hierarchy
--------
  L1-Data Cache:
    Size(KB):          32
    Block Size(B):     32
    Associativity:      4

  L2-Data Cache:
    Size(KB):         256
    Block Size(B):    256
    Associativity:      4

Latencies:    1   15  250
L1-Sets:  256 - SRRIP-FP - assoc:   4
L2-Sets:  256 - SRRIP-FP - assoc:   4
Store_allocation: Yes
L2_inclusive: Yes

L1 Cache Stats:
L1-Load-Hits:         718257533   94.83%
L1-Load-Misses:        39142280    5.17%
L1-Load-Accesses:     757399813  100.00%

L1-Store-Hits:         442889292   93.58%
L1-Store-Misses:        30389567    6.42%
L1-Store-Accesses:     473278859  100.00%

L1-Total-Hits:        1161146825   94.35%
L1-Total-Misses:        69531847    5.65%
L1-Total-Accesses:    1230678672  100.00%

L2 Cache Stats:
L2-Load-Hits:          29318850   74.90%
L2-Load-Misses:         9823430   25.10%
L2-Load-Accesses:      39142280  100.00%

L2-Store-Hits:          29407889   96.77%
L2-Store-Misses:          981678    3.23%
L2-Store-Accesses:      30389567  100.00%

L2-Total-Hits:          58726739   84.46%
L2-Total-Misses:        10805108   15.54%
L2-Total-Accesses:      69531847  100.00%

