--------
Total Statistics
--------
Total Instructions: 18199703624
Total Cycles: 359405813713
IPC: 0.0506383

--------
Two level Cache hierarchy
--------
  L1-Data Cache:
    Size(KB):          32
    Block Size(B):     32
    Associativity:      4

  L2-Data Cache:
    Size(KB):         256
    Block Size(B):    256
    Associativity:      4

Latencies:    1   15  250
L1-Sets:  256 - SRRIP-FP - assoc:   4
L2-Sets:  256 - SRRIP-FP - assoc:   4
Store_allocation: Yes
L2_inclusive: Yes

L1 Cache Stats:
L1-Load-Hits:        3230799405   50.85%
L1-Load-Misses:      3122181425   49.15%
L1-Load-Accesses:    6352980830  100.00%

L1-Store-Hits:        1813450154   96.42%
L1-Store-Misses:        67347530    3.58%
L1-Store-Accesses:    1880797684  100.00%

L1-Total-Hits:        5044249559   61.26%
L1-Total-Misses:      3189528955   38.74%
L1-Total-Accesses:    8233778514  100.00%

L2 Cache Stats:
L2-Load-Hits:        1992264077   63.81%
L2-Load-Misses:      1129917348   36.19%
L2-Load-Accesses:    3122181425  100.00%

L2-Store-Hits:          56747289   84.26%
L2-Store-Misses:        10600241   15.74%
L2-Store-Accesses:      67347530  100.00%

L2-Total-Hits:        2049011366   64.24%
L2-Total-Misses:      1140517589   35.76%
L2-Total-Accesses:    3189528955  100.00%

