--------
Total Statistics
--------
Total Instructions: 108733220816
Total Cycles: 700465993424
IPC: 0.15523

--------
Two level Cache hierarchy
--------
  L1-Data Cache:
    Size(KB):          32
    Block Size(B):     32
    Associativity:      4

  L2-Data Cache:
    Size(KB):         256
    Block Size(B):    256
    Associativity:      4

Latencies:    1   15  250
L1-Sets:  256 - SRRIP-FP - assoc:   4
L2-Sets:  256 - SRRIP-FP - assoc:   4
Store_allocation: Yes
L2_inclusive: Yes

L1 Cache Stats:
L1-Load-Hits:       26009275050   74.81%
L1-Load-Misses:      8756103853   25.19%
L1-Load-Accesses:   34765378903  100.00%

L1-Store-Hits:        9418436684   98.15%
L1-Store-Misses:       177907686    1.85%
L1-Store-Accesses:    9596344370  100.00%

L1-Total-Hits:       35427711734   79.86%
L1-Total-Misses:      8934011539   20.14%
L1-Total-Accesses:   44361723273  100.00%

L2 Cache Stats:
L2-Load-Hits:        7113212885   81.24%
L2-Load-Misses:      1642890968   18.76%
L2-Load-Accesses:    8756103853  100.00%

L2-Store-Hits:         167355149   94.07%
L2-Store-Misses:        10552537    5.93%
L2-Store-Accesses:     177907686  100.00%

L2-Total-Hits:        7280568034   81.49%
L2-Total-Misses:      1653443505   18.51%
L2-Total-Accesses:    8934011539  100.00%

