--------
Total Statistics
--------
Total Instructions: 96483397560
Total Cycles: 592178276626
IPC: 0.16293

--------
Two level Cache hierarchy
--------
  L1-Data Cache:
    Size(KB):          32
    Block Size(B):     32
    Associativity:      4

  L2-Data Cache:
    Size(KB):         256
    Block Size(B):    256
    Associativity:      4

Latencies:    1   15  250
L1-Sets:  256 - SRRIP-FP - assoc:   4
L2-Sets:  256 - SRRIP-FP - assoc:   4
Store_allocation: Yes
L2_inclusive: Yes

L1 Cache Stats:
L1-Load-Hits:       18228167010   89.82%
L1-Load-Misses:      2064991830   10.18%
L1-Load-Accesses:   20293158840  100.00%

L1-Store-Hits:        5349145984   45.97%
L1-Store-Misses:      6287810987   54.03%
L1-Store-Accesses:   11636956971  100.00%

L1-Total-Hits:       23577312994   73.84%
L1-Total-Misses:      8352802817   26.16%
L1-Total-Accesses:   31930115811  100.00%

L2 Cache Stats:
L2-Load-Hits:        1800846535   87.21%
L2-Load-Misses:       264145295   12.79%
L2-Load-Accesses:    2064991830  100.00%

L2-Store-Hits:        5198065398   82.67%
L2-Store-Misses:      1089745589   17.33%
L2-Store-Accesses:    6287810987  100.00%

L2-Total-Hits:        6998911933   83.79%
L2-Total-Misses:      1353890884   16.21%
L2-Total-Accesses:    8352802817  100.00%

