--------
Total Statistics
--------
Total Instructions: 18199705463
Total Cycles: 637762732782
IPC: 0.0285368

--------
Two level Cache hierarchy
--------
  L1-Data Cache:
    Size(KB):          32
    Block Size(B):     32
    Associativity:      4

  L2-Data Cache:
    Size(KB):         256
    Block Size(B):     64
    Associativity:      8

Latencies:    1   15  250
L1-Sets:  256 - LRU - assoc:   4
L2-Sets:  512 - LRU - assoc:   8
Store_allocation: Yes
L2_inclusive: Yes

L1 Cache Stats:
L1-Load-Hits:        3248714065   51.14%
L1-Load-Misses:      3104267223   48.86%
L1-Load-Accesses:    6352981288  100.00%

L1-Store-Hits:        1808975208   96.18%
L1-Store-Misses:        71822483    3.82%
L1-Store-Accesses:    1880797691  100.00%

L1-Total-Hits:        5057689273   61.43%
L1-Total-Misses:      3176089706   38.57%
L1-Total-Accesses:    8233778979  100.00%

L2 Cache Stats:
L2-Load-Hits:         883444090   28.46%
L2-Load-Misses:      2220823133   71.54%
L2-Load-Accesses:    3104267223  100.00%

L2-Store-Hits:          37894005   52.76%
L2-Store-Misses:        33928478   47.24%
L2-Store-Accesses:      71822483  100.00%

L2-Total-Hits:         921338095   29.01%
L2-Total-Misses:      2254751611   70.99%
L2-Total-Accesses:    3176089706  100.00%

