--------
Total Statistics
--------
Total Instructions: 18199705463
Total Cycles: 555695349372
IPC: 0.0327512

--------
Two level Cache hierarchy
--------
  L1-Data Cache:
    Size(KB):          32
    Block Size(B):     32
    Associativity:      4

  L2-Data Cache:
    Size(KB):        1024
    Block Size(B):     64
    Associativity:      8

Latencies:    1   15  250
L1-Sets:  256 - LRU - assoc:   4
L2-Sets: 2048 - LRU - assoc:   8
Store_allocation: Yes
L2_inclusive: Yes

L1 Cache Stats:
L1-Load-Hits:        3249987832   51.16%
L1-Load-Misses:      3102993456   48.84%
L1-Load-Accesses:    6352981288  100.00%

L1-Store-Hits:        1809187435   96.19%
L1-Store-Misses:        71610256    3.81%
L1-Store-Accesses:    1880797691  100.00%

L1-Total-Hits:        5059175267   61.44%
L1-Total-Misses:      3174603712   38.56%
L1-Total-Accesses:    8233778979  100.00%

L2 Cache Stats:
L2-Load-Hits:        1208805900   38.96%
L2-Load-Misses:      1894187556   61.04%
L2-Load-Accesses:    3102993456  100.00%

L2-Store-Hits:          39226575   54.78%
L2-Store-Misses:        32383681   45.22%
L2-Store-Accesses:      71610256  100.00%

L2-Total-Hits:        1248032475   39.31%
L2-Total-Misses:      1926571237   60.69%
L2-Total-Accesses:    3174603712  100.00%

