--------
Total Statistics
--------
Total Instructions: 18199705463
Total Cycles: 639933442142
IPC: 0.02844

--------
Two level Cache hierarchy
--------
  L1-Data Cache:
    Size(KB):          32
    Block Size(B):     32
    Associativity:      4

  L2-Data Cache:
    Size(KB):         256
    Block Size(B):     64
    Associativity:      4

Latencies:    1   15  250
L1-Sets:  256 - LRU - assoc:   4
L2-Sets: 1024 - LRU - assoc:   4
Store_allocation: Yes
L2_inclusive: Yes

L1 Cache Stats:
L1-Load-Hits:        3248356981   51.13%
L1-Load-Misses:      3104624307   48.87%
L1-Load-Accesses:    6352981288  100.00%

L1-Store-Hits:        1808999468   96.18%
L1-Store-Misses:        71798223    3.82%
L1-Store-Accesses:    1880797691  100.00%

L1-Total-Hits:        5057356449   61.42%
L1-Total-Misses:      3176422530   38.58%
L1-Total-Accesses:    8233778979  100.00%

L2 Cache Stats:
L2-Load-Hits:         875420330   28.20%
L2-Load-Misses:      2229203977   71.80%
L2-Load-Accesses:    3104624307  100.00%

L2-Store-Hits:          37587721   52.35%
L2-Store-Misses:        34210502   47.65%
L2-Store-Accesses:      71798223  100.00%

L2-Total-Hits:         913008051   28.74%
L2-Total-Misses:      2263414479   71.26%
L2-Total-Accesses:    3176422530  100.00%

