--------
Total Statistics
--------
Total Instructions: 18199705463
Total Cycles: 359785933807
IPC: 0.0505848

--------
Two level Cache hierarchy
--------
  L1-Data Cache:
    Size(KB):          32
    Block Size(B):     32
    Associativity:      4

  L2-Data Cache:
    Size(KB):         256
    Block Size(B):    256
    Associativity:      4

Latencies:    1   15  250
L1-Sets:  256 - LRU - assoc:   4
L2-Sets:  256 - LRU - assoc:   4
Store_allocation: Yes
L2_inclusive: Yes

L1 Cache Stats:
L1-Load-Hits:        3225268586   50.77%
L1-Load-Misses:      3127712702   49.23%
L1-Load-Accesses:    6352981288  100.00%

L1-Store-Hits:        1807735702   96.12%
L1-Store-Misses:        73061989    3.88%
L1-Store-Accesses:    1880797691  100.00%

L1-Total-Hits:        5033004288   61.13%
L1-Total-Misses:      3200774691   38.87%
L1-Total-Accesses:    8233778979  100.00%

L2 Cache Stats:
L2-Load-Hits:        1997780293   63.87%
L2-Load-Misses:      1129932409   36.13%
L2-Load-Accesses:    3127712702  100.00%

L2-Store-Hits:          61631082   84.35%
L2-Store-Misses:        11430907   15.65%
L2-Store-Accesses:      73061989  100.00%

L2-Total-Hits:        2059411375   64.34%
L2-Total-Misses:      1141363316   35.66%
L2-Total-Accesses:    3200774691  100.00%

