--------
Total Statistics
--------
Total Instructions: 18199703624
Total Cycles: 273837190358
IPC: 0.0664618

--------
Two level Cache hierarchy
--------
  L1-Data Cache:
    Size(KB):          32
    Block Size(B):     32
    Associativity:      4

  L2-Data Cache:
    Size(KB):        1024
    Block Size(B):    256
    Associativity:      8

Latencies:    1   15  250
L1-Sets:  256 - SRRIP-FP - assoc:   4
L2-Sets:  512 - SRRIP-FP - assoc:   8
Store_allocation: Yes
L2_inclusive: Yes

L1 Cache Stats:
L1-Load-Hits:        3263474974   51.37%
L1-Load-Misses:      3089505856   48.63%
L1-Load-Accesses:    6352980830  100.00%

L1-Store-Hits:        1817549842   96.64%
L1-Store-Misses:        63247842    3.36%
L1-Store-Accesses:    1880797684  100.00%

L1-Total-Hits:        5081024816   61.71%
L1-Total-Misses:      3152753698   38.29%
L1-Total-Accesses:    8233778514  100.00%

L2 Cache Stats:
L2-Load-Hits:        2297945105   74.38%
L2-Load-Misses:       791560751   25.62%
L2-Load-Accesses:    3089505856  100.00%

L2-Store-Hits:          54358982   85.95%
L2-Store-Misses:         8888860   14.05%
L2-Store-Accesses:      63247842  100.00%

L2-Total-Hits:        2352304087   74.61%
L2-Total-Misses:       800449611   25.39%
L2-Total-Accesses:    3152753698  100.00%

