--------
Total Statistics
--------
Total Instructions: 7460786566
Total Cycles: 27803008500
IPC: 0.268345

--------
Two level Cache hierarchy
--------
  L1-Data Cache:
    Size(KB):          32
    Block Size(B):     32
    Associativity:      4

  L2-Data Cache:
    Size(KB):        1024
    Block Size(B):    256
    Associativity:      8

Latencies:    1   15  250
L1-Sets:  256 - SRRIP-FP - assoc:   4
L2-Sets:  512 - SRRIP-FP - assoc:   8
Store_allocation: Yes
L2_inclusive: Yes

L1 Cache Stats:
L1-Load-Hits:        1822771222   83.50%
L1-Load-Misses:       360248783   16.50%
L1-Load-Accesses:    2183020005  100.00%

L1-Store-Hits:         437069662   94.51%
L1-Store-Misses:        25377892    5.49%
L1-Store-Accesses:     462447554  100.00%

L1-Total-Hits:        2259840884   85.42%
L1-Total-Misses:       385626675   14.58%
L1-Total-Accesses:    2645467559  100.00%

L2 Cache Stats:
L2-Load-Hits:         315736346   87.64%
L2-Load-Misses:        44512437   12.36%
L2-Load-Accesses:     360248783  100.00%

L2-Store-Hits:          22240912   87.64%
L2-Store-Misses:         3136980   12.36%
L2-Store-Accesses:      25377892  100.00%

L2-Total-Hits:         337977258   87.64%
L2-Total-Misses:        47649417   12.36%
L2-Total-Accesses:     385626675  100.00%

