--------
Total Statistics
--------
Total Instructions: 108731705402
Total Cycles: 541420253907
IPC: 0.200827

--------
Two level Cache hierarchy
--------
  L1-Data Cache:
    Size(KB):          32
    Block Size(B):     32
    Associativity:      4

  L2-Data Cache:
    Size(KB):        1024
    Block Size(B):    256
    Associativity:      8

Latencies:    1   15  250
L1-Sets:  256 - SRRIP-FP - assoc:   4
L2-Sets:  512 - SRRIP-FP - assoc:   8
Store_allocation: Yes
L2_inclusive: Yes

L1 Cache Stats:
L1-Load-Hits:       25865519323   74.40%
L1-Load-Misses:      8899862285   25.60%
L1-Load-Accesses:   34765381608  100.00%

L1-Store-Hits:        9424610116   98.21%
L1-Store-Misses:       171318016    1.79%
L1-Store-Accesses:    9595928132  100.00%

L1-Total-Hits:       35290129439   79.55%
L1-Total-Misses:      9071180301   20.45%
L1-Total-Accesses:   44361309740  100.00%

L2 Cache Stats:
L2-Load-Hits:        7896582902   88.73%
L2-Load-Misses:      1003279383   11.27%
L2-Load-Accesses:    8899862285  100.00%

L2-Store-Hits:         165559262   96.64%
L2-Store-Misses:         5758754    3.36%
L2-Store-Accesses:     171318016  100.00%

L2-Total-Hits:        8062142164   88.88%
L2-Total-Misses:      1009038137   11.12%
L2-Total-Accesses:    9071180301  100.00%

