--------
Total Statistics
--------
Total Instructions: 96483397560
Total Cycles: 503210220421
IPC: 0.191736

--------
Two level Cache hierarchy
--------
  L1-Data Cache:
    Size(KB):          32
    Block Size(B):     32
    Associativity:      4

  L2-Data Cache:
    Size(KB):        1024
    Block Size(B):    256
    Associativity:      8

Latencies:    1   15  250
L1-Sets:  256 - SRRIP-FP - assoc:   4
L2-Sets:  512 - SRRIP-FP - assoc:   8
Store_allocation: Yes
L2_inclusive: Yes

L1 Cache Stats:
L1-Load-Hits:       18239724198   89.88%
L1-Load-Misses:      2053434642   10.12%
L1-Load-Accesses:   20293158840  100.00%

L1-Store-Hits:        5350761493   45.98%
L1-Store-Misses:      6286195478   54.02%
L1-Store-Accesses:   11636956971  100.00%

L1-Total-Hits:       23590485691   73.88%
L1-Total-Misses:      8339630120   26.12%
L1-Total-Accesses:   31930115811  100.00%

L2 Cache Stats:
L2-Load-Hits:        1794613559   87.40%
L2-Load-Misses:       258821083   12.60%
L2-Load-Accesses:    2053434642  100.00%

L2-Store-Hits:        5546207540   88.23%
L2-Store-Misses:       739987938   11.77%
L2-Store-Accesses:    6286195478  100.00%

L2-Total-Hits:        7340821099   88.02%
L2-Total-Misses:       998809021   11.98%
L2-Total-Accesses:    8339630120  100.00%

