--------
Total Statistics
--------
Total Instructions: 7439662562
Total Cycles: 64653040373
IPC: 0.115071

--------
Two level Cache hierarchy
--------
  L1-Data Cache:
    Size(KB):          32
    Block Size(B):     32
    Associativity:      4

  L2-Data Cache:
    Size(KB):         256
    Block Size(B):     64
    Associativity:      8

Latencies:    1   15  250
L1-Sets:  256 - LRU - assoc:   4
L2-Sets:  512 - LRU - assoc:   8
Store_allocation: Yes
L2_inclusive: Yes

L1 Cache Stats:
L1-Load-Hits:        1814885433   83.39%
L1-Load-Misses:       361598821   16.61%
L1-Load-Accesses:    2176484254  100.00%

L1-Store-Hits:         437382244   94.58%
L1-Store-Misses:        25060578    5.42%
L1-Store-Accesses:     462442822  100.00%

L1-Total-Hits:        2252267677   85.35%
L1-Total-Misses:       386659399   14.65%
L1-Total-Accesses:    2638927076  100.00%

L2 Cache Stats:
L2-Load-Hits:         179050268   49.52%
L2-Load-Misses:       182548553   50.48%
L2-Load-Accesses:     361598821  100.00%

L2-Store-Hits:          12510892   49.92%
L2-Store-Misses:        12549686   50.08%
L2-Store-Accesses:      25060578  100.00%

L2-Total-Hits:         191561160   49.54%
L2-Total-Misses:       195098239   50.46%
L2-Total-Accesses:     386659399  100.00%

