--------
Total Statistics
--------
Total Instructions: 7443972108
Total Cycles: 62242538213
IPC: 0.119596

--------
Two level Cache hierarchy
--------
  L1-Data Cache:
    Size(KB):          32
    Block Size(B):     32
    Associativity:      4

  L2-Data Cache:
    Size(KB):         512
    Block Size(B):     64
    Associativity:      8

Latencies:    1   15  250
L1-Sets:  256 - LRU - assoc:   4
L2-Sets: 1024 - LRU - assoc:   8
Store_allocation: Yes
L2_inclusive: Yes

L1 Cache Stats:
L1-Load-Hits:        1816152245   83.40%
L1-Load-Misses:       361520873   16.60%
L1-Load-Accesses:    2177673118  100.00%

L1-Store-Hits:         437372934   94.58%
L1-Store-Misses:        25069888    5.42%
L1-Store-Accesses:     462442822  100.00%

L1-Total-Hits:        2253525179   85.36%
L1-Total-Misses:       386590761   14.64%
L1-Total-Accesses:    2640115940  100.00%

L2 Cache Stats:
L2-Load-Hits:         188292863   52.08%
L2-Load-Misses:       173228010   47.92%
L2-Load-Accesses:     361520873  100.00%

L2-Store-Hits:          12859543   51.29%
L2-Store-Misses:        12210345   48.71%
L2-Store-Accesses:      25069888  100.00%

L2-Total-Hits:         201152406   52.03%
L2-Total-Misses:       185438355   47.97%
L2-Total-Accesses:     386590761  100.00%

