--------
Total Statistics
--------
Total Instructions: 7455123510
Total Cycles: 40696275892
IPC: 0.183189

--------
Two level Cache hierarchy
--------
  L1-Data Cache:
    Size(KB):          32
    Block Size(B):     32
    Associativity:      4

  L2-Data Cache:
    Size(KB):         512
    Block Size(B):    128
    Associativity:      4

Latencies:    1   15  250
L1-Sets:  256 - LRU - assoc:   4
L2-Sets: 1024 - LRU - assoc:   4
Store_allocation: Yes
L2_inclusive: Yes

L1 Cache Stats:
L1-Load-Hits:        1818016104   83.41%
L1-Load-Misses:       361534686   16.59%
L1-Load-Accesses:    2179550790  100.00%

L1-Store-Hits:         437369490   94.58%
L1-Store-Misses:        25063582    5.42%
L1-Store-Accesses:     462433072  100.00%

L1-Total-Hits:        2255385594   85.37%
L1-Total-Misses:       386598268   14.63%
L1-Total-Accesses:    2641983862  100.00%

L2 Cache Stats:
L2-Load-Hits:         268764575   74.34%
L2-Load-Misses:        92770111   25.66%
L2-Load-Accesses:     361534686  100.00%

L2-Store-Hits:          18632915   74.34%
L2-Store-Misses:         6430667   25.66%
L2-Store-Accesses:      25063582  100.00%

L2-Total-Hits:         287397490   74.34%
L2-Total-Misses:        99200778   25.66%
L2-Total-Accesses:     386598268  100.00%

