--------
Total Statistics
--------
Total Instructions: 7437206215
Total Cycles: 35586749318
IPC: 0.208988

--------
Two level Cache hierarchy
--------
  L1-Data Cache:
    Size(KB):          32
    Block Size(B):     32
    Associativity:      4

  L2-Data Cache:
    Size(KB):        2048
    Block Size(B):    128
    Associativity:     16

Latencies:    1   15  250
L1-Sets:  256 - LRU - assoc:   4
L2-Sets: 1024 - LRU - assoc:  16
Store_allocation: Yes
L2_inclusive: Yes

L1 Cache Stats:
L1-Load-Hits:        1814941052   83.39%
L1-Load-Misses:       361444429   16.61%
L1-Load-Accesses:    2176385481  100.00%

L1-Store-Hits:         437389239   94.58%
L1-Store-Misses:        25046778    5.42%
L1-Store-Accesses:     462436017  100.00%

L1-Total-Hits:        2252330291   85.35%
L1-Total-Misses:       386491207   14.65%
L1-Total-Accesses:    2638821498  100.00%

L2 Cache Stats:
L2-Load-Hits:         288011061   79.68%
L2-Load-Misses:        73433368   20.32%
L2-Load-Accesses:     361444429  100.00%

L2-Store-Hits:          19626732   78.36%
L2-Store-Misses:         5420046   21.64%
L2-Store-Accesses:      25046778  100.00%

L2-Total-Hits:         307637793   79.60%
L2-Total-Misses:        78853414   20.40%
L2-Total-Accesses:     386491207  100.00%

