--------
Total Statistics
--------
Total Instructions: 7447425420
Total Cycles: 26300792363
IPC: 0.283164

--------
Two level Cache hierarchy
--------
  L1-Data Cache:
    Size(KB):          32
    Block Size(B):     32
    Associativity:      4

  L2-Data Cache:
    Size(KB):        2048
    Block Size(B):    256
    Associativity:     16

Latencies:    1   15  250
L1-Sets:  256 - LRU - assoc:   4
L2-Sets:  512 - LRU - assoc:  16
Store_allocation: Yes
L2_inclusive: Yes

L1 Cache Stats:
L1-Load-Hits:        1816894451   83.40%
L1-Load-Misses:       361517561   16.60%
L1-Load-Accesses:    2178412012  100.00%

L1-Store-Hits:         437408072   94.59%
L1-Store-Misses:        25024934    5.41%
L1-Store-Accesses:     462433006  100.00%

L1-Total-Hits:        2254302523   85.36%
L1-Total-Misses:       386542495   14.64%
L1-Total-Accesses:    2640845018  100.00%

L2 Cache Stats:
L2-Load-Hits:         322664147   89.25%
L2-Load-Misses:        38853414   10.75%
L2-Load-Accesses:     361517561  100.00%

L2-Store-Hits:          22220810   88.79%
L2-Store-Misses:         2804124   11.21%
L2-Store-Accesses:      25024934  100.00%

L2-Total-Hits:         344884957   89.22%
L2-Total-Misses:        41657538   10.78%
L2-Total-Accesses:     386542495  100.00%

