--------
Total Statistics
--------
Total Instructions: 7443799773
Total Cycles: 40622158178
IPC: 0.183245

--------
Two level Cache hierarchy
--------
  L1-Data Cache:
    Size(KB):          32
    Block Size(B):     32
    Associativity:      4

  L2-Data Cache:
    Size(KB):         512
    Block Size(B):    128
    Associativity:      8

Latencies:    1   15  250
L1-Sets:  256 - LRU - assoc:   4
L2-Sets:  512 - LRU - assoc:   8
Store_allocation: Yes
L2_inclusive: Yes

L1 Cache Stats:
L1-Load-Hits:        1816128946   83.40%
L1-Load-Misses:       361516261   16.60%
L1-Load-Accesses:    2177645207  100.00%

L1-Store-Hits:         437359607   94.58%
L1-Store-Misses:        25073386    5.42%
L1-Store-Accesses:     462432993  100.00%

L1-Total-Hits:        2253488553   85.36%
L1-Total-Misses:       386589647   14.64%
L1-Total-Accesses:    2640078200  100.00%

L2 Cache Stats:
L2-Load-Hits:         268987766   74.41%
L2-Load-Misses:        92528495   25.59%
L2-Load-Accesses:     361516261  100.00%

L2-Store-Hits:          18644139   74.36%
L2-Store-Misses:         6429247   25.64%
L2-Store-Accesses:      25073386  100.00%

L2-Total-Hits:         287631905   74.40%
L2-Total-Misses:        98957742   25.60%
L2-Total-Accesses:     386589647  100.00%

