--------
Total Statistics
--------
Total Instructions: 7446553999
Total Cycles: 42636981182
IPC: 0.17465

--------
Two level Cache hierarchy
--------
  L1-Data Cache:
    Size(KB):          32
    Block Size(B):     32
    Associativity:      4

  L2-Data Cache:
    Size(KB):         256
    Block Size(B):    128
    Associativity:      4

Latencies:    1   15  250
L1-Sets:  256 - LRU - assoc:   4
L2-Sets:  512 - LRU - assoc:   4
Store_allocation: Yes
L2_inclusive: Yes

L1 Cache Stats:
L1-Load-Hits:        1816382800   83.40%
L1-Load-Misses:       361645037   16.60%
L1-Load-Accesses:    2178027837  100.00%

L1-Store-Hits:         437420437   94.59%
L1-Store-Misses:        25022319    5.41%
L1-Store-Accesses:     462442756  100.00%

L1-Total-Hits:        2253803237   85.36%
L1-Total-Misses:       386667356   14.64%
L1-Total-Accesses:    2640470593  100.00%

L2 Cache Stats:
L2-Load-Hits:         261262957   72.24%
L2-Load-Misses:       100382080   27.76%
L2-Load-Accesses:     361645037  100.00%

L2-Store-Hits:          18404614   73.55%
L2-Store-Misses:         6617705   26.45%
L2-Store-Accesses:      25022319  100.00%

L2-Total-Hits:         279667571   72.33%
L2-Total-Misses:       106999785   27.67%
L2-Total-Accesses:     386667356  100.00%

