--------
Total Statistics
--------
Total Instructions: 7435960806
Total Cycles: 53412594463
IPC: 0.139217

--------
Two level Cache hierarchy
--------
  L1-Data Cache:
    Size(KB):          32
    Block Size(B):     32
    Associativity:      4

  L2-Data Cache:
    Size(KB):        2048
    Block Size(B):     64
    Associativity:     16

Latencies:    1   15  250
L1-Sets:  256 - LRU - assoc:   4
L2-Sets: 2048 - LRU - assoc:  16
Store_allocation: Yes
L2_inclusive: Yes

L1 Cache Stats:
L1-Load-Hits:        1814388409   83.39%
L1-Load-Misses:       361498673   16.61%
L1-Load-Accesses:    2175887082  100.00%

L1-Store-Hits:         437362364   94.59%
L1-Store-Misses:        25030101    5.41%
L1-Store-Accesses:     462392465  100.00%

L1-Total-Hits:        2251750773   85.35%
L1-Total-Misses:       386528774   14.65%
L1-Total-Accesses:    2638279547  100.00%

L2 Cache Stats:
L2-Load-Hits:         221809728   61.36%
L2-Load-Misses:       139688945   38.64%
L2-Load-Accesses:     361498673  100.00%

L2-Store-Hits:          14557356   58.16%
L2-Store-Misses:        10472745   41.84%
L2-Store-Accesses:      25030101  100.00%

L2-Total-Hits:         236367084   61.15%
L2-Total-Misses:       150161690   38.85%
L2-Total-Accesses:     386528774  100.00%

