--------
Total Statistics
--------
Total Instructions: 7440100797
Total Cycles: 37879774645
IPC: 0.196414

--------
Two level Cache hierarchy
--------
  L1-Data Cache:
    Size(KB):          32
    Block Size(B):     32
    Associativity:      4

  L2-Data Cache:
    Size(KB):        1024
    Block Size(B):    128
    Associativity:      8

Latencies:    1   15  250
L1-Sets:  256 - LRU - assoc:   4
L2-Sets: 1024 - LRU - assoc:   8
Store_allocation: Yes
L2_inclusive: Yes

L1 Cache Stats:
L1-Load-Hits:        1815137868   83.39%
L1-Load-Misses:       361553405   16.61%
L1-Load-Accesses:    2176691273  100.00%

L1-Store-Hits:         437402342   94.59%
L1-Store-Misses:        25030588    5.41%
L1-Store-Accesses:     462432930  100.00%

L1-Total-Hits:        2252540210   85.35%
L1-Total-Misses:       386583993   14.65%
L1-Total-Accesses:    2639124203  100.00%

L2 Cache Stats:
L2-Load-Hits:         279613710   77.34%
L2-Load-Misses:        81939695   22.66%
L2-Load-Accesses:     361553405  100.00%

L2-Store-Hits:          18963124   75.76%
L2-Store-Misses:         6067464   24.24%
L2-Store-Accesses:      25030588  100.00%

L2-Total-Hits:         298576834   77.23%
L2-Total-Misses:        88007159   22.77%
L2-Total-Accesses:     386583993  100.00%

