--------
Total Statistics
--------
Total Instructions: 7437422708
Total Cycles: 62299770905
IPC: 0.119381

--------
Two level Cache hierarchy
--------
  L1-Data Cache:
    Size(KB):          32
    Block Size(B):     32
    Associativity:      4

  L2-Data Cache:
    Size(KB):         512
    Block Size(B):     64
    Associativity:      4

Latencies:    1   15  250
L1-Sets:  256 - LRU - assoc:   4
L2-Sets: 2048 - LRU - assoc:   4
Store_allocation: Yes
L2_inclusive: Yes

L1 Cache Stats:
L1-Load-Hits:        1814802427   83.39%
L1-Load-Misses:       361542750   16.61%
L1-Load-Accesses:    2176345177  100.00%

L1-Store-Hits:         437416324   94.59%
L1-Store-Misses:        25026356    5.41%
L1-Store-Accesses:     462442680  100.00%

L1-Total-Hits:        2252218751   85.35%
L1-Total-Misses:       386569106   14.65%
L1-Total-Accesses:    2638787857  100.00%

L2 Cache Stats:
L2-Load-Hits:         188053351   52.01%
L2-Load-Misses:       173489399   47.99%
L2-Load-Accesses:     361542750  100.00%

L2-Store-Hits:          12815660   51.21%
L2-Store-Misses:        12210696   48.79%
L2-Store-Accesses:      25026356  100.00%

L2-Total-Hits:         200869011   51.96%
L2-Total-Misses:       185700095   48.04%
L2-Total-Accesses:     386569106  100.00%

