--------
Total Statistics
--------
Total Instructions: 7441905187
Total Cycles: 29190209577
IPC: 0.254945

--------
Two level Cache hierarchy
--------
  L1-Data Cache:
    Size(KB):          32
    Block Size(B):     32
    Associativity:      4

  L2-Data Cache:
    Size(KB):         512
    Block Size(B):    256
    Associativity:      8

Latencies:    1   15  250
L1-Sets:  256 - LRU - assoc:   4
L2-Sets:  256 - LRU - assoc:   8
Store_allocation: Yes
L2_inclusive: Yes

L1 Cache Stats:
L1-Load-Hits:        1815574336   83.39%
L1-Load-Misses:       361554769   16.61%
L1-Load-Accesses:    2177129105  100.00%

L1-Store-Hits:         437405842   94.59%
L1-Store-Misses:        25036838    5.41%
L1-Store-Accesses:     462442680  100.00%

L1-Total-Hits:        2252980178   85.35%
L1-Total-Misses:       386591607   14.65%
L1-Total-Accesses:    2639571785  100.00%

L2 Cache Stats:
L2-Load-Hits:         311698571   86.21%
L2-Load-Misses:        49856198   13.79%
L2-Load-Accesses:     361554769  100.00%

L2-Store-Hits:          21653602   86.49%
L2-Store-Misses:         3383236   13.51%
L2-Store-Accesses:      25036838  100.00%

L2-Total-Hits:         333352173   86.23%
L2-Total-Misses:        53239434   13.77%
L2-Total-Accesses:     386591607  100.00%

