--------
Total Statistics
--------
Total Instructions: 7434586936
Total Cycles: 37877101728
IPC: 0.196282

--------
Two level Cache hierarchy
--------
  L1-Data Cache:
    Size(KB):          32
    Block Size(B):     32
    Associativity:      4

  L2-Data Cache:
    Size(KB):        1024
    Block Size(B):    128
    Associativity:     16

Latencies:    1   15  250
L1-Sets:  256 - LRU - assoc:   4
L2-Sets:  512 - LRU - assoc:  16
Store_allocation: Yes
L2_inclusive: Yes

L1 Cache Stats:
L1-Load-Hits:        1814472355   83.39%
L1-Load-Misses:       361499492   16.61%
L1-Load-Accesses:    2175971847  100.00%

L1-Store-Hits:         437422471   94.59%
L1-Store-Misses:        25020209    5.41%
L1-Store-Accesses:     462442680  100.00%

L1-Total-Hits:        2251894826   85.35%
L1-Total-Misses:       386519701   14.65%
L1-Total-Accesses:    2638414527  100.00%

L2 Cache Stats:
L2-Load-Hits:         279556843   77.33%
L2-Load-Misses:        81942649   22.67%
L2-Load-Accesses:     361499492  100.00%

L2-Store-Hits:          18937639   75.69%
L2-Store-Misses:         6082570   24.31%
L2-Store-Accesses:      25020209  100.00%

L2-Total-Hits:         298494482   77.23%
L2-Total-Misses:        88025219   22.77%
L2-Total-Accesses:     386519701  100.00%

