--------
Total Statistics
--------
Total Instructions: 7441946065
Total Cycles: 27450131892
IPC: 0.271108

--------
Two level Cache hierarchy
--------
  L1-Data Cache:
    Size(KB):          32
    Block Size(B):     32
    Associativity:      4

  L2-Data Cache:
    Size(KB):        1024
    Block Size(B):    256
    Associativity:      8

Latencies:    1   15  250
L1-Sets:  256 - LRU - assoc:   4
L2-Sets:  512 - LRU - assoc:   8
Store_allocation: Yes
L2_inclusive: Yes

L1 Cache Stats:
L1-Load-Hits:        1815638472   83.40%
L1-Load-Misses:       361477188   16.60%
L1-Load-Accesses:    2177115660  100.00%

L1-Store-Hits:         437386687   94.58%
L1-Store-Misses:        25056135    5.42%
L1-Store-Accesses:     462442822  100.00%

L1-Total-Hits:        2253025159   85.36%
L1-Total-Misses:       386533323   14.64%
L1-Total-Accesses:    2639558482  100.00%

L2 Cache Stats:
L2-Load-Hits:         318400006   88.08%
L2-Load-Misses:        43077182   11.92%
L2-Load-Accesses:     361477188  100.00%

L2-Store-Hits:          21850807   87.21%
L2-Store-Misses:         3205328   12.79%
L2-Store-Accesses:      25056135  100.00%

L2-Total-Hits:         340250813   88.03%
L2-Total-Misses:        46282510   11.97%
L2-Total-Accesses:     386533323  100.00%

