--------
Total Statistics
--------
Total Instructions: 7437618961
Total Cycles: 27436858417
IPC: 0.271081

--------
Two level Cache hierarchy
--------
  L1-Data Cache:
    Size(KB):          32
    Block Size(B):     32
    Associativity:      4

  L2-Data Cache:
    Size(KB):        1024
    Block Size(B):    256
    Associativity:     16

Latencies:    1   15  250
L1-Sets:  256 - LRU - assoc:   4
L2-Sets:  256 - LRU - assoc:  16
Store_allocation: Yes
L2_inclusive: Yes

L1 Cache Stats:
L1-Load-Hits:        1814647214   83.39%
L1-Load-Misses:       361539201   16.61%
L1-Load-Accesses:    2176186415  100.00%

L1-Store-Hits:         437417238   94.59%
L1-Store-Misses:        25025518    5.41%
L1-Store-Accesses:     462442756  100.00%

L1-Total-Hits:        2252064452   85.35%
L1-Total-Misses:       386564719   14.65%
L1-Total-Accesses:    2638629171  100.00%

L2 Cache Stats:
L2-Load-Hits:         318489439   88.09%
L2-Load-Misses:        43049762   11.91%
L2-Load-Accesses:     361539201  100.00%

L2-Store-Hits:          21826722   87.22%
L2-Store-Misses:         3198796   12.78%
L2-Store-Accesses:      25025518  100.00%

L2-Total-Hits:         340316161   88.04%
L2-Total-Misses:        46248558   11.96%
L2-Total-Accesses:     386564719  100.00%

