--------
Total Statistics
--------
Total Instructions: 7434799768
Total Cycles: 31024620854
IPC: 0.239642

--------
Two level Cache hierarchy
--------
  L1-Data Cache:
    Size(KB):          32
    Block Size(B):     32
    Associativity:      4

  L2-Data Cache:
    Size(KB):         256
    Block Size(B):    256
    Associativity:      4

Latencies:    1   15  250
L1-Sets:  256 - LRU - assoc:   4
L2-Sets:  256 - LRU - assoc:   4
Store_allocation: Yes
L2_inclusive: Yes

L1 Cache Stats:
L1-Load-Hits:        1814033905   83.37%
L1-Load-Misses:       361782831   16.63%
L1-Load-Accesses:    2175816736  100.00%

L1-Store-Hits:         437388033   94.58%
L1-Store-Misses:        25054647    5.42%
L1-Store-Accesses:     462442680  100.00%

L1-Total-Hits:        2251421938   85.34%
L1-Total-Misses:       386837478   14.66%
L1-Total-Accesses:    2638259416  100.00%

L2 Cache Stats:
L2-Load-Hits:         304721210   84.23%
L2-Load-Misses:        57061621   15.77%
L2-Load-Accesses:     361782831  100.00%

L2-Store-Hits:          21520270   85.89%
L2-Store-Misses:         3534377   14.11%
L2-Store-Accesses:      25054647  100.00%

L2-Total-Hits:         326241480   84.34%
L2-Total-Misses:        60595998   15.66%
L2-Total-Accesses:     386837478  100.00%

