--------
Total Statistics
--------
Total Instructions: 7434799768
Total Cycles: 57681134169
IPC: 0.128895

--------
Two level Cache hierarchy
--------
  L1-Data Cache:
    Size(KB):          32
    Block Size(B):     32
    Associativity:      4

  L2-Data Cache:
    Size(KB):        1024
    Block Size(B):     64
    Associativity:      8

Latencies:    1   15  250
L1-Sets:  256 - LRU - assoc:   4
L2-Sets: 2048 - LRU - assoc:   8
Store_allocation: Yes
L2_inclusive: Yes

L1 Cache Stats:
L1-Load-Hits:        1814324736   83.39%
L1-Load-Misses:       361492000   16.61%
L1-Load-Accesses:    2175816736  100.00%

L1-Store-Hits:         437412081   94.59%
L1-Store-Misses:        25030599    5.41%
L1-Store-Accesses:     462442680  100.00%

L1-Total-Hits:        2251736817   85.35%
L1-Total-Misses:       386522599   14.65%
L1-Total-Accesses:    2638259416  100.00%

L2 Cache Stats:
L2-Load-Hits:         205779556   56.93%
L2-Load-Misses:       155712444   43.07%
L2-Load-Accesses:     361492000  100.00%

L2-Store-Hits:          13502099   53.94%
L2-Store-Misses:        11528500   46.06%
L2-Store-Accesses:      25030599  100.00%

L2-Total-Hits:         219281655   56.73%
L2-Total-Misses:       167240944   43.27%
L2-Total-Accesses:     386522599  100.00%

