--------
Total Statistics
--------
Total Instructions: 7434958930
Total Cycles: 30999926411
IPC: 0.239838

--------
Two level Cache hierarchy
--------
  L1-Data Cache:
    Size(KB):          32
    Block Size(B):     32
    Associativity:      4

  L2-Data Cache:
    Size(KB):         256
    Block Size(B):    256
    Associativity:      8

Latencies:    1   15  250
L1-Sets:  256 - LRU - assoc:   4
L2-Sets:  128 - LRU - assoc:   8
Store_allocation: Yes
L2_inclusive: Yes

L1 Cache Stats:
L1-Load-Hits:        1814146258   83.38%
L1-Load-Misses:       361680051   16.62%
L1-Load-Accesses:    2175826309  100.00%

L1-Store-Hits:         437356033   94.58%
L1-Store-Misses:        25077039    5.42%
L1-Store-Accesses:     462433072  100.00%

L1-Total-Hits:        2251502291   85.34%
L1-Total-Misses:       386757090   14.66%
L1-Total-Accesses:    2638259381  100.00%

L2 Cache Stats:
L2-Load-Hits:         304707017   84.25%
L2-Load-Misses:        56973034   15.75%
L2-Load-Accesses:     361680051  100.00%

L2-Store-Hits:          21548666   85.93%
L2-Store-Misses:         3528373   14.07%
L2-Store-Accesses:      25077039  100.00%

L2-Total-Hits:         326255683   84.36%
L2-Total-Misses:        60501407   15.64%
L2-Total-Accesses:     386757090  100.00%

