--------
Total Statistics
--------
Total Instructions: 60533959115
Total Cycles: 88241490594
IPC: 0.686003

--------
Two level Cache hierarchy
--------
  L1-Data Cache:
    Size(KB):          32
    Block Size(B):     32
    Associativity:      4

  L2-Data Cache:
    Size(KB):        1024
    Block Size(B):    256
    Associativity:      8

Latencies:    1   15  250
L1-Sets:  256 - RANDOM - assoc:   4
L2-Sets:  512 - RANDOM - assoc:   8
Store_allocation: Yes
L2_inclusive: Yes

L1 Cache Stats:
L1-Load-Hits:       13320577267   95.65%
L1-Load-Misses:       606035943    4.35%
L1-Load-Accesses:   13926613210  100.00%

L1-Store-Hits:        3701122456   99.32%
L1-Store-Misses:        25281198    0.68%
L1-Store-Accesses:    3726403654  100.00%

L1-Total-Hits:       17021699723   96.42%
L1-Total-Misses:       631317141    3.58%
L1-Total-Accesses:   17653016864  100.00%

L2 Cache Stats:
L2-Load-Hits:         604161347   99.69%
L2-Load-Misses:         1874596    0.31%
L2-Load-Accesses:     606035943  100.00%

L2-Store-Hits:          24816764   98.16%
L2-Store-Misses:          464434    1.84%
L2-Store-Accesses:      25281198  100.00%

L2-Total-Hits:         628978111   99.63%
L2-Total-Misses:         2339030    0.37%
L2-Total-Accesses:     631317141  100.00%

