--------
Total Statistics
--------
Total Instructions: 7435919461
Total Cycles: 28146335459
IPC: 0.264188

--------
Two level Cache hierarchy
--------
  L1-Data Cache:
    Size(KB):          32
    Block Size(B):     32
    Associativity:      4

  L2-Data Cache:
    Size(KB):        1024
    Block Size(B):    256
    Associativity:      8

Latencies:    1   15  250
L1-Sets:  256 - RANDOM - assoc:   4
L2-Sets:  512 - RANDOM - assoc:   8
Store_allocation: Yes
L2_inclusive: Yes

L1 Cache Stats:
L1-Load-Hits:        1807248244   83.04%
L1-Load-Misses:       368995492   16.96%
L1-Load-Accesses:    2176243736  100.00%

L1-Store-Hits:         437083154   94.50%
L1-Store-Misses:        25451108    5.50%
L1-Store-Accesses:     462534262  100.00%

L1-Total-Hits:        2244331398   85.05%
L1-Total-Misses:       394446600   14.95%
L1-Total-Accesses:    2638777998  100.00%

L2 Cache Stats:
L2-Load-Hits:         323588941   87.69%
L2-Load-Misses:        45406551   12.31%
L2-Load-Accesses:     368995492  100.00%

L2-Store-Hits:          22237903   87.37%
L2-Store-Misses:         3213205   12.63%
L2-Store-Accesses:      25451108  100.00%

L2-Total-Hits:         345826844   87.67%
L2-Total-Misses:        48619756   12.33%
L2-Total-Accesses:     394446600  100.00%

