--------
Total Statistics
--------
Total Instructions: 108733221506
Total Cycles: 511640488444
IPC: 0.212519

--------
Two level Cache hierarchy
--------
  L1-Data Cache:
    Size(KB):          32
    Block Size(B):     32
    Associativity:      4

  L2-Data Cache:
    Size(KB):        1024
    Block Size(B):    256
    Associativity:      8

Latencies:    1   15  250
L1-Sets:  256 - RANDOM - assoc:   4
L2-Sets:  512 - RANDOM - assoc:   8
Store_allocation: Yes
L2_inclusive: Yes

L1 Cache Stats:
L1-Load-Hits:       27485741434   79.06%
L1-Load-Misses:      7279637634   20.94%
L1-Load-Accesses:   34765379068  100.00%

L1-Store-Hits:        9476373604   98.75%
L1-Store-Misses:       119970766    1.25%
L1-Store-Accesses:    9596344370  100.00%

L1-Total-Hits:       36962115038   83.32%
L1-Total-Misses:      7399608400   16.68%
L1-Total-Accesses:   44361723438  100.00%

L2 Cache Stats:
L2-Load-Hits:        6297056731   86.50%
L2-Load-Misses:       982580903   13.50%
L2-Load-Accesses:    7279637634  100.00%

L2-Store-Hits:         112345999   93.64%
L2-Store-Misses:         7624767    6.36%
L2-Store-Accesses:     119970766  100.00%

L2-Total-Hits:        6409402730   86.62%
L2-Total-Misses:       990205670   13.38%
L2-Total-Accesses:    7399608400  100.00%

