--------
Total Statistics
--------
Total Instructions: 60533956390
Total Cycles: 88639722100
IPC: 0.682921

--------
Two level Cache hierarchy
--------
  L1-Data Cache:
    Size(KB):          32
    Block Size(B):     32
    Associativity:      4

  L2-Data Cache:
    Size(KB):         256
    Block Size(B):    128
    Associativity:      4

Latencies:    1   15  250
L1-Sets:  256 - LRU - assoc:   4
L2-Sets:  512 - LRU - assoc:   4
Store_allocation: Yes
L2_inclusive: Yes

L1 Cache Stats:
L1-Load-Hits:       13364091927   95.96%
L1-Load-Misses:       562520943    4.04%
L1-Load-Accesses:   13926612870  100.00%

L1-Store-Hits:        3700003357   99.29%
L1-Store-Misses:        26400318    0.71%
L1-Store-Accesses:    3726403675  100.00%

L1-Total-Hits:       17064095284   96.66%
L1-Total-Misses:       588921261    3.34%
L1-Total-Accesses:   17653016545  100.00%

L2 Cache Stats:
L2-Load-Hits:         556976601   99.01%
L2-Load-Misses:         5544342    0.99%
L2-Load-Accesses:     562520943  100.00%

L2-Store-Hits:          25468939   96.47%
L2-Store-Misses:          931379    3.53%
L2-Store-Accesses:      26400318  100.00%

L2-Total-Hits:         582445540   98.90%
L2-Total-Misses:         6475721    1.10%
L2-Total-Accesses:     588921261  100.00%

