--------
Total Statistics
--------
Total Instructions: 108731470697
Total Cycles: 482301644726
IPC: 0.225443

--------
Two level Cache hierarchy
--------
  L1-Data Cache:
    Size(KB):          32
    Block Size(B):     32
    Associativity:      4

  L2-Data Cache:
    Size(KB):        1024
    Block Size(B):    256
    Associativity:      8

Latencies:    1   15  250
L1-Sets:  256 - LRU - assoc:   4
L2-Sets:  512 - LRU - assoc:   8
Store_allocation: Yes
L2_inclusive: Yes

L1 Cache Stats:
L1-Load-Hits:       28467592569   81.88%
L1-Load-Misses:      6297788939   18.12%
L1-Load-Accesses:   34765381508  100.00%

L1-Store-Hits:        9520159534   99.21%
L1-Store-Misses:        75768447    0.79%
L1-Store-Accesses:    9595927981  100.00%

L1-Total-Hits:       37987752103   85.63%
L1-Total-Misses:      6373557386   14.37%
L1-Total-Accesses:   44361309489  100.00%

L2 Cache Stats:
L2-Load-Hits:        5370032326   85.27%
L2-Load-Misses:       927756613   14.73%
L2-Load-Accesses:    6297788939  100.00%

L2-Store-Hits:          69103045   91.20%
L2-Store-Misses:         6665402    8.80%
L2-Store-Accesses:      75768447  100.00%

L2-Total-Hits:        5439135371   85.34%
L2-Total-Misses:       934422015   14.66%
L2-Total-Accesses:    6373557386  100.00%

