--------
Total Statistics
--------
Total Instructions: 3184445340
Total Cycles: 9122605371
IPC: 0.349072

--------
Two level Cache hierarchy
--------
  L1-Data Cache:
    Size(KB):          32
    Block Size(B):     32
    Associativity:      4

  L2-Data Cache:
    Size(KB):         256
    Block Size(B):    128
    Associativity:      8

Latencies:    1   15  250
L1-Sets:  256 - LRU - assoc:   4
L2-Sets:  256 - LRU - assoc:   8
Store_allocation: Yes
L2_inclusive: Yes

L1 Cache Stats:
L1-Load-Hits:         719397091   94.98%
L1-Load-Misses:        38015606    5.02%
L1-Load-Accesses:     757412697  100.00%

L1-Store-Hits:         443325432   93.67%
L1-Store-Misses:        29971457    6.33%
L1-Store-Accesses:     473296889  100.00%

L1-Total-Hits:        1162722523   94.48%
L1-Total-Misses:        67987063    5.52%
L1-Total-Accesses:    1230709586  100.00%

L2 Cache Stats:
L2-Load-Hits:          25026497   65.83%
L2-Load-Misses:        12989109   34.17%
L2-Load-Accesses:      38015606  100.00%

L2-Store-Hits:          28209988   94.12%
L2-Store-Misses:         1761469    5.88%
L2-Store-Accesses:      29971457  100.00%

L2-Total-Hits:          53236485   78.30%
L2-Total-Misses:        14750578   21.70%
L2-Total-Accesses:      67987063  100.00%

