--------
Total Statistics
--------
Total Instructions: 18199703624
Total Cycles: 472726952568
IPC: 0.0384994

--------
Two level Cache hierarchy
--------
  L1-Data Cache:
    Size(KB):          32
    Block Size(B):     32
    Associativity:      4

  L2-Data Cache:
    Size(KB):         256
    Block Size(B):    128
    Associativity:      8

Latencies:    1   15  250
L1-Sets:  256 - LRU - assoc:   4
L2-Sets:  256 - LRU - assoc:   8
Store_allocation: Yes
L2_inclusive: Yes

L1 Cache Stats:
L1-Load-Hits:        3247697729   51.12%
L1-Load-Misses:      3105283101   48.88%
L1-Load-Accesses:    6352980830  100.00%

L1-Store-Hits:        1808904323   96.18%
L1-Store-Misses:        71893361    3.82%
L1-Store-Accesses:    1880797684  100.00%

L1-Total-Hits:        5056602052   61.41%
L1-Total-Misses:      3177176462   38.59%
L1-Total-Accesses:    8233778514  100.00%

L2 Cache Stats:
L2-Load-Hits:        1528861917   49.23%
L2-Load-Misses:      1576421184   50.77%
L2-Load-Accesses:    3105283101  100.00%

L2-Store-Hits:          53771251   74.79%
L2-Store-Misses:        18122110   25.21%
L2-Store-Accesses:      71893361  100.00%

L2-Total-Hits:        1582633168   49.81%
L2-Total-Misses:      1594543294   50.19%
L2-Total-Accesses:    3177176462  100.00%

