--------
Total Statistics
--------
Total Instructions: 38323371624
Total Cycles: 193449435161
IPC: 0.198105

--------
Two level Cache hierarchy
--------
  L1-Data Cache:
    Size(KB):          32
    Block Size(B):     32
    Associativity:      4

  L2-Data Cache:
    Size(KB):         256
    Block Size(B):    128
    Associativity:      8

Latencies:    1   15  250
L1-Sets:  256 - LRU - assoc:   4
L2-Sets:  256 - LRU - assoc:   8
Store_allocation: Yes
L2_inclusive: Yes

L1 Cache Stats:
L1-Load-Hits:        8616289147   89.23%
L1-Load-Misses:      1040262569   10.77%
L1-Load-Accesses:    9656551716  100.00%

L1-Store-Hits:        3213636534   90.17%
L1-Store-Misses:       350519172    9.83%
L1-Store-Accesses:    3564155706  100.00%

L1-Total-Hits:       11829925681   89.48%
L1-Total-Misses:      1390781741   10.52%
L1-Total-Accesses:   13220707422  100.00%

L2 Cache Stats:
L2-Load-Hits:         656650800   63.12%
L2-Load-Misses:       383611769   36.88%
L2-Load-Accesses:    1040262569  100.00%

L2-Store-Hits:         249956421   71.31%
L2-Store-Misses:       100562751   28.69%
L2-Store-Accesses:     350519172  100.00%

L2-Total-Hits:         906607221   65.19%
L2-Total-Misses:       484174520   34.81%
L2-Total-Accesses:    1390781741  100.00%

