--------
Total Statistics
--------
Total Instructions: 108731470697
Total Cycles: 741033050906
IPC: 0.14673

--------
Two level Cache hierarchy
--------
  L1-Data Cache:
    Size(KB):          32
    Block Size(B):     32
    Associativity:      4

  L2-Data Cache:
    Size(KB):         256
    Block Size(B):    128
    Associativity:      8

Latencies:    1   15  250
L1-Sets:  256 - LRU - assoc:   4
L2-Sets:  256 - LRU - assoc:   8
Store_allocation: Yes
L2_inclusive: Yes

L1 Cache Stats:
L1-Load-Hits:       28462105448   81.87%
L1-Load-Misses:      6303276060   18.13%
L1-Load-Accesses:   34765381508  100.00%

L1-Store-Hits:        9520079493   99.21%
L1-Store-Misses:        75848488    0.79%
L1-Store-Accesses:    9595927981  100.00%

L1-Total-Hits:       37982184941   85.62%
L1-Total-Misses:      6379124548   14.38%
L1-Total-Accesses:   44361309489  100.00%

L2 Cache Stats:
L2-Load-Hits:        4353342306   69.06%
L2-Load-Misses:      1949933754   30.94%
L2-Load-Accesses:    6303276060  100.00%

L2-Store-Hits:          56768632   74.84%
L2-Store-Misses:        19079856   25.16%
L2-Store-Accesses:      75848488  100.00%

L2-Total-Hits:        4410110938   69.13%
L2-Total-Misses:      1969013610   30.87%
L2-Total-Accesses:    6379124548  100.00%

