--------
Total Statistics
--------
Total Instructions: 7439701594
Total Cycles: 32792052378
IPC: 0.226875

--------
Two level Cache hierarchy
--------
  L1-Data Cache:
    Size(KB):          32
    Block Size(B):     32
    Associativity:      4

  L2-Data Cache:
    Size(KB):         256
    Block Size(B):    256
    Associativity:      4

Latencies:    1   15  250
L1-Sets:  256 - SRRIP - assoc:   4
L2-Sets:  256 - SRRIP - assoc:   4
Store_allocation: Yes
L2_inclusive: Yes

L1 Cache Stats:
L1-Load-Hits:        1807473108   83.04%
L1-Load-Misses:       369214306   16.96%
L1-Load-Accesses:    2176687414  100.00%

L1-Store-Hits:         435581190   94.19%
L1-Store-Misses:        26861490    5.81%
L1-Store-Accesses:     462442680  100.00%

L1-Total-Hits:        2243054298   84.99%
L1-Total-Misses:       396075796   15.01%
L1-Total-Accesses:    2639130094  100.00%

L2 Cache Stats:
L2-Load-Hits:         306300713   82.96%
L2-Load-Misses:        62913593   17.04%
L2-Load-Accesses:     369214306  100.00%

L2-Store-Hits:          22686748   84.46%
L2-Store-Misses:         4174742   15.54%
L2-Store-Accesses:      26861490  100.00%

L2-Total-Hits:         328987461   83.06%
L2-Total-Misses:        67088335   16.94%
L2-Total-Accesses:     396075796  100.00%

