--------
Total Statistics
--------
Total Instructions: 60533958852
Total Cycles: 87697387189
IPC: 0.69026

--------
Two level Cache hierarchy
--------
  L1-Data Cache:
    Size(KB):          32
    Block Size(B):     32
    Associativity:      4

  L2-Data Cache:
    Size(KB):         512
    Block Size(B):    256
    Associativity:      4

Latencies:    1   15  250
L1-Sets:  256 - LRU - assoc:   4
L2-Sets:  512 - LRU - assoc:   4
Store_allocation: Yes
L2_inclusive: Yes

L1 Cache Stats:
L1-Load-Hits:       13364311373   95.96%
L1-Load-Misses:       562301722    4.04%
L1-Load-Accesses:   13926613095  100.00%

L1-Store-Hits:        3699619296   99.28%
L1-Store-Misses:        26784351    0.72%
L1-Store-Accesses:    3726403647  100.00%

L1-Total-Hits:       17063930669   96.66%
L1-Total-Misses:       589086073    3.34%
L1-Total-Accesses:   17653016742  100.00%

L2 Cache Stats:
L2-Load-Hits:         560078213   99.60%
L2-Load-Misses:         2223509    0.40%
L2-Load-Accesses:     562301722  100.00%

L2-Store-Hits:          26311378   98.23%
L2-Store-Misses:          472973    1.77%
L2-Store-Accesses:      26784351  100.00%

L2-Total-Hits:         586389591   99.54%
L2-Total-Misses:         2696482    0.46%
L2-Total-Accesses:     589086073  100.00%

