--------
Total Statistics
--------
Total Instructions: 7474547153
Total Cycles: 29293144657
IPC: 0.255164

--------
Two level Cache hierarchy
--------
  L1-Data Cache:
    Size(KB):          32
    Block Size(B):     32
    Associativity:      4

  L2-Data Cache:
    Size(KB):         512
    Block Size(B):    256
    Associativity:      4

Latencies:    1   15  250
L1-Sets:  256 - LRU - assoc:   4
L2-Sets:  512 - LRU - assoc:   4
Store_allocation: Yes
L2_inclusive: Yes

L1 Cache Stats:
L1-Load-Hits:        1821004855   83.43%
L1-Load-Misses:       361687295   16.57%
L1-Load-Accesses:    2182692150  100.00%

L1-Store-Hits:         437422129   94.59%
L1-Store-Misses:        25025425    5.41%
L1-Store-Accesses:     462447554  100.00%

L1-Total-Hits:        2258426984   85.38%
L1-Total-Misses:       386712720   14.62%
L1-Total-Accesses:    2645139704  100.00%

L2 Cache Stats:
L2-Load-Hits:         311581554   86.15%
L2-Load-Misses:        50105741   13.85%
L2-Load-Accesses:     361687295  100.00%

L2-Store-Hits:          21640098   86.47%
L2-Store-Misses:         3385327   13.53%
L2-Store-Accesses:      25025425  100.00%

L2-Total-Hits:         333221652   86.17%
L2-Total-Misses:        53491068   13.83%
L2-Total-Accesses:     386712720  100.00%

