--------
Total Statistics
--------
Total Instructions: 3184098443
Total Cycles: 6889214745
IPC: 0.462186

--------
Two level Cache hierarchy
--------
  L1-Data Cache:
    Size(KB):          32
    Block Size(B):     32
    Associativity:      4

  L2-Data Cache:
    Size(KB):        1024
    Block Size(B):    256
    Associativity:     16

Latencies:    1   15  250
L1-Sets:  256 - LRU - assoc:   4
L2-Sets:  256 - LRU - assoc:  16
Store_allocation: Yes
L2_inclusive: Yes

L1 Cache Stats:
L1-Load-Hits:         719505005   95.00%
L1-Load-Misses:        37869596    5.00%
L1-Load-Accesses:     757374601  100.00%

L1-Store-Hits:         443766117   93.77%
L1-Store-Misses:        29476259    6.23%
L1-Store-Accesses:     473242376  100.00%

L1-Total-Hits:        1163271122   94.53%
L1-Total-Misses:        67345855    5.47%
L1-Total-Accesses:    1230616977  100.00%

L2 Cache Stats:
L2-Load-Hits:          32541845   85.93%
L2-Load-Misses:         5327751   14.07%
L2-Load-Accesses:      37869596  100.00%

L2-Store-Hits:          28946764   98.20%
L2-Store-Misses:          529495    1.80%
L2-Store-Accesses:      29476259  100.00%

L2-Total-Hits:          61488609   91.30%
L2-Total-Misses:         5857246    8.70%
L2-Total-Accesses:      67345855  100.00%

