--------
Total Statistics
--------
Total Instructions: 3184076992
Total Cycles: 8362599905
IPC: 0.380752

--------
Two level Cache hierarchy
--------
  L1-Data Cache:
    Size(KB):          32
    Block Size(B):     32
    Associativity:      4

  L2-Data Cache:
    Size(KB):        1024
    Block Size(B):     64
    Associativity:     16

Latencies:    1   15  250
L1-Sets:  256 - LRU - assoc:   4
L2-Sets: 1024 - LRU - assoc:  16
Store_allocation: Yes
L2_inclusive: Yes

L1 Cache Stats:
L1-Load-Hits:         719559473   95.01%
L1-Load-Misses:        37808173    4.99%
L1-Load-Accesses:     757367646  100.00%

L1-Store-Hits:         443937972   93.81%
L1-Store-Misses:        29299825    6.19%
L1-Store-Accesses:     473237797  100.00%

L1-Total-Hits:        1163497445   94.55%
L1-Total-Misses:        67107998    5.45%
L1-Total-Accesses:    1230605443  100.00%

L2 Cache Stats:
L2-Load-Hits:          27850207   73.66%
L2-Load-Misses:         9957966   26.34%
L2-Load-Accesses:      37808173  100.00%

L2-Store-Hits:          27492601   93.83%
L2-Store-Misses:         1807224    6.17%
L2-Store-Accesses:      29299825  100.00%

L2-Total-Hits:          55342808   82.47%
L2-Total-Misses:        11765190   17.53%
L2-Total-Accesses:      67107998  100.00%

