--------
Total Statistics
--------
Total Instructions: 3184015742
Total Cycles: 7131928903
IPC: 0.446445

--------
Two level Cache hierarchy
--------
  L1-Data Cache:
    Size(KB):          32
    Block Size(B):     32
    Associativity:      4

  L2-Data Cache:
    Size(KB):        2048
    Block Size(B):    128
    Associativity:     16

Latencies:    1   15  250
L1-Sets:  256 - LRU - assoc:   4
L2-Sets: 1024 - LRU - assoc:  16
Store_allocation: Yes
L2_inclusive: Yes

L1 Cache Stats:
L1-Load-Hits:         719563196   95.01%
L1-Load-Misses:        37822868    4.99%
L1-Load-Accesses:     757386064  100.00%

L1-Store-Hits:         443934413   93.81%
L1-Store-Misses:        29296979    6.19%
L1-Store-Accesses:     473231392  100.00%

L1-Total-Hits:        1163497609   94.55%
L1-Total-Misses:        67119847    5.45%
L1-Total-Accesses:    1230617456  100.00%

L2 Cache Stats:
L2-Load-Hits:          31845820   84.20%
L2-Load-Misses:         5977048   15.80%
L2-Load-Accesses:      37822868  100.00%

L2-Store-Hits:          28432035   97.05%
L2-Store-Misses:          864944    2.95%
L2-Store-Accesses:      29296979  100.00%

L2-Total-Hits:          60277855   89.81%
L2-Total-Misses:         6841992   10.19%
L2-Total-Accesses:      67119847  100.00%

