--------
Total Statistics
--------
Total Instructions: 3184256519
Total Cycles: 8205504417
IPC: 0.388063

--------
Two level Cache hierarchy
--------
  L1-Data Cache:
    Size(KB):          32
    Block Size(B):     32
    Associativity:      4

  L2-Data Cache:
    Size(KB):         512
    Block Size(B):    128
    Associativity:      8

Latencies:    1   15  250
L1-Sets:  256 - LRU - assoc:   4
L2-Sets:  512 - LRU - assoc:   8
Store_allocation: Yes
L2_inclusive: Yes

L1 Cache Stats:
L1-Load-Hits:         719557852   95.00%
L1-Load-Misses:        37840905    5.00%
L1-Load-Accesses:     757398757  100.00%

L1-Store-Hits:         443709564   93.76%
L1-Store-Misses:        29548672    6.24%
L1-Store-Accesses:     473258236  100.00%

L1-Total-Hits:        1163267416   94.52%
L1-Total-Misses:        67389577    5.48%
L1-Total-Accesses:    1230656993  100.00%

L2 Cache Stats:
L2-Load-Hits:          27879237   73.67%
L2-Load-Misses:         9961668   26.33%
L2-Load-Accesses:      37840905  100.00%

L2-Store-Hits:          28391351   96.08%
L2-Store-Misses:         1157321    3.92%
L2-Store-Accesses:      29548672  100.00%

L2-Total-Hits:          56270588   83.50%
L2-Total-Misses:        11118989   16.50%
L2-Total-Accesses:      67389577  100.00%

