--------
Total Statistics
--------
Total Instructions: 3184138545
Total Cycles: 9111952401
IPC: 0.349446

--------
Two level Cache hierarchy
--------
  L1-Data Cache:
    Size(KB):          32
    Block Size(B):     32
    Associativity:      4

  L2-Data Cache:
    Size(KB):         256
    Block Size(B):    128
    Associativity:      4

Latencies:    1   15  250
L1-Sets:  256 - LRU - assoc:   4
L2-Sets:  512 - LRU - assoc:   4
Store_allocation: Yes
L2_inclusive: Yes

L1 Cache Stats:
L1-Load-Hits:         719330918   94.98%
L1-Load-Misses:        38028369    5.02%
L1-Load-Accesses:     757359287  100.00%

L1-Store-Hits:         443652692   93.74%
L1-Store-Misses:        29608537    6.26%
L1-Store-Accesses:     473261229  100.00%

L1-Total-Hits:        1162983610   94.50%
L1-Total-Misses:        67636906    5.50%
L1-Total-Accesses:    1230620516  100.00%

L2 Cache Stats:
L2-Load-Hits:          25064854   65.91%
L2-Load-Misses:        12963515   34.09%
L2-Load-Accesses:      38028369  100.00%

L2-Store-Hits:          27841493   94.03%
L2-Store-Misses:         1767044    5.97%
L2-Store-Accesses:      29608537  100.00%

L2-Total-Hits:          52906347   78.22%
L2-Total-Misses:        14730559   21.78%
L2-Total-Accesses:      67636906  100.00%

