--------
Total Statistics
--------
Total Instructions: 3184028653
Total Cycles: 8262487411
IPC: 0.38536

--------
Two level Cache hierarchy
--------
  L1-Data Cache:
    Size(KB):          32
    Block Size(B):     32
    Associativity:      4

  L2-Data Cache:
    Size(KB):         512
    Block Size(B):    128
    Associativity:      4

Latencies:    1   15  250
L1-Sets:  256 - LRU - assoc:   4
L2-Sets: 1024 - LRU - assoc:   4
Store_allocation: Yes
L2_inclusive: Yes

L1 Cache Stats:
L1-Load-Hits:         719574978   95.01%
L1-Load-Misses:        37777629    4.99%
L1-Load-Accesses:     757352607  100.00%

L1-Store-Hits:         443919332   93.81%
L1-Store-Misses:        29306524    6.19%
L1-Store-Accesses:     473225856  100.00%

L1-Total-Hits:        1163494310   94.55%
L1-Total-Misses:        67084153    5.45%
L1-Total-Accesses:    1230578463  100.00%

L2 Cache Stats:
L2-Load-Hits:          27633327   73.15%
L2-Load-Misses:        10144302   26.85%
L2-Load-Accesses:      37777629  100.00%

L2-Store-Hits:          28084354   95.83%
L2-Store-Misses:         1222170    4.17%
L2-Store-Accesses:      29306524  100.00%

L2-Total-Hits:          55717681   83.06%
L2-Total-Misses:        11366472   16.94%
L2-Total-Accesses:      67084153  100.00%

