--------
Total Statistics
--------
Total Instructions: 3184115197
Total Cycles: 8367746027
IPC: 0.380522

--------
Two level Cache hierarchy
--------
  L1-Data Cache:
    Size(KB):          32
    Block Size(B):     32
    Associativity:      4

  L2-Data Cache:
    Size(KB):        1024
    Block Size(B):     64
    Associativity:      8

Latencies:    1   15  250
L1-Sets:  256 - LRU - assoc:   4
L2-Sets: 2048 - LRU - assoc:   8
Store_allocation: Yes
L2_inclusive: Yes

L1 Cache Stats:
L1-Load-Hits:         719563121   95.01%
L1-Load-Misses:        37809567    4.99%
L1-Load-Accesses:     757372688  100.00%

L1-Store-Hits:         444026199   93.83%
L1-Store-Misses:        29215418    6.17%
L1-Store-Accesses:     473241617  100.00%

L1-Total-Hits:        1163589320   94.55%
L1-Total-Misses:        67024985    5.45%
L1-Total-Accesses:    1230614305  100.00%

L2 Cache Stats:
L2-Load-Hits:          27833195   73.61%
L2-Load-Misses:         9976372   26.39%
L2-Load-Accesses:      37809567  100.00%

L2-Store-Hits:          27401223   93.79%
L2-Store-Misses:         1814195    6.21%
L2-Store-Accesses:      29215418  100.00%

L2-Total-Hits:          55234418   82.41%
L2-Total-Misses:        11790567   17.59%
L2-Total-Accesses:      67024985  100.00%

