--------
Total Statistics
--------
Total Instructions: 3184082674
Total Cycles: 6914456559
IPC: 0.460496

--------
Two level Cache hierarchy
--------
  L1-Data Cache:
    Size(KB):          32
    Block Size(B):     32
    Associativity:      4

  L2-Data Cache:
    Size(KB):        1024
    Block Size(B):    256
    Associativity:      8

Latencies:    1   15  250
L1-Sets:  256 - LRU - assoc:   4
L2-Sets:  512 - LRU - assoc:   8
Store_allocation: Yes
L2_inclusive: Yes

L1 Cache Stats:
L1-Load-Hits:         719561643   95.01%
L1-Load-Misses:        37813898    4.99%
L1-Load-Accesses:     757375541  100.00%

L1-Store-Hits:         443998312   93.82%
L1-Store-Misses:        29247457    6.18%
L1-Store-Accesses:     473245769  100.00%

L1-Total-Hits:        1163559955   94.55%
L1-Total-Misses:        67061355    5.45%
L1-Total-Accesses:    1230621310  100.00%

L2 Cache Stats:
L2-Load-Hits:          32370404   85.60%
L2-Load-Misses:         5443494   14.40%
L2-Load-Accesses:      37813898  100.00%

L2-Store-Hits:          28715622   98.18%
L2-Store-Misses:          531835    1.82%
L2-Store-Accesses:      29247457  100.00%

L2-Total-Hits:          61086026   91.09%
L2-Total-Misses:         5975329    8.91%
L2-Total-Accesses:      67061355  100.00%

