--------
Total Statistics
--------
Total Instructions: 3184257928
Total Cycles: 9125131973
IPC: 0.348955

--------
Two level Cache hierarchy
--------
  L1-Data Cache:
    Size(KB):          32
    Block Size(B):     32
    Associativity:      4

  L2-Data Cache:
    Size(KB):         256
    Block Size(B):    128
    Associativity:      8

Latencies:    1   15  250
L1-Sets:  256 - LRU - assoc:   4
L2-Sets:  256 - LRU - assoc:   8
Store_allocation: Yes
L2_inclusive: Yes

L1 Cache Stats:
L1-Load-Hits:         719498836   94.99%
L1-Load-Misses:        37909659    5.01%
L1-Load-Accesses:     757408495  100.00%

L1-Store-Hits:         443280635   93.66%
L1-Store-Misses:        29992205    6.34%
L1-Store-Accesses:     473272840  100.00%

L1-Total-Hits:        1162779471   94.48%
L1-Total-Misses:        67901864    5.52%
L1-Total-Accesses:    1230681335  100.00%

L2 Cache Stats:
L2-Load-Hits:          24937029   65.78%
L2-Load-Misses:        12972630   34.22%
L2-Load-Accesses:      37909659  100.00%

L2-Store-Hits:          28198176   94.02%
L2-Store-Misses:         1794029    5.98%
L2-Store-Accesses:      29992205  100.00%

L2-Total-Hits:          53135205   78.25%
L2-Total-Misses:        14766659   21.75%
L2-Total-Accesses:      67901864  100.00%

