--------
Total Statistics
--------
Total Instructions: 3184140299
Total Cycles: 10170449644
IPC: 0.313078

--------
Two level Cache hierarchy
--------
  L1-Data Cache:
    Size(KB):          32
    Block Size(B):     32
    Associativity:      4

  L2-Data Cache:
    Size(KB):         256
    Block Size(B):     64
    Associativity:      8

Latencies:    1   15  250
L1-Sets:  256 - LRU - assoc:   4
L2-Sets:  512 - LRU - assoc:   8
Store_allocation: Yes
L2_inclusive: Yes

L1 Cache Stats:
L1-Load-Hits:         719521432   95.00%
L1-Load-Misses:        37863446    5.00%
L1-Load-Accesses:     757384878  100.00%

L1-Store-Hits:         443413831   93.70%
L1-Store-Misses:        29830606    6.30%
L1-Store-Accesses:     473244437  100.00%

L1-Total-Hits:        1162935263   94.50%
L1-Total-Misses:        67694052    5.50%
L1-Total-Accesses:    1230629315  100.00%

L2 Cache Stats:
L2-Load-Hits:          22027163   58.18%
L2-Load-Misses:        15836283   41.82%
L2-Load-Accesses:      37863446  100.00%

L2-Store-Hits:          26705812   89.52%
L2-Store-Misses:         3124794   10.48%
L2-Store-Accesses:      29830606  100.00%

L2-Total-Hits:          48732975   71.99%
L2-Total-Misses:        18961077   28.01%
L2-Total-Accesses:      67694052  100.00%

