--------
Total Statistics
--------
Total Instructions: 3184067051
Total Cycles: 7402153294
IPC: 0.430154

--------
Two level Cache hierarchy
--------
  L1-Data Cache:
    Size(KB):          32
    Block Size(B):     32
    Associativity:      4

  L2-Data Cache:
    Size(KB):        2048
    Block Size(B):     64
    Associativity:     16

Latencies:    1   15  250
L1-Sets:  256 - LRU - assoc:   4
L2-Sets: 2048 - LRU - assoc:  16
Store_allocation: Yes
L2_inclusive: Yes

L1 Cache Stats:
L1-Load-Hits:         719562586   95.01%
L1-Load-Misses:        37810660    4.99%
L1-Load-Accesses:     757373246  100.00%

L1-Store-Hits:         443514691   93.72%
L1-Store-Misses:        29722166    6.28%
L1-Store-Accesses:     473236857  100.00%

L1-Total-Hits:        1163077277   94.51%
L1-Total-Misses:        67532826    5.49%
L1-Total-Accesses:    1230610103  100.00%

L2 Cache Stats:
L2-Load-Hits:          31544644   83.43%
L2-Load-Misses:         6266016   16.57%
L2-Load-Accesses:      37810660  100.00%

L2-Store-Hits:          28090247   94.51%
L2-Store-Misses:         1631919    5.49%
L2-Store-Accesses:      29722166  100.00%

L2-Total-Hits:          59634891   88.31%
L2-Total-Misses:         7897935   11.69%
L2-Total-Accesses:      67532826  100.00%

