--------
Total Statistics
--------
Total Instructions: 3184203284
Total Cycles: 9123970035
IPC: 0.348993

--------
Two level Cache hierarchy
--------
  L1-Data Cache:
    Size(KB):          32
    Block Size(B):     32
    Associativity:      4

  L2-Data Cache:
    Size(KB):         512
    Block Size(B):     64
    Associativity:      4

Latencies:    1   15  250
L1-Sets:  256 - LRU - assoc:   4
L2-Sets: 2048 - LRU - assoc:   4
Store_allocation: Yes
L2_inclusive: Yes

L1 Cache Stats:
L1-Load-Hits:         719551468   95.01%
L1-Load-Misses:        37830798    4.99%
L1-Load-Accesses:     757382266  100.00%

L1-Store-Hits:         443880383   93.79%
L1-Store-Misses:        29372977    6.21%
L1-Store-Accesses:     473253360  100.00%

L1-Total-Hits:        1163431851   94.54%
L1-Total-Misses:        67203775    5.46%
L1-Total-Accesses:    1230635626  100.00%

L2 Cache Stats:
L2-Load-Hits:          25151076   66.48%
L2-Load-Misses:        12679722   33.52%
L2-Load-Accesses:      37830798  100.00%

L2-Store-Hits:          27248401   92.77%
L2-Store-Misses:         2124576    7.23%
L2-Store-Accesses:      29372977  100.00%

L2-Total-Hits:          52399477   77.97%
L2-Total-Misses:        14804298   22.03%
L2-Total-Accesses:      67203775  100.00%

