--------
Total Statistics
--------
Total Instructions: 3183683597
Total Cycles: 6555574460
IPC: 0.485645

--------
Two level Cache hierarchy
--------
  L1-Data Cache:
    Size(KB):          32
    Block Size(B):     32
    Associativity:      4

  L2-Data Cache:
    Size(KB):        2048
    Block Size(B):    256
    Associativity:     16

Latencies:    1   15  250
L1-Sets:  256 - LRU - assoc:   4
L2-Sets:  512 - LRU - assoc:  16
Store_allocation: Yes
L2_inclusive: Yes

L1 Cache Stats:
L1-Load-Hits:         719581688   95.02%
L1-Load-Misses:        37752363    4.98%
L1-Load-Accesses:     757334051  100.00%

L1-Store-Hits:         443961819   93.82%
L1-Store-Misses:        29225753    6.18%
L1-Store-Accesses:     473187572  100.00%

L1-Total-Hits:        1163543507   94.56%
L1-Total-Misses:        66978116    5.44%
L1-Total-Accesses:    1230521623  100.00%

L2 Cache Stats:
L2-Load-Hits:          33665206   89.17%
L2-Load-Misses:         4087157   10.83%
L2-Load-Accesses:      37752363  100.00%

L2-Store-Hits:          28766120   98.43%
L2-Store-Misses:          459633    1.57%
L2-Store-Accesses:      29225753  100.00%

L2-Total-Hits:          62431326   93.21%
L2-Total-Misses:         4546790    6.79%
L2-Total-Accesses:      66978116  100.00%

