--------
Total Statistics
--------
Total Instructions: 3184308665
Total Cycles: 7105072510
IPC: 0.448174

--------
Two level Cache hierarchy
--------
  L1-Data Cache:
    Size(KB):          32
    Block Size(B):     32
    Associativity:      4

  L2-Data Cache:
    Size(KB):        2048
    Block Size(B):    128
    Associativity:     16

Latencies:    1   15  250
L1-Sets:  256 - LRU - assoc:   4
L2-Sets: 1024 - LRU - assoc:  16
Store_allocation: Yes
L2_inclusive: Yes

L1 Cache Stats:
L1-Load-Hits:         719609840   95.01%
L1-Load-Misses:        37815114    4.99%
L1-Load-Accesses:     757424954  100.00%

L1-Store-Hits:         443562071   93.73%
L1-Store-Misses:        29692460    6.27%
L1-Store-Accesses:     473254531  100.00%

L1-Total-Hits:        1163171911   94.51%
L1-Total-Misses:        67507574    5.49%
L1-Total-Accesses:    1230679485  100.00%

L2 Cache Stats:
L2-Load-Hits:          31973080   84.55%
L2-Load-Misses:         5842034   15.45%
L2-Load-Accesses:      37815114  100.00%

L2-Store-Hits:          28824611   97.08%
L2-Store-Misses:          867849    2.92%
L2-Store-Accesses:      29692460  100.00%

L2-Total-Hits:          60797691   90.06%
L2-Total-Misses:         6709883    9.94%
L2-Total-Accesses:      67507574  100.00%

