--------
Total Statistics
--------
Total Instructions: 18199703624
Total Cycles: 342531850773
IPC: 0.0531329

--------
Two level Cache hierarchy
--------
  L1-Data Cache:
    Size(KB):          32
    Block Size(B):     32
    Associativity:      4

  L2-Data Cache:
    Size(KB):        2048
    Block Size(B):    128
    Associativity:     16

Latencies:    1   15  250
L1-Sets:  256 - LRU - assoc:   4
L2-Sets: 1024 - LRU - assoc:  16
Store_allocation: Yes
L2_inclusive: Yes

L1 Cache Stats:
L1-Load-Hits:        3250094820   51.16%
L1-Load-Misses:      3102886010   48.84%
L1-Load-Accesses:    6352980830  100.00%

L1-Store-Hits:        1809410485   96.20%
L1-Store-Misses:        71387199    3.80%
L1-Store-Accesses:    1880797684  100.00%

L1-Total-Hits:        5059505305   61.45%
L1-Total-Misses:      3174273209   38.55%
L1-Total-Accesses:    8233778514  100.00%

L2 Cache Stats:
L2-Load-Hits:        2045120637   65.91%
L2-Load-Misses:      1057765373   34.09%
L2-Load-Accesses:    3102886010  100.00%

L2-Store-Hits:          55215490   77.35%
L2-Store-Misses:        16171709   22.65%
L2-Store-Accesses:      71387199  100.00%

L2-Total-Hits:        2100336127   66.17%
L2-Total-Misses:      1073937082   33.83%
L2-Total-Accesses:    3174273209  100.00%

