--------
Total Statistics
--------
Total Instructions: 38323371624
Total Cycles: 184604053701
IPC: 0.207598

--------
Two level Cache hierarchy
--------
  L1-Data Cache:
    Size(KB):          32
    Block Size(B):     32
    Associativity:      4

  L2-Data Cache:
    Size(KB):        2048
    Block Size(B):    128
    Associativity:     16

Latencies:    1   15  250
L1-Sets:  256 - LRU - assoc:   4
L2-Sets: 1024 - LRU - assoc:  16
Store_allocation: Yes
L2_inclusive: Yes

L1 Cache Stats:
L1-Load-Hits:        8617452311   89.24%
L1-Load-Misses:      1039099405   10.76%
L1-Load-Accesses:    9656551716  100.00%

L1-Store-Hits:        3213880234   90.17%
L1-Store-Misses:       350275472    9.83%
L1-Store-Accesses:    3564155706  100.00%

L1-Total-Hits:       11831332545   89.49%
L1-Total-Misses:      1389374877   10.51%
L1-Total-Accesses:   13220707422  100.00%

L2 Cache Stats:
L2-Load-Hits:         677811502   65.23%
L2-Load-Misses:       361287903   34.77%
L2-Load-Accesses:    1039099405  100.00%

L2-Store-Hits:         262685969   74.99%
L2-Store-Misses:        87589503   25.01%
L2-Store-Accesses:     350275472  100.00%

L2-Total-Hits:         940497471   67.69%
L2-Total-Misses:       448877406   32.31%
L2-Total-Accesses:    1389374877  100.00%

