--------
Total Statistics
--------
Total Instructions: 60533958852
Total Cycles: 87752977824
IPC: 0.689822

--------
Two level Cache hierarchy
--------
  L1-Data Cache:
    Size(KB):          32
    Block Size(B):     32
    Associativity:      4

  L2-Data Cache:
    Size(KB):        2048
    Block Size(B):    128
    Associativity:     16

Latencies:    1   15  250
L1-Sets:  256 - LRU - assoc:   4
L2-Sets: 1024 - LRU - assoc:  16
Store_allocation: Yes
L2_inclusive: Yes

L1 Cache Stats:
L1-Load-Hits:       13364814053   95.97%
L1-Load-Misses:       561799042    4.03%
L1-Load-Accesses:   13926613095  100.00%

L1-Store-Hits:        3699912207   99.29%
L1-Store-Misses:        26491440    0.71%
L1-Store-Accesses:    3726403647  100.00%

L1-Total-Hits:       17064726260   96.67%
L1-Total-Misses:       588290482    3.33%
L1-Total-Accesses:   17653016742  100.00%

L2 Cache Stats:
L2-Load-Hits:         559672732   99.62%
L2-Load-Misses:         2126310    0.38%
L2-Load-Accesses:     561799042  100.00%

L2-Store-Hits:          25651170   96.83%
L2-Store-Misses:          840270    3.17%
L2-Store-Accesses:      26491440  100.00%

L2-Total-Hits:         585323902   99.50%
L2-Total-Misses:         2966580    0.50%
L2-Total-Accesses:     588290482  100.00%

