--------
Total Statistics
--------
Total Instructions: 18199703624
Total Cycles: 443078380248
IPC: 0.0410756

--------
Two level Cache hierarchy
--------
  L1-Data Cache:
    Size(KB):          32
    Block Size(B):     32
    Associativity:      4

  L2-Data Cache:
    Size(KB):         512
    Block Size(B):    128
    Associativity:      4

Latencies:    1   15  250
L1-Sets:  256 - LRU - assoc:   4
L2-Sets: 1024 - LRU - assoc:   4
Store_allocation: Yes
L2_inclusive: Yes

L1 Cache Stats:
L1-Load-Hits:        3249161172   51.14%
L1-Load-Misses:      3103819658   48.86%
L1-Load-Accesses:    6352980830  100.00%

L1-Store-Hits:        1809017568   96.18%
L1-Store-Misses:        71780116    3.82%
L1-Store-Accesses:    1880797684  100.00%

L1-Total-Hits:        5058178740   61.43%
L1-Total-Misses:      3175599774   38.57%
L1-Total-Accesses:    8233778514  100.00%

L2 Cache Stats:
L2-Load-Hits:        1645214710   53.01%
L2-Load-Misses:      1458604948   46.99%
L2-Load-Accesses:    3103819658  100.00%

L2-Store-Hits:          54341458   75.71%
L2-Store-Misses:        17438658   24.29%
L2-Store-Accesses:      71780116  100.00%

L2-Total-Hits:        1699556168   53.52%
L2-Total-Misses:      1476043606   46.48%
L2-Total-Accesses:    3175599774  100.00%

