--------
Total Statistics
--------
Total Instructions: 60533958858
Total Cycles: 88237493310
IPC: 0.686034

--------
Two level Cache hierarchy
--------
  L1-Data Cache:
    Size(KB):          32
    Block Size(B):     32
    Associativity:      4

  L2-Data Cache:
    Size(KB):         512
    Block Size(B):    128
    Associativity:      4

Latencies:    1   15  250
L1-Sets:  256 - LRU - assoc:   4
L2-Sets: 1024 - LRU - assoc:   4
Store_allocation: Yes
L2_inclusive: Yes

L1 Cache Stats:
L1-Load-Hits:       13364910127   95.97%
L1-Load-Misses:       561702968    4.03%
L1-Load-Accesses:   13926613095  100.00%

L1-Store-Hits:        3700210451   99.30%
L1-Store-Misses:        26193196    0.70%
L1-Store-Accesses:    3726403647  100.00%

L1-Total-Hits:       17065120578   96.67%
L1-Total-Misses:       587896164    3.33%
L1-Total-Accesses:   17653016742  100.00%

L2 Cache Stats:
L2-Load-Hits:         557662666   99.28%
L2-Load-Misses:         4040302    0.72%
L2-Load-Accesses:     561702968  100.00%

L2-Store-Hits:          25305197   96.61%
L2-Store-Misses:          887999    3.39%
L2-Store-Accesses:      26193196  100.00%

L2-Total-Hits:         582967863   99.16%
L2-Total-Misses:         4928301    0.84%
L2-Total-Accesses:     587896164  100.00%

