--------
Total Statistics
--------
Total Instructions: 7460786566
Total Cycles: 40706453990
IPC: 0.183283

--------
Two level Cache hierarchy
--------
  L1-Data Cache:
    Size(KB):          32
    Block Size(B):     32
    Associativity:      4

  L2-Data Cache:
    Size(KB):         512
    Block Size(B):    128
    Associativity:      4

Latencies:    1   15  250
L1-Sets:  256 - LRU - assoc:   4
L2-Sets: 1024 - LRU - assoc:   4
Store_allocation: Yes
L2_inclusive: Yes

L1 Cache Stats:
L1-Load-Hits:        1821324542   83.43%
L1-Load-Misses:       361695463   16.57%
L1-Load-Accesses:    2183020005  100.00%

L1-Store-Hits:         437439076   94.59%
L1-Store-Misses:        25008478    5.41%
L1-Store-Accesses:     462447554  100.00%

L1-Total-Hits:        2258763618   85.38%
L1-Total-Misses:       386703941   14.62%
L1-Total-Accesses:    2645467559  100.00%

L2 Cache Stats:
L2-Load-Hits:         268903343   74.35%
L2-Load-Misses:        92792120   25.65%
L2-Load-Accesses:     361695463  100.00%

L2-Store-Hits:          18602035   74.38%
L2-Store-Misses:         6406443   25.62%
L2-Store-Accesses:      25008478  100.00%

L2-Total-Hits:         287505378   74.35%
L2-Total-Misses:        99198563   25.65%
L2-Total-Accesses:     386703941  100.00%

