--------
Total Statistics
--------
Total Instructions: 108731470697
Total Cycles: 656420518686
IPC: 0.165643

--------
Two level Cache hierarchy
--------
  L1-Data Cache:
    Size(KB):          32
    Block Size(B):     32
    Associativity:      4

  L2-Data Cache:
    Size(KB):         512
    Block Size(B):    128
    Associativity:      4

Latencies:    1   15  250
L1-Sets:  256 - LRU - assoc:   4
L2-Sets: 1024 - LRU - assoc:   4
Store_allocation: Yes
L2_inclusive: Yes

L1 Cache Stats:
L1-Load-Hits:       28463708353   81.87%
L1-Load-Misses:      6301673155   18.13%
L1-Load-Accesses:   34765381508  100.00%

L1-Store-Hits:        9520156736   99.21%
L1-Store-Misses:        75771245    0.79%
L1-Store-Accesses:    9595927981  100.00%

L1-Total-Hits:       37983865089   85.62%
L1-Total-Misses:      6377444400   14.38%
L1-Total-Accesses:   44361309489  100.00%

L2 Cache Stats:
L2-Load-Hits:        4689163969   74.41%
L2-Load-Misses:      1612509186   25.59%
L2-Load-Accesses:    6301673155  100.00%

L2-Store-Hits:          57616141   76.04%
L2-Store-Misses:        18155104   23.96%
L2-Store-Accesses:      75771245  100.00%

L2-Total-Hits:        4746780110   74.43%
L2-Total-Misses:      1630664290   25.57%
L2-Total-Accesses:    6377444400  100.00%

