--------
Total Statistics
--------
Total Instructions: 96483397560
Total Cycles: 750680759501
IPC: 0.128528

--------
Two level Cache hierarchy
--------
  L1-Data Cache:
    Size(KB):          32
    Block Size(B):     32
    Associativity:      4

  L2-Data Cache:
    Size(KB):         512
    Block Size(B):    128
    Associativity:      4

Latencies:    1   15  250
L1-Sets:  256 - LRU - assoc:   4
L2-Sets: 1024 - LRU - assoc:   4
Store_allocation: Yes
L2_inclusive: Yes

L1 Cache Stats:
L1-Load-Hits:       18239486648   89.88%
L1-Load-Misses:      2053672192   10.12%
L1-Load-Accesses:   20293158840  100.00%

L1-Store-Hits:        5349161121   45.97%
L1-Store-Misses:      6287795850   54.03%
L1-Store-Accesses:   11636956971  100.00%

L1-Total-Hits:       23588647769   73.88%
L1-Total-Misses:      8341468042   26.12%
L1-Total-Accesses:   31930115811  100.00%

L2 Cache Stats:
L2-Load-Hits:        1539444193   74.96%
L2-Load-Misses:       514227999   25.04%
L2-Load-Accesses:    2053672192  100.00%

L2-Store-Hits:        4813442947   76.55%
L2-Store-Misses:      1474352903   23.45%
L2-Store-Accesses:    6287795850  100.00%

L2-Total-Hits:        6352887140   76.16%
L2-Total-Misses:      1988580902   23.84%
L2-Total-Accesses:    8341468042  100.00%

