--------
Total Statistics
--------
Total Instructions: 3184269539
Total Cycles: 9127339010
IPC: 0.348872

--------
Two level Cache hierarchy
--------
  L1-Data Cache:
    Size(KB):          32
    Block Size(B):     32
    Associativity:      4

  L2-Data Cache:
    Size(KB):         256
    Block Size(B):    128
    Associativity:      8

Latencies:    1   15  250
L1-Sets:  256 - LRU - assoc:   4
L2-Sets:  256 - LRU - assoc:   8
Store_allocation: Yes
L2_inclusive: Yes

L1 Cache Stats:
L1-Load-Hits:         719418135   94.98%
L1-Load-Misses:        38010250    5.02%
L1-Load-Accesses:     757428385  100.00%

L1-Store-Hits:         443345672   93.68%
L1-Store-Misses:        29917979    6.32%
L1-Store-Accesses:     473263651  100.00%

L1-Total-Hits:        1162763807   94.48%
L1-Total-Misses:        67928229    5.52%
L1-Total-Accesses:    1230692036  100.00%

L2 Cache Stats:
L2-Load-Hits:          25032301   65.86%
L2-Load-Misses:        12977949   34.14%
L2-Load-Accesses:      38010250  100.00%

L2-Store-Hits:          28122112   94.00%
L2-Store-Misses:         1795867    6.00%
L2-Store-Accesses:      29917979  100.00%

L2-Total-Hits:          53154413   78.25%
L2-Total-Misses:        14773816   21.75%
L2-Total-Accesses:      67928229  100.00%

