--------
Total Statistics
--------
Total Instructions: 38323373253
Total Cycles: 193466279396
IPC: 0.198088

--------
Two level Cache hierarchy
--------
  L1-Data Cache:
    Size(KB):          32
    Block Size(B):     32
    Associativity:      4

  L2-Data Cache:
    Size(KB):         256
    Block Size(B):    128
    Associativity:      8

Latencies:    1   15  250
L1-Sets:  256 - LRU - assoc:   4
L2-Sets:  256 - LRU - assoc:   8
Store_allocation: Yes
L2_inclusive: Yes

L1 Cache Stats:
L1-Load-Hits:        8616176382   89.23%
L1-Load-Misses:      1040375771   10.77%
L1-Load-Accesses:    9656552153  100.00%

L1-Store-Hits:        3213772295   90.17%
L1-Store-Misses:       350383430    9.83%
L1-Store-Accesses:    3564155725  100.00%

L1-Total-Hits:       11829948677   89.48%
L1-Total-Misses:      1390759201   10.52%
L1-Total-Accesses:   13220707878  100.00%

L2 Cache Stats:
L2-Load-Hits:         656623853   63.11%
L2-Load-Misses:       383751918   36.89%
L2-Load-Accesses:    1040375771  100.00%

L2-Store-Hits:         249892107   71.32%
L2-Store-Misses:       100491323   28.68%
L2-Store-Accesses:     350383430  100.00%

L2-Total-Hits:         906515960   65.18%
L2-Total-Misses:       484243241   34.82%
L2-Total-Accesses:    1390759201  100.00%

