--------
Total Statistics
--------
Total Instructions: 60533956959
Total Cycles: 88629326931
IPC: 0.683001

--------
Two level Cache hierarchy
--------
  L1-Data Cache:
    Size(KB):          32
    Block Size(B):     32
    Associativity:      4

  L2-Data Cache:
    Size(KB):         256
    Block Size(B):    128
    Associativity:      8

Latencies:    1   15  250
L1-Sets:  256 - LRU - assoc:   4
L2-Sets:  256 - LRU - assoc:   8
Store_allocation: Yes
L2_inclusive: Yes

L1 Cache Stats:
L1-Load-Hits:       13358764521   95.92%
L1-Load-Misses:       567848447    4.08%
L1-Load-Accesses:   13926612968  100.00%

L1-Store-Hits:        3699019411   99.27%
L1-Store-Misses:        27384243    0.73%
L1-Store-Accesses:    3726403654  100.00%

L1-Total-Hits:       17057783932   96.63%
L1-Total-Misses:       595232690    3.37%
L1-Total-Accesses:   17653016622  100.00%

L2 Cache Stats:
L2-Load-Hits:         562715262   99.10%
L2-Load-Misses:         5133185    0.90%
L2-Load-Accesses:     567848447  100.00%

L2-Store-Hits:          26461976   96.63%
L2-Store-Misses:          922267    3.37%
L2-Store-Accesses:      27384243  100.00%

L2-Total-Hits:         589177238   98.98%
L2-Total-Misses:         6055452    1.02%
L2-Total-Accesses:     595232690  100.00%

