--------
Total Statistics
--------
Total Instructions: 18199703624
Total Cycles: 308030715308
IPC: 0.0590841

--------
Two level Cache hierarchy
--------
  L1-Data Cache:
    Size(KB):          32
    Block Size(B):     32
    Associativity:      4

  L2-Data Cache:
    Size(KB):         512
    Block Size(B):    256
    Associativity:      4

Latencies:    1   15  250
L1-Sets:  256 - LRU - assoc:   4
L2-Sets:  512 - LRU - assoc:   4
Store_allocation: Yes
L2_inclusive: Yes

L1 Cache Stats:
L1-Load-Hits:        3245003991   51.08%
L1-Load-Misses:      3107976839   48.92%
L1-Load-Accesses:    6352980830  100.00%

L1-Store-Hits:        1808939545   96.18%
L1-Store-Misses:        71858139    3.82%
L1-Store-Accesses:    1880797684  100.00%

L1-Total-Hits:        5053943536   61.38%
L1-Total-Misses:      3179834978   38.62%
L1-Total-Accesses:    8233778514  100.00%

L2 Cache Stats:
L2-Load-Hits:        2182022604   70.21%
L2-Load-Misses:       925954235   29.79%
L2-Load-Accesses:    3107976839  100.00%

L2-Store-Hits:          62213540   86.58%
L2-Store-Misses:         9644599   13.42%
L2-Store-Accesses:      71858139  100.00%

L2-Total-Hits:        2244236144   70.58%
L2-Total-Misses:       935598834   29.42%
L2-Total-Accesses:    3179834978  100.00%

