--------
Total Statistics
--------
Total Instructions: 38323371624
Total Cycles: 159616062831
IPC: 0.240097

--------
Two level Cache hierarchy
--------
  L1-Data Cache:
    Size(KB):          32
    Block Size(B):     32
    Associativity:      4

  L2-Data Cache:
    Size(KB):         512
    Block Size(B):    256
    Associativity:      4

Latencies:    1   15  250
L1-Sets:  256 - LRU - assoc:   4
L2-Sets:  512 - LRU - assoc:   4
Store_allocation: Yes
L2_inclusive: Yes

L1 Cache Stats:
L1-Load-Hits:        8616843527   89.23%
L1-Load-Misses:      1039708189   10.77%
L1-Load-Accesses:    9656551716  100.00%

L1-Store-Hits:        3213316576   90.16%
L1-Store-Misses:       350839130    9.84%
L1-Store-Accesses:    3564155706  100.00%

L1-Total-Hits:       11830160103   89.48%
L1-Total-Misses:      1390547319   10.52%
L1-Total-Accesses:   13220707422  100.00%

L2 Cache Stats:
L2-Load-Hits:         757757720   72.88%
L2-Load-Misses:       281950469   27.12%
L2-Load-Accesses:    1039708189  100.00%

L2-Store-Hits:         283934503   80.93%
L2-Store-Misses:        66904627   19.07%
L2-Store-Accesses:     350839130  100.00%

L2-Total-Hits:        1041692223   74.91%
L2-Total-Misses:       348855096   25.09%
L2-Total-Accesses:    1390547319  100.00%

