--------
Total Statistics
--------
Total Instructions: 3184148811
Total Cycles: 8410625105
IPC: 0.378586

--------
Two level Cache hierarchy
--------
  L1-Data Cache:
    Size(KB):          32
    Block Size(B):     32
    Associativity:      4

  L2-Data Cache:
    Size(KB):         256
    Block Size(B):    256
    Associativity:      4

Latencies:    1   15  250
L1-Sets:  256 - LIP - assoc:   4
L2-Sets:  256 - LIP - assoc:   4
Store_allocation: Yes
L2_inclusive: Yes

L1 Cache Stats:
L1-Load-Hits:         717437309   94.73%
L1-Load-Misses:        39948756    5.27%
L1-Load-Accesses:     757386065  100.00%

L1-Store-Hits:         444455045   93.92%
L1-Store-Misses:        28784084    6.08%
L1-Store-Accesses:     473239129  100.00%

L1-Total-Hits:        1161892354   94.41%
L1-Total-Misses:        68732840    5.59%
L1-Total-Accesses:    1230625194  100.00%

L2 Cache Stats:
L2-Load-Hits:          29145576   72.96%
L2-Load-Misses:        10803180   27.04%
L2-Load-Accesses:      39948756  100.00%

L2-Store-Hits:          27727830   96.33%
L2-Store-Misses:         1056254    3.67%
L2-Store-Accesses:      28784084  100.00%

L2-Total-Hits:          56873406   82.75%
L2-Total-Misses:        11859434   17.25%
L2-Total-Accesses:      68732840  100.00%

