--------
Total Statistics
--------
Total Instructions: 18199703624
Total Cycles: 352448277383
IPC: 0.0516379

--------
Two level Cache hierarchy
--------
  L1-Data Cache:
    Size(KB):          32
    Block Size(B):     32
    Associativity:      4

  L2-Data Cache:
    Size(KB):         256
    Block Size(B):    256
    Associativity:      4

Latencies:    1   15  250
L1-Sets:  256 - LIP - assoc:   4
L2-Sets:  256 - LIP - assoc:   4
Store_allocation: Yes
L2_inclusive: Yes

L1 Cache Stats:
L1-Load-Hits:        3201400602   50.39%
L1-Load-Misses:      3151580228   49.61%
L1-Load-Accesses:    6352980830  100.00%

L1-Store-Hits:        1811020529   96.29%
L1-Store-Misses:        69777155    3.71%
L1-Store-Accesses:    1880797684  100.00%

L1-Total-Hits:        5012421131   60.88%
L1-Total-Misses:      3221357383   39.12%
L1-Total-Accesses:    8233778514  100.00%

L2 Cache Stats:
L2-Load-Hits:        2050945817   65.08%
L2-Load-Misses:      1100634411   34.92%
L2-Load-Accesses:    3151580228  100.00%

L2-Store-Hits:          59633828   85.46%
L2-Store-Misses:        10143327   14.54%
L2-Store-Accesses:      69777155  100.00%

L2-Total-Hits:        2110579645   65.52%
L2-Total-Misses:      1110777738   34.48%
L2-Total-Accesses:    3221357383  100.00%

