--------
Total Statistics
--------
Total Instructions: 38323371624
Total Cycles: 163475401301
IPC: 0.234429

--------
Two level Cache hierarchy
--------
  L1-Data Cache:
    Size(KB):          32
    Block Size(B):     32
    Associativity:      4

  L2-Data Cache:
    Size(KB):         256
    Block Size(B):    256
    Associativity:      4

Latencies:    1   15  250
L1-Sets:  256 - LIP - assoc:   4
L2-Sets:  256 - LIP - assoc:   4
Store_allocation: Yes
L2_inclusive: Yes

L1 Cache Stats:
L1-Load-Hits:        8597007728   89.03%
L1-Load-Misses:      1059543988   10.97%
L1-Load-Accesses:    9656551716  100.00%

L1-Store-Hits:        3212133427   90.12%
L1-Store-Misses:       352022279    9.88%
L1-Store-Accesses:    3564155706  100.00%

L1-Total-Hits:       11809141155   89.32%
L1-Total-Misses:      1411566267   10.68%
L1-Total-Accesses:   13220707422  100.00%

L2 Cache Stats:
L2-Load-Hits:         765229235   72.22%
L2-Load-Misses:       294314753   27.78%
L2-Load-Accesses:    1059543988  100.00%

L2-Store-Hits:         283305719   80.48%
L2-Store-Misses:        68716560   19.52%
L2-Store-Accesses:     352022279  100.00%

L2-Total-Hits:        1048534954   74.28%
L2-Total-Misses:       363031313   25.72%
L2-Total-Accesses:    1411566267  100.00%

