--------
Total Statistics
--------
Total Instructions: 60533958854
Total Cycles: 88671196776
IPC: 0.682679

--------
Two level Cache hierarchy
--------
  L1-Data Cache:
    Size(KB):          32
    Block Size(B):     32
    Associativity:      4

  L2-Data Cache:
    Size(KB):         256
    Block Size(B):    256
    Associativity:      4

Latencies:    1   15  250
L1-Sets:  256 - LIP - assoc:   4
L2-Sets:  256 - LIP - assoc:   4
Store_allocation: Yes
L2_inclusive: Yes

L1 Cache Stats:
L1-Load-Hits:       13325296881   95.68%
L1-Load-Misses:       601316214    4.32%
L1-Load-Accesses:   13926613095  100.00%

L1-Store-Hits:        3700454599   99.30%
L1-Store-Misses:        25949048    0.70%
L1-Store-Accesses:    3726403647  100.00%

L1-Total-Hits:       17025751480   96.45%
L1-Total-Misses:       627265262    3.55%
L1-Total-Accesses:   17653016742  100.00%

L2 Cache Stats:
L2-Load-Hits:         597555667   99.37%
L2-Load-Misses:         3760547    0.63%
L2-Load-Accesses:     601316214  100.00%

L2-Store-Hits:          25408626   97.92%
L2-Store-Misses:          540422    2.08%
L2-Store-Accesses:      25949048  100.00%

L2-Total-Hits:         622964293   99.31%
L2-Total-Misses:         4300969    0.69%
L2-Total-Accesses:     627265262  100.00%

