--------
Total Statistics
--------
Total Instructions: 96483397560
Total Cycles: 553983320031
IPC: 0.174163

--------
Two level Cache hierarchy
--------
  L1-Data Cache:
    Size(KB):          32
    Block Size(B):     32
    Associativity:      4

  L2-Data Cache:
    Size(KB):         256
    Block Size(B):    256
    Associativity:      4

Latencies:    1   15  250
L1-Sets:  256 - LIP - assoc:   4
L2-Sets:  256 - LIP - assoc:   4
Store_allocation: Yes
L2_inclusive: Yes

L1 Cache Stats:
L1-Load-Hits:       18227193214   89.82%
L1-Load-Misses:      2065965626   10.18%
L1-Load-Accesses:   20293158840  100.00%

L1-Store-Hits:        5724761503   49.19%
L1-Store-Misses:      5912195468   50.81%
L1-Store-Accesses:   11636956971  100.00%

L1-Total-Hits:       23951954717   75.01%
L1-Total-Misses:      7978161094   24.99%
L1-Total-Accesses:   31930115811  100.00%

L2 Cache Stats:
L2-Load-Hits:        1795872538   86.93%
L2-Load-Misses:       270093088   13.07%
L2-Load-Accesses:    2065965626  100.00%

L2-Store-Hits:        4958698995   83.87%
L2-Store-Misses:       953496473   16.13%
L2-Store-Accesses:    5912195468  100.00%

L2-Total-Hits:        6754571533   84.66%
L2-Total-Misses:      1223589561   15.34%
L2-Total-Accesses:    7978161094  100.00%

