--------
Total Statistics
--------
Total Instructions: 7439188464
Total Cycles: 26288356415
IPC: 0.282984

--------
Two level Cache hierarchy
--------
  L1-Data Cache:
    Size(KB):          32
    Block Size(B):     32
    Associativity:      4

  L2-Data Cache:
    Size(KB):        2048
    Block Size(B):    256
    Associativity:     16

Latencies:    1   15  250
L1-Sets:  256 - LRU - assoc:   4
L2-Sets:  512 - LRU - assoc:  16
Store_allocation: Yes
L2_inclusive: Yes

L1 Cache Stats:
L1-Load-Hits:        1815016889   83.39%
L1-Load-Misses:       361487286   16.61%
L1-Load-Accesses:    2176504175  100.00%

L1-Store-Hits:         437416824   94.59%
L1-Store-Misses:        25016182    5.41%
L1-Store-Accesses:     462433006  100.00%

L1-Total-Hits:        2252433713   85.35%
L1-Total-Misses:       386503468   14.65%
L1-Total-Accesses:    2638937181  100.00%

L2 Cache Stats:
L2-Load-Hits:         322634351   89.25%
L2-Load-Misses:        38852935   10.75%
L2-Load-Accesses:     361487286  100.00%

L2-Store-Hits:          22218402   88.82%
L2-Store-Misses:         2797780   11.18%
L2-Store-Accesses:      25016182  100.00%

L2-Total-Hits:         344852753   89.22%
L2-Total-Misses:        41650715   10.78%
L2-Total-Accesses:     386503468  100.00%

