--------
Total Statistics
--------
Total Instructions: 7441157158
Total Cycles: 37881830996
IPC: 0.196431

--------
Two level Cache hierarchy
--------
  L1-Data Cache:
    Size(KB):          32
    Block Size(B):     32
    Associativity:      4

  L2-Data Cache:
    Size(KB):        1024
    Block Size(B):    128
    Associativity:     16

Latencies:    1   15  250
L1-Sets:  256 - LRU - assoc:   4
L2-Sets:  512 - LRU - assoc:  16
Store_allocation: Yes
L2_inclusive: Yes

L1 Cache Stats:
L1-Load-Hits:        1815698274   83.40%
L1-Load-Misses:       361491789   16.60%
L1-Load-Accesses:    2177190063  100.00%

L1-Store-Hits:         437422246   94.59%
L1-Store-Misses:        25020434    5.41%
L1-Store-Accesses:     462442680  100.00%

L1-Total-Hits:        2253120520   85.36%
L1-Total-Misses:       386512223   14.64%
L1-Total-Accesses:    2639632743  100.00%

L2 Cache Stats:
L2-Load-Hits:         279576283   77.34%
L2-Load-Misses:        81915506   22.66%
L2-Load-Accesses:     361491789  100.00%

L2-Store-Hits:          18922509   75.63%
L2-Store-Misses:         6097925   24.37%
L2-Store-Accesses:      25020434  100.00%

L2-Total-Hits:         298498792   77.23%
L2-Total-Misses:        88013431   22.77%
L2-Total-Accesses:     386512223  100.00%

