--------
Total Statistics
--------
Total Instructions: 7455029565
Total Cycles: 31022770348
IPC: 0.240308

--------
Two level Cache hierarchy
--------
  L1-Data Cache:
    Size(KB):          32
    Block Size(B):     32
    Associativity:      4

  L2-Data Cache:
    Size(KB):         256
    Block Size(B):    256
    Associativity:      8

Latencies:    1   15  250
L1-Sets:  256 - LRU - assoc:   4
L2-Sets:  128 - LRU - assoc:   8
Store_allocation: Yes
L2_inclusive: Yes

L1 Cache Stats:
L1-Load-Hits:        1817849649   83.40%
L1-Load-Misses:       361747234   16.60%
L1-Load-Accesses:    2179596883  100.00%

L1-Store-Hits:         437390366   94.58%
L1-Store-Misses:        25052314    5.42%
L1-Store-Accesses:     462442680  100.00%

L1-Total-Hits:        2255240015   85.36%
L1-Total-Misses:       386799548   14.64%
L1-Total-Accesses:    2642039563  100.00%

L2 Cache Stats:
L2-Load-Hits:         304774610   84.25%
L2-Load-Misses:        56972624   15.75%
L2-Load-Accesses:     361747234  100.00%

L2-Store-Hits:          21530106   85.94%
L2-Store-Misses:         3522208   14.06%
L2-Store-Accesses:      25052314  100.00%

L2-Total-Hits:         326304716   84.36%
L2-Total-Misses:        60494832   15.64%
L2-Total-Accesses:     386799548  100.00%

