--------
Total Statistics
--------
Total Instructions: 7434005557
Total Cycles: 42629979147
IPC: 0.174384

--------
Two level Cache hierarchy
--------
  L1-Data Cache:
    Size(KB):          32
    Block Size(B):     32
    Associativity:      4

  L2-Data Cache:
    Size(KB):         256
    Block Size(B):    128
    Associativity:      4

Latencies:    1   15  250
L1-Sets:  256 - LRU - assoc:   4
L2-Sets:  512 - LRU - assoc:   4
Store_allocation: Yes
L2_inclusive: Yes

L1 Cache Stats:
L1-Load-Hits:        1814234360   83.38%
L1-Load-Misses:       361633215   16.62%
L1-Load-Accesses:    2175867575  100.00%

L1-Store-Hits:         437397806   94.59%
L1-Store-Misses:        25035124    5.41%
L1-Store-Accesses:     462432930  100.00%

L1-Total-Hits:        2251632166   85.34%
L1-Total-Misses:       386668339   14.66%
L1-Total-Accesses:    2638300505  100.00%

L2 Cache Stats:
L2-Load-Hits:         261221355   72.23%
L2-Load-Misses:       100411860   27.77%
L2-Load-Accesses:     361633215  100.00%

L2-Store-Hits:          18416392   73.56%
L2-Store-Misses:         6618732   26.44%
L2-Store-Accesses:      25035124  100.00%

L2-Total-Hits:         279637747   72.32%
L2-Total-Misses:       107030592   27.68%
L2-Total-Accesses:     386668339  100.00%

