--------
Total Statistics
--------
Total Instructions: 3184019244
Total Cycles: 6920185586
IPC: 0.460106

--------
Two level Cache hierarchy
--------
  L1-Data Cache:
    Size(KB):          32
    Block Size(B):     32
    Associativity:      4

  L2-Data Cache:
    Size(KB):        1024
    Block Size(B):    256
    Associativity:      8

Latencies:    1   15  250
L1-Sets:  256 - LRU - assoc:   4
L2-Sets:  512 - LRU - assoc:   8
Store_allocation: Yes
L2_inclusive: Yes

L1 Cache Stats:
L1-Load-Hits:         719613082   95.02%
L1-Load-Misses:        37747244    4.98%
L1-Load-Accesses:     757360326  100.00%

L1-Store-Hits:         443332318   93.68%
L1-Store-Misses:        29907018    6.32%
L1-Store-Accesses:     473239336  100.00%

L1-Total-Hits:        1162945400   94.50%
L1-Total-Misses:        67654262    5.50%
L1-Total-Accesses:    1230599662  100.00%

L2 Cache Stats:
L2-Load-Hits:          32316759   85.61%
L2-Load-Misses:         5430485   14.39%
L2-Load-Accesses:      37747244  100.00%

L2-Store-Hits:          29374492   98.22%
L2-Store-Misses:          532526    1.78%
L2-Store-Accesses:      29907018  100.00%

L2-Total-Hits:          61691251   91.19%
L2-Total-Misses:         5963011    8.81%
L2-Total-Accesses:      67654262  100.00%

