--------
Total Statistics
--------
Total Instructions: 3184260511
Total Cycles: 7431365504
IPC: 0.428489

--------
Two level Cache hierarchy
--------
  L1-Data Cache:
    Size(KB):          32
    Block Size(B):     32
    Associativity:      4

  L2-Data Cache:
    Size(KB):         512
    Block Size(B):    256
    Associativity:      4

Latencies:    1   15  250
L1-Sets:  256 - LRU - assoc:   4
L2-Sets:  512 - LRU - assoc:   4
Store_allocation: Yes
L2_inclusive: Yes

L1 Cache Stats:
L1-Load-Hits:         719488791   95.00%
L1-Load-Misses:        37899676    5.00%
L1-Load-Accesses:     757388467  100.00%

L1-Store-Hits:         443525960   93.72%
L1-Store-Misses:        29741261    6.28%
L1-Store-Accesses:     473267221  100.00%

L1-Total-Hits:        1163014751   94.50%
L1-Total-Misses:        67640937    5.50%
L1-Total-Accesses:    1230655688  100.00%

L2 Cache Stats:
L2-Load-Hits:          30555140   80.62%
L2-Load-Misses:         7344536   19.38%
L2-Load-Accesses:      37899676  100.00%

L2-Store-Hits:          29078456   97.77%
L2-Store-Misses:          662805    2.23%
L2-Store-Accesses:      29741261  100.00%

L2-Total-Hits:          59633596   88.16%
L2-Total-Misses:         8007341   11.84%
L2-Total-Accesses:      67640937  100.00%

