--------
Total Statistics
--------
Total Instructions: 3184286317
Total Cycles: 8041053138
IPC: 0.396004

--------
Two level Cache hierarchy
--------
  L1-Data Cache:
    Size(KB):          32
    Block Size(B):     32
    Associativity:      4

  L2-Data Cache:
    Size(KB):         256
    Block Size(B):    256
    Associativity:      8

Latencies:    1   15  250
L1-Sets:  256 - LRU - assoc:   4
L2-Sets:  128 - LRU - assoc:   8
Store_allocation: Yes
L2_inclusive: Yes

L1 Cache Stats:
L1-Load-Hits:         719388888   94.98%
L1-Load-Misses:        38009747    5.02%
L1-Load-Accesses:     757398635  100.00%

L1-Store-Hits:         443402333   93.69%
L1-Store-Misses:        29857603    6.31%
L1-Store-Accesses:     473259936  100.00%

L1-Total-Hits:        1162791221   94.49%
L1-Total-Misses:        67867350    5.51%
L1-Total-Accesses:    1230658571  100.00%

L2 Cache Stats:
L2-Load-Hits:          28591639   75.22%
L2-Load-Misses:         9418108   24.78%
L2-Load-Accesses:      38009747  100.00%

L2-Store-Hits:          28843319   96.60%
L2-Store-Misses:         1014284    3.40%
L2-Store-Accesses:      29857603  100.00%

L2-Total-Hits:          57434958   84.63%
L2-Total-Misses:        10432392   15.37%
L2-Total-Accesses:      67867350  100.00%

