--------
Total Statistics
--------
Total Instructions: 3184145018
Total Cycles: 7657590916
IPC: 0.415816

--------
Two level Cache hierarchy
--------
  L1-Data Cache:
    Size(KB):          32
    Block Size(B):     32
    Associativity:      4

  L2-Data Cache:
    Size(KB):        1024
    Block Size(B):    128
    Associativity:     16

Latencies:    1   15  250
L1-Sets:  256 - LRU - assoc:   4
L2-Sets:  512 - LRU - assoc:  16
Store_allocation: Yes
L2_inclusive: Yes

L1 Cache Stats:
L1-Load-Hits:         719555862   95.01%
L1-Load-Misses:        37820604    4.99%
L1-Load-Accesses:     757376466  100.00%

L1-Store-Hits:         443736636   93.76%
L1-Store-Misses:        29516046    6.24%
L1-Store-Accesses:     473252682  100.00%

L1-Total-Hits:        1163292498   94.53%
L1-Total-Misses:        67336650    5.47%
L1-Total-Accesses:    1230629148  100.00%

L2 Cache Stats:
L2-Load-Hits:          29867761   78.97%
L2-Load-Misses:         7952843   21.03%
L2-Load-Accesses:      37820604  100.00%

L2-Store-Hits:          28537821   96.69%
L2-Store-Misses:          978225    3.31%
L2-Store-Accesses:      29516046  100.00%

L2-Total-Hits:          58405582   86.74%
L2-Total-Misses:         8931068   13.26%
L2-Total-Accesses:      67336650  100.00%

