--------
Total Statistics
--------
Total Instructions: 3184074650
Total Cycles: 6917593137
IPC: 0.460286

--------
Two level Cache hierarchy
--------
  L1-Data Cache:
    Size(KB):          32
    Block Size(B):     32
    Associativity:      4

  L2-Data Cache:
    Size(KB):        1024
    Block Size(B):    256
    Associativity:      8

Latencies:    1   15  250
L1-Sets:  256 - LRU - assoc:   4
L2-Sets:  512 - LRU - assoc:   8
Store_allocation: Yes
L2_inclusive: Yes

L1 Cache Stats:
L1-Load-Hits:         719565028   95.01%
L1-Load-Misses:        37804406    4.99%
L1-Load-Accesses:     757369434  100.00%

L1-Store-Hits:         443865795   93.79%
L1-Store-Misses:        29380823    6.21%
L1-Store-Accesses:     473246618  100.00%

L1-Total-Hits:        1163430823   94.54%
L1-Total-Misses:        67185229    5.46%
L1-Total-Accesses:    1230616052  100.00%

L2 Cache Stats:
L2-Load-Hits:          32356491   85.59%
L2-Load-Misses:         5447915   14.41%
L2-Load-Accesses:      37804406  100.00%

L2-Store-Hits:          28848242   98.19%
L2-Store-Misses:          532581    1.81%
L2-Store-Accesses:      29380823  100.00%

L2-Total-Hits:          61204733   91.10%
L2-Total-Misses:         5980496    8.90%
L2-Total-Accesses:      67185229  100.00%

