--------
Total Statistics
--------
Total Instructions: 60533958858
Total Cycles: 87559054450
IPC: 0.69135

--------
Two level Cache hierarchy
--------
  L1-Data Cache:
    Size(KB):          32
    Block Size(B):     32
    Associativity:      4

  L2-Data Cache:
    Size(KB):        1024
    Block Size(B):    256
    Associativity:      8

Latencies:    1   15  250
L1-Sets:  256 - LRU - assoc:   4
L2-Sets:  512 - LRU - assoc:   8
Store_allocation: Yes
L2_inclusive: Yes

L1 Cache Stats:
L1-Load-Hits:       13362053370   95.95%
L1-Load-Misses:       564559725    4.05%
L1-Load-Accesses:   13926613095  100.00%

L1-Store-Hits:        3699191932   99.27%
L1-Store-Misses:        27211715    0.73%
L1-Store-Accesses:    3726403647  100.00%

L1-Total-Hits:       17061245302   96.65%
L1-Total-Misses:       591771440    3.35%
L1-Total-Accesses:   17653016742  100.00%

L2 Cache Stats:
L2-Load-Hits:         563017079   99.73%
L2-Load-Misses:         1542646    0.27%
L2-Load-Accesses:     564559725  100.00%

L2-Store-Hits:          26772332   98.39%
L2-Store-Misses:          439383    1.61%
L2-Store-Accesses:      27211715  100.00%

L2-Total-Hits:         589789411   99.67%
L2-Total-Misses:         1982029    0.33%
L2-Total-Accesses:     591771440  100.00%

