--------
Total Statistics
--------
Total Instructions: 7474547153
Total Cycles: 27491986787
IPC: 0.271881

--------
Two level Cache hierarchy
--------
  L1-Data Cache:
    Size(KB):          32
    Block Size(B):     32
    Associativity:      4

  L2-Data Cache:
    Size(KB):        1024
    Block Size(B):    256
    Associativity:      8

Latencies:    1   15  250
L1-Sets:  256 - LRU - assoc:   4
L2-Sets:  512 - LRU - assoc:   8
Store_allocation: Yes
L2_inclusive: Yes

L1 Cache Stats:
L1-Load-Hits:        1821040613   83.43%
L1-Load-Misses:       361651537   16.57%
L1-Load-Accesses:    2182692150  100.00%

L1-Store-Hits:         437430429   94.59%
L1-Store-Misses:        25017125    5.41%
L1-Store-Accesses:     462447554  100.00%

L1-Total-Hits:        2258471042   85.38%
L1-Total-Misses:       386668662   14.62%
L1-Total-Accesses:    2645139704  100.00%

L2 Cache Stats:
L2-Load-Hits:         318545445   88.08%
L2-Load-Misses:        43106092   11.92%
L2-Load-Accesses:     361651537  100.00%

L2-Store-Hits:          21834137   87.28%
L2-Store-Misses:         3182988   12.72%
L2-Store-Accesses:      25017125  100.00%

L2-Total-Hits:         340379582   88.03%
L2-Total-Misses:        46289080   11.97%
L2-Total-Accesses:     386668662  100.00%

