--------
Total Statistics
--------
Total Instructions: 3184103511
Total Cycles: 6960127908
IPC: 0.457478

--------
Two level Cache hierarchy
--------
  L1-Data Cache:
    Size(KB):          32
    Block Size(B):     32
    Associativity:      4

  L2-Data Cache:
    Size(KB):        1024
    Block Size(B):    256
    Associativity:      8

Latencies:    1   15  250
L1-Sets:  256 - SRRIP - assoc:   4
L2-Sets:  512 - SRRIP - assoc:   8
Store_allocation: Yes
L2_inclusive: Yes

L1 Cache Stats:
L1-Load-Hits:         718138978   94.82%
L1-Load-Misses:        39241719    5.18%
L1-Load-Accesses:     757380697  100.00%

L1-Store-Hits:         443732421   93.76%
L1-Store-Misses:        29514609    6.24%
L1-Store-Accesses:     473247030  100.00%

L1-Total-Hits:        1161871399   94.41%
L1-Total-Misses:        68756328    5.59%
L1-Total-Accesses:    1230627727  100.00%

L2 Cache Stats:
L2-Load-Hits:          33741723   85.98%
L2-Load-Misses:         5499996   14.02%
L2-Load-Accesses:      39241719  100.00%

L2-Store-Hits:          28958398   98.12%
L2-Store-Misses:          556211    1.88%
L2-Store-Accesses:      29514609  100.00%

L2-Total-Hits:          62700121   91.19%
L2-Total-Misses:         6056207    8.81%
L2-Total-Accesses:      68756328  100.00%

