--------
Total Statistics
--------
Total Instructions: 7435079821
Total Cycles: 57677022301
IPC: 0.128909

--------
Two level Cache hierarchy
--------
  L1-Data Cache:
    Size(KB):          32
    Block Size(B):     32
    Associativity:      4

  L2-Data Cache:
    Size(KB):        1024
    Block Size(B):     64
    Associativity:      8

Latencies:    1   15  250
L1-Sets:  256 - LRU - assoc:   4
L2-Sets: 2048 - LRU - assoc:   8
Store_allocation: Yes
L2_inclusive: Yes

L1 Cache Stats:
L1-Load-Hits:        1814391080   83.38%
L1-Load-Misses:       361541875   16.62%
L1-Load-Accesses:    2175932955  100.00%

L1-Store-Hits:         437409882   94.59%
L1-Store-Misses:        25032798    5.41%
L1-Store-Accesses:     462442680  100.00%

L1-Total-Hits:        2251800962   85.35%
L1-Total-Misses:       386574673   14.65%
L1-Total-Accesses:    2638375635  100.00%

L2 Cache Stats:
L2-Load-Hits:         205949792   56.96%
L2-Load-Misses:       155592083   43.04%
L2-Load-Accesses:     361541875  100.00%

L2-Store-Hits:          13405094   53.55%
L2-Store-Misses:        11627704   46.45%
L2-Store-Accesses:      25032798  100.00%

L2-Total-Hits:         219354886   56.74%
L2-Total-Misses:       167219787   43.26%
L2-Total-Accesses:     386574673  100.00%

