--------
Total Statistics
--------
Total Instructions: 60533956980
Total Cycles: 87428984885
IPC: 0.692379

--------
Two level Cache hierarchy
--------
  L1-Data Cache:
    Size(KB):          32
    Block Size(B):     32
    Associativity:      4

  L2-Data Cache:
    Size(KB):        2048
    Block Size(B):    256
    Associativity:     16

Latencies:    1   15  250
L1-Sets:  256 - LRU - assoc:   4
L2-Sets:  512 - LRU - assoc:  16
Store_allocation: Yes
L2_inclusive: Yes

L1 Cache Stats:
L1-Load-Hits:       13362474134   95.95%
L1-Load-Misses:       564138762    4.05%
L1-Load-Accesses:   13926612896  100.00%

L1-Store-Hits:        3700434109   99.30%
L1-Store-Misses:        25969545    0.70%
L1-Store-Accesses:    3726403654  100.00%

L1-Total-Hits:       17062908243   96.66%
L1-Total-Misses:       590108307    3.34%
L1-Total-Accesses:   17653016550  100.00%

L2 Cache Stats:
L2-Load-Hits:         563012447   99.80%
L2-Load-Misses:         1126315    0.20%
L2-Load-Accesses:     564138762  100.00%

L2-Store-Hits:          25534313   98.32%
L2-Store-Misses:          435232    1.68%
L2-Store-Accesses:      25969545  100.00%

L2-Total-Hits:         588546760   99.74%
L2-Total-Misses:         1561547    0.26%
L2-Total-Accesses:     590108307  100.00%

