--------
Total Statistics
--------
Total Instructions: 108733220816
Total Cycles: 624086640399
IPC: 0.174228

--------
Two level Cache hierarchy
--------
  L1-Data Cache:
    Size(KB):          32
    Block Size(B):     32
    Associativity:      4

  L2-Data Cache:
    Size(KB):        1024
    Block Size(B):    128
    Associativity:     16

Latencies:    1   15  250
L1-Sets:  256 - LRU - assoc:   4
L2-Sets:  512 - LRU - assoc:  16
Store_allocation: Yes
L2_inclusive: Yes

L1 Cache Stats:
L1-Load-Hits:       28469910154   81.89%
L1-Load-Misses:      6295468749   18.11%
L1-Load-Accesses:   34765378903  100.00%

L1-Store-Hits:        9520646165   99.21%
L1-Store-Misses:        75698205    0.79%
L1-Store-Accesses:    9596344370  100.00%

L1-Total-Hits:       37990556319   85.64%
L1-Total-Misses:      6371166954   14.36%
L1-Total-Accesses:   44361723273  100.00%

L2 Cache Stats:
L2-Load-Hits:        4806334039   76.35%
L2-Load-Misses:      1489134710   23.65%
L2-Load-Accesses:    6295468749  100.00%

L2-Store-Hits:          63136147   83.41%
L2-Store-Misses:        12562058   16.59%
L2-Store-Accesses:      75698205  100.00%

L2-Total-Hits:        4869470186   76.43%
L2-Total-Misses:      1501696768   23.57%
L2-Total-Accesses:    6371166954  100.00%

