--------
Total Statistics
--------
Total Instructions: 96483399370
Total Cycles: 501905042146
IPC: 0.192234

--------
Two level Cache hierarchy
--------
  L1-Data Cache:
    Size(KB):          32
    Block Size(B):     32
    Associativity:      4

  L2-Data Cache:
    Size(KB):        2048
    Block Size(B):    256
    Associativity:     16

Latencies:    1   15  250
L1-Sets:  256 - LRU - assoc:   4
L2-Sets:  512 - LRU - assoc:  16
Store_allocation: Yes
L2_inclusive: Yes

L1 Cache Stats:
L1-Load-Hits:       18240789029   89.89%
L1-Load-Misses:      2052370269   10.11%
L1-Load-Accesses:   20293159298  100.00%

L1-Store-Hits:        5350544947   45.98%
L1-Store-Misses:      6286412031   54.02%
L1-Store-Accesses:   11636956978  100.00%

L1-Total-Hits:       23591333976   73.88%
L1-Total-Misses:      8338782300   26.12%
L1-Total-Accesses:   31930116276  100.00%

L2 Cache Stats:
L2-Load-Hits:        1795547775   87.49%
L2-Load-Misses:       256822494   12.51%
L2-Load-Accesses:    2052370269  100.00%

L2-Store-Hits:        5549595357   88.28%
L2-Store-Misses:       736816674   11.72%
L2-Store-Accesses:    6286412031  100.00%

L2-Total-Hits:        7345143132   88.08%
L2-Total-Misses:       993639168   11.92%
L2-Total-Accesses:    8338782300  100.00%

