--------
Total Statistics
--------
Total Instructions: 96483399370
Total Cycles: 750284885436
IPC: 0.128596

--------
Two level Cache hierarchy
--------
  L1-Data Cache:
    Size(KB):          32
    Block Size(B):     32
    Associativity:      4

  L2-Data Cache:
    Size(KB):        1024
    Block Size(B):    128
    Associativity:     16

Latencies:    1   15  250
L1-Sets:  256 - LRU - assoc:   4
L2-Sets:  512 - LRU - assoc:  16
Store_allocation: Yes
L2_inclusive: Yes

L1 Cache Stats:
L1-Load-Hits:       18240585055   89.89%
L1-Load-Misses:      2052574243   10.11%
L1-Load-Accesses:   20293159298  100.00%

L1-Store-Hits:        5350385335   45.98%
L1-Store-Misses:      6286571643   54.02%
L1-Store-Accesses:   11636956978  100.00%

L1-Total-Hits:       23590970390   73.88%
L1-Total-Misses:      8339145886   26.12%
L1-Total-Accesses:   31930116276  100.00%

L2 Cache Stats:
L2-Load-Hits:        1539148312   74.99%
L2-Load-Misses:       513425931   25.01%
L2-Load-Accesses:    2052574243  100.00%

L2-Store-Hits:        4812860848   76.56%
L2-Store-Misses:      1473710795   23.44%
L2-Store-Accesses:    6286571643  100.00%

L2-Total-Hits:        6352009160   76.17%
L2-Total-Misses:      1987136726   23.83%
L2-Total-Accesses:    8339145886  100.00%

