--------
Total Statistics
--------
Total Instructions: 96483399370
Total Cycles: 502138816256
IPC: 0.192145

--------
Two level Cache hierarchy
--------
  L1-Data Cache:
    Size(KB):          32
    Block Size(B):     32
    Associativity:      4

  L2-Data Cache:
    Size(KB):         512
    Block Size(B):    256
    Associativity:      8

Latencies:    1   15  250
L1-Sets:  256 - LRU - assoc:   4
L2-Sets:  256 - LRU - assoc:   8
Store_allocation: Yes
L2_inclusive: Yes

L1 Cache Stats:
L1-Load-Hits:       18239890326   89.88%
L1-Load-Misses:      2053268972   10.12%
L1-Load-Accesses:   20293159298  100.00%

L1-Store-Hits:        5349728926   45.97%
L1-Store-Misses:      6287228052   54.03%
L1-Store-Accesses:   11636956978  100.00%

L1-Total-Hits:       23589619252   73.88%
L1-Total-Misses:      8340497024   26.12%
L1-Total-Accesses:   31930116276  100.00%

L2 Cache Stats:
L2-Load-Hits:        1795759681   87.46%
L2-Load-Misses:       257509291   12.54%
L2-Load-Accesses:    2053268972  100.00%

L2-Store-Hits:        5550265962   88.28%
L2-Store-Misses:       736962090   11.72%
L2-Store-Accesses:    6287228052  100.00%

L2-Total-Hits:        7346025643   88.08%
L2-Total-Misses:       994471381   11.92%
L2-Total-Accesses:    8340497024  100.00%

