--------
Total Statistics
--------
Total Instructions: 3184390130
Total Cycles: 8202030957
IPC: 0.388244

--------
Two level Cache hierarchy
--------
  L1-Data Cache:
    Size(KB):          32
    Block Size(B):     32
    Associativity:      4

  L2-Data Cache:
    Size(KB):         512
    Block Size(B):    128
    Associativity:      8

Latencies:    1   15  250
L1-Sets:  256 - LRU - assoc:   4
L2-Sets:  512 - LRU - assoc:   8
Store_allocation: Yes
L2_inclusive: Yes

L1 Cache Stats:
L1-Load-Hits:         719559004   95.00%
L1-Load-Misses:        37855209    5.00%
L1-Load-Accesses:     757414213  100.00%

L1-Store-Hits:         444051353   93.82%
L1-Store-Misses:        29226836    6.18%
L1-Store-Accesses:     473278189  100.00%

L1-Total-Hits:        1163610357   94.55%
L1-Total-Misses:        67082045    5.45%
L1-Total-Accesses:    1230692402  100.00%

L2 Cache Stats:
L2-Load-Hits:          27891736   73.68%
L2-Load-Misses:         9963473   26.32%
L2-Load-Accesses:      37855209  100.00%

L2-Store-Hits:          28067438   96.03%
L2-Store-Misses:         1159398    3.97%
L2-Store-Accesses:      29226836  100.00%

L2-Total-Hits:          55959174   83.42%
L2-Total-Misses:        11122871   16.58%
L2-Total-Accesses:      67082045  100.00%

