--------
Total Statistics
--------
Total Instructions: 3184155961
Total Cycles: 7067671197
IPC: 0.450524

--------
Two level Cache hierarchy
--------
  L1-Data Cache:
    Size(KB):          32
    Block Size(B):     32
    Associativity:      4

  L2-Data Cache:
    Size(KB):        1024
    Block Size(B):    256
    Associativity:      8

Latencies:    1   15  250
L1-Sets:  256 - LIP - assoc:   4
L2-Sets:  512 - LIP - assoc:   8
Store_allocation: Yes
L2_inclusive: Yes

L1 Cache Stats:
L1-Load-Hits:         718840782   94.91%
L1-Load-Misses:        38515427    5.09%
L1-Load-Accesses:     757356209  100.00%

L1-Store-Hits:         443792622   93.78%
L1-Store-Misses:        29441375    6.22%
L1-Store-Accesses:     473233997  100.00%

L1-Total-Hits:        1162633404   94.48%
L1-Total-Misses:        67956802    5.52%
L1-Total-Accesses:    1230590206  100.00%

L2 Cache Stats:
L2-Load-Hits:          32524841   84.45%
L2-Load-Misses:         5990586   15.55%
L2-Load-Accesses:      38515427  100.00%

L2-Store-Hits:          28897669   98.15%
L2-Store-Misses:          543706    1.85%
L2-Store-Accesses:      29441375  100.00%

L2-Total-Hits:          61422510   90.38%
L2-Total-Misses:         6534292    9.62%
L2-Total-Accesses:      67956802  100.00%

