--------
Total Statistics
--------
Total Instructions: 18199703624
Total Cycles: 274115256303
IPC: 0.0663943

--------
Two level Cache hierarchy
--------
  L1-Data Cache:
    Size(KB):          32
    Block Size(B):     32
    Associativity:      4

  L2-Data Cache:
    Size(KB):        1024
    Block Size(B):    256
    Associativity:      8

Latencies:    1   15  250
L1-Sets:  256 - LIP - assoc:   4
L2-Sets:  512 - LIP - assoc:   8
Store_allocation: Yes
L2_inclusive: Yes

L1 Cache Stats:
L1-Load-Hits:        3220122303   50.69%
L1-Load-Misses:      3132858527   49.31%
L1-Load-Accesses:    6352980830  100.00%

L1-Store-Hits:        1811781200   96.33%
L1-Store-Misses:        69016484    3.67%
L1-Store-Accesses:    1880797684  100.00%

L1-Total-Hits:        5031903503   61.11%
L1-Total-Misses:      3201875011   38.89%
L1-Total-Accesses:    8233778514  100.00%

L2 Cache Stats:
L2-Load-Hits:        2343024634   74.79%
L2-Load-Misses:       789833893   25.21%
L2-Load-Accesses:    3132858527  100.00%

L2-Store-Hits:          60235781   87.28%
L2-Store-Misses:         8780703   12.72%
L2-Store-Accesses:      69016484  100.00%

L2-Total-Hits:        2403260415   75.06%
L2-Total-Misses:       798614596   24.94%
L2-Total-Accesses:    3201875011  100.00%

