--------
Total Statistics
--------
Total Instructions: 60533958854
Total Cycles: 88066849566
IPC: 0.687364

--------
Two level Cache hierarchy
--------
  L1-Data Cache:
    Size(KB):          32
    Block Size(B):     32
    Associativity:      4

  L2-Data Cache:
    Size(KB):        1024
    Block Size(B):    256
    Associativity:      8

Latencies:    1   15  250
L1-Sets:  256 - LIP - assoc:   4
L2-Sets:  512 - LIP - assoc:   8
Store_allocation: Yes
L2_inclusive: Yes

L1 Cache Stats:
L1-Load-Hits:       13327228394   95.70%
L1-Load-Misses:       599384701    4.30%
L1-Load-Accesses:   13926613095  100.00%

L1-Store-Hits:        3700891650   99.32%
L1-Store-Misses:        25511997    0.68%
L1-Store-Accesses:    3726403647  100.00%

L1-Total-Hits:       17028120044   96.46%
L1-Total-Misses:       624896698    3.54%
L1-Total-Accesses:   17653016742  100.00%

L2 Cache Stats:
L2-Load-Hits:         597810285   99.74%
L2-Load-Misses:         1574416    0.26%
L2-Load-Accesses:     599384701  100.00%

L2-Store-Hits:          25060719   98.23%
L2-Store-Misses:          451278    1.77%
L2-Store-Accesses:      25511997  100.00%

L2-Total-Hits:         622871004   99.68%
L2-Total-Misses:         2025694    0.32%
L2-Total-Accesses:     624896698  100.00%

