--------
Total Statistics
--------
Total Instructions: 3184307156
Total Cycles: 9053838387
IPC: 0.351708

--------
Two level Cache hierarchy
--------
  L1-Data Cache:
    Size(KB):          32
    Block Size(B):     32
    Associativity:      4

  L2-Data Cache:
    Size(KB):         512
    Block Size(B):     64
    Associativity:      8

Latencies:    1   15  250
L1-Sets:  256 - LRU - assoc:   4
L2-Sets: 1024 - LRU - assoc:   8
Store_allocation: Yes
L2_inclusive: Yes

L1 Cache Stats:
L1-Load-Hits:         719626590   95.01%
L1-Load-Misses:        37802529    4.99%
L1-Load-Accesses:     757429119  100.00%

L1-Store-Hits:         444091237   93.84%
L1-Store-Misses:        29164215    6.16%
L1-Store-Accesses:     473255452  100.00%

L1-Total-Hits:        1163717827   94.56%
L1-Total-Misses:        66966744    5.44%
L1-Total-Accesses:    1230684571  100.00%

L2 Cache Stats:
L2-Load-Hits:          25340772   67.03%
L2-Load-Misses:        12461757   32.97%
L2-Load-Accesses:      37802529  100.00%

L2-Store-Hits:          27088590   92.88%
L2-Store-Misses:         2075625    7.12%
L2-Store-Accesses:      29164215  100.00%

L2-Total-Hits:          52429362   78.29%
L2-Total-Misses:        14537382   21.71%
L2-Total-Accesses:      66966744  100.00%

