--------
Total Statistics
--------
Total Instructions: 18199703624
Total Cycles: 607392144618
IPC: 0.0299637

--------
Two level Cache hierarchy
--------
  L1-Data Cache:
    Size(KB):          32
    Block Size(B):     32
    Associativity:      4

  L2-Data Cache:
    Size(KB):         512
    Block Size(B):     64
    Associativity:      8

Latencies:    1   15  250
L1-Sets:  256 - LRU - assoc:   4
L2-Sets: 1024 - LRU - assoc:   8
Store_allocation: Yes
L2_inclusive: Yes

L1 Cache Stats:
L1-Load-Hits:        3249607947   51.15%
L1-Load-Misses:      3103372883   48.85%
L1-Load-Accesses:    6352980830  100.00%

L1-Store-Hits:        1809146235   96.19%
L1-Store-Misses:        71651449    3.81%
L1-Store-Accesses:    1880797684  100.00%

L1-Total-Hits:        5058754182   61.44%
L1-Total-Misses:      3175024332   38.56%
L1-Total-Accesses:    8233778514  100.00%

L2 Cache Stats:
L2-Load-Hits:        1003286247   32.33%
L2-Load-Misses:      2100086636   67.67%
L2-Load-Accesses:    3103372883  100.00%

L2-Store-Hits:          38404895   53.60%
L2-Store-Misses:        33246554   46.40%
L2-Store-Accesses:      71651449  100.00%

L2-Total-Hits:        1041691142   32.81%
L2-Total-Misses:      2133333190   67.19%
L2-Total-Accesses:    3175024332  100.00%

