--------
Total Statistics
--------
Total Instructions: 60533958858
Total Cycles: 89278378365
IPC: 0.678036

--------
Two level Cache hierarchy
--------
  L1-Data Cache:
    Size(KB):          32
    Block Size(B):     32
    Associativity:      4

  L2-Data Cache:
    Size(KB):         512
    Block Size(B):     64
    Associativity:      8

Latencies:    1   15  250
L1-Sets:  256 - LRU - assoc:   4
L2-Sets: 1024 - LRU - assoc:   8
Store_allocation: Yes
L2_inclusive: Yes

L1 Cache Stats:
L1-Load-Hits:       13364309565   95.96%
L1-Load-Misses:       562303530    4.04%
L1-Load-Accesses:   13926613095  100.00%

L1-Store-Hits:        3699942176   99.29%
L1-Store-Misses:        26461471    0.71%
L1-Store-Accesses:    3726403647  100.00%

L1-Total-Hits:       17064251741   96.66%
L1-Total-Misses:       588765001    3.34%
L1-Total-Accesses:   17653016742  100.00%

L2 Cache Stats:
L2-Load-Hits:         554938941   98.69%
L2-Load-Misses:         7364589    1.31%
L2-Load-Accesses:     562303530  100.00%

L2-Store-Hits:          24786349   93.67%
L2-Store-Misses:         1675122    6.33%
L2-Store-Accesses:      26461471  100.00%

L2-Total-Hits:         579725290   98.46%
L2-Total-Misses:         9039711    1.54%
L2-Total-Accesses:     588765001  100.00%

