--------
Total Statistics
--------
Total Instructions: 96483397560
Total Cycles: 1246965600361
IPC: 0.0773745

--------
Two level Cache hierarchy
--------
  L1-Data Cache:
    Size(KB):          32
    Block Size(B):     32
    Associativity:      4

  L2-Data Cache:
    Size(KB):         512
    Block Size(B):     64
    Associativity:      8

Latencies:    1   15  250
L1-Sets:  256 - LRU - assoc:   4
L2-Sets: 1024 - LRU - assoc:   8
Store_allocation: Yes
L2_inclusive: Yes

L1 Cache Stats:
L1-Load-Hits:       18239866224   89.88%
L1-Load-Misses:      2053292616   10.12%
L1-Load-Accesses:   20293158840  100.00%

L1-Store-Hits:        5349899171   45.97%
L1-Store-Misses:      6287057800   54.03%
L1-Store-Accesses:   11636956971  100.00%

L1-Total-Hits:       23589765395   73.88%
L1-Total-Misses:      8340350416   26.12%
L1-Total-Accesses:   31930115811  100.00%

L2 Cache Stats:
L2-Load-Hits:        1027048555   50.02%
L2-Load-Misses:      1026244061   49.98%
L2-Load-Accesses:    2053292616  100.00%

L2-Store-Hits:        3339514538   53.12%
L2-Store-Misses:      2947543262   46.88%
L2-Store-Accesses:    6287057800  100.00%

L2-Total-Hits:        4366563093   52.35%
L2-Total-Misses:      3973787323   47.65%
L2-Total-Accesses:    8340350416  100.00%

