--------
Total Statistics
--------
Total Instructions: 3184156678
Total Cycles: 10165341093
IPC: 0.313237

--------
Two level Cache hierarchy
--------
  L1-Data Cache:
    Size(KB):          32
    Block Size(B):     32
    Associativity:      4

  L2-Data Cache:
    Size(KB):         256
    Block Size(B):     64
    Associativity:      8

Latencies:    1   15  250
L1-Sets:  256 - LRU - assoc:   4
L2-Sets:  512 - LRU - assoc:   8
Store_allocation: Yes
L2_inclusive: Yes

L1 Cache Stats:
L1-Load-Hits:         719527111   95.00%
L1-Load-Misses:        37861956    5.00%
L1-Load-Accesses:     757389067  100.00%

L1-Store-Hits:         443598836   93.74%
L1-Store-Misses:        29642542    6.26%
L1-Store-Accesses:     473241378  100.00%

L1-Total-Hits:        1163125947   94.51%
L1-Total-Misses:        67504498    5.49%
L1-Total-Accesses:    1230630445  100.00%

L2 Cache Stats:
L2-Load-Hits:          22032772   58.19%
L2-Load-Misses:        15829184   41.81%
L2-Load-Accesses:      37861956  100.00%

L2-Store-Hits:          26519780   89.47%
L2-Store-Misses:         3122762   10.53%
L2-Store-Accesses:      29642542  100.00%

L2-Total-Hits:          48552552   71.92%
L2-Total-Misses:        18951946   28.08%
L2-Total-Accesses:      67504498  100.00%

