--------
Total Statistics
--------
Total Instructions: 18199703624
Total Cycles: 637764730783
IPC: 0.0285367

--------
Two level Cache hierarchy
--------
  L1-Data Cache:
    Size(KB):          32
    Block Size(B):     32
    Associativity:      4

  L2-Data Cache:
    Size(KB):         256
    Block Size(B):     64
    Associativity:      8

Latencies:    1   15  250
L1-Sets:  256 - LRU - assoc:   4
L2-Sets:  512 - LRU - assoc:   8
Store_allocation: Yes
L2_inclusive: Yes

L1 Cache Stats:
L1-Load-Hits:        3248854459   51.14%
L1-Load-Misses:      3104126371   48.86%
L1-Load-Accesses:    6352980830  100.00%

L1-Store-Hits:        1808951912   96.18%
L1-Store-Misses:        71845772    3.82%
L1-Store-Accesses:    1880797684  100.00%

L1-Total-Hits:        5057806371   61.43%
L1-Total-Misses:      3175972143   38.57%
L1-Total-Accesses:    8233778514  100.00%

L2 Cache Stats:
L2-Load-Hits:         883295457   28.46%
L2-Load-Misses:      2220830914   71.54%
L2-Load-Accesses:    3104126371  100.00%

L2-Store-Hits:          37910020   52.77%
L2-Store-Misses:        33935752   47.23%
L2-Store-Accesses:      71845772  100.00%

L2-Total-Hits:         921205477   29.01%
L2-Total-Misses:      2254766666   70.99%
L2-Total-Accesses:    3175972143  100.00%

