--------
Total Statistics
--------
Total Instructions: 38323371624
Total Cycles: 268770119031
IPC: 0.142588

--------
Two level Cache hierarchy
--------
  L1-Data Cache:
    Size(KB):          32
    Block Size(B):     32
    Associativity:      4

  L2-Data Cache:
    Size(KB):         256
    Block Size(B):     64
    Associativity:      8

Latencies:    1   15  250
L1-Sets:  256 - LRU - assoc:   4
L2-Sets:  512 - LRU - assoc:   8
Store_allocation: Yes
L2_inclusive: Yes

L1 Cache Stats:
L1-Load-Hits:        8616989151   89.23%
L1-Load-Misses:      1039562565   10.77%
L1-Load-Accesses:    9656551716  100.00%

L1-Store-Hits:        3213233972   90.15%
L1-Store-Misses:       350921734    9.85%
L1-Store-Accesses:    3564155706  100.00%

L1-Total-Hits:       11830223123   89.48%
L1-Total-Misses:      1390484299   10.52%
L1-Total-Accesses:   13220707422  100.00%

L2 Cache Stats:
L2-Load-Hits:         438071167   42.14%
L2-Load-Misses:       601491398   57.86%
L2-Load-Accesses:    1039562565  100.00%

L2-Store-Hits:         166938030   47.57%
L2-Store-Misses:       183983704   52.43%
L2-Store-Accesses:     350921734  100.00%

L2-Total-Hits:         605009197   43.51%
L2-Total-Misses:       785475102   56.49%
L2-Total-Accesses:    1390484299  100.00%

