--------
Total Statistics
--------
Total Instructions: 60533958858
Total Cycles: 89677623655
IPC: 0.675017

--------
Two level Cache hierarchy
--------
  L1-Data Cache:
    Size(KB):          32
    Block Size(B):     32
    Associativity:      4

  L2-Data Cache:
    Size(KB):         256
    Block Size(B):     64
    Associativity:      8

Latencies:    1   15  250
L1-Sets:  256 - LRU - assoc:   4
L2-Sets:  512 - LRU - assoc:   8
Store_allocation: Yes
L2_inclusive: Yes

L1 Cache Stats:
L1-Load-Hits:       13366841118   95.98%
L1-Load-Misses:       559771977    4.02%
L1-Load-Accesses:   13926613095  100.00%

L1-Store-Hits:        3700335837   99.30%
L1-Store-Misses:        26067810    0.70%
L1-Store-Accesses:    3726403647  100.00%

L1-Total-Hits:       17067176955   96.68%
L1-Total-Misses:       585839787    3.32%
L1-Total-Accesses:   17653016742  100.00%

L2 Cache Stats:
L2-Load-Hits:         550693112   98.38%
L2-Load-Misses:         9078865    1.62%
L2-Load-Accesses:     559771977  100.00%

L2-Store-Hits:          24334470   93.35%
L2-Store-Misses:         1733340    6.65%
L2-Store-Accesses:      26067810  100.00%

L2-Total-Hits:         575027582   98.15%
L2-Total-Misses:        10812205    1.85%
L2-Total-Accesses:     585839787  100.00%

