--------
Total Statistics
--------
Total Instructions: 7460786566
Total Cycles: 64682768935
IPC: 0.115344

--------
Two level Cache hierarchy
--------
  L1-Data Cache:
    Size(KB):          32
    Block Size(B):     32
    Associativity:      4

  L2-Data Cache:
    Size(KB):         256
    Block Size(B):     64
    Associativity:      8

Latencies:    1   15  250
L1-Sets:  256 - LRU - assoc:   4
L2-Sets:  512 - LRU - assoc:   8
Store_allocation: Yes
L2_inclusive: Yes

L1 Cache Stats:
L1-Load-Hits:        1821196241   83.43%
L1-Load-Misses:       361823764   16.57%
L1-Load-Accesses:    2183020005  100.00%

L1-Store-Hits:         437422664   94.59%
L1-Store-Misses:        25024890    5.41%
L1-Store-Accesses:     462447554  100.00%

L1-Total-Hits:        2258618905   85.38%
L1-Total-Misses:       386848654   14.62%
L1-Total-Accesses:    2645467559  100.00%

L2 Cache Stats:
L2-Load-Hits:         179244594   49.54%
L2-Load-Misses:       182579170   50.46%
L2-Load-Accesses:     361823764  100.00%

L2-Store-Hits:          12508920   49.99%
L2-Store-Misses:        12515970   50.01%
L2-Store-Accesses:      25024890  100.00%

L2-Total-Hits:         191753514   49.57%
L2-Total-Misses:       195095140   50.43%
L2-Total-Accesses:     386848654  100.00%

