--------
Total Statistics
--------
Total Instructions: 96483397560
Total Cycles: 1247397088431
IPC: 0.0773478

--------
Two level Cache hierarchy
--------
  L1-Data Cache:
    Size(KB):          32
    Block Size(B):     32
    Associativity:      4

  L2-Data Cache:
    Size(KB):         256
    Block Size(B):     64
    Associativity:      8

Latencies:    1   15  250
L1-Sets:  256 - LRU - assoc:   4
L2-Sets:  512 - LRU - assoc:   8
Store_allocation: Yes
L2_inclusive: Yes

L1 Cache Stats:
L1-Load-Hits:       18238327975   89.87%
L1-Load-Misses:      2054830865   10.13%
L1-Load-Accesses:   20293158840  100.00%

L1-Store-Hits:        5348633582   45.96%
L1-Store-Misses:      6288323389   54.04%
L1-Store-Accesses:   11636956971  100.00%

L1-Total-Hits:       23586961557   73.87%
L1-Total-Misses:      8343154254   26.13%
L1-Total-Accesses:   31930115811  100.00%

L2 Cache Stats:
L2-Load-Hits:        1027514509   50.00%
L2-Load-Misses:      1027316356   50.00%
L2-Load-Accesses:    2054830865  100.00%

L2-Store-Hits:        3340294700   53.12%
L2-Store-Misses:      2948028689   46.88%
L2-Store-Accesses:    6288323389  100.00%

L2-Total-Hits:        4367809209   52.35%
L2-Total-Misses:      3975345045   47.65%
L2-Total-Accesses:    8343154254  100.00%

