--------
Total Statistics
--------
Total Instructions: 96483399370
Total Cycles: 1248164294776
IPC: 0.0773002

--------
Two level Cache hierarchy
--------
  L1-Data Cache:
    Size(KB):          32
    Block Size(B):     32
    Associativity:      4

  L2-Data Cache:
    Size(KB):         256
    Block Size(B):     64
    Associativity:      4

Latencies:    1   15  250
L1-Sets:  256 - LRU - assoc:   4
L2-Sets: 1024 - LRU - assoc:   4
Store_allocation: Yes
L2_inclusive: Yes

L1 Cache Stats:
L1-Load-Hits:       18237753030   89.87%
L1-Load-Misses:      2055406268   10.13%
L1-Load-Accesses:   20293159298  100.00%

L1-Store-Hits:        5347761304   45.95%
L1-Store-Misses:      6289195674   54.05%
L1-Store-Accesses:   11636956978  100.00%

L1-Total-Hits:       23585514334   73.87%
L1-Total-Misses:      8344601942   26.13%
L1-Total-Accesses:   31930116276  100.00%

L2 Cache Stats:
L2-Load-Hits:        1027424290   49.99%
L2-Load-Misses:      1027981978   50.01%
L2-Load-Accesses:    2055406268  100.00%

L2-Store-Hits:        3338850652   53.09%
L2-Store-Misses:      2950345022   46.91%
L2-Store-Accesses:    6289195674  100.00%

L2-Total-Hits:        4366274942   52.32%
L2-Total-Misses:      3978327000   47.68%
L2-Total-Accesses:    8344601942  100.00%

