--------
Total Statistics
--------
Total Instructions: 96483399370
Total Cycles: 750505338686
IPC: 0.128558

--------
Two level Cache hierarchy
--------
  L1-Data Cache:
    Size(KB):          32
    Block Size(B):     32
    Associativity:      4

  L2-Data Cache:
    Size(KB):         512
    Block Size(B):    128
    Associativity:      8

Latencies:    1   15  250
L1-Sets:  256 - LRU - assoc:   4
L2-Sets:  512 - LRU - assoc:   8
Store_allocation: Yes
L2_inclusive: Yes

L1 Cache Stats:
L1-Load-Hits:       18239968608   89.88%
L1-Load-Misses:      2053190690   10.12%
L1-Load-Accesses:   20293159298  100.00%

L1-Store-Hits:        5349671632   45.97%
L1-Store-Misses:      6287285346   54.03%
L1-Store-Accesses:   11636956978  100.00%

L1-Total-Hits:       23589640240   73.88%
L1-Total-Misses:      8340476036   26.12%
L1-Total-Accesses:   31930116276  100.00%

L2 Cache Stats:
L2-Load-Hits:        1539282099   74.97%
L2-Load-Misses:       513908591   25.03%
L2-Load-Accesses:    2053190690  100.00%

L2-Store-Hits:        4813255207   76.56%
L2-Store-Misses:      1474030139   23.44%
L2-Store-Accesses:    6287285346  100.00%

L2-Total-Hits:        6352537306   76.17%
L2-Total-Misses:      1987938730   23.83%
L2-Total-Accesses:    8340476036  100.00%

