--------
Total Statistics
--------
Total Instructions: 96483399370
Total Cycles: 750297919251
IPC: 0.128593

--------
Two level Cache hierarchy
--------
  L1-Data Cache:
    Size(KB):          32
    Block Size(B):     32
    Associativity:      4

  L2-Data Cache:
    Size(KB):        1024
    Block Size(B):    128
    Associativity:      8

Latencies:    1   15  250
L1-Sets:  256 - LRU - assoc:   4
L2-Sets: 1024 - LRU - assoc:   8
Store_allocation: Yes
L2_inclusive: Yes

L1 Cache Stats:
L1-Load-Hits:       18240583569   89.89%
L1-Load-Misses:      2052575729   10.11%
L1-Load-Accesses:   20293159298  100.00%

L1-Store-Hits:        5350299300   45.98%
L1-Store-Misses:      6286657678   54.02%
L1-Store-Accesses:   11636956978  100.00%

L1-Total-Hits:       23590882869   73.88%
L1-Total-Misses:      8339233407   26.12%
L1-Total-Accesses:   31930116276  100.00%

L2 Cache Stats:
L2-Load-Hits:        1539144248   74.99%
L2-Load-Misses:       513431481   25.01%
L2-Load-Accesses:    2052575729  100.00%

L2-Store-Hits:        4812905549   76.56%
L2-Store-Misses:      1473752129   23.44%
L2-Store-Accesses:    6286657678  100.00%

L2-Total-Hits:        6352049797   76.17%
L2-Total-Misses:      1987183610   23.83%
L2-Total-Accesses:    8339233407  100.00%

