--------
Total Statistics
--------
Total Instructions: 96483399370
Total Cycles: 1246627032281
IPC: 0.0773956

--------
Two level Cache hierarchy
--------
  L1-Data Cache:
    Size(KB):          32
    Block Size(B):     32
    Associativity:      4

  L2-Data Cache:
    Size(KB):        2048
    Block Size(B):     64
    Associativity:     16

Latencies:    1   15  250
L1-Sets:  256 - LRU - assoc:   4
L2-Sets: 2048 - LRU - assoc:  16
Store_allocation: Yes
L2_inclusive: Yes

L1 Cache Stats:
L1-Load-Hits:       18240773957   89.89%
L1-Load-Misses:      2052385341   10.11%
L1-Load-Accesses:   20293159298  100.00%

L1-Store-Hits:        5350556110   45.98%
L1-Store-Misses:      6286400868   54.02%
L1-Store-Accesses:   11636956978  100.00%

L1-Total-Hits:       23591330067   73.88%
L1-Total-Misses:      8338786209   26.12%
L1-Total-Accesses:   31930116276  100.00%

L2 Cache Stats:
L2-Load-Hits:        1026842868   50.03%
L2-Load-Misses:      1025542473   49.97%
L2-Load-Accesses:    2052385341  100.00%

L2-Store-Hits:        3339416447   53.12%
L2-Store-Misses:      2946984421   46.88%
L2-Store-Accesses:    6286400868  100.00%

L2-Total-Hits:        4366259315   52.36%
L2-Total-Misses:      3972526894   47.64%
L2-Total-Accesses:    8338786209  100.00%

