--------
Total Statistics
--------
Total Instructions: 3184031915
Total Cycles: 8271645444
IPC: 0.384933

--------
Two level Cache hierarchy
--------
  L1-Data Cache:
    Size(KB):          32
    Block Size(B):     32
    Associativity:      4

  L2-Data Cache:
    Size(KB):         512
    Block Size(B):    128
    Associativity:      4

Latencies:    1   15  250
L1-Sets:  256 - LRU - assoc:   4
L2-Sets: 1024 - LRU - assoc:   4
Store_allocation: Yes
L2_inclusive: Yes

L1 Cache Stats:
L1-Load-Hits:         719545195   95.01%
L1-Load-Misses:        37809848    4.99%
L1-Load-Accesses:     757355043  100.00%

L1-Store-Hits:         444004422   93.82%
L1-Store-Misses:        29228584    6.18%
L1-Store-Accesses:     473233006  100.00%

L1-Total-Hits:        1163549617   94.55%
L1-Total-Misses:        67038432    5.45%
L1-Total-Accesses:    1230588049  100.00%

L2 Cache Stats:
L2-Load-Hits:          27620623   73.05%
L2-Load-Misses:        10189225   26.95%
L2-Load-Accesses:      37809848  100.00%

L2-Store-Hits:          28012013   95.84%
L2-Store-Misses:         1216571    4.16%
L2-Store-Accesses:      29228584  100.00%

L2-Total-Hits:          55632636   82.99%
L2-Total-Misses:        11405796   17.01%
L2-Total-Accesses:      67038432  100.00%

