--------
Total Statistics
--------
Total Instructions: 7437811207
Total Cycles: 40685123349
IPC: 0.182814

--------
Two level Cache hierarchy
--------
  L1-Data Cache:
    Size(KB):          32
    Block Size(B):     32
    Associativity:      4

  L2-Data Cache:
    Size(KB):         512
    Block Size(B):    128
    Associativity:      4

Latencies:    1   15  250
L1-Sets:  256 - LRU - assoc:   4
L2-Sets: 1024 - LRU - assoc:   4
Store_allocation: Yes
L2_inclusive: Yes

L1 Cache Stats:
L1-Load-Hits:        1814739393   83.39%
L1-Load-Misses:       361540784   16.61%
L1-Load-Accesses:    2176280177  100.00%

L1-Store-Hits:         437408245   94.59%
L1-Store-Misses:        25034435    5.41%
L1-Store-Accesses:     462442680  100.00%

L1-Total-Hits:        2252147638   85.35%
L1-Total-Misses:       386575219   14.65%
L1-Total-Accesses:    2638722857  100.00%

L2 Cache Stats:
L2-Load-Hits:         268711227   74.32%
L2-Load-Misses:        92829557   25.68%
L2-Load-Accesses:     361540784  100.00%

L2-Store-Hits:          18624148   74.39%
L2-Store-Misses:         6410287   25.61%
L2-Store-Accesses:      25034435  100.00%

L2-Total-Hits:         287335375   74.33%
L2-Total-Misses:        99239844   25.67%
L2-Total-Accesses:     386575219  100.00%

