--------
Total Statistics
--------
Total Instructions: 18199705463
Total Cycles: 405348737392
IPC: 0.0448989

--------
Two level Cache hierarchy
--------
  L1-Data Cache:
    Size(KB):          32
    Block Size(B):     32
    Associativity:      4

  L2-Data Cache:
    Size(KB):        2048
    Block Size(B):     64
    Associativity:     16

Latencies:    1   15  250
L1-Sets:  256 - LRU - assoc:   4
L2-Sets: 2048 - LRU - assoc:  16
Store_allocation: Yes
L2_inclusive: Yes

L1 Cache Stats:
L1-Load-Hits:        3250138013   51.16%
L1-Load-Misses:      3102843275   48.84%
L1-Load-Accesses:    6352981288  100.00%

L1-Store-Hits:        1809400636   96.20%
L1-Store-Misses:        71397055    3.80%
L1-Store-Accesses:    1880797691  100.00%

L1-Total-Hits:        5059538649   61.45%
L1-Total-Misses:      3174240330   38.55%
L1-Total-Accesses:    8233778979  100.00%

L2 Cache Stats:
L2-Load-Hits:        1808802508   58.30%
L2-Load-Misses:      1294040767   41.70%
L2-Load-Accesses:    3102843275  100.00%

L2-Store-Hits:          40231230   56.35%
L2-Store-Misses:        31165825   43.65%
L2-Store-Accesses:      71397055  100.00%

L2-Total-Hits:        1849033738   58.25%
L2-Total-Misses:      1325206592   41.75%
L2-Total-Accesses:    3174240330  100.00%

