--------
Total Statistics
--------
Total Instructions: 7438481803
Total Cycles: 53418132864
IPC: 0.13925

--------
Two level Cache hierarchy
--------
  L1-Data Cache:
    Size(KB):          32
    Block Size(B):     32
    Associativity:      4

  L2-Data Cache:
    Size(KB):        2048
    Block Size(B):     64
    Associativity:     16

Latencies:    1   15  250
L1-Sets:  256 - LRU - assoc:   4
L2-Sets: 2048 - LRU - assoc:  16
Store_allocation: Yes
L2_inclusive: Yes

L1 Cache Stats:
L1-Load-Hits:        1814680413   83.39%
L1-Load-Misses:       361438706   16.61%
L1-Load-Accesses:    2176119119  100.00%

L1-Store-Hits:         437367184   94.58%
L1-Store-Misses:        25051698    5.42%
L1-Store-Accesses:     462418882  100.00%

L1-Total-Hits:        2252047597   85.35%
L1-Total-Misses:       386490404   14.65%
L1-Total-Accesses:    2638538001  100.00%

L2 Cache Stats:
L2-Load-Hits:         221762684   61.36%
L2-Load-Misses:       139676022   38.64%
L2-Load-Accesses:     361438706  100.00%

L2-Store-Hits:          14552692   58.09%
L2-Store-Misses:        10499006   41.91%
L2-Store-Accesses:      25051698  100.00%

L2-Total-Hits:         236315376   61.14%
L2-Total-Misses:       150175028   38.86%
L2-Total-Accesses:     386490404  100.00%

