--------
Total Statistics
--------
Total Instructions: 108733221016
Total Cycles: 888988784219
IPC: 0.122311

--------
Two level Cache hierarchy
--------
  L1-Data Cache:
    Size(KB):          32
    Block Size(B):     32
    Associativity:      4

  L2-Data Cache:
    Size(KB):        2048
    Block Size(B):     64
    Associativity:     16

Latencies:    1   15  250
L1-Sets:  256 - LRU - assoc:   4
L2-Sets: 2048 - LRU - assoc:  16
Store_allocation: Yes
L2_inclusive: Yes

L1 Cache Stats:
L1-Load-Hits:       28470326056   81.89%
L1-Load-Misses:      6295052851   18.11%
L1-Load-Accesses:   34765378907  100.00%

L1-Store-Hits:        9520701945   99.21%
L1-Store-Misses:        75642521    0.79%
L1-Store-Accesses:    9596344466  100.00%

L1-Total-Hits:       37991028001   85.64%
L1-Total-Misses:      6370695372   14.36%
L1-Total-Accesses:   44361723373  100.00%

L2 Cache Stats:
L2-Load-Hits:        3753502164   59.63%
L2-Load-Misses:      2541550687   40.37%
L2-Load-Accesses:    6295052851  100.00%

L2-Store-Hits:          55859571   73.85%
L2-Store-Misses:        19782950   26.15%
L2-Store-Accesses:      75642521  100.00%

L2-Total-Hits:        3809361735   59.80%
L2-Total-Misses:      2561333637   40.20%
L2-Total-Accesses:    6370695372  100.00%

