Total Instructions: 296379756452

RAS: (Correct - Incorrect)

Branch Predictors: (Name - Correct - Incorrect)
  Static-AlwaysTaken: 14828889829 29233452931
  Static-BT-FNT: 35246238532 8816104228
  Nbit-8K-4-Saturated_Counter: 41271300594 2791042166
  Pentium-M: 41418746228 2643596532
  LocalHistory-BHT2048-PHT8192-History8-Counters2: 42422550155 1639792605
  LocalHistory-BHT4096-PHT8192-History4-Counters2: 42204735270 1857607490
  LocalHistory-BHT8192-PHT8192-History2-Counters2: 40793833935 3268508825
  GlobalHistory-BHR2-PHT16384-Counter2b: 37567726525 6494616235
  GlobalHistory-BHR2-PHT8192-Counter4b: 37891331518 6171011242
  GlobalHistory-BHR4-PHT16384-Counter2b: 38023109711 6039233049
  GlobalHistory-BHR4-PHT8192-Counter4b: 38728424726 5333918034
  Alpha21264Hybrid: 42881287289 1181055471
  Tournament-1024-entries-LocalHistory-BHT2048-PHT4096-History4-Counters2-vs-GlobalHistory-BHR4-PHT8192-Counter2b: 42201554082 1860788678
  Tournament-2048-entries-LocalHistory-BHT1024-PHT4096-History8-Counters2-vs-GlobalHistory-BHR4-PHT4096-Counter4b: 42432879016 1629463744
  Tournament-1024-entries-Nbit-8K-2-Saturated_Counter-vs-GlobalHistory-BHR4-PHT8192-Counter2b: 41164677554 2897665206
  Tournament-2048-entries-LocalHistory-BHT2048-PHT4096-History4-Counters2-vs-Nbit-8K-2-Saturated_Counter: 42340039253 1722303507

BTB Predictors: (Name - Correct - Incorrect - TargetCorrect)
