Total Instructions: 3184204250

RAS: (Correct - Incorrect)

Branch Predictors: (Name - Correct - Incorrect)
  Static-AlwaysTaken: 269639547 304826541
  Static-BT-FNT: 400858113 173607975
  Nbit-8K-4-Saturated_Counter: 521697406 52768682
  Pentium-M: 471708148 102757940
  LocalHistory-BHT2048-PHT8192-History8-Counters2: 525408361 49057727
  LocalHistory-BHT4096-PHT8192-History4-Counters2: 517312518 57153570
  LocalHistory-BHT8192-PHT8192-History2-Counters2: 511195783 63270305
  GlobalHistory-BHR2-PHT16384-Counter2b: 404193986 170272102
  GlobalHistory-BHR2-PHT8192-Counter4b: 418821649 155644439
  GlobalHistory-BHR4-PHT16384-Counter2b: 423769134 150696954
  GlobalHistory-BHR4-PHT8192-Counter4b: 436067439 138398649
  Alpha21264Hybrid: 541901420 32564668
  Tournament-1024-entries-LocalHistory-BHT2048-PHT4096-History4-Counters2-vs-GlobalHistory-BHR4-PHT8192-Counter2b: 514335145 60130943
  Tournament-2048-entries-LocalHistory-BHT1024-PHT4096-History8-Counters2-vs-GlobalHistory-BHR4-PHT4096-Counter4b: 521713191 52752897
  Tournament-1024-entries-Nbit-8K-2-Saturated_Counter-vs-GlobalHistory-BHR4-PHT8192-Counter2b: 521288077 53178011
  Tournament-2048-entries-LocalHistory-BHT2048-PHT4096-History4-Counters2-vs-Nbit-8K-2-Saturated_Counter: 525595943 48870145

BTB Predictors: (Name - Correct - Incorrect - TargetCorrect)
