Total Instructions: 300165002129

RAS: (Correct - Incorrect)

Branch Predictors: (Name - Correct - Incorrect)
  Static-AlwaysTaken: 21133243448 8406202360
  Static-BT-FNT: 24436398377 5103047431
  Nbit-8K-4-Saturated_Counter: 25458190385 4081255423
  Pentium-M: 24888593973 4650851835
  LocalHistory-BHT2048-PHT8192-History8-Counters2: 27269173920 2270271888
  LocalHistory-BHT4096-PHT8192-History4-Counters2: 26158071502 3381374306
  LocalHistory-BHT8192-PHT8192-History2-Counters2: 24720180408 4819265400
  GlobalHistory-BHR2-PHT16384-Counter2b: 21805168106 7734277702
  GlobalHistory-BHR2-PHT8192-Counter4b: 21901194631 7638251177
  GlobalHistory-BHR4-PHT16384-Counter2b: 23351393327 6188052481
  GlobalHistory-BHR4-PHT8192-Counter4b: 23880097385 5659348423
  Alpha21264Hybrid: 27996284458 1543161350
  Tournament-1024-entries-LocalHistory-BHT2048-PHT4096-History4-Counters2-vs-GlobalHistory-BHR4-PHT8192-Counter2b: 26452051525 3087394283
  Tournament-2048-entries-LocalHistory-BHT1024-PHT4096-History8-Counters2-vs-GlobalHistory-BHR4-PHT4096-Counter4b: 27420640750 2118805058
  Tournament-1024-entries-Nbit-8K-2-Saturated_Counter-vs-GlobalHistory-BHR4-PHT8192-Counter2b: 25713808658 3825637150
  Tournament-2048-entries-LocalHistory-BHT2048-PHT4096-History4-Counters2-vs-Nbit-8K-2-Saturated_Counter: 26924486772 2614959036

BTB Predictors: (Name - Correct - Incorrect - TargetCorrect)
