Total Instructions: 191137072344

RAS: (Correct - Incorrect)

Branch Predictors: (Name - Correct - Incorrect)
  Static-AlwaysTaken: 6258962844 6983825233
  Static-BT-FNT: 8877736748 4365051329
  Nbit-8K-4-Saturated_Counter: 12216171617 1026616460
  Pentium-M: 12117958622 1124829455
  LocalHistory-BHT2048-PHT8192-History8-Counters2: 12923457279 319330798
  LocalHistory-BHT4096-PHT8192-History4-Counters2: 12706469909 536318168
  LocalHistory-BHT8192-PHT8192-History2-Counters2: 12259848503 982939574
  GlobalHistory-BHR2-PHT16384-Counter2b: 8524599868 4718188209
  GlobalHistory-BHR2-PHT8192-Counter4b: 9019552951 4223235126
  GlobalHistory-BHR4-PHT16384-Counter2b: 10106688050 3136100027
  GlobalHistory-BHR4-PHT8192-Counter4b: 10089359810 3153428267
  Alpha21264Hybrid: 13024465286 218322791
  Tournament-1024-entries-LocalHistory-BHT2048-PHT4096-History4-Counters2-vs-GlobalHistory-BHR4-PHT8192-Counter2b: 12649865252 592922825
  Tournament-2048-entries-LocalHistory-BHT1024-PHT4096-History8-Counters2-vs-GlobalHistory-BHR4-PHT4096-Counter4b: 12895039990 347748087
  Tournament-1024-entries-Nbit-8K-2-Saturated_Counter-vs-GlobalHistory-BHR4-PHT8192-Counter2b: 12434006743 808781334
  Tournament-2048-entries-LocalHistory-BHT2048-PHT4096-History4-Counters2-vs-Nbit-8K-2-Saturated_Counter: 12757508975 485279102

BTB Predictors: (Name - Correct - Incorrect - TargetCorrect)
