Total Instructions: 445004212677

RAS: (Correct - Incorrect)

Branch Predictors: (Name - Correct - Incorrect)
  Static-AlwaysTaken: 5651210060 11410524948
  Static-BT-FNT: 13730894306 3330840702
  Nbit-8K-4-Saturated_Counter: 15554232080 1507502928
  Pentium-M: 15762030878 1299704130
  LocalHistory-BHT2048-PHT8192-History8-Counters2: 16098780238 962954770
  LocalHistory-BHT4096-PHT8192-History4-Counters2: 15951118483 1110616525
  LocalHistory-BHT8192-PHT8192-History2-Counters2: 15437258082 1624476926
  GlobalHistory-BHR2-PHT16384-Counter2b: 13574938738 3486796270
  GlobalHistory-BHR2-PHT8192-Counter4b: 13594585490 3467149518
  GlobalHistory-BHR4-PHT16384-Counter2b: 14355289167 2706445841
  GlobalHistory-BHR4-PHT8192-Counter4b: 14409776789 2651958219
  Alpha21264Hybrid: 16328181777 733553231
  Tournament-1024-entries-LocalHistory-BHT2048-PHT4096-History4-Counters2-vs-GlobalHistory-BHR4-PHT8192-Counter2b: 16008749502 1052985506
  Tournament-2048-entries-LocalHistory-BHT1024-PHT4096-History8-Counters2-vs-GlobalHistory-BHR4-PHT4096-Counter4b: 16139531771 922203237
  Tournament-1024-entries-Nbit-8K-2-Saturated_Counter-vs-GlobalHistory-BHR4-PHT8192-Counter2b: 15981610968 1080124040
  Tournament-2048-entries-LocalHistory-BHT2048-PHT4096-History4-Counters2-vs-Nbit-8K-2-Saturated_Counter: 16091637786 970097222

BTB Predictors: (Name - Correct - Incorrect - TargetCorrect)
