Total Instructions: 80776880987

RAS: (Correct - Incorrect)

Branch Predictors: (Name - Correct - Incorrect)
  Static-AlwaysTaken: 142230470 18767652
  Static-BT-FNT: 155336842 5661280
  Nbit-8K-4-Saturated_Counter: 157950894 3047228
  Pentium-M: 156441434 4556688
  LocalHistory-BHT2048-PHT8192-History8-Counters2: 158982380 2015742
  LocalHistory-BHT4096-PHT8192-History4-Counters2: 158406520 2591602
  LocalHistory-BHT8192-PHT8192-History2-Counters2: 157824311 3173811
  GlobalHistory-BHR2-PHT16384-Counter2b: 152864044 8134078
  GlobalHistory-BHR2-PHT8192-Counter4b: 153046846 7951276
  GlobalHistory-BHR4-PHT16384-Counter2b: 155680243 5317879
  GlobalHistory-BHR4-PHT8192-Counter4b: 155902153 5095969
  Alpha21264Hybrid: 159081971 1916151
  Tournament-1024-entries-LocalHistory-BHT2048-PHT4096-History4-Counters2-vs-GlobalHistory-BHR4-PHT8192-Counter2b: 158415097 2583025
  Tournament-2048-entries-LocalHistory-BHT1024-PHT4096-History8-Counters2-vs-GlobalHistory-BHR4-PHT4096-Counter4b: 158980820 2017302
  Tournament-1024-entries-Nbit-8K-2-Saturated_Counter-vs-GlobalHistory-BHR4-PHT8192-Counter2b: 158284563 2713559
  Tournament-2048-entries-LocalHistory-BHT2048-PHT4096-History4-Counters2-vs-Nbit-8K-2-Saturated_Counter: 158456377 2541745

BTB Predictors: (Name - Correct - Incorrect - TargetCorrect)
