Total Instructions: 215726995146

RAS: (Correct - Incorrect)

Branch Predictors: (Name - Correct - Incorrect)
  Static-AlwaysTaken: 16400960799 810904434
  Static-BT-FNT: 17011122402 200742831
  Nbit-8K-4-Saturated_Counter: 17014456836 197408397
  Pentium-M: 16839563781 372301452
  LocalHistory-BHT2048-PHT8192-History8-Counters2: 17022060217 189805016
  LocalHistory-BHT4096-PHT8192-History4-Counters2: 17013249560 198615673
  LocalHistory-BHT8192-PHT8192-History2-Counters2: 17010322831 201542402
  GlobalHistory-BHR2-PHT16384-Counter2b: 16796874919 414990314
  GlobalHistory-BHR2-PHT8192-Counter4b: 16805124481 406740752
  GlobalHistory-BHR4-PHT16384-Counter2b: 16932960290 278904943
  GlobalHistory-BHR4-PHT8192-Counter4b: 16922384556 289480677
  Alpha21264Hybrid: 17029840213 182025020
  Tournament-1024-entries-LocalHistory-BHT2048-PHT4096-History4-Counters2-vs-GlobalHistory-BHR4-PHT8192-Counter2b: 17019462316 192402917
  Tournament-2048-entries-LocalHistory-BHT1024-PHT4096-History8-Counters2-vs-GlobalHistory-BHR4-PHT4096-Counter4b: 17021966654 189898579
  Tournament-1024-entries-Nbit-8K-2-Saturated_Counter-vs-GlobalHistory-BHR4-PHT8192-Counter2b: 17020471099 191394134
  Tournament-2048-entries-LocalHistory-BHT2048-PHT4096-History4-Counters2-vs-Nbit-8K-2-Saturated_Counter: 17021182389 190682844

BTB Predictors: (Name - Correct - Incorrect - TargetCorrect)
