Total Instructions: 268784252929

RAS: (Correct - Incorrect)

Branch Predictors: (Name - Correct - Incorrect)
  Static-AlwaysTaken: 8669664002 4743904430
  Static-BT-FNT: 13132806304 280762128
  Nbit-8K-4-Saturated_Counter: 13218053055 195515377
  Pentium-M: 13134953743 278614689
  LocalHistory-BHT2048-PHT8192-History8-Counters2: 13211507529 202060903
  LocalHistory-BHT4096-PHT8192-History4-Counters2: 13208248055 205320377
  LocalHistory-BHT8192-PHT8192-History2-Counters2: 13121580639 291987793
  GlobalHistory-BHR2-PHT16384-Counter2b: 12733141146 680427286
  GlobalHistory-BHR2-PHT8192-Counter4b: 12872499900 541068532
  GlobalHistory-BHR4-PHT16384-Counter2b: 13094726667 318841765
  GlobalHistory-BHR4-PHT8192-Counter4b: 13111761348 301807084
  Alpha21264Hybrid: 13259131531 154436901
  Tournament-1024-entries-LocalHistory-BHT2048-PHT4096-History4-Counters2-vs-GlobalHistory-BHR4-PHT8192-Counter2b: 13248495753 165072679
  Tournament-2048-entries-LocalHistory-BHT1024-PHT4096-History8-Counters2-vs-GlobalHistory-BHR4-PHT4096-Counter4b: 13251660963 161907469
  Tournament-1024-entries-Nbit-8K-2-Saturated_Counter-vs-GlobalHistory-BHR4-PHT8192-Counter2b: 13254641881 158926551
  Tournament-2048-entries-LocalHistory-BHT2048-PHT4096-History4-Counters2-vs-Nbit-8K-2-Saturated_Counter: 13215102461 198465971

BTB Predictors: (Name - Correct - Incorrect - TargetCorrect)
