Total Instructions: 495495985487

RAS: (Correct - Incorrect)

Branch Predictors: (Name - Correct - Incorrect)
  Static-AlwaysTaken: 24275868716 8491724520
  Static-BT-FNT: 22544642645 10222950591
  Nbit-8K-4-Saturated_Counter: 30221137912 2546455324
  Pentium-M: 30692316507 2075276729
  LocalHistory-BHT2048-PHT8192-History8-Counters2: 31597273894 1170319342
  LocalHistory-BHT4096-PHT8192-History4-Counters2: 31371503904 1396089332
  LocalHistory-BHT8192-PHT8192-History2-Counters2: 29899843028 2867750208
  GlobalHistory-BHR2-PHT16384-Counter2b: 26825942814 5941650422
  GlobalHistory-BHR2-PHT8192-Counter4b: 27043915256 5723677980
  GlobalHistory-BHR4-PHT16384-Counter2b: 28994968846 3772624390
  GlobalHistory-BHR4-PHT8192-Counter4b: 28642819159 4124774077
  Alpha21264Hybrid: 31902422285 865170951
  Tournament-1024-entries-LocalHistory-BHT2048-PHT4096-History4-Counters2-vs-GlobalHistory-BHR4-PHT8192-Counter2b: 31392034893 1375558343
  Tournament-2048-entries-LocalHistory-BHT1024-PHT4096-History8-Counters2-vs-GlobalHistory-BHR4-PHT4096-Counter4b: 31562330553 1205262683
  Tournament-1024-entries-Nbit-8K-2-Saturated_Counter-vs-GlobalHistory-BHR4-PHT8192-Counter2b: 30780610030 1986983206
  Tournament-2048-entries-LocalHistory-BHT2048-PHT4096-History4-Counters2-vs-Nbit-8K-2-Saturated_Counter: 31479269077 1288324159

BTB Predictors: (Name - Correct - Incorrect - TargetCorrect)
