Total Instructions: 210923321132

RAS: (Correct - Incorrect)

Branch Predictors: (Name - Correct - Incorrect)
  Static-AlwaysTaken: 10944459908 20858953978
  Static-BT-FNT: 21242108464 10561305422
  Nbit-8K-4-Saturated_Counter: 29090312822 2713101064
  Pentium-M: 29359994083 2443419803
  LocalHistory-BHT2048-PHT8192-History8-Counters2: 29581312233 2222101653
  LocalHistory-BHT4096-PHT8192-History4-Counters2: 29053090882 2750323004
  LocalHistory-BHT8192-PHT8192-History2-Counters2: 28305337323 3498076563
  GlobalHistory-BHR2-PHT16384-Counter2b: 19155449215 12647964671
  GlobalHistory-BHR2-PHT8192-Counter4b: 20735900553 11067513333
  GlobalHistory-BHR4-PHT16384-Counter2b: 20341399022 11462014864
  GlobalHistory-BHR4-PHT8192-Counter4b: 21317431119 10485982767
  Alpha21264Hybrid: 30272002169 1531411717
  Tournament-1024-entries-LocalHistory-BHT2048-PHT4096-History4-Counters2-vs-GlobalHistory-BHR4-PHT8192-Counter2b: 28855809728 2947604158
  Tournament-2048-entries-LocalHistory-BHT1024-PHT4096-History8-Counters2-vs-GlobalHistory-BHR4-PHT4096-Counter4b: 29427863484 2375550402
  Tournament-1024-entries-Nbit-8K-2-Saturated_Counter-vs-GlobalHistory-BHR4-PHT8192-Counter2b: 29113621825 2689792061
  Tournament-2048-entries-LocalHistory-BHT2048-PHT4096-History4-Counters2-vs-Nbit-8K-2-Saturated_Counter: 29478401050 2325012836

BTB Predictors: (Name - Correct - Incorrect - TargetCorrect)
