Total Instructions: 224077740065

RAS: (Correct - Incorrect)

Branch Predictors: (Name - Correct - Incorrect)
  Static-AlwaysTaken: 8865638147 19081907919
  Static-BT-FNT: 21843146398 6104399668
  Nbit-8K-4-Saturated_Counter: 25585256906 2362289160
  Pentium-M: 26082346254 1865199812
  LocalHistory-BHT2048-PHT8192-History8-Counters2: 26199858889 1747687177
  LocalHistory-BHT4096-PHT8192-History4-Counters2: 25388411177 2559134889
  LocalHistory-BHT8192-PHT8192-History2-Counters2: 24614441594 3333104472
  GlobalHistory-BHR2-PHT16384-Counter2b: 19651625821 8295920245
  GlobalHistory-BHR2-PHT8192-Counter4b: 19564063139 8383482927
  GlobalHistory-BHR4-PHT16384-Counter2b: 20081509195 7866036871
  GlobalHistory-BHR4-PHT8192-Counter4b: 20765302082 7182243984
  Alpha21264Hybrid: 26931607607 1015938459
  Tournament-1024-entries-LocalHistory-BHT2048-PHT4096-History4-Counters2-vs-GlobalHistory-BHR4-PHT8192-Counter2b: 25248946134 2698599932
  Tournament-2048-entries-LocalHistory-BHT1024-PHT4096-History8-Counters2-vs-GlobalHistory-BHR4-PHT4096-Counter4b: 26144848702 1802697364
  Tournament-1024-entries-Nbit-8K-2-Saturated_Counter-vs-GlobalHistory-BHR4-PHT8192-Counter2b: 25542291761 2405254305
  Tournament-2048-entries-LocalHistory-BHT2048-PHT4096-History4-Counters2-vs-Nbit-8K-2-Saturated_Counter: 25729092571 2218453495

BTB Predictors: (Name - Correct - Incorrect - TargetCorrect)
