--------
Total Statistics
--------
Total Instructions: 18199703624
Total Cycles: 607403092448
IPC: 0.0299631

--------
Two level Cache hierarchy
--------
  L1-Data Cache:
    Size(KB):          32
    Block Size(B):     32
    Associativity:      4

  L2-Data Cache:
    Size(KB):         512
    Block Size(B):     64
    Associativity:      4

Latencies:    1   15  250
L1-Sets:  256 - LRU - assoc:   4
L2-Sets: 2048 - LRU - assoc:   4
Store_allocation: Yes
L2_inclusive: Yes

L1 Cache Stats:
L1-Load-Hits:        3249678969   51.15%
L1-Load-Misses:      3103301861   48.85%
L1-Load-Accesses:    6352980830  100.00%

L1-Store-Hits:        1809207541   96.19%
L1-Store-Misses:        71590143    3.81%
L1-Store-Accesses:    1880797684  100.00%

L1-Total-Hits:        5058886510   61.44%
L1-Total-Misses:      3174892004   38.56%
L1-Total-Accesses:    8233778514  100.00%

L2 Cache Stats:
L2-Load-Hits:        1003210521   32.33%
L2-Load-Misses:      2100091340   67.67%
L2-Load-Accesses:    3103301861  100.00%

L2-Store-Hits:          38296562   53.49%
L2-Store-Misses:        33293581   46.51%
L2-Store-Accesses:      71590143  100.00%

L2-Total-Hits:        1041507083   32.80%
L2-Total-Misses:      2133384921   67.20%
L2-Total-Accesses:    3174892004  100.00%

