--------
Total Statistics
--------
Total Instructions: 38323371624
Total Cycles: 267853780141
IPC: 0.143076

--------
Two level Cache hierarchy
--------
  L1-Data Cache:
    Size(KB):          32
    Block Size(B):     32
    Associativity:      4

  L2-Data Cache:
    Size(KB):         512
    Block Size(B):     64
    Associativity:      4

Latencies:    1   15  250
L1-Sets:  256 - LRU - assoc:   4
L2-Sets: 2048 - LRU - assoc:   4
Store_allocation: Yes
L2_inclusive: Yes

L1 Cache Stats:
L1-Load-Hits:        8617185975   89.24%
L1-Load-Misses:      1039365741   10.76%
L1-Load-Accesses:    9656551716  100.00%

L1-Store-Hits:        3213845024   90.17%
L1-Store-Misses:       350310682    9.83%
L1-Store-Accesses:    3564155706  100.00%

L1-Total-Hits:       11831030999   89.49%
L1-Total-Misses:      1389676423   10.51%
L1-Total-Accesses:   13220707422  100.00%

L2 Cache Stats:
L2-Load-Hits:         439756802   42.31%
L2-Load-Misses:       599608939   57.69%
L2-Load-Accesses:    1039365741  100.00%

L2-Store-Hits:         168061402   47.97%
L2-Store-Misses:       182249280   52.03%
L2-Store-Accesses:     350310682  100.00%

L2-Total-Hits:         607818204   43.74%
L2-Total-Misses:       781858219   56.26%
L2-Total-Accesses:    1389676423  100.00%

