--------
Total Statistics
--------
Total Instructions: 60533958852
Total Cycles: 89244088234
IPC: 0.678297

--------
Two level Cache hierarchy
--------
  L1-Data Cache:
    Size(KB):          32
    Block Size(B):     32
    Associativity:      4

  L2-Data Cache:
    Size(KB):         512
    Block Size(B):     64
    Associativity:      4

Latencies:    1   15  250
L1-Sets:  256 - LRU - assoc:   4
L2-Sets: 2048 - LRU - assoc:   4
Store_allocation: Yes
L2_inclusive: Yes

L1 Cache Stats:
L1-Load-Hits:       13366771958   95.98%
L1-Load-Misses:       559841137    4.02%
L1-Load-Accesses:   13926613095  100.00%

L1-Store-Hits:        3698994508   99.26%
L1-Store-Misses:        27409139    0.74%
L1-Store-Accesses:    3726403647  100.00%

L1-Total-Hits:       17065766466   96.67%
L1-Total-Misses:       587250276    3.33%
L1-Total-Accesses:   17653016742  100.00%

L2 Cache Stats:
L2-Load-Hits:         552523748   98.69%
L2-Load-Misses:         7317389    1.31%
L2-Load-Accesses:     559841137  100.00%

L2-Store-Hits:          25733094   93.89%
L2-Store-Misses:         1676045    6.11%
L2-Store-Accesses:      27409139  100.00%

L2-Total-Hits:         578256842   98.47%
L2-Total-Misses:         8993434    1.53%
L2-Total-Accesses:     587250276  100.00%

