--------
Total Statistics
--------
Total Instructions: 7470393616
Total Cycles: 62322552250
IPC: 0.119867

--------
Two level Cache hierarchy
--------
  L1-Data Cache:
    Size(KB):          32
    Block Size(B):     32
    Associativity:      4

  L2-Data Cache:
    Size(KB):         512
    Block Size(B):     64
    Associativity:      4

Latencies:    1   15  250
L1-Sets:  256 - LRU - assoc:   4
L2-Sets: 2048 - LRU - assoc:   4
Store_allocation: Yes
L2_inclusive: Yes

L1 Cache Stats:
L1-Load-Hits:        1821788214   83.43%
L1-Load-Misses:       361723791   16.57%
L1-Load-Accesses:    2183512005  100.00%

L1-Store-Hits:         437426640   94.59%
L1-Store-Misses:        25020914    5.41%
L1-Store-Accesses:     462447554  100.00%

L1-Total-Hits:        2259214854   85.38%
L1-Total-Misses:       386744705   14.62%
L1-Total-Accesses:    2645959559  100.00%

L2 Cache Stats:
L2-Load-Hits:         188285261   52.05%
L2-Load-Misses:       173438530   47.95%
L2-Load-Accesses:     361723791  100.00%

L2-Store-Hits:          12839330   51.31%
L2-Store-Misses:        12181584   48.69%
L2-Store-Accesses:      25020914  100.00%

L2-Total-Hits:         201124591   52.00%
L2-Total-Misses:       185620114   48.00%
L2-Total-Accesses:     386744705  100.00%

