--------
Total Statistics
--------
Total Instructions: 108731470609
Total Cycles: 916368535964
IPC: 0.118655

--------
Two level Cache hierarchy
--------
  L1-Data Cache:
    Size(KB):          32
    Block Size(B):     32
    Associativity:      4

  L2-Data Cache:
    Size(KB):         512
    Block Size(B):     64
    Associativity:      4

Latencies:    1   15  250
L1-Sets:  256 - LRU - assoc:   4
L2-Sets: 2048 - LRU - assoc:   4
Store_allocation: Yes
L2_inclusive: Yes

L1 Cache Stats:
L1-Load-Hits:       28466641510   81.88%
L1-Load-Misses:      6298740002   18.12%
L1-Load-Accesses:   34765381512  100.00%

L1-Store-Hits:        9520172441   99.21%
L1-Store-Misses:        75755492    0.79%
L1-Store-Accesses:    9595927933  100.00%

L1-Total-Hits:       37986813951   85.63%
L1-Total-Misses:      6374495494   14.37%
L1-Total-Accesses:   44361309445  100.00%

L2 Cache Stats:
L2-Load-Hits:        3663682173   58.17%
L2-Load-Misses:      2635057829   41.83%
L2-Load-Accesses:    6298740002  100.00%

L2-Store-Hits:          40180027   53.04%
L2-Store-Misses:        35575465   46.96%
L2-Store-Accesses:      75755492  100.00%

L2-Total-Hits:        3703862200   58.10%
L2-Total-Misses:      2670633294   41.90%
L2-Total-Accesses:    6374495494  100.00%

