--------
Total Statistics
--------
Total Instructions: 96483397560
Total Cycles: 1246956029091
IPC: 0.0773751

--------
Two level Cache hierarchy
--------
  L1-Data Cache:
    Size(KB):          32
    Block Size(B):     32
    Associativity:      4

  L2-Data Cache:
    Size(KB):         512
    Block Size(B):     64
    Associativity:      4

Latencies:    1   15  250
L1-Sets:  256 - LRU - assoc:   4
L2-Sets: 2048 - LRU - assoc:   4
Store_allocation: Yes
L2_inclusive: Yes

L1 Cache Stats:
L1-Load-Hits:       18239774793   89.88%
L1-Load-Misses:      2053384047   10.12%
L1-Load-Accesses:   20293158840  100.00%

L1-Store-Hits:        5349646370   45.97%
L1-Store-Misses:      6287310601   54.03%
L1-Store-Accesses:   11636956971  100.00%

L1-Total-Hits:       23589421163   73.88%
L1-Total-Misses:      8340694648   26.12%
L1-Total-Accesses:   31930115811  100.00%

L2 Cache Stats:
L2-Load-Hits:        1027128517   50.02%
L2-Load-Misses:      1026255530   49.98%
L2-Load-Accesses:    2053384047  100.00%

L2-Store-Hits:        3339837747   53.12%
L2-Store-Misses:      2947472854   46.88%
L2-Store-Accesses:    6287310601  100.00%

L2-Total-Hits:        4366966264   52.36%
L2-Total-Misses:      3973728384   47.64%
L2-Total-Accesses:    8340694648  100.00%

