--------
Total Statistics
--------
Total Instructions: 38323371624
Total Cycles: 161605115826
IPC: 0.237142

--------
Two level Cache hierarchy
--------
  L1-Data Cache:
    Size(KB):          32
    Block Size(B):     32
    Associativity:      4

  L2-Data Cache:
    Size(KB):         512
    Block Size(B):    256
    Associativity:      4

Latencies:    1   15  250
L1-Sets:  256 - LIP - assoc:   4
L2-Sets:  512 - LIP - assoc:   4
Store_allocation: Yes
L2_inclusive: Yes

L1 Cache Stats:
L1-Load-Hits:        8601830708   89.08%
L1-Load-Misses:      1054721008   10.92%
L1-Load-Accesses:    9656551716  100.00%

L1-Store-Hits:        3212783112   90.14%
L1-Store-Misses:       351372594    9.86%
L1-Store-Accesses:    3564155706  100.00%

L1-Total-Hits:       11814613820   89.36%
L1-Total-Misses:      1406093602   10.64%
L1-Total-Accesses:   13220707422  100.00%

L2 Cache Stats:
L2-Load-Hits:         766348801   72.66%
L2-Load-Misses:       288372207   27.34%
L2-Load-Accesses:    1054721008  100.00%

L2-Store-Hits:         283866270   80.79%
L2-Store-Misses:        67506324   19.21%
L2-Store-Accesses:     351372594  100.00%

L2-Total-Hits:        1050215071   74.69%
L2-Total-Misses:       355878531   25.31%
L2-Total-Accesses:    1406093602  100.00%

