--------
Total Statistics
--------
Total Instructions: 7470393616
Total Cycles: 45988524080
IPC: 0.16244

--------
Two level Cache hierarchy
--------
  L1-Data Cache:
    Size(KB):          32
    Block Size(B):     32
    Associativity:      4

  L2-Data Cache:
    Size(KB):         512
    Block Size(B):    256
    Associativity:      4

Latencies:    1   15  250
L1-Sets:  256 - LIP - assoc:   4
L2-Sets:  512 - LIP - assoc:   4
Store_allocation: Yes
L2_inclusive: Yes

L1 Cache Stats:
L1-Load-Hits:        1757728269   80.50%
L1-Load-Misses:       425783736   19.50%
L1-Load-Accesses:    2183512005  100.00%

L1-Store-Hits:         436698813   94.43%
L1-Store-Misses:        25748741    5.57%
L1-Store-Accesses:     462447554  100.00%

L1-Total-Hits:        2194427082   82.94%
L1-Total-Misses:       451532477   17.06%
L1-Total-Accesses:    2645959559  100.00%

L2 Cache Stats:
L2-Load-Hits:         313097883   73.53%
L2-Load-Misses:       112685853   26.47%
L2-Load-Accesses:     425783736  100.00%

L2-Store-Hits:          22037859   85.59%
L2-Store-Misses:         3710882   14.41%
L2-Store-Accesses:      25748741  100.00%

L2-Total-Hits:         335135742   74.22%
L2-Total-Misses:       116396735   25.78%
L2-Total-Accesses:     451532477  100.00%

