--------
Total Statistics
--------
Total Instructions: 108731470897
Total Cycles: 746872222946
IPC: 0.145582

--------
Two level Cache hierarchy
--------
  L1-Data Cache:
    Size(KB):          32
    Block Size(B):     32
    Associativity:      4

  L2-Data Cache:
    Size(KB):         512
    Block Size(B):    256
    Associativity:      4

Latencies:    1   15  250
L1-Sets:  256 - LIP - assoc:   4
L2-Sets:  512 - LIP - assoc:   4
Store_allocation: Yes
L2_inclusive: Yes

L1 Cache Stats:
L1-Load-Hits:       21894675417   62.98%
L1-Load-Misses:     12870706095   37.02%
L1-Load-Accesses:   34765381512  100.00%

L1-Store-Hits:        8922371058   92.98%
L1-Store-Misses:       673557019    7.02%
L1-Store-Accesses:    9595928077  100.00%

L1-Total-Hits:       30817046475   69.47%
L1-Total-Misses:     13544263114   30.53%
L1-Total-Accesses:   44361309589  100.00%

L2 Cache Stats:
L2-Load-Hits:       11320340871   87.95%
L2-Load-Misses:      1550365224   12.05%
L2-Load-Accesses:   12870706095  100.00%

L2-Store-Hits:         661460260   98.20%
L2-Store-Misses:        12096759    1.80%
L2-Store-Accesses:     673557019  100.00%

L2-Total-Hits:       11981801131   88.46%
L2-Total-Misses:      1562461983   11.54%
L2-Total-Accesses:   13544263114  100.00%

