--------
Total Statistics
--------
Total Instructions: 18199705835
Total Cycles: 356950719319
IPC: 0.0509866

--------
Two level Cache hierarchy
--------
  L1-Data Cache:
    Size(KB):          32
    Block Size(B):     32
    Associativity:      4

  L2-Data Cache:
    Size(KB):         256
    Block Size(B):    256
    Associativity:      8

Latencies:    1   15  250
L1-Sets:  256 - LRU - assoc:   4
L2-Sets:  128 - LRU - assoc:   8
Store_allocation: Yes
L2_inclusive: Yes

L1 Cache Stats:
L1-Load-Hits:        3230339057   50.85%
L1-Load-Misses:      3122642265   49.15%
L1-Load-Accesses:    6352981322  100.00%

L1-Store-Hits:        1808082797   96.13%
L1-Store-Misses:        72714915    3.87%
L1-Store-Accesses:    1880797712  100.00%

L1-Total-Hits:        5038421854   61.19%
L1-Total-Misses:      3195357180   38.81%
L1-Total-Accesses:    8233779034  100.00%

L2 Cache Stats:
L2-Load-Hits:        2003198627   64.15%
L2-Load-Misses:      1119443638   35.85%
L2-Load-Accesses:    3122642265  100.00%

L2-Store-Hits:          61811046   85.00%
L2-Store-Misses:        10903869   15.00%
L2-Store-Accesses:      72714915  100.00%

L2-Total-Hits:        2065009673   64.63%
L2-Total-Misses:      1130347507   35.37%
L2-Total-Accesses:    3195357180  100.00%

