--------
Total Statistics
--------
Total Instructions: 96483399370
Total Cycles: 503205933031
IPC: 0.191737

--------
Two level Cache hierarchy
--------
  L1-Data Cache:
    Size(KB):          32
    Block Size(B):     32
    Associativity:      4

  L2-Data Cache:
    Size(KB):         256
    Block Size(B):    256
    Associativity:      8

Latencies:    1   15  250
L1-Sets:  256 - LRU - assoc:   4
L2-Sets:  128 - LRU - assoc:   8
Store_allocation: Yes
L2_inclusive: Yes

L1 Cache Stats:
L1-Load-Hits:       18237405745   89.87%
L1-Load-Misses:      2055753553   10.13%
L1-Load-Accesses:   20293159298  100.00%

L1-Store-Hits:        5346820172   45.95%
L1-Store-Misses:      6290136806   54.05%
L1-Store-Accesses:   11636956978  100.00%

L1-Total-Hits:       23584225917   73.86%
L1-Total-Misses:      8345890359   26.14%
L1-Total-Accesses:   31930116276  100.00%

L2 Cache Stats:
L2-Load-Hits:        1796319873   87.38%
L2-Load-Misses:       259433680   12.62%
L2-Load-Accesses:    2055753553  100.00%

L2-Store-Hits:        5551154238   88.25%
L2-Store-Misses:       738982568   11.75%
L2-Store-Accesses:    6290136806  100.00%

L2-Total-Hits:        7347474111   88.04%
L2-Total-Misses:       998416248   11.96%
L2-Total-Accesses:    8345890359  100.00%

