                                     | Core 0     | Core 1     | Core 2     | Core 3     | Core 4     | Core 5     | Core 6     | Core 7     | Core 8     | Core 9     | Core 10    | Core 11    | Core 12    | Core 13    | Core 14    | Core 15   
  Instructions                       |  121111328 |  119892416 |  122037040 |  107245796 |  117362738 |  106395222 |  115283566 |  122213257 |  120835568 |  123750181 |  123705208 |  121126702 |  119501029 |  115657135 |  123968775 |  124353270
  Cycles                             |   48642601 |   48642601 |   48642601 |   48642601 |   48642601 |   48642601 |   48642601 |   48642601 |   48642601 |   48642601 |   48642601 |   48642601 |   48642601 |   48642601 |   48642601 |   48642601
  IPC                                |       2.49 |       2.46 |       2.51 |       2.20 |       2.41 |       2.19 |       2.37 |       2.51 |       2.48 |       2.54 |       2.54 |       2.49 |       2.46 |       2.38 |       2.55 |       2.56
  Time (ns)                          |   18286692 |   18286692 |   18286692 |   18286692 |   18286692 |   18286692 |   18286692 |   18286692 |   18286692 |   18286692 |   18286692 |   18286692 |   18286692 |   18286692 |   18286692 |   18286692
  Idle time (ns)                     |     314568 |     607288 |     363258 |    2423969 |    1037197 |    2553138 |    1326684 |     371694 |     348478 |      86486 |     146224 |     532961 |     767596 |    1299622 |     165085 |     104405
  Idle time (%)                      |       1.7% |       3.3% |       2.0% |      13.3% |       5.7% |      14.0% |       7.3% |       2.0% |       1.9% |       0.5% |       0.8% |       2.9% |       4.2% |       7.1% |       0.9% |       0.6%
Branch predictor stats               |            |            |            |            |            |            |            |            |            |            |            |            |            |            |            |           
  num correct                        |   20062608 |   19859448 |   20216885 |   17751704 |   19437834 |   17609914 |   19091324 |   20246254 |   20016646 |   20502421 |   20494919 |   20065180 |   19794239 |   19153583 |   20538836 |   20602937
  num incorrect                      |        503 |        506 |        503 |        469 |        499 |        501 |        479 |        501 |        492 |        484 |        501 |        477 |        477 |        485 |        513 |        497
  misprediction rate                 |      0.00% |      0.00% |      0.00% |      0.00% |      0.00% |      0.00% |      0.00% |      0.00% |      0.00% |      0.00% |      0.00% |      0.00% |      0.00% |      0.00% |      0.00% |      0.00%
  mpki                               |       0.00 |       0.00 |       0.00 |       0.00 |       0.00 |       0.00 |       0.00 |       0.00 |       0.00 |       0.00 |       0.00 |       0.00 |       0.00 |       0.00 |       0.00 |       0.00
TLB Summary                          |            |            |            |            |            |            |            |            |            |            |            |            |            |            |            |           
Cache Summary                        |            |            |            |            |            |            |            |            |            |            |            |            |            |            |            |           
  Cache L1-I                         |            |            |            |            |            |            |            |            |            |            |            |            |            |            |            |           
    num cache accesses               |   40126982 |   39720679 |   40435567 |   35505183 |   38877485 |   35221641 |   38184415 |   40494315 |   40035095 |   41006636 |   40991613 |   40132153 |   39590251 |   38308947 |   41079465 |   41207615
    num cache misses                 |         10 |         15 |         15 |         15 |         15 |         15 |         16 |         14 |         15 |         15 |         15 |         15 |         15 |         15 |         15 |         15
    miss rate                        |      0.00% |      0.00% |      0.00% |      0.00% |      0.00% |      0.00% |      0.00% |      0.00% |      0.00% |      0.00% |      0.00% |      0.00% |      0.00% |      0.00% |      0.00% |      0.00%
    mpki                             |       0.00 |       0.00 |       0.00 |       0.00 |       0.00 |       0.00 |       0.00 |       0.00 |       0.00 |       0.00 |       0.00 |       0.00 |       0.00 |       0.00 |       0.00 |       0.00
  Cache L1-D                         |            |            |            |            |            |            |            |            |            |            |            |            |            |            |            |           
    num cache accesses               |   40854346 |   40448045 |   41162903 |   36232449 |   39604779 |   35948943 |   38911739 |   41221628 |   40762389 |   41733923 |   41718973 |   40859416 |   40317540 |   39036248 |   41806832 |   41935014
    num cache misses                 |      34854 |      32967 |      32855 |      28694 |      31148 |      28033 |      30125 |      31702 |      34761 |      33657 |      33107 |      32058 |      31336 |      30117 |      31950 |      31947
    miss rate                        |      0.09% |      0.08% |      0.08% |      0.08% |      0.08% |      0.08% |      0.08% |      0.08% |      0.09% |      0.08% |      0.08% |      0.08% |      0.08% |      0.08% |      0.08% |      0.08%
    mpki                             |       0.29 |       0.27 |       0.27 |       0.27 |       0.27 |       0.26 |       0.26 |       0.26 |       0.29 |       0.27 |       0.27 |       0.26 |       0.26 |       0.26 |       0.26 |       0.26
  Cache L2                           |            |            |            |            |            |            |            |            |            |            |            |            |            |            |            |           
    num cache accesses               |      37349 |      35087 |      34974 |      30819 |      33284 |      30160 |      32260 |      33842 |      37297 |      35737 |      35185 |      34189 |      33464 |      32266 |      34052 |      33975
    num cache misses                 |      34864 |      32983 |      32870 |      28709 |      31164 |      28048 |      30141 |      31718 |      34776 |      33672 |      33122 |      32073 |      31351 |      30133 |      31965 |      31963
    miss rate                        |     93.35% |     94.00% |     93.98% |     93.15% |     93.63% |     93.00% |     93.43% |     93.72% |     93.24% |     94.22% |     94.14% |     93.81% |     93.69% |     93.39% |     93.87% |     94.08%
    mpki                             |       0.29 |       0.28 |       0.27 |       0.27 |       0.27 |       0.26 |       0.26 |       0.26 |       0.29 |       0.27 |       0.27 |       0.26 |       0.26 |       0.26 |       0.26 |       0.26
  Cache L3                           |            |            |            |            |            |            |            |            |            |            |            |            |            |            |            |           
    num cache accesses               |      37349 |      35087 |      34974 |      30819 |      33284 |      30160 |      32260 |      33842 |      37297 |      35737 |      35185 |      34189 |      33464 |      32266 |      34052 |      33975
    num cache misses                 |      23528 |      22011 |      21699 |      18182 |      20107 |      17986 |      20068 |      22176 |      23870 |      22769 |      21960 |      21143 |      20624 |      20144 |      21747 |      22494
    miss rate                        |     62.99% |     62.73% |     62.04% |     59.00% |     60.41% |     59.64% |     62.21% |     65.53% |     64.00% |     63.71% |     62.41% |     61.84% |     61.63% |     62.43% |     63.86% |     66.21%
    mpki                             |       0.19 |       0.18 |       0.18 |       0.17 |       0.17 |       0.17 |       0.17 |       0.18 |       0.20 |       0.18 |       0.18 |       0.17 |       0.17 |       0.17 |       0.18 |       0.18
DRAM summary                         |            |            |            |            |            |            |            |            |            |            |            |            |            |            |            |           
  num dram accesses                  |        101 |          0 |          0 |          0 |          0 |          0 |          0 |          0 |          0 |          0 |          0 |          0 |          0 |          0 |          0 |          0
  average dram access latency (ns)   |      83.79 |        inf |        inf |        inf |        inf |        inf |        inf |        inf |        inf |        inf |        inf |        inf |        inf |        inf |        inf |        inf
  average dram queueing delay        |      30.36 |       0.00 |       0.00 |       0.00 |       0.00 |       0.00 |       0.00 |       0.00 |       0.00 |       0.00 |       0.00 |       0.00 |       0.00 |       0.00 |       0.00 |       0.00
  average dram bandwidth utilization |      0.00% |      0.00% |      0.00% |      0.00% |      0.00% |      0.00% |      0.00% |      0.00% |      0.00% |      0.00% |      0.00% |      0.00% |      0.00% |      0.00% |      0.00% |      0.00%
Coherency Traffic                    |            |            |            |            |            |            |            |            |            |            |            |            |            |            |            |           
  num loads from dram                |          4 |          4 |          4 |          4 |          4 |          4 |          5 |          4 |          4 |          5 |          4 |          4 |          4 |          4 |          4 |          5
  num loads from dram cache          |          0 |          0 |          0 |          0 |          0 |          0 |          0 |          0 |          0 |          0 |          0 |          0 |          0 |          0 |          0 |          0
  num loads from remote cache        |      12989 |      12670 |      12805 |      11020 |      12190 |      10871 |      11929 |      12889 |      13365 |      13410 |      13349 |      13167 |      12954 |      12722 |      13390 |      13384
