--------
Total Statistics
--------
Total Instructions: 38323373253
Total Cycles: 160465471011
IPC: 0.238826

--------
Two level Cache hierarchy
--------
  L1-Data Cache:
    Size(KB):          32
    Block Size(B):     32
    Associativity:      4

  L2-Data Cache:
    Size(KB):         256
    Block Size(B):    256
    Associativity:      4

Latencies:    1   15  250
L1-Sets:  256 - RANDOM - assoc:   4
L2-Sets:  256 - RANDOM - assoc:   4
Store_allocation: Yes
L2_inclusive: Yes

L1 Cache Stats:
L1-Load-Hits:        8606505913   89.13%
L1-Load-Misses:      1050046240   10.87%
L1-Load-Accesses:    9656552153  100.00%

L1-Store-Hits:        3211034273   90.09%
L1-Store-Misses:       353121452    9.91%
L1-Store-Accesses:    3564155725  100.00%

L1-Total-Hits:       11817540186   89.39%
L1-Total-Misses:      1403167692   10.61%
L1-Total-Accesses:   13220707878  100.00%

L2 Cache Stats:
L2-Load-Hits:         765888214   72.94%
L2-Load-Misses:       284158026   27.06%
L2-Load-Accesses:    1050046240  100.00%

L2-Store-Hits:         285783980   80.93%
L2-Store-Misses:        67337472   19.07%
L2-Store-Accesses:     353121452  100.00%

L2-Total-Hits:        1051672194   74.95%
L2-Total-Misses:       351495498   25.05%
L2-Total-Accesses:    1403167692  100.00%

