--------
Total Statistics
--------
Total Instructions: 108733220816
Total Cycles: 654998356114
IPC: 0.166005

--------
Two level Cache hierarchy
--------
  L1-Data Cache:
    Size(KB):          32
    Block Size(B):     32
    Associativity:      4

  L2-Data Cache:
    Size(KB):         256
    Block Size(B):    256
    Associativity:      4

Latencies:    1   15  250
L1-Sets:  256 - RANDOM - assoc:   4
L2-Sets:  256 - RANDOM - assoc:   4
Store_allocation: Yes
L2_inclusive: Yes

L1 Cache Stats:
L1-Load-Hits:       27471393632   79.02%
L1-Load-Misses:      7293985271   20.98%
L1-Load-Accesses:   34765378903  100.00%

L1-Store-Hits:        9478047556   98.77%
L1-Store-Misses:       118296814    1.23%
L1-Store-Accesses:    9596344370  100.00%

L1-Total-Hits:       36949441188   83.29%
L1-Total-Misses:      7412282085   16.71%
L1-Total-Accesses:   44361723273  100.00%

L2 Cache Stats:
L2-Load-Hits:        5741503994   78.72%
L2-Load-Misses:      1552481277   21.28%
L2-Load-Accesses:    7293985271  100.00%

L2-Store-Hits:         107901368   91.21%
L2-Store-Misses:        10395446    8.79%
L2-Store-Accesses:     118296814  100.00%

L2-Total-Hits:        5849405362   78.92%
L2-Total-Misses:      1562876723   21.08%
L2-Total-Accesses:    7412282085  100.00%

