--------
Total Statistics
--------
Total Instructions: 3184117134
Total Cycles: 8211370769
IPC: 0.387769

--------
Two level Cache hierarchy
--------
  L1-Data Cache:
    Size(KB):          32
    Block Size(B):     32
    Associativity:      4

  L2-Data Cache:
    Size(KB):         512
    Block Size(B):    128
    Associativity:      8

Latencies:    1   15  250
L1-Sets:  256 - LRU - assoc:   4
L2-Sets:  512 - LRU - assoc:   8
Store_allocation: Yes
L2_inclusive: Yes

L1 Cache Stats:
L1-Load-Hits:         719496918   95.00%
L1-Load-Misses:        37886335    5.00%
L1-Load-Accesses:     757383253  100.00%

L1-Store-Hits:         443338173   93.68%
L1-Store-Misses:        29903574    6.32%
L1-Store-Accesses:     473241747  100.00%

L1-Total-Hits:        1162835091   94.49%
L1-Total-Misses:        67789909    5.51%
L1-Total-Accesses:    1230625000  100.00%

L2 Cache Stats:
L2-Load-Hits:          27931620   73.72%
L2-Load-Misses:         9954715   26.28%
L2-Load-Accesses:      37886335  100.00%

L2-Store-Hits:          28739169   96.11%
L2-Store-Misses:         1164405    3.89%
L2-Store-Accesses:      29903574  100.00%

L2-Total-Hits:          56670789   83.60%
L2-Total-Misses:        11119120   16.40%
L2-Total-Accesses:      67789909  100.00%

