--------
Total Statistics
--------
Total Instructions: 18199703624
Total Cycles: 440786095928
IPC: 0.0412892

--------
Two level Cache hierarchy
--------
  L1-Data Cache:
    Size(KB):          32
    Block Size(B):     32
    Associativity:      4

  L2-Data Cache:
    Size(KB):         512
    Block Size(B):    128
    Associativity:      8

Latencies:    1   15  250
L1-Sets:  256 - LRU - assoc:   4
L2-Sets:  512 - LRU - assoc:   8
Store_allocation: Yes
L2_inclusive: Yes

L1 Cache Stats:
L1-Load-Hits:        3249585734   51.15%
L1-Load-Misses:      3103395096   48.85%
L1-Load-Accesses:    6352980830  100.00%

L1-Store-Hits:        1809178944   96.19%
L1-Store-Misses:        71618740    3.81%
L1-Store-Accesses:    1880797684  100.00%

L1-Total-Hits:        5058764678   61.44%
L1-Total-Misses:      3175013836   38.56%
L1-Total-Accesses:    8233778514  100.00%

L2 Cache Stats:
L2-Load-Hits:        1653838628   53.29%
L2-Load-Misses:      1449556468   46.71%
L2-Load-Accesses:    3103395096  100.00%

L2-Store-Hits:          54265583   75.77%
L2-Store-Misses:        17353157   24.23%
L2-Store-Accesses:      71618740  100.00%

L2-Total-Hits:        1708104211   53.80%
L2-Total-Misses:      1466909625   46.20%
L2-Total-Accesses:    3175013836  100.00%

