--------
Total Statistics
--------
Total Instructions: 60533958858
Total Cycles: 88236449655
IPC: 0.686043

--------
Two level Cache hierarchy
--------
  L1-Data Cache:
    Size(KB):          32
    Block Size(B):     32
    Associativity:      4

  L2-Data Cache:
    Size(KB):         512
    Block Size(B):    128
    Associativity:      8

Latencies:    1   15  250
L1-Sets:  256 - LRU - assoc:   4
L2-Sets:  512 - LRU - assoc:   8
Store_allocation: Yes
L2_inclusive: Yes

L1 Cache Stats:
L1-Load-Hits:       13365073792   95.97%
L1-Load-Misses:       561539303    4.03%
L1-Load-Accesses:   13926613095  100.00%

L1-Store-Hits:        3699471213   99.28%
L1-Store-Misses:        26932434    0.72%
L1-Store-Accesses:    3726403647  100.00%

L1-Total-Hits:       17064545005   96.67%
L1-Total-Misses:       588471737    3.33%
L1-Total-Accesses:   17653016742  100.00%

L2 Cache Stats:
L2-Load-Hits:         557530382   99.29%
L2-Load-Misses:         4008921    0.71%
L2-Load-Accesses:     561539303  100.00%

L2-Store-Hits:          26051763   96.73%
L2-Store-Misses:          880671    3.27%
L2-Store-Accesses:      26932434  100.00%

L2-Total-Hits:         583582145   99.17%
L2-Total-Misses:         4889592    0.83%
L2-Total-Accesses:     588471737  100.00%

