--------
Total Statistics
--------
Total Instructions: 60533956984
Total Cycles: 88245956799
IPC: 0.685969

--------
Two level Cache hierarchy
--------
  L1-Data Cache:
    Size(KB):          32
    Block Size(B):     32
    Associativity:      4

  L2-Data Cache:
    Size(KB):         512
    Block Size(B):    128
    Associativity:      4

Latencies:    1   15  250
L1-Sets:  256 - LRU - assoc:   4
L2-Sets: 1024 - LRU - assoc:   4
Store_allocation: Yes
L2_inclusive: Yes

L1 Cache Stats:
L1-Load-Hits:       13364580754   95.96%
L1-Load-Misses:       562032142    4.04%
L1-Load-Accesses:   13926612896  100.00%

L1-Store-Hits:        3700043545   99.29%
L1-Store-Misses:        26360109    0.71%
L1-Store-Accesses:    3726403654  100.00%

L1-Total-Hits:       17064624299   96.67%
L1-Total-Misses:       588392251    3.33%
L1-Total-Accesses:   17653016550  100.00%

L2 Cache Stats:
L2-Load-Hits:         557983488   99.28%
L2-Load-Misses:         4048654    0.72%
L2-Load-Accesses:     562032142  100.00%

L2-Store-Hits:          25476365   96.65%
L2-Store-Misses:          883744    3.35%
L2-Store-Accesses:      26360109  100.00%

L2-Total-Hits:         583459853   99.16%
L2-Total-Misses:         4932398    0.84%
L2-Total-Accesses:     588392251  100.00%

