--------
Total Statistics
--------
Total Instructions: 60533956355
Total Cycles: 87658667945
IPC: 0.690564

--------
Two level Cache hierarchy
--------
  L1-Data Cache:
    Size(KB):          32
    Block Size(B):     32
    Associativity:      4

  L2-Data Cache:
    Size(KB):         512
    Block Size(B):    256
    Associativity:      8

Latencies:    1   15  250
L1-Sets:  256 - LRU - assoc:   4
L2-Sets:  256 - LRU - assoc:   8
Store_allocation: Yes
L2_inclusive: Yes

L1 Cache Stats:
L1-Load-Hits:       13365897605   95.97%
L1-Load-Misses:       560715291    4.03%
L1-Load-Accesses:   13926612896  100.00%

L1-Store-Hits:        3700259209   99.30%
L1-Store-Misses:        26144445    0.70%
L1-Store-Accesses:    3726403654  100.00%

L1-Total-Hits:       17066156814   96.68%
L1-Total-Misses:       586859736    3.32%
L1-Total-Accesses:   17653016550  100.00%

L2 Cache Stats:
L2-Load-Hits:         558514191   99.61%
L2-Load-Misses:         2201100    0.39%
L2-Load-Accesses:     560715291  100.00%

L2-Store-Hits:          25670349   98.19%
L2-Store-Misses:          474096    1.81%
L2-Store-Accesses:      26144445  100.00%

L2-Total-Hits:         584184540   99.54%
L2-Total-Misses:         2675196    0.46%
L2-Total-Accesses:     586859736  100.00%

