--------
Total Statistics
--------
Total Instructions: 60533955766
Total Cycles: 88375020729
IPC: 0.684967

--------
Two level Cache hierarchy
--------
  L1-Data Cache:
    Size(KB):          32
    Block Size(B):     32
    Associativity:      4

  L2-Data Cache:
    Size(KB):         512
    Block Size(B):    128
    Associativity:      8

Latencies:    1   15  250
L1-Sets:  256 - LRU - assoc:   4
L2-Sets:  512 - LRU - assoc:   8
Store_allocation: Yes
L2_inclusive: Yes

L1 Cache Stats:
L1-Load-Hits:       13357694537   95.91%
L1-Load-Misses:       568918237    4.09%
L1-Load-Accesses:   13926612774  100.00%

L1-Store-Hits:        3697689772   99.23%
L1-Store-Misses:        28713882    0.77%
L1-Store-Accesses:    3726403654  100.00%

L1-Total-Hits:       17055384309   96.61%
L1-Total-Misses:       597632119    3.39%
L1-Total-Accesses:   17653016428  100.00%

L2 Cache Stats:
L2-Load-Hits:         564905445   99.29%
L2-Load-Misses:         4012792    0.71%
L2-Load-Accesses:     568918237  100.00%

L2-Store-Hits:          27832407   96.93%
L2-Store-Misses:          881475    3.07%
L2-Store-Accesses:      28713882  100.00%

L2-Total-Hits:         592737852   99.18%
L2-Total-Misses:         4894267    0.82%
L2-Total-Accesses:     597632119  100.00%

