--------
Total Statistics
--------
Total Instructions: 60533956355
Total Cycles: 87457852410
IPC: 0.69215

--------
Two level Cache hierarchy
--------
  L1-Data Cache:
    Size(KB):          32
    Block Size(B):     32
    Associativity:      4

  L2-Data Cache:
    Size(KB):        1024
    Block Size(B):    256
    Associativity:     16

Latencies:    1   15  250
L1-Sets:  256 - LRU - assoc:   4
L2-Sets:  256 - LRU - assoc:  16
Store_allocation: Yes
L2_inclusive: Yes

L1 Cache Stats:
L1-Load-Hits:       13367007741   95.98%
L1-Load-Misses:       559605155    4.02%
L1-Load-Accesses:   13926612896  100.00%

L1-Store-Hits:        3700307842   99.30%
L1-Store-Misses:        26095812    0.70%
L1-Store-Accesses:    3726403654  100.00%

L1-Total-Hits:       17067315583   96.68%
L1-Total-Misses:       585700967    3.32%
L1-Total-Accesses:   17653016550  100.00%

L2 Cache Stats:
L2-Load-Hits:         558101781   99.73%
L2-Load-Misses:         1503374    0.27%
L2-Load-Accesses:     559605155  100.00%

L2-Store-Hits:          25657726   98.32%
L2-Store-Misses:          438086    1.68%
L2-Store-Accesses:      26095812  100.00%

L2-Total-Hits:         583759507   99.67%
L2-Total-Misses:         1941460    0.33%
L2-Total-Accesses:     585700967  100.00%

