--------
Total Statistics
--------
Total Instructions: 60533959117
Total Cycles: 87936653886
IPC: 0.688381

--------
Two level Cache hierarchy
--------
  L1-Data Cache:
    Size(KB):          32
    Block Size(B):     32
    Associativity:      4

  L2-Data Cache:
    Size(KB):         256
    Block Size(B):    256
    Associativity:      4

Latencies:    1   15  250
L1-Sets:  256 - LRU - assoc:   4
L2-Sets:  256 - LRU - assoc:   4
Store_allocation: Yes
L2_inclusive: Yes

L1 Cache Stats:
L1-Load-Hits:       13367125750   95.98%
L1-Load-Misses:       559487460    4.02%
L1-Load-Accesses:   13926613210  100.00%

L1-Store-Hits:        3700108087   99.29%
L1-Store-Misses:        26295567    0.71%
L1-Store-Accesses:    3726403654  100.00%

L1-Total-Hits:       17067233837   96.68%
L1-Total-Misses:       585783027    3.32%
L1-Total-Accesses:   17653016864  100.00%

L2 Cache Stats:
L2-Load-Hits:         556145427   99.40%
L2-Load-Misses:         3342033    0.60%
L2-Load-Accesses:     559487460  100.00%

L2-Store-Hits:          25785870   98.06%
L2-Store-Misses:          509697    1.94%
L2-Store-Accesses:      26295567  100.00%

L2-Total-Hits:         581931297   99.34%
L2-Total-Misses:         3851730    0.66%
L2-Total-Accesses:     585783027  100.00%

