--------
Total Statistics
--------
Total Instructions: 18199703624
Total Cycles: 301226264138
IPC: 0.0604187

--------
Two level Cache hierarchy
--------
  L1-Data Cache:
    Size(KB):          32
    Block Size(B):     32
    Associativity:      4

  L2-Data Cache:
    Size(KB):         512
    Block Size(B):    256
    Associativity:      8

Latencies:    1   15  250
L1-Sets:  256 - LRU - assoc:   4
L2-Sets:  256 - LRU - assoc:   8
Store_allocation: Yes
L2_inclusive: Yes

L1 Cache Stats:
L1-Load-Hits:        3248705192   51.14%
L1-Load-Misses:      3104275638   48.86%
L1-Load-Accesses:    6352980830  100.00%

L1-Store-Hits:        1809227122   96.19%
L1-Store-Misses:        71570562    3.81%
L1-Store-Accesses:    1880797684  100.00%

L1-Total-Hits:        5057932314   61.43%
L1-Total-Misses:      3175846200   38.57%
L1-Total-Accesses:    8233778514  100.00%

L2 Cache Stats:
L2-Load-Hits:        2204929515   71.03%
L2-Load-Misses:       899346123   28.97%
L2-Load-Accesses:    3104275638  100.00%

L2-Store-Hits:          62296329   87.04%
L2-Store-Misses:         9274233   12.96%
L2-Store-Accesses:      71570562  100.00%

L2-Total-Hits:        2267225844   71.39%
L2-Total-Misses:       908620356   28.61%
L2-Total-Accesses:    3175846200  100.00%

