--------
Total Statistics
--------
Total Instructions: 60533958854
Total Cycles: 87844692046
IPC: 0.689102

--------
Two level Cache hierarchy
--------
  L1-Data Cache:
    Size(KB):          32
    Block Size(B):     32
    Associativity:      4

  L2-Data Cache:
    Size(KB):         512
    Block Size(B):    256
    Associativity:      8

Latencies:    1   15  250
L1-Sets:  256 - LRU - assoc:   4
L2-Sets:  256 - LRU - assoc:   8
Store_allocation: Yes
L2_inclusive: Yes

L1 Cache Stats:
L1-Load-Hits:       13356598909   95.91%
L1-Load-Misses:       570014186    4.09%
L1-Load-Accesses:   13926613095  100.00%

L1-Store-Hits:        3697197053   99.22%
L1-Store-Misses:        29206594    0.78%
L1-Store-Accesses:    3726403647  100.00%

L1-Total-Hits:       17053795962   96.61%
L1-Total-Misses:       599220780    3.39%
L1-Total-Accesses:   17653016742  100.00%

L2 Cache Stats:
L2-Load-Hits:         567808586   99.61%
L2-Load-Misses:         2205600    0.39%
L2-Load-Accesses:     570014186  100.00%

L2-Store-Hits:          28734575   98.38%
L2-Store-Misses:          472019    1.62%
L2-Store-Accesses:      29206594  100.00%

L2-Total-Hits:         596543161   99.55%
L2-Total-Misses:         2677619    0.45%
L2-Total-Accesses:     599220780  100.00%

