--------
Total Statistics
--------
Total Instructions: 7474547153
Total Cycles: 29229071952
IPC: 0.255723

--------
Two level Cache hierarchy
--------
  L1-Data Cache:
    Size(KB):          32
    Block Size(B):     32
    Associativity:      4

  L2-Data Cache:
    Size(KB):         512
    Block Size(B):    256
    Associativity:      8

Latencies:    1   15  250
L1-Sets:  256 - LRU - assoc:   4
L2-Sets:  256 - LRU - assoc:   8
Store_allocation: Yes
L2_inclusive: Yes

L1 Cache Stats:
L1-Load-Hits:        1821024294   83.43%
L1-Load-Misses:       361667856   16.57%
L1-Load-Accesses:    2182692150  100.00%

L1-Store-Hits:         437433787   94.59%
L1-Store-Misses:        25013767    5.41%
L1-Store-Accesses:     462447554  100.00%

L1-Total-Hits:        2258458081   85.38%
L1-Total-Misses:       386681623   14.62%
L1-Total-Accesses:    2645139704  100.00%

L2 Cache Stats:
L2-Load-Hits:         311818414   86.22%
L2-Load-Misses:        49849442   13.78%
L2-Load-Accesses:     361667856  100.00%

L2-Store-Hits:          21626566   86.46%
L2-Store-Misses:         3387201   13.54%
L2-Store-Accesses:      25013767  100.00%

L2-Total-Hits:         333444980   86.23%
L2-Total-Misses:        53236643   13.77%
L2-Total-Accesses:     386681623  100.00%

