--------
Total Statistics
--------
Total Instructions: 108731470609
Total Cycles: 573779326359
IPC: 0.189501

--------
Two level Cache hierarchy
--------
  L1-Data Cache:
    Size(KB):          32
    Block Size(B):     32
    Associativity:      4

  L2-Data Cache:
    Size(KB):         512
    Block Size(B):    256
    Associativity:      8

Latencies:    1   15  250
L1-Sets:  256 - LRU - assoc:   4
L2-Sets:  256 - LRU - assoc:   8
Store_allocation: Yes
L2_inclusive: Yes

L1 Cache Stats:
L1-Load-Hits:       28462051010   81.87%
L1-Load-Misses:      6303330502   18.13%
L1-Load-Accesses:   34765381512  100.00%

L1-Store-Hits:        9520150148   99.21%
L1-Store-Misses:        75777785    0.79%
L1-Store-Accesses:    9595927933  100.00%

L1-Total-Hits:       37982201158   85.62%
L1-Total-Misses:      6379108287   14.38%
L1-Total-Accesses:   44361309445  100.00%

L2 Cache Stats:
L2-Load-Hits:        5012721463   79.52%
L2-Load-Misses:      1290609039   20.48%
L2-Load-Accesses:    6303330502  100.00%

L2-Store-Hits:          66387136   87.61%
L2-Store-Misses:         9390649   12.39%
L2-Store-Accesses:      75777785  100.00%

L2-Total-Hits:        5079108599   79.62%
L2-Total-Misses:      1299999688   20.38%
L2-Total-Accesses:    6379108287  100.00%

