--------
Total Statistics
--------
Total Instructions: 96483397560
Total Cycles: 502135130381
IPC: 0.192146

--------
Two level Cache hierarchy
--------
  L1-Data Cache:
    Size(KB):          32
    Block Size(B):     32
    Associativity:      4

  L2-Data Cache:
    Size(KB):         512
    Block Size(B):    256
    Associativity:      8

Latencies:    1   15  250
L1-Sets:  256 - LRU - assoc:   4
L2-Sets:  256 - LRU - assoc:   8
Store_allocation: Yes
L2_inclusive: Yes

L1 Cache Stats:
L1-Load-Hits:       18239920607   89.88%
L1-Load-Misses:      2053238233   10.12%
L1-Load-Accesses:   20293158840  100.00%

L1-Store-Hits:        5349740220   45.97%
L1-Store-Misses:      6287216751   54.03%
L1-Store-Accesses:   11636956971  100.00%

L1-Total-Hits:       23589660827   73.88%
L1-Total-Misses:      8340454984   26.12%
L1-Total-Accesses:   31930115811  100.00%

L2 Cache Stats:
L2-Load-Hits:        1795790757   87.46%
L2-Load-Misses:       257447476   12.54%
L2-Load-Accesses:    2053238233  100.00%

L2-Store-Hits:        5550205058   88.28%
L2-Store-Misses:       737011693   11.72%
L2-Store-Accesses:    6287216751  100.00%

L2-Total-Hits:        7345995815   88.08%
L2-Total-Misses:       994459169   11.92%
L2-Total-Accesses:    8340454984  100.00%

