--------
Total Statistics
--------
Total Instructions: 108733221016
Total Cycles: 579755191914
IPC: 0.18755

--------
Two level Cache hierarchy
--------
  L1-Data Cache:
    Size(KB):          32
    Block Size(B):     32
    Associativity:      4

  L2-Data Cache:
    Size(KB):         512
    Block Size(B):    256
    Associativity:      4

Latencies:    1   15  250
L1-Sets:  256 - LRU - assoc:   4
L2-Sets:  512 - LRU - assoc:   4
Store_allocation: Yes
L2_inclusive: Yes

L1 Cache Stats:
L1-Load-Hits:       28462688978   81.87%
L1-Load-Misses:      6302689929   18.13%
L1-Load-Accesses:   34765378907  100.00%

L1-Store-Hits:        9520608310   99.21%
L1-Store-Misses:        75736156    0.79%
L1-Store-Accesses:    9596344466  100.00%

L1-Total-Hits:       37983297288   85.62%
L1-Total-Misses:      6378426085   14.38%
L1-Total-Accesses:   44361723373  100.00%

L2 Cache Stats:
L2-Load-Hits:        4988151887   79.14%
L2-Load-Misses:      1314538042   20.86%
L2-Load-Accesses:    6302689929  100.00%

L2-Store-Hits:          66338773   87.59%
L2-Store-Misses:         9397383   12.41%
L2-Store-Accesses:      75736156  100.00%

L2-Total-Hits:        5054490660   79.24%
L2-Total-Misses:      1323935425   20.76%
L2-Total-Accesses:    6378426085  100.00%

