--------
Total Statistics
--------
Total Instructions: 108733220816
Total Cycles: 634395855404
IPC: 0.171396

--------
Two level Cache hierarchy
--------
  L1-Data Cache:
    Size(KB):          32
    Block Size(B):     32
    Associativity:      4

  L2-Data Cache:
    Size(KB):         512
    Block Size(B):    128
    Associativity:      8

Latencies:    1   15  250
L1-Sets:  256 - LRU - assoc:   4
L2-Sets:  512 - LRU - assoc:   8
Store_allocation: Yes
L2_inclusive: Yes

L1 Cache Stats:
L1-Load-Hits:       28464308762   81.88%
L1-Load-Misses:      6301070141   18.12%
L1-Load-Accesses:   34765378903  100.00%

L1-Store-Hits:        9520690040   99.21%
L1-Store-Misses:        75654330    0.79%
L1-Store-Accesses:    9596344370  100.00%

L1-Total-Hits:       37984998802   85.63%
L1-Total-Misses:      6376724471   14.37%
L1-Total-Accesses:   44361723273  100.00%

L2 Cache Stats:
L2-Load-Hits:        4776631279   75.81%
L2-Load-Misses:      1524438862   24.19%
L2-Load-Accesses:    6301070141  100.00%

L2-Store-Hits:          57493015   75.99%
L2-Store-Misses:        18161315   24.01%
L2-Store-Accesses:      75654330  100.00%

L2-Total-Hits:        4834124294   75.81%
L2-Total-Misses:      1542600177   24.19%
L2-Total-Accesses:    6376724471  100.00%

