--------
Total Statistics
--------
Total Instructions: 108733220816
Total Cycles: 741255633649
IPC: 0.146688

--------
Two level Cache hierarchy
--------
  L1-Data Cache:
    Size(KB):          32
    Block Size(B):     32
    Associativity:      4

  L2-Data Cache:
    Size(KB):         256
    Block Size(B):    128
    Associativity:      8

Latencies:    1   15  250
L1-Sets:  256 - LRU - assoc:   4
L2-Sets:  256 - LRU - assoc:   8
Store_allocation: Yes
L2_inclusive: Yes

L1 Cache Stats:
L1-Load-Hits:       28461000598   81.87%
L1-Load-Misses:      6304378305   18.13%
L1-Load-Accesses:   34765378903  100.00%

L1-Store-Hits:        9520536221   99.21%
L1-Store-Misses:        75808149    0.79%
L1-Store-Accesses:    9596344370  100.00%

L1-Total-Hits:       37981536819   85.62%
L1-Total-Misses:      6380186454   14.38%
L1-Total-Accesses:   44361723273  100.00%

L2 Cache Stats:
L2-Load-Hits:        4353652960   69.06%
L2-Load-Misses:      1950725345   30.94%
L2-Load-Accesses:    6304378305  100.00%

L2-Store-Hits:          56701923   74.80%
L2-Store-Misses:        19106226   25.20%
L2-Store-Accesses:      75808149  100.00%

L2-Total-Hits:        4410354883   69.13%
L2-Total-Misses:      1969831571   30.87%
L2-Total-Accesses:    6380186454  100.00%

