--------
Total Statistics
--------
Total Instructions: 108733221016
Total Cycles: 748918159689
IPC: 0.145187

--------
Two level Cache hierarchy
--------
  L1-Data Cache:
    Size(KB):          32
    Block Size(B):     32
    Associativity:      4

  L2-Data Cache:
    Size(KB):         256
    Block Size(B):    128
    Associativity:      4

Latencies:    1   15  250
L1-Sets:  256 - LRU - assoc:   4
L2-Sets:  512 - LRU - assoc:   4
Store_allocation: Yes
L2_inclusive: Yes

L1 Cache Stats:
L1-Load-Hits:       28460685849   81.87%
L1-Load-Misses:      6304693058   18.13%
L1-Load-Accesses:   34765378907  100.00%

L1-Store-Hits:        9520618004   99.21%
L1-Store-Misses:        75726462    0.79%
L1-Store-Accesses:    9596344466  100.00%

L1-Total-Hits:       37981303853   85.62%
L1-Total-Misses:      6380419520   14.38%
L1-Total-Accesses:   44361723373  100.00%

L2 Cache Stats:
L2-Load-Hits:        4323116654   68.57%
L2-Load-Misses:      1981576404   31.43%
L2-Load-Accesses:    6304693058  100.00%

L2-Store-Hits:          56835176   75.05%
L2-Store-Misses:        18891286   24.95%
L2-Store-Accesses:      75726462  100.00%

L2-Total-Hits:        4379951830   68.65%
L2-Total-Misses:      2000467690   31.35%
L2-Total-Accesses:    6380419520  100.00%

