--------
Total Statistics
--------
Total Instructions: 108733221016
Total Cycles: 664902116614
IPC: 0.163533

--------
Two level Cache hierarchy
--------
  L1-Data Cache:
    Size(KB):          32
    Block Size(B):     32
    Associativity:      4

  L2-Data Cache:
    Size(KB):         256
    Block Size(B):    256
    Associativity:      8

Latencies:    1   15  250
L1-Sets:  256 - LRU - assoc:   4
L2-Sets:  128 - LRU - assoc:   8
Store_allocation: Yes
L2_inclusive: Yes

L1 Cache Stats:
L1-Load-Hits:       28451491209   81.84%
L1-Load-Misses:      6313887698   18.16%
L1-Load-Accesses:   34765378907  100.00%

L1-Store-Hits:        9520628049   99.21%
L1-Store-Misses:        75716417    0.79%
L1-Store-Accesses:    9596344466  100.00%

L1-Total-Hits:       37972119258   85.60%
L1-Total-Misses:      6389604115   14.40%
L1-Total-Accesses:   44361723373  100.00%

L2 Cache Stats:
L2-Load-Hits:        4659920242   73.80%
L2-Load-Misses:      1653967456   26.20%
L2-Load-Accesses:    6313887698  100.00%

L2-Store-Hits:          65831431   86.94%
L2-Store-Misses:         9884986   13.06%
L2-Store-Accesses:      75716417  100.00%

L2-Total-Hits:        4725751673   73.96%
L2-Total-Misses:      1663852442   26.04%
L2-Total-Accesses:    6389604115  100.00%

