--------
Total Statistics
--------
Total Instructions: 108733221016
Total Cycles: 619280303214
IPC: 0.17558

--------
Two level Cache hierarchy
--------
  L1-Data Cache:
    Size(KB):          32
    Block Size(B):     32
    Associativity:      4

  L2-Data Cache:
    Size(KB):        2048
    Block Size(B):    128
    Associativity:     16

Latencies:    1   15  250
L1-Sets:  256 - LRU - assoc:   4
L2-Sets: 1024 - LRU - assoc:  16
Store_allocation: Yes
L2_inclusive: Yes

L1 Cache Stats:
L1-Load-Hits:       28469479185   81.89%
L1-Load-Misses:      6295899722   18.11%
L1-Load-Accesses:   34765378907  100.00%

L1-Store-Hits:        9520696383   99.21%
L1-Store-Misses:        75648083    0.79%
L1-Store-Accesses:    9596344466  100.00%

L1-Total-Hits:       37990175568   85.64%
L1-Total-Misses:      6371547805   14.36%
L1-Total-Accesses:   44361723373  100.00%

L2 Cache Stats:
L2-Load-Hits:        4824293556   76.63%
L2-Load-Misses:      1471606166   23.37%
L2-Load-Accesses:    6295899722  100.00%

L2-Store-Hits:          64805682   85.67%
L2-Store-Misses:        10842401   14.33%
L2-Store-Accesses:      75648083  100.00%

L2-Total-Hits:        4889099238   76.73%
L2-Total-Misses:      1482448567   23.27%
L2-Total-Accesses:    6371547805  100.00%

