--------
Total Statistics
--------
Total Instructions: 96483399370
Total Cycles: 496952490901
IPC: 0.19415

--------
Two level Cache hierarchy
--------
  L1-Data Cache:
    Size(KB):          32
    Block Size(B):     32
    Associativity:      4

  L2-Data Cache:
    Size(KB):        1024
    Block Size(B):    256
    Associativity:      8

Latencies:    1   15  250
L1-Sets:  256 - SRRIP - assoc:   4
L2-Sets:  512 - SRRIP - assoc:   8
Store_allocation: Yes
L2_inclusive: Yes

L1 Cache Stats:
L1-Load-Hits:       18240559654   89.89%
L1-Load-Misses:      2052599644   10.11%
L1-Load-Accesses:   20293159298  100.00%

L1-Store-Hits:        5738788205   49.32%
L1-Store-Misses:      5898168773   50.68%
L1-Store-Accesses:   11636956978  100.00%

L1-Total-Hits:       23979347859   75.10%
L1-Total-Misses:      7950768417   24.90%
L1-Total-Accesses:   31930116276  100.00%

L2 Cache Stats:
L2-Load-Hits:        1793908422   87.40%
L2-Load-Misses:       258691222   12.60%
L2-Load-Accesses:    2052599644  100.00%

L2-Store-Hits:        5159750199   87.48%
L2-Store-Misses:       738418574   12.52%
L2-Store-Accesses:    5898168773  100.00%

L2-Total-Hits:        6953658621   87.46%
L2-Total-Misses:       997109796   12.54%
L2-Total-Accesses:    7950768417  100.00%

