--------
Total Statistics
--------
Total Instructions: 7443911844
Total Cycles: 31035006466
IPC: 0.239855

--------
Two level Cache hierarchy
--------
  L1-Data Cache:
    Size(KB):          32
    Block Size(B):     32
    Associativity:      4

  L2-Data Cache:
    Size(KB):         256
    Block Size(B):    256
    Associativity:      4

Latencies:    1   15  250
L1-Sets:  256 - LRU - assoc:   4
L2-Sets:  256 - LRU - assoc:   4
Store_allocation: Yes
L2_inclusive: Yes

L1 Cache Stats:
L1-Load-Hits:        1815609858   83.38%
L1-Load-Misses:       361780554   16.62%
L1-Load-Accesses:    2177390412  100.00%

L1-Store-Hits:         437377382   94.58%
L1-Store-Misses:        25065298    5.42%
L1-Store-Accesses:     462442680  100.00%

L1-Total-Hits:        2252987240   85.35%
L1-Total-Misses:       386845852   14.65%
L1-Total-Accesses:    2639833092  100.00%

L2 Cache Stats:
L2-Load-Hits:         304715825   84.23%
L2-Load-Misses:        57064729   15.77%
L2-Load-Accesses:     361780554  100.00%

L2-Store-Hits:          21535732   85.92%
L2-Store-Misses:         3529566   14.08%
L2-Store-Accesses:      25065298  100.00%

L2-Total-Hits:         326251557   84.34%
L2-Total-Misses:        60594295   15.66%
L2-Total-Accesses:     386845852  100.00%

