--------
Total Statistics
--------
Total Instructions: 96483399370
Total Cycles: 503527599441
IPC: 0.191615

--------
Two level Cache hierarchy
--------
  L1-Data Cache:
    Size(KB):          32
    Block Size(B):     32
    Associativity:      4

  L2-Data Cache:
    Size(KB):         256
    Block Size(B):    256
    Associativity:      4

Latencies:    1   15  250
L1-Sets:  256 - LRU - assoc:   4
L2-Sets:  256 - LRU - assoc:   4
Store_allocation: Yes
L2_inclusive: Yes

L1 Cache Stats:
L1-Load-Hits:       18236245517   89.86%
L1-Load-Misses:      2056913781   10.14%
L1-Load-Accesses:   20293159298  100.00%

L1-Store-Hits:        5346025106   45.94%
L1-Store-Misses:      6290931872   54.06%
L1-Store-Accesses:   11636956978  100.00%

L1-Total-Hits:       23582270623   73.86%
L1-Total-Misses:      8347845653   26.14%
L1-Total-Accesses:   31930116276  100.00%

L2 Cache Stats:
L2-Load-Hits:        1796577127   87.34%
L2-Load-Misses:       260336654   12.66%
L2-Load-Accesses:    2056913781  100.00%

L2-Store-Hits:        5551682930   88.25%
L2-Store-Misses:       739248942   11.75%
L2-Store-Accesses:    6290931872  100.00%

L2-Total-Hits:        7348260057   88.03%
L2-Total-Misses:       999585596   11.97%
L2-Total-Accesses:    8347845653  100.00%

