--------
Total Statistics
--------
Total Instructions: 38323373253
Total Cycles: 159054951331
IPC: 0.240944

--------
Two level Cache hierarchy
--------
  L1-Data Cache:
    Size(KB):          32
    Block Size(B):     32
    Associativity:      4

  L2-Data Cache:
    Size(KB):        1024
    Block Size(B):    256
    Associativity:     16

Latencies:    1   15  250
L1-Sets:  256 - LRU - assoc:   4
L2-Sets:  256 - LRU - assoc:  16
Store_allocation: Yes
L2_inclusive: Yes

L1 Cache Stats:
L1-Load-Hits:        8617050251   89.24%
L1-Load-Misses:      1039501902   10.76%
L1-Load-Accesses:    9656552153  100.00%

L1-Store-Hits:        3213565497   90.16%
L1-Store-Misses:       350590228    9.84%
L1-Store-Accesses:    3564155725  100.00%

L1-Total-Hits:       11830615748   89.49%
L1-Total-Misses:      1390092130   10.51%
L1-Total-Accesses:   13220707878  100.00%

L2 Cache Stats:
L2-Load-Hits:         758652174   72.98%
L2-Load-Misses:       280849728   27.02%
L2-Load-Accesses:    1039501902  100.00%

L2-Store-Hits:         284802003   81.24%
L2-Store-Misses:        65788225   18.76%
L2-Store-Accesses:     350590228  100.00%

L2-Total-Hits:        1043454177   75.06%
L2-Total-Misses:       346637953   24.94%
L2-Total-Accesses:    1390092130  100.00%

