--------
Total Statistics
--------
Total Instructions: 96483399370
Total Cycles: 501955238031
IPC: 0.192215

--------
Two level Cache hierarchy
--------
  L1-Data Cache:
    Size(KB):          32
    Block Size(B):     32
    Associativity:      4

  L2-Data Cache:
    Size(KB):        1024
    Block Size(B):    256
    Associativity:     16

Latencies:    1   15  250
L1-Sets:  256 - LRU - assoc:   4
L2-Sets:  256 - LRU - assoc:  16
Store_allocation: Yes
L2_inclusive: Yes

L1 Cache Stats:
L1-Load-Hits:       18240575364   89.89%
L1-Load-Misses:      2052583934   10.11%
L1-Load-Accesses:   20293159298  100.00%

L1-Store-Hits:        5350424953   45.98%
L1-Store-Misses:      6286532025   54.02%
L1-Store-Accesses:   11636956978  100.00%

L1-Total-Hits:       23591000317   73.88%
L1-Total-Misses:      8339115959   26.12%
L1-Total-Accesses:   31930116276  100.00%

L2 Cache Stats:
L2-Load-Hits:        1795608912   87.48%
L2-Load-Misses:       256975022   12.52%
L2-Load-Accesses:    2052583934  100.00%

L2-Store-Hits:        5549687115   88.28%
L2-Store-Misses:       736844910   11.72%
L2-Store-Accesses:    6286532025  100.00%

L2-Total-Hits:        7345296027   88.08%
L2-Total-Misses:       993819932   11.92%
L2-Total-Accesses:    8339115959  100.00%

