--------
Total Statistics
--------
Total Instructions: 3184131892
Total Cycles: 7667276935
IPC: 0.415288

--------
Two level Cache hierarchy
--------
  L1-Data Cache:
    Size(KB):          32
    Block Size(B):     32
    Associativity:      4

  L2-Data Cache:
    Size(KB):        1024
    Block Size(B):    128
    Associativity:      8

Latencies:    1   15  250
L1-Sets:  256 - LRU - assoc:   4
L2-Sets: 1024 - LRU - assoc:   8
Store_allocation: Yes
L2_inclusive: Yes

L1 Cache Stats:
L1-Load-Hits:         719588563   95.01%
L1-Load-Misses:        37795429    4.99%
L1-Load-Accesses:     757383992  100.00%

L1-Store-Hits:         444054874   93.83%
L1-Store-Misses:        29184562    6.17%
L1-Store-Accesses:     473239436  100.00%

L1-Total-Hits:        1163643437   94.56%
L1-Total-Misses:        66979991    5.44%
L1-Total-Accesses:    1230623428  100.00%

L2 Cache Stats:
L2-Load-Hits:          29785945   78.81%
L2-Load-Misses:         8009484   21.19%
L2-Load-Accesses:      37795429  100.00%

L2-Store-Hits:          28202759   96.64%
L2-Store-Misses:          981803    3.36%
L2-Store-Accesses:      29184562  100.00%

L2-Total-Hits:          57988704   86.58%
L2-Total-Misses:         8991287   13.42%
L2-Total-Accesses:      66979991  100.00%

