--------
Total Statistics
--------
Total Instructions: 60533958854
Total Cycles: 87944809511
IPC: 0.688318

--------
Two level Cache hierarchy
--------
  L1-Data Cache:
    Size(KB):          32
    Block Size(B):     32
    Associativity:      4

  L2-Data Cache:
    Size(KB):        1024
    Block Size(B):    128
    Associativity:      8

Latencies:    1   15  250
L1-Sets:  256 - LRU - assoc:   4
L2-Sets: 1024 - LRU - assoc:   8
Store_allocation: Yes
L2_inclusive: Yes

L1 Cache Stats:
L1-Load-Hits:       13362716572   95.95%
L1-Load-Misses:       563896523    4.05%
L1-Load-Accesses:   13926613095  100.00%

L1-Store-Hits:        3700823409   99.31%
L1-Store-Misses:        25580238    0.69%
L1-Store-Accesses:    3726403647  100.00%

L1-Total-Hits:       17063539981   96.66%
L1-Total-Misses:       589476761    3.34%
L1-Total-Accesses:   17653016742  100.00%

L2 Cache Stats:
L2-Load-Hits:         561079350   99.50%
L2-Load-Misses:         2817173    0.50%
L2-Load-Accesses:     563896523  100.00%

L2-Store-Hits:          24734681   96.69%
L2-Store-Misses:          845557    3.31%
L2-Store-Accesses:      25580238  100.00%

L2-Total-Hits:         585814031   99.38%
L2-Total-Misses:         3662730    0.62%
L2-Total-Accesses:     589476761  100.00%

