--------
Total Statistics
--------
Total Instructions: 7460786566
Total Cycles: 37903093605
IPC: 0.196838

--------
Two level Cache hierarchy
--------
  L1-Data Cache:
    Size(KB):          32
    Block Size(B):     32
    Associativity:      4

  L2-Data Cache:
    Size(KB):        1024
    Block Size(B):    128
    Associativity:      8

Latencies:    1   15  250
L1-Sets:  256 - LRU - assoc:   4
L2-Sets: 1024 - LRU - assoc:   8
Store_allocation: Yes
L2_inclusive: Yes

L1 Cache Stats:
L1-Load-Hits:        1821372574   83.43%
L1-Load-Misses:       361647431   16.57%
L1-Load-Accesses:    2183020005  100.00%

L1-Store-Hits:         437435903   94.59%
L1-Store-Misses:        25011651    5.41%
L1-Store-Accesses:     462447554  100.00%

L1-Total-Hits:        2258808477   85.38%
L1-Total-Misses:       386659082   14.62%
L1-Total-Accesses:    2645467559  100.00%

L2 Cache Stats:
L2-Load-Hits:         279747232   77.35%
L2-Load-Misses:        81900199   22.65%
L2-Load-Accesses:     361647431  100.00%

L2-Store-Hits:          18924037   75.66%
L2-Store-Misses:         6087614   24.34%
L2-Store-Accesses:      25011651  100.00%

L2-Total-Hits:         298671269   77.24%
L2-Total-Misses:        87987813   22.76%
L2-Total-Accesses:     386659082  100.00%

