--------
Total Statistics
--------
Total Instructions: 108731470697
Total Cycles: 624163113991
IPC: 0.174204

--------
Two level Cache hierarchy
--------
  L1-Data Cache:
    Size(KB):          32
    Block Size(B):     32
    Associativity:      4

  L2-Data Cache:
    Size(KB):        1024
    Block Size(B):    128
    Associativity:      8

Latencies:    1   15  250
L1-Sets:  256 - LRU - assoc:   4
L2-Sets: 1024 - LRU - assoc:   8
Store_allocation: Yes
L2_inclusive: Yes

L1 Cache Stats:
L1-Load-Hits:       28468777744   81.89%
L1-Load-Misses:      6296603764   18.11%
L1-Load-Accesses:   34765381508  100.00%

L1-Store-Hits:        9520161958   99.21%
L1-Store-Misses:        75766023    0.79%
L1-Store-Accesses:    9595927981  100.00%

L1-Total-Hits:       37988939702   85.64%
L1-Total-Misses:      6372369787   14.36%
L1-Total-Accesses:   44361309489  100.00%

L2 Cache Stats:
L2-Load-Hits:        4807097563   76.34%
L2-Load-Misses:      1489506201   23.66%
L2-Load-Accesses:    6296603764  100.00%

L2-Store-Hits:          63333076   83.59%
L2-Store-Misses:        12432947   16.41%
L2-Store-Accesses:      75766023  100.00%

L2-Total-Hits:        4870430639   76.43%
L2-Total-Misses:      1501939148   23.57%
L2-Total-Accesses:    6372369787  100.00%

