--------
Total Statistics
--------
Total Instructions: 96483397560
Total Cycles: 750331036286
IPC: 0.128588

--------
Two level Cache hierarchy
--------
  L1-Data Cache:
    Size(KB):          32
    Block Size(B):     32
    Associativity:      4

  L2-Data Cache:
    Size(KB):        1024
    Block Size(B):    128
    Associativity:      8

Latencies:    1   15  250
L1-Sets:  256 - LRU - assoc:   4
L2-Sets: 1024 - LRU - assoc:   8
Store_allocation: Yes
L2_inclusive: Yes

L1 Cache Stats:
L1-Load-Hits:       18238317718   89.87%
L1-Load-Misses:      2054841122   10.13%
L1-Load-Accesses:   20293158840  100.00%

L1-Store-Hits:        5350287182   45.98%
L1-Store-Misses:      6286669789   54.02%
L1-Store-Accesses:   11636956971  100.00%

L1-Total-Hits:       23588604900   73.88%
L1-Total-Misses:      8341510911   26.12%
L1-Total-Accesses:   31930115811  100.00%

L2 Cache Stats:
L2-Load-Hits:        1541408397   75.01%
L2-Load-Misses:       513432725   24.99%
L2-Load-Accesses:    2054841122  100.00%

L2-Store-Hits:        4812923077   76.56%
L2-Store-Misses:      1473746712   23.44%
L2-Store-Accesses:    6286669789  100.00%

L2-Total-Hits:        6354331474   76.18%
L2-Total-Misses:      1987179437   23.82%
L2-Total-Accesses:    8341510911  100.00%

