--------
Total Statistics
--------
Total Instructions: 3184236954
Total Cycles: 9115443401
IPC: 0.349323

--------
Two level Cache hierarchy
--------
  L1-Data Cache:
    Size(KB):          32
    Block Size(B):     32
    Associativity:      4

  L2-Data Cache:
    Size(KB):         256
    Block Size(B):    128
    Associativity:      4

Latencies:    1   15  250
L1-Sets:  256 - LRU - assoc:   4
L2-Sets:  512 - LRU - assoc:   4
Store_allocation: Yes
L2_inclusive: Yes

L1 Cache Stats:
L1-Load-Hits:         719443238   94.99%
L1-Load-Misses:        37966602    5.01%
L1-Load-Accesses:     757409840  100.00%

L1-Store-Hits:         443792403   93.77%
L1-Store-Misses:        29463214    6.23%
L1-Store-Accesses:     473255617  100.00%

L1-Total-Hits:        1163235641   94.52%
L1-Total-Misses:        67429816    5.48%
L1-Total-Accesses:    1230665457  100.00%

L2 Cache Stats:
L2-Load-Hits:          24989383   65.82%
L2-Load-Misses:        12977219   34.18%
L2-Load-Accesses:      37966602  100.00%

L2-Store-Hits:          27684058   93.96%
L2-Store-Misses:         1779156    6.04%
L2-Store-Accesses:      29463214  100.00%

L2-Total-Hits:          52673441   78.12%
L2-Total-Misses:        14756375   21.88%
L2-Total-Accesses:      67429816  100.00%

