--------
Total Statistics
--------
Total Instructions: 18199703624
Total Cycles: 477376272948
IPC: 0.0381244

--------
Two level Cache hierarchy
--------
  L1-Data Cache:
    Size(KB):          32
    Block Size(B):     32
    Associativity:      4

  L2-Data Cache:
    Size(KB):         256
    Block Size(B):    128
    Associativity:      4

Latencies:    1   15  250
L1-Sets:  256 - LRU - assoc:   4
L2-Sets:  512 - LRU - assoc:   4
Store_allocation: Yes
L2_inclusive: Yes

L1 Cache Stats:
L1-Load-Hits:        3244599535   51.07%
L1-Load-Misses:      3108381295   48.93%
L1-Load-Accesses:    6352980830  100.00%

L1-Store-Hits:        1808822775   96.17%
L1-Store-Misses:        71974909    3.83%
L1-Store-Accesses:    1880797684  100.00%

L1-Total-Hits:        5053422310   61.37%
L1-Total-Misses:      3180356204   38.63%
L1-Total-Accesses:    8233778514  100.00%

L2 Cache Stats:
L2-Load-Hits:        1513925963   48.70%
L2-Load-Misses:      1594455332   51.30%
L2-Load-Accesses:    3108381295  100.00%

L2-Store-Hits:          53480450   74.30%
L2-Store-Misses:        18494459   25.70%
L2-Store-Accesses:      71974909  100.00%

L2-Total-Hits:        1567406413   49.28%
L2-Total-Misses:      1612949791   50.72%
L2-Total-Accesses:    3180356204  100.00%

