--------
Total Statistics
--------
Total Instructions: 38323371624
Total Cycles: 193374879261
IPC: 0.198182

--------
Two level Cache hierarchy
--------
  L1-Data Cache:
    Size(KB):          32
    Block Size(B):     32
    Associativity:      4

  L2-Data Cache:
    Size(KB):         256
    Block Size(B):    128
    Associativity:      4

Latencies:    1   15  250
L1-Sets:  256 - LRU - assoc:   4
L2-Sets:  512 - LRU - assoc:   4
Store_allocation: Yes
L2_inclusive: Yes

L1 Cache Stats:
L1-Load-Hits:        8616676155   89.23%
L1-Load-Misses:      1039875561   10.77%
L1-Load-Accesses:    9656551716  100.00%

L1-Store-Hits:        3213703186   90.17%
L1-Store-Misses:       350452520    9.83%
L1-Store-Accesses:    3564155706  100.00%

L1-Total-Hits:       11830379341   89.48%
L1-Total-Misses:      1390328081   10.52%
L1-Total-Accesses:   13220707422  100.00%

L2 Cache Stats:
L2-Load-Hits:         656496379   63.13%
L2-Load-Misses:       383379182   36.87%
L2-Load-Accesses:    1039875561  100.00%

L2-Store-Hits:         249928186   71.32%
L2-Store-Misses:       100524334   28.68%
L2-Store-Accesses:     350452520  100.00%

L2-Total-Hits:         906424565   65.20%
L2-Total-Misses:       483903516   34.80%
L2-Total-Accesses:    1390328081  100.00%

