--------
Total Statistics
--------
Total Instructions: 60533958854
Total Cycles: 88668868631
IPC: 0.682697

--------
Two level Cache hierarchy
--------
  L1-Data Cache:
    Size(KB):          32
    Block Size(B):     32
    Associativity:      4

  L2-Data Cache:
    Size(KB):         256
    Block Size(B):    128
    Associativity:      4

Latencies:    1   15  250
L1-Sets:  256 - LRU - assoc:   4
L2-Sets:  512 - LRU - assoc:   4
Store_allocation: Yes
L2_inclusive: Yes

L1 Cache Stats:
L1-Load-Hits:       13364813815   95.97%
L1-Load-Misses:       561799280    4.03%
L1-Load-Accesses:   13926613095  100.00%

L1-Store-Hits:        3699340358   99.27%
L1-Store-Misses:        27063289    0.73%
L1-Store-Accesses:    3726403647  100.00%

L1-Total-Hits:       17064154173   96.66%
L1-Total-Misses:       588862569    3.34%
L1-Total-Accesses:   17653016742  100.00%

L2 Cache Stats:
L2-Load-Hits:         556126262   98.99%
L2-Load-Misses:         5673018    1.01%
L2-Load-Accesses:     561799280  100.00%

L2-Store-Hits:          26140489   96.59%
L2-Store-Misses:          922800    3.41%
L2-Store-Accesses:      27063289  100.00%

L2-Total-Hits:         582266751   98.88%
L2-Total-Misses:         6595818    1.12%
L2-Total-Accesses:     588862569  100.00%

