--------
Total Statistics
--------
Total Instructions: 7461157374
Total Cycles: 42669165618
IPC: 0.174861

--------
Two level Cache hierarchy
--------
  L1-Data Cache:
    Size(KB):          32
    Block Size(B):     32
    Associativity:      4

  L2-Data Cache:
    Size(KB):         256
    Block Size(B):    128
    Associativity:      4

Latencies:    1   15  250
L1-Sets:  256 - LRU - assoc:   4
L2-Sets:  512 - LRU - assoc:   4
Store_allocation: Yes
L2_inclusive: Yes

L1 Cache Stats:
L1-Load-Hits:        1821227773   83.43%
L1-Load-Misses:       361795742   16.57%
L1-Load-Accesses:    2183023515  100.00%

L1-Store-Hits:         437429101   94.59%
L1-Store-Misses:        25018453    5.41%
L1-Store-Accesses:     462447554  100.00%

L1-Total-Hits:        2258656874   85.38%
L1-Total-Misses:       386814195   14.62%
L1-Total-Accesses:    2645471069  100.00%

L2 Cache Stats:
L2-Load-Hits:         261370132   72.24%
L2-Load-Misses:       100425610   27.76%
L2-Load-Accesses:     361795742  100.00%

L2-Store-Hits:          18402766   73.56%
L2-Store-Misses:         6615687   26.44%
L2-Store-Accesses:      25018453  100.00%

L2-Total-Hits:         279772898   72.33%
L2-Total-Misses:       107041297   27.67%
L2-Total-Accesses:     386814195  100.00%

