--------
Total Statistics
--------
Total Instructions: 108731470697
Total Cycles: 748697505486
IPC: 0.145228

--------
Two level Cache hierarchy
--------
  L1-Data Cache:
    Size(KB):          32
    Block Size(B):     32
    Associativity:      4

  L2-Data Cache:
    Size(KB):         256
    Block Size(B):    128
    Associativity:      4

Latencies:    1   15  250
L1-Sets:  256 - LRU - assoc:   4
L2-Sets:  512 - LRU - assoc:   4
Store_allocation: Yes
L2_inclusive: Yes

L1 Cache Stats:
L1-Load-Hits:       28462209553   81.87%
L1-Load-Misses:      6303171955   18.13%
L1-Load-Accesses:   34765381508  100.00%

L1-Store-Hits:        9520116416   99.21%
L1-Store-Misses:        75811565    0.79%
L1-Store-Accesses:    9595927981  100.00%

L1-Total-Hits:       37982325969   85.62%
L1-Total-Misses:      6378983520   14.38%
L1-Total-Accesses:   44361309489  100.00%

L2 Cache Stats:
L2-Load-Hits:        4322387161   68.57%
L2-Load-Misses:      1980784794   31.43%
L2-Load-Accesses:    6303171955  100.00%

L2-Store-Hits:          56916469   75.08%
L2-Store-Misses:        18895096   24.92%
L2-Store-Accesses:      75811565  100.00%

L2-Total-Hits:        4379303630   68.65%
L2-Total-Misses:      1999679890   31.35%
L2-Total-Accesses:    6378983520  100.00%

