                                     | Core 0     | Core 1     | Core 2     | Core 3     | Core 4     | Core 5     | Core 6     | Core 7     | Core 8     | Core 9     | Core 10    | Core 11    | Core 12    | Core 13    | Core 14    | Core 15   
  Instructions                       |  118419032 |  116762053 |  117857411 |  122254195 |  118806961 |  123941657 |  117732801 |  116254493 |  119737085 |  113684744 |  124363530 |  124599547 |  119927397 |  122142899 |  106726701 |  124857829
  Cycles                             |   48788297 |   48788297 |   48788297 |   48788297 |   48788297 |   48788297 |   48788297 |   48788297 |   48788297 |   48788297 |   48788297 |   48788297 |   48788297 |   48788297 |   48788297 |   48788297
  IPC                                |       2.43 |       2.39 |       2.42 |       2.51 |       2.44 |       2.54 |       2.41 |       2.38 |       2.45 |       2.33 |       2.55 |       2.55 |       2.46 |       2.50 |       2.19 |       2.56
  Time (ns)                          |   18341465 |   18341465 |   18341465 |   18341465 |   18341465 |   18341465 |   18341465 |   18341465 |   18341465 |   18341465 |   18341465 |   18341465 |   18341465 |   18341465 |   18341465 |   18341465
  Idle time (ns)                     |     744215 |    1118568 |    1001742 |     422406 |     909756 |     207110 |    1065284 |    1269994 |     563237 |    1546342 |      87507 |      88608 |     768250 |     455134 |    2578004 |      90813
  Idle time (%)                      |       4.1% |       6.1% |       5.5% |       2.3% |       5.0% |       1.1% |       5.8% |       6.9% |       3.1% |       8.4% |       0.5% |       0.5% |       4.2% |       2.5% |      14.1% |       0.5%
Branch predictor stats               |            |            |            |            |            |            |            |            |            |            |            |            |            |            |            |           
  num correct                        |   19613694 |   19337550 |   19520057 |   20252887 |   19678334 |   20534106 |   19499331 |   19252949 |   19833403 |   18824658 |   20604459 |   20643791 |   19865100 |   20234355 |   17664981 |   20686855
  num incorrect                      |        511 |        493 |        545 |        507 |        529 |        537 |        499 |        494 |        474 |        494 |        492 |        498 |        497 |        495 |        498 |        484
  misprediction rate                 |      0.00% |      0.00% |      0.00% |      0.00% |      0.00% |      0.00% |      0.00% |      0.00% |      0.00% |      0.00% |      0.00% |      0.00% |      0.00% |      0.00% |      0.00% |      0.00%
  mpki                               |       0.00 |       0.00 |       0.00 |       0.00 |       0.00 |       0.00 |       0.00 |       0.00 |       0.00 |       0.00 |       0.00 |       0.00 |       0.00 |       0.00 |       0.00 |       0.00
TLB Summary                          |            |            |            |            |            |            |            |            |            |            |            |            |            |            |            |           
Cache Summary                        |            |            |            |            |            |            |            |            |            |            |            |            |            |            |            |           
  Cache L1-I                         |            |            |            |            |            |            |            |            |            |            |            |            |            |            |            |           
    num cache accesses               |   39231172 |   38678866 |   39043971 |   40509598 |   39360465 |   41072055 |   39002475 |   38509709 |   39670571 |   37653139 |   41212706 |   41291377 |   39733991 |   40472469 |   35333781 |   41377441
    num cache misses                 |         15 |         12 |         15 |         15 |         15 |         15 |         15 |         16 |         15 |         15 |         15 |         15 |         15 |         15 |         15 |         15
    miss rate                        |      0.00% |      0.00% |      0.00% |      0.00% |      0.00% |      0.00% |      0.00% |      0.00% |      0.00% |      0.00% |      0.00% |      0.00% |      0.00% |      0.00% |      0.00% |      0.00%
    mpki                             |       0.00 |       0.00 |       0.00 |       0.00 |       0.00 |       0.00 |       0.00 |       0.00 |       0.00 |       0.00 |       0.00 |       0.00 |       0.00 |       0.00 |       0.00 |       0.00
  Cache L1-D                         |            |            |            |            |            |            |            |            |            |            |            |            |            |            |            |           
    num cache accesses               |   39956551 |   39404207 |   39769339 |   41234912 |   40085875 |   41797420 |   39727772 |   39235004 |   40395866 |   38378405 |   41938023 |   42016697 |   40459317 |   41197834 |   36059065 |   42102815
    num cache misses                 |      34209 |      31917 |      31824 |      32699 |      31527 |      32801 |      30669 |      30080 |      34278 |      30765 |      33447 |      33256 |      31395 |      31912 |      27681 |      32063
    miss rate                        |      0.09% |      0.08% |      0.08% |      0.08% |      0.08% |      0.08% |      0.08% |      0.08% |      0.08% |      0.08% |      0.08% |      0.08% |      0.08% |      0.08% |      0.08% |      0.08%
    mpki                             |       0.29 |       0.27 |       0.27 |       0.27 |       0.27 |       0.26 |       0.26 |       0.26 |       0.29 |       0.27 |       0.27 |       0.27 |       0.26 |       0.26 |       0.26 |       0.26
  Cache L2                           |            |            |            |            |            |            |            |            |            |            |            |            |            |            |            |           
    num cache accesses               |      36722 |      34019 |      33967 |      34833 |      33652 |      34938 |      32828 |      32232 |      36784 |      32887 |      35556 |      35396 |      33552 |      34047 |      29834 |      34165
    num cache misses                 |      34224 |      31929 |      31840 |      32715 |      31543 |      32817 |      30684 |      30098 |      34293 |      30781 |      33463 |      33271 |      31411 |      31928 |      27699 |      32080
    miss rate                        |     93.20% |     93.86% |     93.74% |     93.92% |     93.73% |     93.93% |     93.47% |     93.38% |     93.23% |     93.60% |     94.11% |     94.00% |     93.62% |     93.78% |     92.84% |     93.90%
    mpki                             |       0.29 |       0.27 |       0.27 |       0.27 |       0.27 |       0.26 |       0.26 |       0.26 |       0.29 |       0.27 |       0.27 |       0.27 |       0.26 |       0.26 |       0.26 |       0.26
  Cache L3                           |            |            |            |            |            |            |            |            |            |            |            |            |            |            |            |           
    num cache accesses               |      36722 |      34019 |      33967 |      34833 |      33652 |      34938 |      32828 |      32232 |      36784 |      32887 |      35556 |      35396 |      33552 |      34047 |      29834 |      34165
    num cache misses                 |      22707 |      21083 |      20627 |      21137 |      20160 |      21627 |      20319 |      20666 |      23576 |      21021 |      22636 |      22037 |      20891 |      21689 |      18842 |      22818
    miss rate                        |     61.83% |     61.97% |     60.73% |     60.68% |     59.91% |     61.90% |     61.90% |     64.12% |     64.09% |     63.92% |     63.66% |     62.26% |     62.26% |     63.70% |     63.16% |     66.79%
    mpki                             |       0.19 |       0.18 |       0.18 |       0.17 |       0.17 |       0.17 |       0.17 |       0.18 |       0.20 |       0.18 |       0.18 |       0.18 |       0.17 |       0.18 |       0.18 |       0.18
DRAM summary                         |            |            |            |            |            |            |            |            |            |            |            |            |            |            |            |           
  num dram accesses                  |        101 |          0 |          0 |          0 |          0 |          0 |          0 |          0 |          0 |          0 |          0 |          0 |          0 |          0 |          0 |          0
  average dram access latency (ns)   |      90.30 |        inf |        inf |        inf |        inf |        inf |        inf |        inf |        inf |        inf |        inf |        inf |        inf |        inf |        inf |        inf
  average dram queueing delay        |      36.87 |       0.00 |       0.00 |       0.00 |       0.00 |       0.00 |       0.00 |       0.00 |       0.00 |       0.00 |       0.00 |       0.00 |       0.00 |       0.00 |       0.00 |       0.00
  average dram bandwidth utilization |      0.00% |      0.00% |      0.00% |      0.00% |      0.00% |      0.00% |      0.00% |      0.00% |      0.00% |      0.00% |      0.00% |      0.00% |      0.00% |      0.00% |      0.00% |      0.00%
Coherency Traffic                    |            |            |            |            |            |            |            |            |            |            |            |            |            |            |            |           
  num loads from dram                |          5 |          3 |          4 |          4 |          4 |          5 |          4 |          5 |          4 |          4 |          4 |          5 |          4 |          5 |          4 |          4
  num loads from dram cache          |          0 |          0 |          0 |          0 |          0 |          0 |          0 |          0 |          0 |          0 |          0 |          0 |          0 |          0 |          0 |          0
  num loads from remote cache        |      12473 |      12225 |      12270 |      12962 |      12391 |      13264 |      12259 |      12168 |      13260 |      12376 |      13440 |      13452 |      13091 |      13333 |      11610 |      13502
