--------
Total Statistics
--------
Total Instructions: 18199703624
Total Cycles: 359674307363
IPC: 0.0506005

--------
Two level Cache hierarchy
--------
  L1-Data Cache:
    Size(KB):          32
    Block Size(B):     32
    Associativity:      4

  L2-Data Cache:
    Size(KB):         256
    Block Size(B):    256
    Associativity:      4

Latencies:    1   15  250
L1-Sets:  256 - LRU - assoc:   4
L2-Sets:  256 - LRU - assoc:   4
Store_allocation: Yes
L2_inclusive: Yes

L1 Cache Stats:
L1-Load-Hits:        3225579955   50.77%
L1-Load-Misses:      3127400875   49.23%
L1-Load-Accesses:    6352980830  100.00%

L1-Store-Hits:        1807476244   96.10%
L1-Store-Misses:        73321440    3.90%
L1-Store-Accesses:    1880797684  100.00%

L1-Total-Hits:        5033056199   61.13%
L1-Total-Misses:      3200722315   38.87%
L1-Total-Accesses:    8233778514  100.00%

L2 Cache Stats:
L2-Load-Hits:        1997793059   63.88%
L2-Load-Misses:      1129607816   36.12%
L2-Load-Accesses:    3127400875  100.00%

L2-Store-Hits:          62009294   84.57%
L2-Store-Misses:        11312146   15.43%
L2-Store-Accesses:      73321440  100.00%

L2-Total-Hits:        2059802353   64.35%
L2-Total-Misses:      1140919962   35.65%
L2-Total-Accesses:    3200722315  100.00%

