--------
Total Statistics
--------
Total Instructions: 38323371624
Total Cycles: 160056124476
IPC: 0.239437

--------
Two level Cache hierarchy
--------
  L1-Data Cache:
    Size(KB):          32
    Block Size(B):     32
    Associativity:      4

  L2-Data Cache:
    Size(KB):         256
    Block Size(B):    256
    Associativity:      4

Latencies:    1   15  250
L1-Sets:  256 - LRU - assoc:   4
L2-Sets:  256 - LRU - assoc:   4
Store_allocation: Yes
L2_inclusive: Yes

L1 Cache Stats:
L1-Load-Hits:        8616273573   89.23%
L1-Load-Misses:      1040278143   10.77%
L1-Load-Accesses:    9656551716  100.00%

L1-Store-Hits:        3212491487   90.13%
L1-Store-Misses:       351664219    9.87%
L1-Store-Accesses:    3564155706  100.00%

L1-Total-Hits:       11828765060   89.47%
L1-Total-Misses:      1391942362   10.53%
L1-Total-Accesses:   13220707422  100.00%

L2 Cache Stats:
L2-Load-Hits:         757050048   72.77%
L2-Load-Misses:       283228095   27.23%
L2-Load-Accesses:    1040278143  100.00%

L2-Store-Hits:         284360674   80.86%
L2-Store-Misses:        67303545   19.14%
L2-Store-Accesses:     351664219  100.00%

L2-Total-Hits:        1041410722   74.82%
L2-Total-Misses:       350531640   25.18%
L2-Total-Accesses:    1391942362  100.00%

