--------
Total Statistics
--------
Total Instructions: 108731470609
Total Cycles: 660435566809
IPC: 0.164636

--------
Two level Cache hierarchy
--------
  L1-Data Cache:
    Size(KB):          32
    Block Size(B):     32
    Associativity:      4

  L2-Data Cache:
    Size(KB):         256
    Block Size(B):    256
    Associativity:      4

Latencies:    1   15  250
L1-Sets:  256 - LRU - assoc:   4
L2-Sets:  256 - LRU - assoc:   4
Store_allocation: Yes
L2_inclusive: Yes

L1 Cache Stats:
L1-Load-Hits:       28448372791   81.83%
L1-Load-Misses:      6317008721   18.17%
L1-Load-Accesses:   34765381512  100.00%

L1-Store-Hits:        9520104587   99.21%
L1-Store-Misses:        75823346    0.79%
L1-Store-Accesses:    9595927933  100.00%

L1-Total-Hits:       37968477378   85.59%
L1-Total-Misses:      6392832067   14.41%
L1-Total-Accesses:   44361309445  100.00%

L2 Cache Stats:
L2-Load-Hits:        4680980381   74.10%
L2-Load-Misses:      1636028340   25.90%
L2-Load-Accesses:    6317008721  100.00%

L2-Store-Hits:          66050463   87.11%
L2-Store-Misses:         9772883   12.89%
L2-Store-Accesses:      75823346  100.00%

L2-Total-Hits:        4747030844   74.26%
L2-Total-Misses:      1645801223   25.74%
L2-Total-Accesses:    6392832067  100.00%

