--------
Total Statistics
--------
Total Instructions: 96483397560
Total Cycles: 503688085776
IPC: 0.191554

--------
Two level Cache hierarchy
--------
  L1-Data Cache:
    Size(KB):          32
    Block Size(B):     32
    Associativity:      4

  L2-Data Cache:
    Size(KB):         256
    Block Size(B):    256
    Associativity:      4

Latencies:    1   15  250
L1-Sets:  256 - LRU - assoc:   4
L2-Sets:  256 - LRU - assoc:   4
Store_allocation: Yes
L2_inclusive: Yes

L1 Cache Stats:
L1-Load-Hits:       18236541124   89.87%
L1-Load-Misses:      2056617716   10.13%
L1-Load-Accesses:   20293158840  100.00%

L1-Store-Hits:        5346793610   45.95%
L1-Store-Misses:      6290163361   54.05%
L1-Store-Accesses:   11636956971  100.00%

L1-Total-Hits:       23583334734   73.86%
L1-Total-Misses:      8346781077   26.14%
L1-Total-Accesses:   31930115811  100.00%

L2 Cache Stats:
L2-Load-Hits:        1796773831   87.37%
L2-Load-Misses:       259843885   12.63%
L2-Load-Accesses:    2056617716  100.00%

L2-Store-Hits:        5549715821   88.23%
L2-Store-Misses:       740447540   11.77%
L2-Store-Accesses:    6290163361  100.00%

L2-Total-Hits:        7346489652   88.02%
L2-Total-Misses:      1000291425   11.98%
L2-Total-Accesses:    8346781077  100.00%

