--------
Total Statistics
--------
Total Instructions: 18199703624
Total Cycles: 221782792603
IPC: 0.0820609

--------
Two level Cache hierarchy
--------
  L1-Data Cache:
    Size(KB):          32
    Block Size(B):     32
    Associativity:      4

  L2-Data Cache:
    Size(KB):        2048
    Block Size(B):    256
    Associativity:     16

Latencies:    1   15  250
L1-Sets:  256 - LRU - assoc:   4
L2-Sets:  512 - LRU - assoc:  16
Store_allocation: Yes
L2_inclusive: Yes

L1 Cache Stats:
L1-Load-Hits:        3250176421   51.16%
L1-Load-Misses:      3102804409   48.84%
L1-Load-Accesses:    6352980830  100.00%

L1-Store-Hits:        1809308912   96.20%
L1-Store-Misses:        71488772    3.80%
L1-Store-Accesses:    1880797684  100.00%

L1-Total-Hits:        5059485333   61.45%
L1-Total-Misses:      3174293181   38.55%
L1-Total-Accesses:    8233778514  100.00%

L2 Cache Stats:
L2-Load-Hits:        2520184661   81.22%
L2-Load-Misses:       582619748   18.78%
L2-Load-Accesses:    3102804409  100.00%

L2-Store-Hits:          63168869   88.36%
L2-Store-Misses:         8319903   11.64%
L2-Store-Accesses:      71488772  100.00%

L2-Total-Hits:        2583353530   81.38%
L2-Total-Misses:       590939651   18.62%
L2-Total-Accesses:    3174293181  100.00%

