--------
Total Statistics
--------
Total Instructions: 60533958852
Total Cycles: 87352220804
IPC: 0.692987

--------
Two level Cache hierarchy
--------
  L1-Data Cache:
    Size(KB):          32
    Block Size(B):     32
    Associativity:      4

  L2-Data Cache:
    Size(KB):        2048
    Block Size(B):    256
    Associativity:     16

Latencies:    1   15  250
L1-Sets:  256 - LRU - assoc:   4
L2-Sets:  512 - LRU - assoc:  16
Store_allocation: Yes
L2_inclusive: Yes

L1 Cache Stats:
L1-Load-Hits:       13367613917   95.99%
L1-Load-Misses:       558999178    4.01%
L1-Load-Accesses:   13926613095  100.00%

L1-Store-Hits:        3700440061   99.30%
L1-Store-Misses:        25963586    0.70%
L1-Store-Accesses:    3726403647  100.00%

L1-Total-Hits:       17068053978   96.69%
L1-Total-Misses:       584962764    3.31%
L1-Total-Accesses:   17653016742  100.00%

L2 Cache Stats:
L2-Load-Hits:         557871152   99.80%
L2-Load-Misses:         1128026    0.20%
L2-Load-Accesses:     558999178  100.00%

L2-Store-Hits:          25528397   98.32%
L2-Store-Misses:          435189    1.68%
L2-Store-Accesses:      25963586  100.00%

L2-Total-Hits:         583399549   99.73%
L2-Total-Misses:         1563215    0.27%
L2-Total-Accesses:     584962764  100.00%

