--------
Total Statistics
--------
Total Instructions: 3184213983
Total Cycles: 7660039239
IPC: 0.415692

--------
Two level Cache hierarchy
--------
  L1-Data Cache:
    Size(KB):          32
    Block Size(B):     32
    Associativity:      4

  L2-Data Cache:
    Size(KB):        1024
    Block Size(B):    128
    Associativity:     16

Latencies:    1   15  250
L1-Sets:  256 - LRU - assoc:   4
L2-Sets:  512 - LRU - assoc:  16
Store_allocation: Yes
L2_inclusive: Yes

L1 Cache Stats:
L1-Load-Hits:         719587020   95.01%
L1-Load-Misses:        37814987    4.99%
L1-Load-Accesses:     757402007  100.00%

L1-Store-Hits:         443397570   93.69%
L1-Store-Misses:        29849789    6.31%
L1-Store-Accesses:     473247359  100.00%

L1-Total-Hits:        1162984590   94.50%
L1-Total-Misses:        67664776    5.50%
L1-Total-Accesses:    1230649366  100.00%

L2 Cache Stats:
L2-Load-Hits:          29871506   78.99%
L2-Load-Misses:         7943481   21.01%
L2-Load-Accesses:      37814987  100.00%

L2-Store-Hits:          28872453   96.73%
L2-Store-Misses:          977336    3.27%
L2-Store-Accesses:      29849789  100.00%

L2-Total-Hits:          58743959   86.82%
L2-Total-Misses:         8920817   13.18%
L2-Total-Accesses:      67664776  100.00%

