--------
Total Statistics
--------
Total Instructions: 18199703624
Total Cycles: 406669210843
IPC: 0.0447531

--------
Two level Cache hierarchy
--------
  L1-Data Cache:
    Size(KB):          32
    Block Size(B):     32
    Associativity:      4

  L2-Data Cache:
    Size(KB):        1024
    Block Size(B):    128
    Associativity:     16

Latencies:    1   15  250
L1-Sets:  256 - LRU - assoc:   4
L2-Sets:  512 - LRU - assoc:  16
Store_allocation: Yes
L2_inclusive: Yes

L1 Cache Stats:
L1-Load-Hits:        3250007049   51.16%
L1-Load-Misses:      3102973781   48.84%
L1-Load-Accesses:    6352980830  100.00%

L1-Store-Hits:        1809283018   96.20%
L1-Store-Misses:        71514666    3.80%
L1-Store-Accesses:    1880797684  100.00%

L1-Total-Hits:        5059290067   61.45%
L1-Total-Misses:      3174488447   38.55%
L1-Total-Accesses:    8233778514  100.00%

L2 Cache Stats:
L2-Load-Hits:        1789320809   57.66%
L2-Load-Misses:      1313652972   42.34%
L2-Load-Accesses:    3102973781  100.00%

L2-Store-Hits:          54694030   76.48%
L2-Store-Misses:        16820636   23.52%
L2-Store-Accesses:      71514666  100.00%

L2-Total-Hits:        1844014839   58.09%
L2-Total-Misses:      1330473608   41.91%
L2-Total-Accesses:    3174488447  100.00%

