--------
Total Statistics
--------
Total Instructions: 38323371624
Total Cycles: 191808046106
IPC: 0.199801

--------
Two level Cache hierarchy
--------
  L1-Data Cache:
    Size(KB):          32
    Block Size(B):     32
    Associativity:      4

  L2-Data Cache:
    Size(KB):        1024
    Block Size(B):    128
    Associativity:     16

Latencies:    1   15  250
L1-Sets:  256 - LRU - assoc:   4
L2-Sets:  512 - LRU - assoc:  16
Store_allocation: Yes
L2_inclusive: Yes

L1 Cache Stats:
L1-Load-Hits:        8617303702   89.24%
L1-Load-Misses:      1039248014   10.76%
L1-Load-Accesses:    9656551716  100.00%

L1-Store-Hits:        3213872866   90.17%
L1-Store-Misses:       350282840    9.83%
L1-Store-Accesses:    3564155706  100.00%

L1-Total-Hits:       11831176568   89.49%
L1-Total-Misses:      1389530854   10.51%
L1-Total-Accesses:   13220707422  100.00%

L2 Cache Stats:
L2-Load-Hits:         659159153   63.43%
L2-Load-Misses:       380088861   36.57%
L2-Load-Accesses:    1039248014  100.00%

L2-Store-Hits:         252687684   72.14%
L2-Store-Misses:        97595156   27.86%
L2-Store-Accesses:     350282840  100.00%

L2-Total-Hits:         911846837   65.62%
L2-Total-Misses:       477684017   34.38%
L2-Total-Accesses:    1389530854  100.00%

