--------
Total Statistics
--------
Total Instructions: 60533958852
Total Cycles: 87878296009
IPC: 0.688839

--------
Two level Cache hierarchy
--------
  L1-Data Cache:
    Size(KB):          32
    Block Size(B):     32
    Associativity:      4

  L2-Data Cache:
    Size(KB):        1024
    Block Size(B):    128
    Associativity:     16

Latencies:    1   15  250
L1-Sets:  256 - LRU - assoc:   4
L2-Sets:  512 - LRU - assoc:  16
Store_allocation: Yes
L2_inclusive: Yes

L1 Cache Stats:
L1-Load-Hits:       13367206835   95.98%
L1-Load-Misses:       559406260    4.02%
L1-Load-Accesses:   13926613095  100.00%

L1-Store-Hits:        3700174196   99.30%
L1-Store-Misses:        26229451    0.70%
L1-Store-Accesses:    3726403647  100.00%

L1-Total-Hits:       17067381031   96.68%
L1-Total-Misses:       585635711    3.32%
L1-Total-Accesses:   17653016742  100.00%

L2 Cache Stats:
L2-Load-Hits:         556623856   99.50%
L2-Load-Misses:         2782404    0.50%
L2-Load-Accesses:     559406260  100.00%

L2-Store-Hits:          25384716   96.78%
L2-Store-Misses:          844735    3.22%
L2-Store-Accesses:      26229451  100.00%

L2-Total-Hits:         582008572   99.38%
L2-Total-Misses:         3627139    0.62%
L2-Total-Accesses:     585635711  100.00%

