--------
Total Statistics
--------
Total Instructions: 7474547153
Total Cycles: 37928589877
IPC: 0.197069

--------
Two level Cache hierarchy
--------
  L1-Data Cache:
    Size(KB):          32
    Block Size(B):     32
    Associativity:      4

  L2-Data Cache:
    Size(KB):        1024
    Block Size(B):    128
    Associativity:     16

Latencies:    1   15  250
L1-Sets:  256 - LRU - assoc:   4
L2-Sets:  512 - LRU - assoc:  16
Store_allocation: Yes
L2_inclusive: Yes

L1 Cache Stats:
L1-Load-Hits:        1821026120   83.43%
L1-Load-Misses:       361666030   16.57%
L1-Load-Accesses:    2182692150  100.00%

L1-Store-Hits:         437432716   94.59%
L1-Store-Misses:        25014838    5.41%
L1-Store-Accesses:     462447554  100.00%

L1-Total-Hits:        2258458836   85.38%
L1-Total-Misses:       386680868   14.62%
L1-Total-Accesses:    2645139704  100.00%

L2 Cache Stats:
L2-Load-Hits:         279719294   77.34%
L2-Load-Misses:        81946736   22.66%
L2-Load-Accesses:     361666030  100.00%

L2-Store-Hits:          18926814   75.66%
L2-Store-Misses:         6088024   24.34%
L2-Store-Accesses:      25014838  100.00%

L2-Total-Hits:         298646108   77.23%
L2-Total-Misses:        88034760   22.77%
L2-Total-Accesses:     386680868  100.00%

