--------
Total Statistics
--------
Total Instructions: 108731470697
Total Cycles: 624138669746
IPC: 0.17421

--------
Two level Cache hierarchy
--------
  L1-Data Cache:
    Size(KB):          32
    Block Size(B):     32
    Associativity:      4

  L2-Data Cache:
    Size(KB):        1024
    Block Size(B):    128
    Associativity:     16

Latencies:    1   15  250
L1-Sets:  256 - LRU - assoc:   4
L2-Sets:  512 - LRU - assoc:  16
Store_allocation: Yes
L2_inclusive: Yes

L1 Cache Stats:
L1-Load-Hits:       28467561460   81.88%
L1-Load-Misses:      6297820048   18.12%
L1-Load-Accesses:   34765381508  100.00%

L1-Store-Hits:        9520155225   99.21%
L1-Store-Misses:        75772756    0.79%
L1-Store-Accesses:    9595927981  100.00%

L1-Total-Hits:       37987716685   85.63%
L1-Total-Misses:      6373592804   14.37%
L1-Total-Accesses:   44361309489  100.00%

L2 Cache Stats:
L2-Load-Hits:        4808674508   76.35%
L2-Load-Misses:      1489145540   23.65%
L2-Load-Accesses:    6297820048  100.00%

L2-Store-Hits:          63150306   83.34%
L2-Store-Misses:        12622450   16.66%
L2-Store-Accesses:      75772756  100.00%

L2-Total-Hits:        4871824814   76.44%
L2-Total-Misses:      1501767990   23.56%
L2-Total-Accesses:    6373592804  100.00%

