--------
Total Statistics
--------
Total Instructions: 96483397560
Total Cycles: 750283167761
IPC: 0.128596

--------
Two level Cache hierarchy
--------
  L1-Data Cache:
    Size(KB):          32
    Block Size(B):     32
    Associativity:      4

  L2-Data Cache:
    Size(KB):        1024
    Block Size(B):    128
    Associativity:     16

Latencies:    1   15  250
L1-Sets:  256 - LRU - assoc:   4
L2-Sets:  512 - LRU - assoc:  16
Store_allocation: Yes
L2_inclusive: Yes

L1 Cache Stats:
L1-Load-Hits:       18240584345   89.89%
L1-Load-Misses:      2052574495   10.11%
L1-Load-Accesses:   20293158840  100.00%

L1-Store-Hits:        5350402190   45.98%
L1-Store-Misses:      6286554781   54.02%
L1-Store-Accesses:   11636956971  100.00%

L1-Total-Hits:       23590986535   73.88%
L1-Total-Misses:      8339129276   26.12%
L1-Total-Accesses:   31930115811  100.00%

L2 Cache Stats:
L2-Load-Hits:        1539123512   74.99%
L2-Load-Misses:       513450983   25.01%
L2-Load-Accesses:    2052574495  100.00%

L2-Store-Hits:        4812874903   76.56%
L2-Store-Misses:      1473679878   23.44%
L2-Store-Accesses:    6286554781  100.00%

L2-Total-Hits:        6351998415   76.17%
L2-Total-Misses:      1987130861   23.83%
L2-Total-Accesses:    8339129276  100.00%

