--------
Total Statistics
--------
Total Instructions: 3184157700
Total Cycles: 6621610818
IPC: 0.480874

--------
Two level Cache hierarchy
--------
  L1-Data Cache:
    Size(KB):          32
    Block Size(B):     32
    Associativity:      4

  L2-Data Cache:
    Size(KB):        2048
    Block Size(B):    256
    Associativity:     16

Latencies:    1   15  250
L1-Sets:  256 - LIP - assoc:   4
L2-Sets:  512 - LIP - assoc:  16
Store_allocation: Yes
L2_inclusive: Yes

L1 Cache Stats:
L1-Load-Hits:         718979895   94.93%
L1-Load-Misses:        38409504    5.07%
L1-Load-Accesses:     757389399  100.00%

L1-Store-Hits:         444496667   93.93%
L1-Store-Misses:        28742437    6.07%
L1-Store-Accesses:     473239104  100.00%

L1-Total-Hits:        1163476562   94.54%
L1-Total-Misses:        67151941    5.46%
L1-Total-Accesses:    1230628503  100.00%

L2 Cache Stats:
L2-Load-Hits:          34083674   88.74%
L2-Load-Misses:         4325830   11.26%
L2-Load-Accesses:      38409504  100.00%

L2-Store-Hits:          28270085   98.36%
L2-Store-Misses:          472352    1.64%
L2-Store-Accesses:      28742437  100.00%

L2-Total-Hits:          62353759   92.85%
L2-Total-Misses:         4798182    7.15%
L2-Total-Accesses:      67151941  100.00%

