--------
Total Statistics
--------
Total Instructions: 18199703624
Total Cycles: 229651290653
IPC: 0.0792493

--------
Two level Cache hierarchy
--------
  L1-Data Cache:
    Size(KB):          32
    Block Size(B):     32
    Associativity:      4

  L2-Data Cache:
    Size(KB):        2048
    Block Size(B):    256
    Associativity:     16

Latencies:    1   15  250
L1-Sets:  256 - LIP - assoc:   4
L2-Sets:  512 - LIP - assoc:  16
Store_allocation: Yes
L2_inclusive: Yes

L1 Cache Stats:
L1-Load-Hits:        3221603536   50.71%
L1-Load-Misses:      3131377294   49.29%
L1-Load-Accesses:    6352980830  100.00%

L1-Store-Hits:        1812144977   96.35%
L1-Store-Misses:        68652707    3.65%
L1-Store-Accesses:    1880797684  100.00%

L1-Total-Hits:        5033748513   61.14%
L1-Total-Misses:      3200030001   38.86%
L1-Total-Accesses:    8233778514  100.00%

L2 Cache Stats:
L2-Load-Hits:        2518691730   80.43%
L2-Load-Misses:       612685564   19.57%
L2-Load-Accesses:    3131377294  100.00%

L2-Store-Hits:          60468837   88.08%
L2-Store-Misses:         8183870   11.92%
L2-Store-Accesses:      68652707  100.00%

L2-Total-Hits:        2579160567   80.60%
L2-Total-Misses:       620869434   19.40%
L2-Total-Accesses:    3200030001  100.00%

