--------
Total Statistics
--------
Total Instructions: 38323371624
Total Cycles: 157127532386
IPC: 0.2439

--------
Two level Cache hierarchy
--------
  L1-Data Cache:
    Size(KB):          32
    Block Size(B):     32
    Associativity:      4

  L2-Data Cache:
    Size(KB):        2048
    Block Size(B):    256
    Associativity:     16

Latencies:    1   15  250
L1-Sets:  256 - LIP - assoc:   4
L2-Sets:  512 - LIP - assoc:  16
Store_allocation: Yes
L2_inclusive: Yes

L1 Cache Stats:
L1-Load-Hits:        8603369862   89.09%
L1-Load-Misses:      1053181854   10.91%
L1-Load-Accesses:    9656551716  100.00%

L1-Store-Hits:        3213129504   90.15%
L1-Store-Misses:       351026202    9.85%
L1-Store-Accesses:    3564155706  100.00%

L1-Total-Hits:       11816499366   89.38%
L1-Total-Misses:      1404208056   10.62%
L1-Total-Accesses:   13220707422  100.00%

L2 Cache Stats:
L2-Load-Hits:         776426827   73.72%
L2-Load-Misses:       276755027   26.28%
L2-Load-Accesses:    1053181854  100.00%

L2-Store-Hits:         289699899   82.53%
L2-Store-Misses:        61326303   17.47%
L2-Store-Accesses:     351026202  100.00%

L2-Total-Hits:        1066126726   75.92%
L2-Total-Misses:       338081330   24.08%
L2-Total-Accesses:    1404208056  100.00%

