--------
Total Statistics
--------
Total Instructions: 7470393616
Total Cycles: 26641559260
IPC: 0.280404

--------
Two level Cache hierarchy
--------
  L1-Data Cache:
    Size(KB):          32
    Block Size(B):     32
    Associativity:      4

  L2-Data Cache:
    Size(KB):        2048
    Block Size(B):    256
    Associativity:     16

Latencies:    1   15  250
L1-Sets:  256 - LIP - assoc:   4
L2-Sets:  512 - LIP - assoc:  16
Store_allocation: Yes
L2_inclusive: Yes

L1 Cache Stats:
L1-Load-Hits:        1819262296   83.32%
L1-Load-Misses:       364249709   16.68%
L1-Load-Accesses:    2183512005  100.00%

L1-Store-Hits:         436896874   94.47%
L1-Store-Misses:        25550680    5.53%
L1-Store-Accesses:     462447554  100.00%

L1-Total-Hits:        2256159170   85.27%
L1-Total-Misses:       389800389   14.73%
L1-Total-Accesses:    2645959559  100.00%

L2 Cache Stats:
L2-Load-Hits:         324552304   89.10%
L2-Load-Misses:        39697405   10.90%
L2-Load-Accesses:     364249709  100.00%

L2-Store-Hits:          22535284   88.20%
L2-Store-Misses:         3015396   11.80%
L2-Store-Accesses:      25550680  100.00%

L2-Total-Hits:         347087588   89.04%
L2-Total-Misses:        42712801   10.96%
L2-Total-Accesses:     389800389  100.00%

