--------
Total Statistics
--------
Total Instructions: 3184130083
Total Cycles: 9939088529
IPC: 0.320364

--------
Two level Cache hierarchy
--------
  L1-Data Cache:
    Size(KB):          32
    Block Size(B):     32
    Associativity:      4

  L2-Data Cache:
    Size(KB):        1024
    Block Size(B):    256
    Associativity:      8

Latencies:    1   15  250
L1-Sets:  256 - LFU - assoc:   4
L2-Sets:  512 - LFU - assoc:   8
Store_allocation: Yes
L2_inclusive: Yes

L1 Cache Stats:
L1-Load-Hits:         710313377   93.79%
L1-Load-Misses:        47065254    6.21%
L1-Load-Accesses:     757378631  100.00%

L1-Store-Hits:         443173935   93.65%
L1-Store-Misses:        30070520    6.35%
L1-Store-Accesses:     473244455  100.00%

L1-Total-Hits:        1153487312   93.73%
L1-Total-Misses:        77135774    6.27%
L1-Total-Accesses:    1230623086  100.00%

L2 Cache Stats:
L2-Load-Hits:          32337992   68.71%
L2-Load-Misses:        14727262   31.29%
L2-Load-Accesses:      47065254  100.00%

L2-Store-Hits:          27328587   90.88%
L2-Store-Misses:         2741933    9.12%
L2-Store-Accesses:      30070520  100.00%

L2-Total-Hits:          59666579   77.35%
L2-Total-Misses:        17469195   22.65%
L2-Total-Accesses:      77135774  100.00%

