--------
Total Statistics
--------
Total Instructions: 18199705463
Total Cycles: 378513408077
IPC: 0.0480821

--------
Two level Cache hierarchy
--------
  L1-Data Cache:
    Size(KB):          32
    Block Size(B):     32
    Associativity:      4

  L2-Data Cache:
    Size(KB):        1024
    Block Size(B):    256
    Associativity:      8

Latencies:    1   15  250
L1-Sets:  256 - LFU - assoc:   4
L2-Sets:  512 - LFU - assoc:   8
Store_allocation: Yes
L2_inclusive: Yes

L1 Cache Stats:
L1-Load-Hits:        3161924934   49.77%
L1-Load-Misses:      3191056354   50.23%
L1-Load-Accesses:    6352981288  100.00%

L1-Store-Hits:        1794350786   95.40%
L1-Store-Misses:        86446905    4.60%
L1-Store-Accesses:    1880797691  100.00%

L1-Total-Hits:        4956275720   60.19%
L1-Total-Misses:      3277503259   39.81%
L1-Total-Accesses:    8233778979  100.00%

L2 Cache Stats:
L2-Load-Hits:        1995389130   62.53%
L2-Load-Misses:      1195667224   37.47%
L2-Load-Accesses:    3191056354  100.00%

L2-Store-Hits:          70444630   81.49%
L2-Store-Misses:        16002275   18.51%
L2-Store-Accesses:      86446905  100.00%

L2-Total-Hits:        2065833760   63.03%
L2-Total-Misses:      1211669499   36.97%
L2-Total-Accesses:    3277503259  100.00%

