--------
Total Statistics
--------
Total Instructions: 96483399370
Total Cycles: 767471073861
IPC: 0.125716

--------
Two level Cache hierarchy
--------
  L1-Data Cache:
    Size(KB):          32
    Block Size(B):     32
    Associativity:      4

  L2-Data Cache:
    Size(KB):        1024
    Block Size(B):    256
    Associativity:      8

Latencies:    1   15  250
L1-Sets:  256 - LFU - assoc:   4
L2-Sets:  512 - LFU - assoc:   8
Store_allocation: Yes
L2_inclusive: Yes

L1 Cache Stats:
L1-Load-Hits:       18155012531   89.46%
L1-Load-Misses:      2138146767   10.54%
L1-Load-Accesses:   20293159298  100.00%

L1-Store-Hits:        5441751664   46.76%
L1-Store-Misses:      6195205314   53.24%
L1-Store-Accesses:   11636956978  100.00%

L1-Total-Hits:       23596764195   73.90%
L1-Total-Misses:      8333352081   26.10%
L1-Total-Accesses:   31930116276  100.00%

L2 Cache Stats:
L2-Load-Hits:        1837388925   85.93%
L2-Load-Misses:       300757842   14.07%
L2-Load-Accesses:    2138146767  100.00%

L2-Store-Hits:        4439734048   71.66%
L2-Store-Misses:      1755471266   28.34%
L2-Store-Accesses:    6195205314  100.00%

L2-Total-Hits:        6277122973   75.33%
L2-Total-Misses:      2056229108   24.67%
L2-Total-Accesses:    8333352081  100.00%

