--------
Total Statistics
--------
Total Instructions: 60533956351
Total Cycles: 89216309161
IPC: 0.678508

--------
Two level Cache hierarchy
--------
  L1-Data Cache:
    Size(KB):          32
    Block Size(B):     32
    Associativity:      4

  L2-Data Cache:
    Size(KB):         512
    Block Size(B):     64
    Associativity:      4

Latencies:    1   15  250
L1-Sets:  256 - LRU - assoc:   4
L2-Sets: 2048 - LRU - assoc:   4
Store_allocation: Yes
L2_inclusive: Yes

L1 Cache Stats:
L1-Load-Hits:       13367139496   95.98%
L1-Load-Misses:       559473400    4.02%
L1-Load-Accesses:   13926612896  100.00%

L1-Store-Hits:        3701221020   99.32%
L1-Store-Misses:        25182634    0.68%
L1-Store-Accesses:    3726403654  100.00%

L1-Total-Hits:       17068360516   96.69%
L1-Total-Misses:       584656034    3.31%
L1-Total-Accesses:   17653016550  100.00%

L2 Cache Stats:
L2-Load-Hits:         552123380   98.69%
L2-Load-Misses:         7350020    1.31%
L2-Load-Accesses:     559473400  100.00%

L2-Store-Hits:          23494671   93.30%
L2-Store-Misses:         1687963    6.70%
L2-Store-Accesses:      25182634  100.00%

L2-Total-Hits:         575618051   98.45%
L2-Total-Misses:         9037983    1.55%
L2-Total-Accesses:     584656034  100.00%

