--------
Total Statistics
--------
Total Instructions: 60533956355
Total Cycles: 88712647915
IPC: 0.68236

--------
Two level Cache hierarchy
--------
  L1-Data Cache:
    Size(KB):          32
    Block Size(B):     32
    Associativity:      4

  L2-Data Cache:
    Size(KB):        1024
    Block Size(B):     64
    Associativity:     16

Latencies:    1   15  250
L1-Sets:  256 - LRU - assoc:   4
L2-Sets: 1024 - LRU - assoc:  16
Store_allocation: Yes
L2_inclusive: Yes

L1 Cache Stats:
L1-Load-Hits:       13364675562   95.97%
L1-Load-Misses:       561937334    4.03%
L1-Load-Accesses:   13926612896  100.00%

L1-Store-Hits:        3700190254   99.30%
L1-Store-Misses:        26213400    0.70%
L1-Store-Accesses:    3726403654  100.00%

L1-Total-Hits:       17064865816   96.67%
L1-Total-Misses:       588150734    3.33%
L1-Total-Accesses:   17653016550  100.00%

L2 Cache Stats:
L2-Load-Hits:         556759640   99.08%
L2-Load-Misses:         5177694    0.92%
L2-Load-Accesses:     561937334  100.00%

L2-Store-Hits:          24577438   93.76%
L2-Store-Misses:         1635962    6.24%
L2-Store-Accesses:      26213400  100.00%

L2-Total-Hits:         581337078   98.84%
L2-Total-Misses:         6813656    1.16%
L2-Total-Accesses:     588150734  100.00%

