--------
Total Statistics
--------
Total Instructions: 60533956959
Total Cycles: 88751750786
IPC: 0.682059

--------
Two level Cache hierarchy
--------
  L1-Data Cache:
    Size(KB):          32
    Block Size(B):     32
    Associativity:      4

  L2-Data Cache:
    Size(KB):        1024
    Block Size(B):     64
    Associativity:      8

Latencies:    1   15  250
L1-Sets:  256 - LRU - assoc:   4
L2-Sets: 2048 - LRU - assoc:   8
Store_allocation: Yes
L2_inclusive: Yes

L1 Cache Stats:
L1-Load-Hits:       13363629613   95.96%
L1-Load-Misses:       562983355    4.04%
L1-Load-Accesses:   13926612968  100.00%

L1-Store-Hits:        3699812112   99.29%
L1-Store-Misses:        26591542    0.71%
L1-Store-Accesses:    3726403654  100.00%

L1-Total-Hits:       17063441725   96.66%
L1-Total-Misses:       589574897    3.34%
L1-Total-Accesses:   17653016622  100.00%

L2 Cache Stats:
L2-Load-Hits:         557735840   99.07%
L2-Load-Misses:         5247515    0.93%
L2-Load-Accesses:     562983355  100.00%

L2-Store-Hits:          24954442   93.84%
L2-Store-Misses:         1637100    6.16%
L2-Store-Accesses:      26591542  100.00%

L2-Total-Hits:         582690282   98.83%
L2-Total-Misses:         6884615    1.17%
L2-Total-Accesses:     589574897  100.00%

