--------
Total Statistics
--------
Total Instructions: 60533956900
Total Cycles: 87728477715
IPC: 0.690015

--------
Two level Cache hierarchy
--------
  L1-Data Cache:
    Size(KB):          32
    Block Size(B):     32
    Associativity:      4

  L2-Data Cache:
    Size(KB):         512
    Block Size(B):    256
    Associativity:      4

Latencies:    1   15  250
L1-Sets:  256 - LRU - assoc:   4
L2-Sets:  512 - LRU - assoc:   4
Store_allocation: Yes
L2_inclusive: Yes

L1 Cache Stats:
L1-Load-Hits:       13362655675   95.95%
L1-Load-Misses:       563957181    4.05%
L1-Load-Accesses:   13926612856  100.00%

L1-Store-Hits:        3700142498   99.30%
L1-Store-Misses:        26261156    0.70%
L1-Store-Accesses:    3726403654  100.00%

L1-Total-Hits:       17062798173   96.66%
L1-Total-Misses:       590218337    3.34%
L1-Total-Accesses:   17653016510  100.00%

L2 Cache Stats:
L2-Load-Hits:         561681856   99.60%
L2-Load-Misses:         2275325    0.40%
L2-Load-Accesses:     563957181  100.00%

L2-Store-Hits:          25783564   98.18%
L2-Store-Misses:          477592    1.82%
L2-Store-Accesses:      26261156  100.00%

L2-Total-Hits:         587465420   99.53%
L2-Total-Misses:         2752917    0.47%
L2-Total-Accesses:     590218337  100.00%

