--------
Total Statistics
--------
Total Instructions: 60533955768
Total Cycles: 89208636731
IPC: 0.678566

--------
Two level Cache hierarchy
--------
  L1-Data Cache:
    Size(KB):          32
    Block Size(B):     32
    Associativity:      4

  L2-Data Cache:
    Size(KB):         512
    Block Size(B):     64
    Associativity:      8

Latencies:    1   15  250
L1-Sets:  256 - LRU - assoc:   4
L2-Sets: 1024 - LRU - assoc:   8
Store_allocation: Yes
L2_inclusive: Yes

L1 Cache Stats:
L1-Load-Hits:       13368664772   95.99%
L1-Load-Misses:       557948002    4.01%
L1-Load-Accesses:   13926612774  100.00%

L1-Store-Hits:        3700274087   99.30%
L1-Store-Misses:        26129567    0.70%
L1-Store-Accesses:    3726403654  100.00%

L1-Total-Hits:       17068938859   96.69%
L1-Total-Misses:       584077569    3.31%
L1-Total-Accesses:   17653016428  100.00%

L2 Cache Stats:
L2-Load-Hits:         550581225   98.68%
L2-Load-Misses:         7366777    1.32%
L2-Load-Accesses:     557948002  100.00%

L2-Store-Hits:          24454340   93.59%
L2-Store-Misses:         1675227    6.41%
L2-Store-Accesses:      26129567  100.00%

L2-Total-Hits:         575035565   98.45%
L2-Total-Misses:         9042004    1.55%
L2-Total-Accesses:     584077569  100.00%

