--------
Total Statistics
--------
Total Instructions: 60533958087
Total Cycles: 89869782302
IPC: 0.673574

--------
Two level Cache hierarchy
--------
  L1-Data Cache:
    Size(KB):          32
    Block Size(B):     32
    Associativity:      4

  L2-Data Cache:
    Size(KB):         256
    Block Size(B):     64
    Associativity:      4

Latencies:    1   15  250
L1-Sets:  256 - LRU - assoc:   4
L2-Sets: 1024 - LRU - assoc:   4
Store_allocation: Yes
L2_inclusive: Yes

L1 Cache Stats:
L1-Load-Hits:       13362213385   95.95%
L1-Load-Misses:       564399801    4.05%
L1-Load-Accesses:   13926613186  100.00%

L1-Store-Hits:        3700660380   99.31%
L1-Store-Misses:        25743274    0.69%
L1-Store-Accesses:    3726403654  100.00%

L1-Total-Hits:       17062873765   96.66%
L1-Total-Misses:       590143075    3.34%
L1-Total-Accesses:   17653016840  100.00%

L2 Cache Stats:
L2-Load-Hits:         554807496   98.30%
L2-Load-Misses:         9592305    1.70%
L2-Load-Accesses:     564399801  100.00%

L2-Store-Hits:          24012934   93.28%
L2-Store-Misses:         1730340    6.72%
L2-Store-Accesses:      25743274  100.00%

L2-Total-Hits:         578820430   98.08%
L2-Total-Misses:        11322645    1.92%
L2-Total-Accesses:     590143075  100.00%

