--------
Total Statistics
--------
Total Instructions: 18199705463
Total Cycles: 406032592332
IPC: 0.0448233

--------
Two level Cache hierarchy
--------
  L1-Data Cache:
    Size(KB):          32
    Block Size(B):     32
    Associativity:      4

  L2-Data Cache:
    Size(KB):        1024
    Block Size(B):    128
    Associativity:      8

Latencies:    1   15  250
L1-Sets:  256 - LRU - assoc:   4
L2-Sets: 1024 - LRU - assoc:   8
Store_allocation: Yes
L2_inclusive: Yes

L1 Cache Stats:
L1-Load-Hits:        3250061314   51.16%
L1-Load-Misses:      3102919974   48.84%
L1-Load-Accesses:    6352981288  100.00%

L1-Store-Hits:        1809043589   96.18%
L1-Store-Misses:        71754102    3.82%
L1-Store-Accesses:    1880797691  100.00%

L1-Total-Hits:        5059104903   61.44%
L1-Total-Misses:      3174674076   38.56%
L1-Total-Accesses:    8233778979  100.00%

L2 Cache Stats:
L2-Load-Hits:        1791835976   57.75%
L2-Load-Misses:      1311083998   42.25%
L2-Load-Accesses:    3102919974  100.00%

L2-Store-Hits:          54922113   76.54%
L2-Store-Misses:        16831989   23.46%
L2-Store-Accesses:      71754102  100.00%

L2-Total-Hits:        1846758089   58.17%
L2-Total-Misses:      1327915987   41.83%
L2-Total-Accesses:    3174674076  100.00%

