--------
Total Statistics
--------
Total Instructions: 18199703624
Total Cycles: 264197453713
IPC: 0.0688867

--------
Two level Cache hierarchy
--------
  L1-Data Cache:
    Size(KB):          32
    Block Size(B):     32
    Associativity:      4

  L2-Data Cache:
    Size(KB):        1024
    Block Size(B):    256
    Associativity:     16

Latencies:    1   15  250
L1-Sets:  256 - LRU - assoc:   4
L2-Sets:  256 - LRU - assoc:  16
Store_allocation: Yes
L2_inclusive: Yes

L1 Cache Stats:
L1-Load-Hits:        3250079035   51.16%
L1-Load-Misses:      3102901795   48.84%
L1-Load-Accesses:    6352980830  100.00%

L1-Store-Hits:        1809225824   96.19%
L1-Store-Misses:        71571860    3.81%
L1-Store-Accesses:    1880797684  100.00%

L1-Total-Hits:        5059304859   61.45%
L1-Total-Misses:      3174473655   38.55%
L1-Total-Accesses:    8233778514  100.00%

L2 Cache Stats:
L2-Load-Hits:        2351067335   75.77%
L2-Load-Misses:       751834460   24.23%
L2-Load-Accesses:    3102901795  100.00%

L2-Store-Hits:          62818853   87.77%
L2-Store-Misses:         8753007   12.23%
L2-Store-Accesses:      71571860  100.00%

L2-Total-Hits:        2413886188   76.04%
L2-Total-Misses:       760587467   23.96%
L2-Total-Accesses:    3174473655  100.00%

