--------
Total Statistics
--------
Total Instructions: 38323371624
Total Cycles: 159018490491
IPC: 0.240999

--------
Two level Cache hierarchy
--------
  L1-Data Cache:
    Size(KB):          32
    Block Size(B):     32
    Associativity:      4

  L2-Data Cache:
    Size(KB):        1024
    Block Size(B):    256
    Associativity:     16

Latencies:    1   15  250
L1-Sets:  256 - LRU - assoc:   4
L2-Sets:  256 - LRU - assoc:  16
Store_allocation: Yes
L2_inclusive: Yes

L1 Cache Stats:
L1-Load-Hits:        8617261622   89.24%
L1-Load-Misses:      1039290094   10.76%
L1-Load-Accesses:    9656551716  100.00%

L1-Store-Hits:        3213607687   90.16%
L1-Store-Misses:       350548019    9.84%
L1-Store-Accesses:    3564155706  100.00%

L1-Total-Hits:       11830869309   89.49%
L1-Total-Misses:      1389838113   10.51%
L1-Total-Accesses:   13220707422  100.00%

L2 Cache Stats:
L2-Load-Hits:         758589093   72.99%
L2-Load-Misses:       280701001   27.01%
L2-Load-Accesses:    1039290094  100.00%

L2-Store-Hits:         284741661   81.23%
L2-Store-Misses:        65806358   18.77%
L2-Store-Accesses:     350548019  100.00%

L2-Total-Hits:        1043330754   75.07%
L2-Total-Misses:       346507359   24.93%
L2-Total-Accesses:    1389838113  100.00%

