--------
Total Statistics
--------
Total Instructions: 60533958852
Total Cycles: 87550744229
IPC: 0.691416

--------
Two level Cache hierarchy
--------
  L1-Data Cache:
    Size(KB):          32
    Block Size(B):     32
    Associativity:      4

  L2-Data Cache:
    Size(KB):        1024
    Block Size(B):    256
    Associativity:     16

Latencies:    1   15  250
L1-Sets:  256 - LRU - assoc:   4
L2-Sets:  256 - LRU - assoc:  16
Store_allocation: Yes
L2_inclusive: Yes

L1 Cache Stats:
L1-Load-Hits:       13362029170   95.95%
L1-Load-Misses:       564583925    4.05%
L1-Load-Accesses:   13926613095  100.00%

L1-Store-Hits:        3699292963   99.27%
L1-Store-Misses:        27110684    0.73%
L1-Store-Accesses:    3726403647  100.00%

L1-Total-Hits:       17061322133   96.65%
L1-Total-Misses:       591694609    3.35%
L1-Total-Accesses:   17653016742  100.00%

L2 Cache Stats:
L2-Load-Hits:         563068704   99.73%
L2-Load-Misses:         1515221    0.27%
L2-Load-Accesses:     564583925  100.00%

L2-Store-Hits:          26672507   98.38%
L2-Store-Misses:          438177    1.62%
L2-Store-Accesses:      27110684  100.00%

L2-Total-Hits:         589741211   99.67%
L2-Total-Misses:         1953398    0.33%
L2-Total-Accesses:     591694609  100.00%

