--------
Total Statistics
--------
Total Instructions: 7474547153
Total Cycles: 27477128807
IPC: 0.272028

--------
Two level Cache hierarchy
--------
  L1-Data Cache:
    Size(KB):          32
    Block Size(B):     32
    Associativity:      4

  L2-Data Cache:
    Size(KB):        1024
    Block Size(B):    256
    Associativity:     16

Latencies:    1   15  250
L1-Sets:  256 - LRU - assoc:   4
L2-Sets:  256 - LRU - assoc:  16
Store_allocation: Yes
L2_inclusive: Yes

L1 Cache Stats:
L1-Load-Hits:        1821030828   83.43%
L1-Load-Misses:       361661322   16.57%
L1-Load-Accesses:    2182692150  100.00%

L1-Store-Hits:         437424346   94.59%
L1-Store-Misses:        25023208    5.41%
L1-Store-Accesses:     462447554  100.00%

L1-Total-Hits:        2258455174   85.38%
L1-Total-Misses:       386684530   14.62%
L1-Total-Accesses:    2645139704  100.00%

L2 Cache Stats:
L2-Load-Hits:         318627284   88.10%
L2-Load-Misses:        43034038   11.90%
L2-Load-Accesses:     361661322  100.00%

L2-Store-Hits:          21828550   87.23%
L2-Store-Misses:         3194658   12.77%
L2-Store-Accesses:      25023208  100.00%

L2-Total-Hits:         340455834   88.04%
L2-Total-Misses:        46228696   11.96%
L2-Total-Accesses:     386684530  100.00%

