--------
Total Statistics
--------
Total Instructions: 108731470897
Total Cycles: 475206489681
IPC: 0.228809

--------
Two level Cache hierarchy
--------
  L1-Data Cache:
    Size(KB):          32
    Block Size(B):     32
    Associativity:      4

  L2-Data Cache:
    Size(KB):        1024
    Block Size(B):    256
    Associativity:     16

Latencies:    1   15  250
L1-Sets:  256 - LRU - assoc:   4
L2-Sets:  256 - LRU - assoc:  16
Store_allocation: Yes
L2_inclusive: Yes

L1 Cache Stats:
L1-Load-Hits:       28467404696   81.88%
L1-Load-Misses:      6297976816   18.12%
L1-Load-Accesses:   34765381512  100.00%

L1-Store-Hits:        9520157230   99.21%
L1-Store-Misses:        75770847    0.79%
L1-Store-Accesses:    9595928077  100.00%

L1-Total-Hits:       37987561926   85.63%
L1-Total-Misses:      6373747663   14.37%
L1-Total-Accesses:   44361309589  100.00%

L2 Cache Stats:
L2-Load-Hits:        5398729098   85.72%
L2-Load-Misses:       899247718   14.28%
L2-Load-Accesses:    6297976816  100.00%

L2-Store-Hits:          68988588   91.05%
L2-Store-Misses:         6782259    8.95%
L2-Store-Accesses:      75770847  100.00%

L2-Total-Hits:        5467717686   85.78%
L2-Total-Misses:       906029977   14.22%
L2-Total-Accesses:    6373747663  100.00%

