--------
Total Statistics
--------
Total Instructions: 38323373264
Total Cycles: 192919936854
IPC: 0.198649

--------
Two level Cache hierarchy
--------
  L1-Data Cache:
    Size(KB):          32
    Block Size(B):     32
    Associativity:      4

  L2-Data Cache:
    Size(KB):         512
    Block Size(B):    128
    Associativity:      8

Latencies:    1   15  250
L1-Sets:  256 - LRU - assoc:   4
L2-Sets:  512 - LRU - assoc:   8
Store_allocation: Yes
L2_inclusive: Yes

L1 Cache Stats:
L1-Load-Hits:        8616935951   89.23%
L1-Load-Misses:      1039616204   10.77%
L1-Load-Accesses:    9656552155  100.00%

L1-Store-Hits:        3213810115   90.17%
L1-Store-Misses:       350345610    9.83%
L1-Store-Accesses:    3564155725  100.00%

L1-Total-Hits:       11830746066   89.49%
L1-Total-Misses:      1389961814   10.51%
L1-Total-Accesses:   13220707880  100.00%

L2 Cache Stats:
L2-Load-Hits:         657451789   63.24%
L2-Load-Misses:       382164415   36.76%
L2-Load-Accesses:    1039616204  100.00%

L2-Store-Hits:         250404311   71.47%
L2-Store-Misses:        99941299   28.53%
L2-Store-Accesses:     350345610  100.00%

L2-Total-Hits:         907856100   65.32%
L2-Total-Misses:       482105714   34.68%
L2-Total-Accesses:    1389961814  100.00%

