--------
Total Statistics
--------
Total Instructions: 38323374320
Total Cycles: 192895977838
IPC: 0.198674

--------
Two level Cache hierarchy
--------
  L1-Data Cache:
    Size(KB):          32
    Block Size(B):     32
    Associativity:      4

  L2-Data Cache:
    Size(KB):         512
    Block Size(B):    128
    Associativity:      4

Latencies:    1   15  250
L1-Sets:  256 - LRU - assoc:   4
L2-Sets: 1024 - LRU - assoc:   4
Store_allocation: Yes
L2_inclusive: Yes

L1 Cache Stats:
L1-Load-Hits:        8617019194   89.23%
L1-Load-Misses:      1039533189   10.77%
L1-Load-Accesses:    9656552383  100.00%

L1-Store-Hits:        3213758870   90.17%
L1-Store-Misses:       350396855    9.83%
L1-Store-Accesses:    3564155725  100.00%

L1-Total-Hits:       11830778064   89.49%
L1-Total-Misses:      1389930044   10.51%
L1-Total-Accesses:   13220708108  100.00%

L2 Cache Stats:
L2-Load-Hits:         657366979   63.24%
L2-Load-Misses:       382166210   36.76%
L2-Load-Accesses:    1039533189  100.00%

L2-Store-Hits:         250551286   71.51%
L2-Store-Misses:        99845569   28.49%
L2-Store-Accesses:     350396855  100.00%

L2-Total-Hits:         907918265   65.32%
L2-Total-Misses:       482011779   34.68%
L2-Total-Accesses:    1389930044  100.00%

