--------
Total Statistics
--------
Total Instructions: 38323373253
Total Cycles: 250392727111
IPC: 0.153053

--------
Two level Cache hierarchy
--------
  L1-Data Cache:
    Size(KB):          32
    Block Size(B):     32
    Associativity:      4

  L2-Data Cache:
    Size(KB):        2048
    Block Size(B):     64
    Associativity:     16

Latencies:    1   15  250
L1-Sets:  256 - LRU - assoc:   4
L2-Sets: 2048 - LRU - assoc:  16
Store_allocation: Yes
L2_inclusive: Yes

L1 Cache Stats:
L1-Load-Hits:        8617445959   89.24%
L1-Load-Misses:      1039106194   10.76%
L1-Load-Accesses:    9656552153  100.00%

L1-Store-Hits:        3213936937   90.17%
L1-Store-Misses:       350218788    9.83%
L1-Store-Accesses:    3564155725  100.00%

L1-Total-Hits:       11831382896   89.49%
L1-Total-Misses:      1389324982   10.51%
L1-Total-Accesses:   13220707878  100.00%

L2 Cache Stats:
L2-Load-Hits:         483890823   46.57%
L2-Load-Misses:       555215371   53.43%
L2-Load-Accesses:    1039106194  100.00%

L2-Store-Hits:         193399074   55.22%
L2-Store-Misses:       156819714   44.78%
L2-Store-Accesses:     350218788  100.00%

L2-Total-Hits:         677289897   48.75%
L2-Total-Misses:       712035085   51.25%
L2-Total-Accesses:    1389324982  100.00%

