--------
Total Statistics
--------
Total Instructions: 38323373264
Total Cycles: 159638263389
IPC: 0.240064

--------
Two level Cache hierarchy
--------
  L1-Data Cache:
    Size(KB):          32
    Block Size(B):     32
    Associativity:      4

  L2-Data Cache:
    Size(KB):         512
    Block Size(B):    256
    Associativity:      4

Latencies:    1   15  250
L1-Sets:  256 - LRU - assoc:   4
L2-Sets:  512 - LRU - assoc:   4
Store_allocation: Yes
L2_inclusive: Yes

L1 Cache Stats:
L1-Load-Hits:        8616658522   89.23%
L1-Load-Misses:      1039893633   10.77%
L1-Load-Accesses:    9656552155  100.00%

L1-Store-Hits:        3213673375   90.17%
L1-Store-Misses:       350482350    9.83%
L1-Store-Accesses:    3564155725  100.00%

L1-Total-Hits:       11830331897   89.48%
L1-Total-Misses:      1390375983   10.52%
L1-Total-Accesses:   13220707880  100.00%

L2 Cache Stats:
L2-Load-Hits:         757812261   72.87%
L2-Load-Misses:       282081372   27.13%
L2-Load-Accesses:    1039893633  100.00%

L2-Store-Hits:         283609552   80.92%
L2-Store-Misses:        66872798   19.08%
L2-Store-Accesses:     350482350  100.00%

L2-Total-Hits:        1041421813   74.90%
L2-Total-Misses:       348954170   25.10%
L2-Total-Accesses:    1390375983  100.00%

