--------
Total Statistics
--------
Total Instructions: 38323373210
Total Cycles: 159565354903
IPC: 0.240174

--------
Two level Cache hierarchy
--------
  L1-Data Cache:
    Size(KB):          32
    Block Size(B):     32
    Associativity:      4

  L2-Data Cache:
    Size(KB):         512
    Block Size(B):    256
    Associativity:      8

Latencies:    1   15  250
L1-Sets:  256 - LRU - assoc:   4
L2-Sets:  256 - LRU - assoc:   8
Store_allocation: Yes
L2_inclusive: Yes

L1 Cache Stats:
L1-Load-Hits:        8616987310   89.23%
L1-Load-Misses:      1039564843   10.77%
L1-Load-Accesses:    9656552153  100.00%

L1-Store-Hits:        3213916797   90.17%
L1-Store-Misses:       350238928    9.83%
L1-Store-Accesses:    3564155725  100.00%

L1-Total-Hits:       11830904107   89.49%
L1-Total-Misses:      1389803771   10.51%
L1-Total-Accesses:   13220707878  100.00%

L2 Cache Stats:
L2-Load-Hits:         757754501   72.89%
L2-Load-Misses:       281810342   27.11%
L2-Load-Accesses:    1039564843  100.00%

L2-Store-Hits:         283352401   80.90%
L2-Store-Misses:        66886527   19.10%
L2-Store-Accesses:     350238928  100.00%

L2-Total-Hits:        1041106902   74.91%
L2-Total-Misses:       348696869   25.09%
L2-Total-Accesses:    1389803771  100.00%

