--------
Total Statistics
--------
Total Instructions: 38323373253
Total Cycles: 191825131796
IPC: 0.199783

--------
Two level Cache hierarchy
--------
  L1-Data Cache:
    Size(KB):          32
    Block Size(B):     32
    Associativity:      4

  L2-Data Cache:
    Size(KB):        1024
    Block Size(B):    128
    Associativity:     16

Latencies:    1   15  250
L1-Sets:  256 - LRU - assoc:   4
L2-Sets:  512 - LRU - assoc:  16
Store_allocation: Yes
L2_inclusive: Yes

L1 Cache Stats:
L1-Load-Hits:        8617248150   89.24%
L1-Load-Misses:      1039304003   10.76%
L1-Load-Accesses:    9656552153  100.00%

L1-Store-Hits:        3213728667   90.17%
L1-Store-Misses:       350427058    9.83%
L1-Store-Accesses:    3564155725  100.00%

L1-Total-Hits:       11830976817   89.49%
L1-Total-Misses:      1389731061   10.51%
L1-Total-Accesses:   13220707878  100.00%

L2 Cache Stats:
L2-Load-Hits:         659236341   63.43%
L2-Load-Misses:       380067662   36.57%
L2-Load-Accesses:    1039304003  100.00%

L2-Store-Hits:         252754381   72.13%
L2-Store-Misses:        97672677   27.87%
L2-Store-Accesses:     350427058  100.00%

L2-Total-Hits:         911990722   65.62%
L2-Total-Misses:       477740339   34.38%
L2-Total-Accesses:    1389731061  100.00%

