--------
Total Statistics
--------
Total Instructions: 96483399370
Total Cycles: 751695154471
IPC: 0.128354

--------
Two level Cache hierarchy
--------
  L1-Data Cache:
    Size(KB):          32
    Block Size(B):     32
    Associativity:      4

  L2-Data Cache:
    Size(KB):         256
    Block Size(B):    128
    Associativity:      4

Latencies:    1   15  250
L1-Sets:  256 - LRU - assoc:   4
L2-Sets:  512 - LRU - assoc:   4
Store_allocation: Yes
L2_inclusive: Yes

L1 Cache Stats:
L1-Load-Hits:       18236493487   89.87%
L1-Load-Misses:      2056665811   10.13%
L1-Load-Accesses:   20293159298  100.00%

L1-Store-Hits:        5346320834   45.94%
L1-Store-Misses:      6290636144   54.06%
L1-Store-Accesses:   11636956978  100.00%

L1-Total-Hits:       23582814321   73.86%
L1-Total-Misses:      8347301955   26.14%
L1-Total-Accesses:   31930116276  100.00%

L2 Cache Stats:
L2-Load-Hits:        1540243368   74.89%
L2-Load-Misses:       516422443   25.11%
L2-Load-Accesses:    2056665811  100.00%

L2-Store-Hits:        4814770149   76.54%
L2-Store-Misses:      1475865995   23.46%
L2-Store-Accesses:    6290636144  100.00%

L2-Total-Hits:        6355013517   76.13%
L2-Total-Misses:      1992288438   23.87%
L2-Total-Accesses:    8347301955  100.00%

