--------
Total Statistics
--------
Total Instructions: 96483399370
Total Cycles: 1247813535906
IPC: 0.077322

--------
Two level Cache hierarchy
--------
  L1-Data Cache:
    Size(KB):          32
    Block Size(B):     32
    Associativity:      4

  L2-Data Cache:
    Size(KB):         256
    Block Size(B):     64
    Associativity:      4

Latencies:    1   15  250
L1-Sets:  256 - LRU - assoc:   4
L2-Sets: 1024 - LRU - assoc:   4
Store_allocation: Yes
L2_inclusive: Yes

L1 Cache Stats:
L1-Load-Hits:       18237749189   89.87%
L1-Load-Misses:      2055410109   10.13%
L1-Load-Accesses:   20293159298  100.00%

L1-Store-Hits:        5347988753   45.96%
L1-Store-Misses:      6288968225   54.04%
L1-Store-Accesses:   11636956978  100.00%

L1-Total-Hits:       23585737942   73.87%
L1-Total-Misses:      8344378334   26.13%
L1-Total-Accesses:   31930116276  100.00%

L2 Cache Stats:
L2-Load-Hits:        1027649534   50.00%
L2-Load-Misses:      1027760575   50.00%
L2-Load-Accesses:    2055410109  100.00%

L2-Store-Hits:        3339791419   53.11%
L2-Store-Misses:      2949176806   46.89%
L2-Store-Accesses:    6288968225  100.00%

L2-Total-Hits:        4367440953   52.34%
L2-Total-Misses:      3976937381   47.66%
L2-Total-Accesses:    8344378334  100.00%

