--------
Total Statistics
--------
Total Instructions: 96483399370
Total Cycles: 751275294381
IPC: 0.128426

--------
Two level Cache hierarchy
--------
  L1-Data Cache:
    Size(KB):          32
    Block Size(B):     32
    Associativity:      4

  L2-Data Cache:
    Size(KB):         256
    Block Size(B):    128
    Associativity:      8

Latencies:    1   15  250
L1-Sets:  256 - LRU - assoc:   4
L2-Sets:  256 - LRU - assoc:   8
Store_allocation: Yes
L2_inclusive: Yes

L1 Cache Stats:
L1-Load-Hits:       18237855550   89.87%
L1-Load-Misses:      2055303748   10.13%
L1-Load-Accesses:   20293159298  100.00%

L1-Store-Hits:        5347457877   45.95%
L1-Store-Misses:      6289499101   54.05%
L1-Store-Accesses:   11636956978  100.00%

L1-Total-Hits:       23585313427   73.87%
L1-Total-Misses:      8344802849   26.13%
L1-Total-Accesses:   31930116276  100.00%

L2 Cache Stats:
L2-Load-Hits:        1539807573   74.92%
L2-Load-Misses:       515496175   25.08%
L2-Load-Accesses:    2055303748  100.00%

L2-Store-Hits:        4814236332   76.54%
L2-Store-Misses:      1475262769   23.46%
L2-Store-Accesses:    6289499101  100.00%

L2-Total-Hits:        6354043905   76.14%
L2-Total-Misses:      1990758944   23.86%
L2-Total-Accesses:    8344802849  100.00%

