--------
Total Statistics
--------
Total Instructions: 96483399370
Total Cycles: 502841891456
IPC: 0.191876

--------
Two level Cache hierarchy
--------
  L1-Data Cache:
    Size(KB):          32
    Block Size(B):     32
    Associativity:      4

  L2-Data Cache:
    Size(KB):         256
    Block Size(B):    256
    Associativity:      8

Latencies:    1   15  250
L1-Sets:  256 - LRU - assoc:   4
L2-Sets:  128 - LRU - assoc:   8
Store_allocation: Yes
L2_inclusive: Yes

L1 Cache Stats:
L1-Load-Hits:       18237507237   89.87%
L1-Load-Misses:      2055652061   10.13%
L1-Load-Accesses:   20293159298  100.00%

L1-Store-Hits:        5347169435   45.95%
L1-Store-Misses:      6289787543   54.05%
L1-Store-Accesses:   11636956978  100.00%

L1-Total-Hits:       23584676672   73.86%
L1-Total-Misses:      8345439604   26.14%
L1-Total-Accesses:   31930116276  100.00%

L2 Cache Stats:
L2-Load-Hits:        1796329326   87.38%
L2-Load-Misses:       259322735   12.62%
L2-Load-Accesses:    2055652061  100.00%

L2-Store-Hits:        5552123151   88.27%
L2-Store-Misses:       737664392   11.73%
L2-Store-Accesses:    6289787543  100.00%

L2-Total-Hits:        7348452477   88.05%
L2-Total-Misses:       996987127   11.95%
L2-Total-Accesses:    8345439604  100.00%

