--------
Total Statistics
--------
Total Instructions: 66578561060
Total Cycles: 347216439222
IPC: 0.191749

--------
Two level Cache hierarchy
--------
  L1-Data Cache:
    Size(KB):          32
    Block Size(B):     32
    Associativity:      4

  L2-Data Cache:
    Size(KB):         256
    Block Size(B):    256
    Associativity:      4

Latencies:    1   15  250
L1-Sets:  256 - LRU - assoc:   4
L2-Sets:  256 - LRU - assoc:   4
Store_allocation: Yes
L2_inclusive: Yes

L1 Cache Stats:
L1-Load-Hits:       12587918010   89.88%
L1-Load-Misses:      1417925701   10.12%
L1-Load-Accesses:   14005843711  100.00%

L1-Store-Hits:        3705237448   46.04%
L1-Store-Misses:      4342177343   53.96%
L1-Store-Accesses:    8047414791  100.00%

L1-Total-Hits:       16293155458   73.88%
L1-Total-Misses:      5760103044   26.12%
L1-Total-Accesses:   22053258502  100.00%

L2 Cache Stats:
L2-Load-Hits:        1238360820   87.34%
L2-Load-Misses:       179564881   12.66%
L2-Load-Accesses:    1417925701  100.00%

L2-Store-Hits:        3833009928   88.27%
L2-Store-Misses:       509167415   11.73%
L2-Store-Accesses:    4342177343  100.00%

L2-Total-Hits:        5071370748   88.04%
L2-Total-Misses:       688732296   11.96%
L2-Total-Accesses:    5760103044  100.00%

