--------
Total Statistics
--------
Total Instructions: 18199705463
Total Cycles: 436772020932
IPC: 0.0416687

--------
Two level Cache hierarchy
--------
  L1-Data Cache:
    Size(KB):          32
    Block Size(B):     32
    Associativity:      4

  L2-Data Cache:
    Size(KB):         256
    Block Size(B):    256
    Associativity:      4

Latencies:    1   15  250
L1-Sets:  256 - LFU - assoc:   4
L2-Sets:  256 - LFU - assoc:   4
Store_allocation: Yes
L2_inclusive: Yes

L1 Cache Stats:
L1-Load-Hits:        3096135103   48.74%
L1-Load-Misses:      3256846185   51.26%
L1-Load-Accesses:    6352981288  100.00%

L1-Store-Hits:        1783931110   94.85%
L1-Store-Misses:        96866581    5.15%
L1-Store-Accesses:    1880797691  100.00%

L1-Total-Hits:        4880066213   59.27%
L1-Total-Misses:      3353712766   40.73%
L1-Total-Accesses:    8233778979  100.00%

L2 Cache Stats:
L2-Load-Hits:        1840846481   56.52%
L2-Load-Misses:      1415999704   43.48%
L2-Load-Accesses:    3256846185  100.00%

L2-Store-Hits:          72734905   75.09%
L2-Store-Misses:        24131676   24.91%
L2-Store-Accesses:      96866581  100.00%

L2-Total-Hits:        1913581386   57.06%
L2-Total-Misses:      1440131380   42.94%
L2-Total-Accesses:    3353712766  100.00%

