--------
Total Statistics
--------
Total Instructions: 38323373318
Total Cycles: 173692004515
IPC: 0.22064

--------
Two level Cache hierarchy
--------
  L1-Data Cache:
    Size(KB):          32
    Block Size(B):     32
    Associativity:      4

  L2-Data Cache:
    Size(KB):         256
    Block Size(B):    256
    Associativity:      4

Latencies:    1   15  250
L1-Sets:  256 - LFU - assoc:   4
L2-Sets:  256 - LFU - assoc:   4
Store_allocation: Yes
L2_inclusive: Yes

L1 Cache Stats:
L1-Load-Hits:        8561788137   88.66%
L1-Load-Misses:      1094764030   11.34%
L1-Load-Accesses:    9656552167  100.00%

L1-Store-Hits:        3205241718   89.93%
L1-Store-Misses:       358914007   10.07%
L1-Store-Accesses:    3564155725  100.00%

L1-Total-Hits:       11767029855   89.00%
L1-Total-Misses:      1453678037   11.00%
L1-Total-Accesses:   13220707892  100.00%

L2 Cache Stats:
L2-Load-Hits:         767186448   70.08%
L2-Load-Misses:       327577582   29.92%
L2-Load-Accesses:    1094764030  100.00%

L2-Store-Hits:         285120578   79.44%
L2-Store-Misses:        73793429   20.56%
L2-Store-Accesses:     358914007  100.00%

L2-Total-Hits:        1052307026   72.39%
L2-Total-Misses:       401371011   27.61%
L2-Total-Accesses:    1453678037  100.00%

