--------
Total Statistics
--------
Total Instructions: 60533955358
Total Cycles: 151662748583
IPC: 0.399135

--------
Two level Cache hierarchy
--------
  L1-Data Cache:
    Size(KB):          32
    Block Size(B):     32
    Associativity:      4

  L2-Data Cache:
    Size(KB):         256
    Block Size(B):    256
    Associativity:      4

Latencies:    1   15  250
L1-Sets:  256 - LFU - assoc:   4
L2-Sets:  256 - LFU - assoc:   4
Store_allocation: Yes
L2_inclusive: Yes

L1 Cache Stats:
L1-Load-Hits:       12916188847   92.74%
L1-Load-Misses:      1010423869    7.26%
L1-Load-Accesses:   13926612716  100.00%

L1-Store-Hits:        3683084066   98.84%
L1-Store-Misses:        43319588    1.16%
L1-Store-Accesses:    3726403654  100.00%

L1-Total-Hits:       16599272913   94.03%
L1-Total-Misses:      1053743457    5.97%
L1-Total-Accesses:   17653016370  100.00%

L2 Cache Stats:
L2-Load-Hits:         790445095   78.23%
L2-Load-Misses:       219978774   21.77%
L2-Load-Accesses:    1010423869  100.00%

L2-Store-Hits:          32619862   75.30%
L2-Store-Misses:        10699726   24.70%
L2-Store-Accesses:      43319588  100.00%

L2-Total-Hits:         823064957   78.11%
L2-Total-Misses:       230678500   21.89%
L2-Total-Accesses:    1053743457  100.00%

