--------
Total Statistics
--------
Total Instructions: 108733221100
Total Cycles: 1145704090074
IPC: 0.0949052

--------
Two level Cache hierarchy
--------
  L1-Data Cache:
    Size(KB):          32
    Block Size(B):     32
    Associativity:      4

  L2-Data Cache:
    Size(KB):         256
    Block Size(B):    256
    Associativity:      4

Latencies:    1   15  250
L1-Sets:  256 - LFU - assoc:   4
L2-Sets:  256 - LFU - assoc:   4
Store_allocation: Yes
L2_inclusive: Yes

L1 Cache Stats:
L1-Load-Hits:       25054943772   72.07%
L1-Load-Misses:      9710435169   27.93%
L1-Load-Accesses:   34765378941  100.00%

L1-Store-Hits:        9356788516   97.50%
L1-Store-Misses:       239555827    2.50%
L1-Store-Accesses:    9596344343  100.00%

L1-Total-Hits:       34411732288   77.57%
L1-Total-Misses:      9949990996   22.43%
L1-Total-Accesses:   44361723284  100.00%

L2 Cache Stats:
L2-Load-Hits:        6407311170   65.98%
L2-Load-Misses:      3303123999   34.02%
L2-Load-Accesses:    9710435169  100.00%

L2-Store-Hits:         169242703   70.65%
L2-Store-Misses:        70313124   29.35%
L2-Store-Accesses:     239555827  100.00%

L2-Total-Hits:        6576553873   66.10%
L2-Total-Misses:      3373437123   33.90%
L2-Total-Accesses:    9949990996  100.00%

