--------
Total Statistics
--------
Total Instructions: 96483399370
Total Cycles: 904003008266
IPC: 0.106729

--------
Two level Cache hierarchy
--------
  L1-Data Cache:
    Size(KB):          32
    Block Size(B):     32
    Associativity:      4

  L2-Data Cache:
    Size(KB):         256
    Block Size(B):    256
    Associativity:      4

Latencies:    1   15  250
L1-Sets:  256 - LFU - assoc:   4
L2-Sets:  256 - LFU - assoc:   4
Store_allocation: Yes
L2_inclusive: Yes

L1 Cache Stats:
L1-Load-Hits:       18112362569   89.25%
L1-Load-Misses:      2180796729   10.75%
L1-Load-Accesses:   20293159298  100.00%

L1-Store-Hits:        5267628799   45.27%
L1-Store-Misses:      6369328179   54.73%
L1-Store-Accesses:   11636956978  100.00%

L1-Total-Hits:       23379991368   73.22%
L1-Total-Misses:      8550124908   26.78%
L1-Total-Accesses:   31930116276  100.00%

L2 Cache Stats:
L2-Load-Hits:        1841191543   84.43%
L2-Load-Misses:       339605186   15.57%
L2-Load-Accesses:    2180796729  100.00%

L2-Store-Hits:        4119582889   64.68%
L2-Store-Misses:      2249745290   35.32%
L2-Store-Accesses:    6369328179  100.00%

L2-Total-Hits:        5960774432   69.72%
L2-Total-Misses:      2589350476   30.28%
L2-Total-Accesses:    8550124908  100.00%

