--------
Total Statistics
--------
Total Instructions: 18199703624
Total Cycles: 558581299213
IPC: 0.032582

--------
Two level Cache hierarchy
--------
  L1-Data Cache:
    Size(KB):          32
    Block Size(B):     32
    Associativity:      4

  L2-Data Cache:
    Size(KB):        1024
    Block Size(B):     64
    Associativity:     16

Latencies:    1   15  250
L1-Sets:  256 - LRU - assoc:   4
L2-Sets: 1024 - LRU - assoc:  16
Store_allocation: Yes
L2_inclusive: Yes

L1 Cache Stats:
L1-Load-Hits:        3250007991   51.16%
L1-Load-Misses:      3102972839   48.84%
L1-Load-Accesses:    6352980830  100.00%

L1-Store-Hits:        1809348868   96.20%
L1-Store-Misses:        71448816    3.80%
L1-Store-Accesses:    1880797684  100.00%

L1-Total-Hits:        5059356859   61.45%
L1-Total-Misses:      3174421655   38.55%
L1-Total-Accesses:    8233778514  100.00%

L2 Cache Stats:
L2-Load-Hits:        1197245629   38.58%
L2-Load-Misses:      1905727210   61.42%
L2-Load-Accesses:    3102972839  100.00%

L2-Store-Hits:          39050057   54.65%
L2-Store-Misses:        32398759   45.35%
L2-Store-Accesses:      71448816  100.00%

L2-Total-Hits:        1236295686   38.95%
L2-Total-Misses:      1938125969   61.05%
L2-Total-Accesses:    3174421655  100.00%

