--------
Total Statistics
--------
Total Instructions: 7460786566
Total Cycles: 57755168245
IPC: 0.12918

--------
Two level Cache hierarchy
--------
  L1-Data Cache:
    Size(KB):          32
    Block Size(B):     32
    Associativity:      4

  L2-Data Cache:
    Size(KB):        1024
    Block Size(B):     64
    Associativity:     16

Latencies:    1   15  250
L1-Sets:  256 - LRU - assoc:   4
L2-Sets: 1024 - LRU - assoc:  16
Store_allocation: Yes
L2_inclusive: Yes

L1 Cache Stats:
L1-Load-Hits:        1821357250   83.43%
L1-Load-Misses:       361662755   16.57%
L1-Load-Accesses:    2183020005  100.00%

L1-Store-Hits:         437437451   94.59%
L1-Store-Misses:        25010103    5.41%
L1-Store-Accesses:     462447554  100.00%

L1-Total-Hits:        2258794701   85.38%
L1-Total-Misses:       386672858   14.62%
L1-Total-Accesses:    2645467559  100.00%

L2 Cache Stats:
L2-Load-Hits:         205889327   56.93%
L2-Load-Misses:       155773428   43.07%
L2-Load-Accesses:     361662755  100.00%

L2-Store-Hits:          13388246   53.53%
L2-Store-Misses:        11621857   46.47%
L2-Store-Accesses:      25010103  100.00%

L2-Total-Hits:         219277573   56.71%
L2-Total-Misses:       167395285   43.29%
L2-Total-Accesses:     386672858  100.00%

