--------
Total Statistics
--------
Total Instructions: 108731470897
Total Cycles: 902923041331
IPC: 0.120422

--------
Two level Cache hierarchy
--------
  L1-Data Cache:
    Size(KB):          32
    Block Size(B):     32
    Associativity:      4

  L2-Data Cache:
    Size(KB):        1024
    Block Size(B):     64
    Associativity:     16

Latencies:    1   15  250
L1-Sets:  256 - LRU - assoc:   4
L2-Sets: 1024 - LRU - assoc:  16
Store_allocation: Yes
L2_inclusive: Yes

L1 Cache Stats:
L1-Load-Hits:       28468990160   81.89%
L1-Load-Misses:      6296391352   18.11%
L1-Load-Accesses:   34765381512  100.00%

L1-Store-Hits:        9520170556   99.21%
L1-Store-Misses:        75757521    0.79%
L1-Store-Accesses:    9595928077  100.00%

L1-Total-Hits:       37989160716   85.64%
L1-Total-Misses:      6372148873   14.36%
L1-Total-Accesses:   44361309589  100.00%

L2 Cache Stats:
L2-Load-Hits:        3703541657   58.82%
L2-Load-Misses:      2592849695   41.18%
L2-Load-Accesses:    6296391352  100.00%

L2-Store-Hits:          51615105   68.13%
L2-Store-Misses:        24142416   31.87%
L2-Store-Accesses:      75757521  100.00%

L2-Total-Hits:        3755156762   58.93%
L2-Total-Misses:      2616992111   41.07%
L2-Total-Accesses:    6372148873  100.00%

