--------
Total Statistics
--------
Total Instructions: 38323373318
Total Cycles: 267904336675
IPC: 0.143049

--------
Two level Cache hierarchy
--------
  L1-Data Cache:
    Size(KB):          32
    Block Size(B):     32
    Associativity:      4

  L2-Data Cache:
    Size(KB):         512
    Block Size(B):     64
    Associativity:      8

Latencies:    1   15  250
L1-Sets:  256 - LRU - assoc:   4
L2-Sets: 1024 - LRU - assoc:   8
Store_allocation: Yes
L2_inclusive: Yes

L1 Cache Stats:
L1-Load-Hits:        8617293185   89.24%
L1-Load-Misses:      1039258982   10.76%
L1-Load-Accesses:    9656552167  100.00%

L1-Store-Hits:        3213596026   90.16%
L1-Store-Misses:       350559699    9.84%
L1-Store-Accesses:    3564155725  100.00%

L1-Total-Hits:       11830889211   89.49%
L1-Total-Misses:      1389818681   10.51%
L1-Total-Accesses:   13220707892  100.00%

L2 Cache Stats:
L2-Load-Hits:         439847805   42.32%
L2-Load-Misses:       599411177   57.68%
L2-Load-Accesses:    1039258982  100.00%

L2-Store-Hits:         167918975   47.90%
L2-Store-Misses:       182640724   52.10%
L2-Store-Accesses:     350559699  100.00%

L2-Total-Hits:         607766780   43.73%
L2-Total-Misses:       782051901   56.27%
L2-Total-Accesses:    1389818681  100.00%

