--------
Total Statistics
--------
Total Instructions: 38323373253
Total Cycles: 158921425196
IPC: 0.241147

--------
Two level Cache hierarchy
--------
  L1-Data Cache:
    Size(KB):          32
    Block Size(B):     32
    Associativity:      4

  L2-Data Cache:
    Size(KB):        1024
    Block Size(B):    256
    Associativity:      8

Latencies:    1   15  250
L1-Sets:  256 - LRU - assoc:   4
L2-Sets:  512 - LRU - assoc:   8
Store_allocation: Yes
L2_inclusive: Yes

L1 Cache Stats:
L1-Load-Hits:        8617086730   89.24%
L1-Load-Misses:      1039465423   10.76%
L1-Load-Accesses:    9656552153  100.00%

L1-Store-Hits:        3213849777   90.17%
L1-Store-Misses:       350305948    9.83%
L1-Store-Accesses:    3564155725  100.00%

L1-Total-Hits:       11830936507   89.49%
L1-Total-Misses:      1389771371   10.51%
L1-Total-Accesses:   13220707878  100.00%

L2 Cache Stats:
L2-Load-Hits:         759051934   73.02%
L2-Load-Misses:       280413489   26.98%
L2-Load-Accesses:    1039465423  100.00%

L2-Store-Hits:         284596343   81.24%
L2-Store-Misses:        65709605   18.76%
L2-Store-Accesses:     350305948  100.00%

L2-Total-Hits:        1043648277   75.09%
L2-Total-Misses:       346123094   24.91%
L2-Total-Accesses:    1389771371  100.00%

