--------
Total Statistics
--------
Total Instructions: 38323373253
Total Cycles: 267883724746
IPC: 0.14306

--------
Two level Cache hierarchy
--------
  L1-Data Cache:
    Size(KB):          32
    Block Size(B):     32
    Associativity:      4

  L2-Data Cache:
    Size(KB):         512
    Block Size(B):     64
    Associativity:      4

Latencies:    1   15  250
L1-Sets:  256 - LRU - assoc:   4
L2-Sets: 2048 - LRU - assoc:   4
Store_allocation: Yes
L2_inclusive: Yes

L1 Cache Stats:
L1-Load-Hits:        8617213688   89.24%
L1-Load-Misses:      1039338465   10.76%
L1-Load-Accesses:    9656552153  100.00%

L1-Store-Hits:        3213711699   90.17%
L1-Store-Misses:       350444026    9.83%
L1-Store-Accesses:    3564155725  100.00%

L1-Total-Hits:       11830925387   89.49%
L1-Total-Misses:      1389782491   10.51%
L1-Total-Accesses:   13220707878  100.00%

L2 Cache Stats:
L2-Load-Hits:         439704389   42.31%
L2-Load-Misses:       599634076   57.69%
L2-Load-Accesses:    1039338465  100.00%

L2-Store-Hits:         168106477   47.97%
L2-Store-Misses:       182337549   52.03%
L2-Store-Accesses:     350444026  100.00%

L2-Total-Hits:         607810866   43.73%
L2-Total-Misses:       781971625   56.27%
L2-Total-Accesses:    1389782491  100.00%

