--------
Total Statistics
--------
Total Instructions: 38323373854
Total Cycles: 160044154592
IPC: 0.239455

--------
Two level Cache hierarchy
--------
  L1-Data Cache:
    Size(KB):          32
    Block Size(B):     32
    Associativity:      4

  L2-Data Cache:
    Size(KB):         256
    Block Size(B):    256
    Associativity:      4

Latencies:    1   15  250
L1-Sets:  256 - LRU - assoc:   4
L2-Sets:  256 - LRU - assoc:   4
Store_allocation: Yes
L2_inclusive: Yes

L1 Cache Stats:
L1-Load-Hits:        8615988296   89.22%
L1-Load-Misses:      1040563987   10.78%
L1-Load-Accesses:    9656552283  100.00%

L1-Store-Hits:        3212833330   90.14%
L1-Store-Misses:       351322395    9.86%
L1-Store-Accesses:    3564155725  100.00%

L1-Total-Hits:       11828821626   89.47%
L1-Total-Misses:      1391886382   10.53%
L1-Total-Accesses:   13220708008  100.00%

L2 Cache Stats:
L2-Load-Hits:         757383358   72.79%
L2-Load-Misses:       283180629   27.21%
L2-Load-Accesses:    1040563987  100.00%

L2-Store-Hits:         284015916   80.84%
L2-Store-Misses:        67306479   19.16%
L2-Store-Accesses:     351322395  100.00%

L2-Total-Hits:        1041399274   74.82%
L2-Total-Misses:       350487108   25.18%
L2-Total-Accesses:    1391886382  100.00%

