--------
Total Statistics
--------
Total Instructions: 38323373253
Total Cycles: 265158835261
IPC: 0.14453

--------
Two level Cache hierarchy
--------
  L1-Data Cache:
    Size(KB):          32
    Block Size(B):     32
    Associativity:      4

  L2-Data Cache:
    Size(KB):        1024
    Block Size(B):     64
    Associativity:      8

Latencies:    1   15  250
L1-Sets:  256 - LRU - assoc:   4
L2-Sets: 2048 - LRU - assoc:   8
Store_allocation: Yes
L2_inclusive: Yes

L1 Cache Stats:
L1-Load-Hits:        8617376832   89.24%
L1-Load-Misses:      1039175321   10.76%
L1-Load-Accesses:    9656552153  100.00%

L1-Store-Hits:        3213891604   90.17%
L1-Store-Misses:       350264121    9.83%
L1-Store-Accesses:    3564155725  100.00%

L1-Total-Hits:       11831268436   89.49%
L1-Total-Misses:      1389439442   10.51%
L1-Total-Accesses:   13220707878  100.00%

L2 Cache Stats:
L2-Load-Hits:         445556532   42.88%
L2-Load-Misses:       593618789   57.12%
L2-Load-Accesses:    1039175321  100.00%

L2-Store-Hits:         172790260   49.33%
L2-Store-Misses:       177473861   50.67%
L2-Store-Accesses:     350264121  100.00%

L2-Total-Hits:         618346792   44.50%
L2-Total-Misses:       771092650   55.50%
L2-Total-Accesses:    1389439442  100.00%

