--------
Total Statistics
--------
Total Instructions: 38323373253
Total Cycles: 268658456621
IPC: 0.142647

--------
Two level Cache hierarchy
--------
  L1-Data Cache:
    Size(KB):          32
    Block Size(B):     32
    Associativity:      4

  L2-Data Cache:
    Size(KB):         256
    Block Size(B):     64
    Associativity:      8

Latencies:    1   15  250
L1-Sets:  256 - LRU - assoc:   4
L2-Sets:  512 - LRU - assoc:   8
Store_allocation: Yes
L2_inclusive: Yes

L1 Cache Stats:
L1-Load-Hits:        8616975090   89.23%
L1-Load-Misses:      1039577063   10.77%
L1-Load-Accesses:    9656552153  100.00%

L1-Store-Hits:        3213905822   90.17%
L1-Store-Misses:       350249903    9.83%
L1-Store-Accesses:    3564155725  100.00%

L1-Total-Hits:       11830880912   89.49%
L1-Total-Misses:      1389826966   10.51%
L1-Total-Accesses:   13220707878  100.00%

L2 Cache Stats:
L2-Load-Hits:         438119275   42.14%
L2-Load-Misses:       601457788   57.86%
L2-Load-Accesses:    1039577063  100.00%

L2-Store-Hits:         166639807   47.58%
L2-Store-Misses:       183610096   52.42%
L2-Store-Accesses:     350249903  100.00%

L2-Total-Hits:         604759082   43.51%
L2-Total-Misses:       785067884   56.49%
L2-Total-Accesses:    1389826966  100.00%

