Total Instructions: 3184189672

RAS: (Correct - Incorrect)
RAS (4 entries): 54258459 2337687
RAS (8 entries): 56426829 169317
RAS (16 entries): 56586417 9729
RAS (32 entries): 56594565 1581
RAS (48 entries): 56595473 673
RAS (64 entries): 56595850 296

Branch Predictors: (Name - Correct - Incorrect)
  Nbit-16K-2 (FSM-1): 520155946 54315152
  Nbit-16K-2 (FSM-2): 519493009 54978089
  Nbit-16K-2 (FSM-3): 519840064 54631034
  Nbit-16K-2 (FSM-4): 519336852 55134246
  Nbit-16K-2 (FSM-5): 516683749 57787349
  Static-AlwaysTaken: 269645894 304825204
  Static-BT-FNT: 173607015 400864083

BTB Predictors: (Name - Correct - Incorrect - TargetCorrect)
  BTB-512-1: 552823381 88256518 272723672
  BTB-512-2: 559308898 81771001 279850031
  BTB-256-2: 549811267 91268632 269173069
  BTB-256-4: 553027905 88051994 273001932
  BTB-128-2: 537072789 104007110 254856059
  BTB-128-4: 540344352 100735547 258871297
  BTB-64-4: 525843351 115236548 242537865
  BTB-64-8: 528410734 112669165 245411299
