--------
Total Statistics
--------
Total Instructions: 3184056689
Total Cycles: 7505038605
IPC: 0.424256

--------
Two level Cache hierarchy
--------
  L1-Data Cache:
    Size(KB):          32
    Block Size(B):     32
    Associativity:      4

  L2-Data Cache:
    Size(KB):         512
    Block Size(B):    256
    Associativity:      4

Latencies:    1   15  250
L1-Sets:  256 - SRRIP-FP - assoc:   4
L2-Sets:  512 - SRRIP-FP - assoc:   4
Store_allocation: Yes
L2_inclusive: Yes

L1 Cache Stats:
L1-Load-Hits:         718843636   94.91%
L1-Load-Misses:        38523406    5.09%
L1-Load-Accesses:     757367042  100.00%

L1-Store-Hits:         442754654   93.56%
L1-Store-Misses:        30477055    6.44%
L1-Store-Accesses:     473231709  100.00%

L1-Total-Hits:        1161598290   94.39%
L1-Total-Misses:        69000461    5.61%
L1-Total-Accesses:    1230598751  100.00%

L2 Cache Stats:
L2-Load-Hits:          30950910   80.34%
L2-Load-Misses:         7572496   19.66%
L2-Load-Accesses:      38523406  100.00%

L2-Store-Hits:          29828046   97.87%
L2-Store-Misses:          649009    2.13%
L2-Store-Accesses:      30477055  100.00%

L2-Total-Hits:          60778956   88.08%
L2-Total-Misses:         8221505   11.92%
L2-Total-Accesses:      69000461  100.00%

