--------
Total Statistics
--------
Total Instructions: 18199703624
Total Cycles: 317514019973
IPC: 0.0573194

--------
Two level Cache hierarchy
--------
  L1-Data Cache:
    Size(KB):          32
    Block Size(B):     32
    Associativity:      4

  L2-Data Cache:
    Size(KB):         512
    Block Size(B):    256
    Associativity:      4

Latencies:    1   15  250
L1-Sets:  256 - SRRIP-FP - assoc:   4
L2-Sets:  512 - SRRIP-FP - assoc:   4
Store_allocation: Yes
L2_inclusive: Yes

L1 Cache Stats:
L1-Load-Hits:        3255356231   51.24%
L1-Load-Misses:      3097624599   48.76%
L1-Load-Accesses:    6352980830  100.00%

L1-Store-Hits:        1816221894   96.57%
L1-Store-Misses:        64575790    3.43%
L1-Store-Accesses:    1880797684  100.00%

L1-Total-Hits:        5071578125   61.59%
L1-Total-Misses:      3162200389   38.41%
L1-Total-Accesses:    8233778514  100.00%

L2 Cache Stats:
L2-Load-Hits:        2132558129   68.84%
L2-Load-Misses:       965066470   31.16%
L2-Load-Accesses:    3097624599  100.00%

L2-Store-Hits:          55052132   85.25%
L2-Store-Misses:         9523658   14.75%
L2-Store-Accesses:      64575790  100.00%

L2-Total-Hits:        2187610261   69.18%
L2-Total-Misses:       974590128   30.82%
L2-Total-Accesses:    3162200389  100.00%

