--------
Total Statistics
--------
Total Instructions: 38323373253
Total Cycles: 159910986316
IPC: 0.239654

--------
Two level Cache hierarchy
--------
  L1-Data Cache:
    Size(KB):          32
    Block Size(B):     32
    Associativity:      4

  L2-Data Cache:
    Size(KB):         512
    Block Size(B):    256
    Associativity:      4

Latencies:    1   15  250
L1-Sets:  256 - SRRIP-FP - assoc:   4
L2-Sets:  512 - SRRIP-FP - assoc:   4
Store_allocation: Yes
L2_inclusive: Yes

L1 Cache Stats:
L1-Load-Hits:        8611443056   89.18%
L1-Load-Misses:      1045109097   10.82%
L1-Load-Accesses:    9656552153  100.00%

L1-Store-Hits:        3213084943   90.15%
L1-Store-Misses:       351070782    9.85%
L1-Store-Accesses:    3564155725  100.00%

L1-Total-Hits:       11824527999   89.44%
L1-Total-Misses:      1396179879   10.56%
L1-Total-Accesses:   13220707878  100.00%

L2 Cache Stats:
L2-Load-Hits:         762294818   72.94%
L2-Load-Misses:       282814279   27.06%
L2-Load-Accesses:    1045109097  100.00%

L2-Store-Hits:         284188233   80.95%
L2-Store-Misses:        66882549   19.05%
L2-Store-Accesses:     351070782  100.00%

L2-Total-Hits:        1046483051   74.95%
L2-Total-Misses:       349696828   25.05%
L2-Total-Accesses:    1396179879  100.00%

