--------
Total Statistics
--------
Total Instructions: 60533958852
Total Cycles: 89035513054
IPC: 0.679886

--------
Two level Cache hierarchy
--------
  L1-Data Cache:
    Size(KB):          32
    Block Size(B):     32
    Associativity:      4

  L2-Data Cache:
    Size(KB):         512
    Block Size(B):    256
    Associativity:      4

Latencies:    1   15  250
L1-Sets:  256 - SRRIP-FP - assoc:   4
L2-Sets:  512 - SRRIP-FP - assoc:   4
Store_allocation: Yes
L2_inclusive: Yes

L1 Cache Stats:
L1-Load-Hits:       13298376814   95.49%
L1-Load-Misses:       628236281    4.51%
L1-Load-Accesses:   13926613095  100.00%

L1-Store-Hits:        3713339564   99.65%
L1-Store-Misses:        13064083    0.35%
L1-Store-Accesses:    3726403647  100.00%

L1-Total-Hits:       17011716378   96.37%
L1-Total-Misses:       641300364    3.63%
L1-Total-Accesses:   17653016742  100.00%

L2 Cache Stats:
L2-Load-Hits:         623848268   99.30%
L2-Load-Misses:         4388013    0.70%
L2-Load-Accesses:     628236281  100.00%

L2-Store-Hits:          12535968   95.96%
L2-Store-Misses:          528115    4.04%
L2-Store-Accesses:      13064083  100.00%

L2-Total-Hits:         636384236   99.23%
L2-Total-Misses:         4916128    0.77%
L2-Total-Accesses:     641300364  100.00%

