--------
Total Statistics
--------
Total Instructions: 108733220816
Total Cycles: 621785593434
IPC: 0.174873

--------
Two level Cache hierarchy
--------
  L1-Data Cache:
    Size(KB):          32
    Block Size(B):     32
    Associativity:      4

  L2-Data Cache:
    Size(KB):         512
    Block Size(B):    256
    Associativity:      4

Latencies:    1   15  250
L1-Sets:  256 - SRRIP-FP - assoc:   4
L2-Sets:  512 - SRRIP-FP - assoc:   4
Store_allocation: Yes
L2_inclusive: Yes

L1 Cache Stats:
L1-Load-Hits:       25949747669   74.64%
L1-Load-Misses:      8815631234   25.36%
L1-Load-Accesses:   34765378903  100.00%

L1-Store-Hits:        9420103931   98.16%
L1-Store-Misses:       176240439    1.84%
L1-Store-Accesses:    9596344370  100.00%

L1-Total-Hits:       35369851600   79.73%
L1-Total-Misses:      8991871673   20.27%
L1-Total-Accesses:   44361723273  100.00%

L2 Cache Stats:
L2-Load-Hits:        7490168721   84.96%
L2-Load-Misses:      1325462513   15.04%
L2-Load-Accesses:    8815631234  100.00%

L2-Store-Hits:         166452655   94.45%
L2-Store-Misses:         9787784    5.55%
L2-Store-Accesses:     176240439  100.00%

L2-Total-Hits:        7656621376   85.15%
L2-Total-Misses:      1335250297   14.85%
L2-Total-Accesses:    8991871673  100.00%

