--------
Total Statistics
--------
Total Instructions: 96483397560
Total Cycles: 571367608646
IPC: 0.168864

--------
Two level Cache hierarchy
--------
  L1-Data Cache:
    Size(KB):          32
    Block Size(B):     32
    Associativity:      4

  L2-Data Cache:
    Size(KB):         512
    Block Size(B):    256
    Associativity:      4

Latencies:    1   15  250
L1-Sets:  256 - SRRIP-FP - assoc:   4
L2-Sets:  512 - SRRIP-FP - assoc:   4
Store_allocation: Yes
L2_inclusive: Yes

L1 Cache Stats:
L1-Load-Hits:       18235661443   89.86%
L1-Load-Misses:      2057497397   10.14%
L1-Load-Accesses:   20293158840  100.00%

L1-Store-Hits:        5350544183   45.98%
L1-Store-Misses:      6286412788   54.02%
L1-Store-Accesses:   11636956971  100.00%

L1-Total-Hits:       23586205626   73.87%
L1-Total-Misses:      8343910185   26.13%
L1-Total-Accesses:   31930115811  100.00%

L2 Cache Stats:
L2-Load-Hits:        1797005768   87.34%
L2-Load-Misses:       260491629   12.66%
L2-Load-Accesses:    2057497397  100.00%

L2-Store-Hits:        5275722647   83.92%
L2-Store-Misses:      1010690141   16.08%
L2-Store-Accesses:    6286412788  100.00%

L2-Total-Hits:        7072728415   84.77%
L2-Total-Misses:      1271181770   15.23%
L2-Total-Accesses:    8343910185  100.00%

