--------
Total Statistics
--------
Total Instructions: 18199703624
Total Cycles: 405424465853
IPC: 0.0448905

--------
Two level Cache hierarchy
--------
  L1-Data Cache:
    Size(KB):          32
    Block Size(B):     32
    Associativity:      4

  L2-Data Cache:
    Size(KB):        2048
    Block Size(B):     64
    Associativity:     16

Latencies:    1   15  250
L1-Sets:  256 - LRU - assoc:   4
L2-Sets: 2048 - LRU - assoc:  16
Store_allocation: Yes
L2_inclusive: Yes

L1 Cache Stats:
L1-Load-Hits:        3250132115   51.16%
L1-Load-Misses:      3102848715   48.84%
L1-Load-Accesses:    6352980830  100.00%

L1-Store-Hits:        1809363918   96.20%
L1-Store-Misses:        71433766    3.80%
L1-Store-Accesses:    1880797684  100.00%

L1-Total-Hits:        5059496033   61.45%
L1-Total-Misses:      3174282481   38.55%
L1-Total-Accesses:    8233778514  100.00%

L2 Cache Stats:
L2-Load-Hits:        1808507638   58.29%
L2-Load-Misses:      1294341077   41.71%
L2-Load-Accesses:    3102848715  100.00%

L2-Store-Hits:          40267857   56.37%
L2-Store-Misses:        31165909   43.63%
L2-Store-Accesses:      71433766  100.00%

L2-Total-Hits:        1848775495   58.24%
L2-Total-Misses:      1325506986   41.76%
L2-Total-Accesses:    3174282481  100.00%

