--------
Total Statistics
--------
Total Instructions: 38323371624
Total Cycles: 250539791756
IPC: 0.152963

--------
Two level Cache hierarchy
--------
  L1-Data Cache:
    Size(KB):          32
    Block Size(B):     32
    Associativity:      4

  L2-Data Cache:
    Size(KB):        2048
    Block Size(B):     64
    Associativity:     16

Latencies:    1   15  250
L1-Sets:  256 - LRU - assoc:   4
L2-Sets: 2048 - LRU - assoc:  16
Store_allocation: Yes
L2_inclusive: Yes

L1 Cache Stats:
L1-Load-Hits:        8617503740   89.24%
L1-Load-Misses:      1039047976   10.76%
L1-Load-Accesses:    9656551716  100.00%

L1-Store-Hits:        3213890168   90.17%
L1-Store-Misses:       350265538    9.83%
L1-Store-Accesses:    3564155706  100.00%

L1-Total-Hits:       11831393908   89.49%
L1-Total-Misses:      1389313514   10.51%
L1-Total-Accesses:   13220707422  100.00%

L2 Cache Stats:
L2-Load-Hits:         483350088   46.52%
L2-Load-Misses:       555697888   53.48%
L2-Load-Accesses:    1039047976  100.00%

L2-Store-Hits:         193339386   55.20%
L2-Store-Misses:       156926152   44.80%
L2-Store-Accesses:     350265538  100.00%

L2-Total-Hits:         676689474   48.71%
L2-Total-Misses:       712624040   51.29%
L2-Total-Accesses:    1389313514  100.00%

