--------
Total Statistics
--------
Total Instructions: 60533958854
Total Cycles: 88565111636
IPC: 0.683497

--------
Two level Cache hierarchy
--------
  L1-Data Cache:
    Size(KB):          32
    Block Size(B):     32
    Associativity:      4

  L2-Data Cache:
    Size(KB):        2048
    Block Size(B):     64
    Associativity:     16

Latencies:    1   15  250
L1-Sets:  256 - LRU - assoc:   4
L2-Sets: 2048 - LRU - assoc:  16
Store_allocation: Yes
L2_inclusive: Yes

L1 Cache Stats:
L1-Load-Hits:       13356866165   95.91%
L1-Load-Misses:       569746930    4.09%
L1-Load-Accesses:   13926613095  100.00%

L1-Store-Hits:        3698404791   99.25%
L1-Store-Misses:        27998856    0.75%
L1-Store-Accesses:    3726403647  100.00%

L1-Total-Hits:       17055270956   96.61%
L1-Total-Misses:       597745786    3.39%
L1-Total-Accesses:   17653016742  100.00%

L2 Cache Stats:
L2-Load-Hits:         565729744   99.29%
L2-Load-Misses:         4017186    0.71%
L2-Load-Accesses:     569746930  100.00%

L2-Store-Hits:          26368245   94.18%
L2-Store-Misses:         1630611    5.82%
L2-Store-Accesses:      27998856  100.00%

L2-Total-Hits:         592097989   99.06%
L2-Total-Misses:         5647797    0.94%
L2-Total-Accesses:     597745786  100.00%

