--------
Total Statistics
--------
Total Instructions: 7461919006
Total Cycles: 53463675780
IPC: 0.13957

--------
Two level Cache hierarchy
--------
  L1-Data Cache:
    Size(KB):          32
    Block Size(B):     32
    Associativity:      4

  L2-Data Cache:
    Size(KB):        2048
    Block Size(B):     64
    Associativity:     16

Latencies:    1   15  250
L1-Sets:  256 - LRU - assoc:   4
L2-Sets: 2048 - LRU - assoc:  16
Store_allocation: Yes
L2_inclusive: Yes

L1 Cache Stats:
L1-Load-Hits:        1821528531   83.43%
L1-Load-Misses:       361789484   16.57%
L1-Load-Accesses:    2183318015  100.00%

L1-Store-Hits:         437740285   94.60%
L1-Store-Misses:        25005279    5.40%
L1-Store-Accesses:     462745564  100.00%

L1-Total-Hits:        2259268816   85.38%
L1-Total-Misses:       386794763   14.62%
L1-Total-Accesses:    2646063579  100.00%

L2 Cache Stats:
L2-Load-Hits:         222004252   61.36%
L2-Load-Misses:       139785232   38.64%
L2-Load-Accesses:     361789484  100.00%

L2-Store-Hits:          14575424   58.29%
L2-Store-Misses:        10429855   41.71%
L2-Store-Accesses:      25005279  100.00%

L2-Total-Hits:         236579676   61.16%
L2-Total-Misses:       150215087   38.84%
L2-Total-Accesses:     386794763  100.00%

