--------
Total Statistics
--------
Total Instructions: 38323374266
Total Cycles: 163453395592
IPC: 0.234461

--------
Two level Cache hierarchy
--------
  L1-Data Cache:
    Size(KB):          32
    Block Size(B):     32
    Associativity:      4

  L2-Data Cache:
    Size(KB):        2048
    Block Size(B):    256
    Associativity:     16

Latencies:    1   15  250
L1-Sets:  256 - LFU - assoc:   4
L2-Sets:  512 - LFU - assoc:  16
Store_allocation: Yes
L2_inclusive: Yes

L1 Cache Stats:
L1-Load-Hits:        8573654422   88.79%
L1-Load-Misses:      1082897903   11.21%
L1-Load-Accesses:    9656552325  100.00%

L1-Store-Hits:        3206501782   89.97%
L1-Store-Misses:       357653964   10.03%
L1-Store-Accesses:    3564155746  100.00%

L1-Total-Hits:       11780156204   89.10%
L1-Total-Misses:      1440551867   10.90%
L1-Total-Accesses:   13220708071  100.00%

L2 Cache Stats:
L2-Load-Hits:         790243065   72.97%
L2-Load-Misses:       292654838   27.03%
L2-Load-Accesses:    1082897903  100.00%

L2-Store-Hits:         289104661   80.83%
L2-Store-Misses:        68549303   19.17%
L2-Store-Accesses:     357653964  100.00%

L2-Total-Hits:        1079347726   74.93%
L2-Total-Misses:       361204141   25.07%
L2-Total-Accesses:    1440551867  100.00%

