--------
Total Statistics
--------
Total Instructions: 108733220816
Total Cycles: 1081414462064
IPC: 0.100547

--------
Two level Cache hierarchy
--------
  L1-Data Cache:
    Size(KB):          32
    Block Size(B):     32
    Associativity:      4

  L2-Data Cache:
    Size(KB):        2048
    Block Size(B):    256
    Associativity:     16

Latencies:    1   15  250
L1-Sets:  256 - LFU - assoc:   4
L2-Sets:  512 - LFU - assoc:  16
Store_allocation: Yes
L2_inclusive: Yes

L1 Cache Stats:
L1-Load-Hits:       23047271726   66.29%
L1-Load-Misses:     11718107177   33.71%
L1-Load-Accesses:   34765378903  100.00%

L1-Store-Hits:        9126734132   95.11%
L1-Store-Misses:       469610238    4.89%
L1-Store-Accesses:    9596344370  100.00%

L1-Total-Hits:       32174005858   72.53%
L1-Total-Misses:     12187717415   27.47%
L1-Total-Accesses:   44361723273  100.00%

L2 Cache Stats:
L2-Load-Hits:        8771968713   74.86%
L2-Load-Misses:      2946138464   25.14%
L2-Load-Accesses:   11718107177  100.00%

L2-Store-Hits:         433733675   92.36%
L2-Store-Misses:        35876563    7.64%
L2-Store-Accesses:     469610238  100.00%

L2-Total-Hits:        9205702388   75.53%
L2-Total-Misses:      2982015027   24.47%
L2-Total-Accesses:   12187717415  100.00%

