--------
Total Statistics
--------
Total Instructions: 96483399370
Total Cycles: 762471927441
IPC: 0.12654

--------
Two level Cache hierarchy
--------
  L1-Data Cache:
    Size(KB):          32
    Block Size(B):     32
    Associativity:      4

  L2-Data Cache:
    Size(KB):        2048
    Block Size(B):    256
    Associativity:     16

Latencies:    1   15  250
L1-Sets:  256 - LFU - assoc:   4
L2-Sets:  512 - LFU - assoc:  16
Store_allocation: Yes
L2_inclusive: Yes

L1 Cache Stats:
L1-Load-Hits:       18160071246   89.49%
L1-Load-Misses:      2133088052   10.51%
L1-Load-Accesses:   20293159298  100.00%

L1-Store-Hits:        5444942477   46.79%
L1-Store-Misses:      6192014501   53.21%
L1-Store-Accesses:   11636956978  100.00%

L1-Total-Hits:       23605013723   73.93%
L1-Total-Misses:      8325102553   26.07%
L1-Total-Accesses:   31930116276  100.00%

L2 Cache Stats:
L2-Load-Hits:        1835355539   86.04%
L2-Load-Misses:       297732513   13.96%
L2-Load-Accesses:    2133088052  100.00%

L2-Store-Hits:        4453019520   71.92%
L2-Store-Misses:      1738994981   28.08%
L2-Store-Accesses:    6192014501  100.00%

L2-Total-Hits:        6288375059   75.54%
L2-Total-Misses:      2036727494   24.46%
L2-Total-Accesses:    8325102553  100.00%

