--------
Total Statistics
--------
Total Instructions: 38323373253
Total Cycles: 159907200216
IPC: 0.23966

--------
Two level Cache hierarchy
--------
  L1-Data Cache:
    Size(KB):          32
    Block Size(B):     32
    Associativity:      4

  L2-Data Cache:
    Size(KB):         512
    Block Size(B):    256
    Associativity:      4

Latencies:    1   15  250
L1-Sets:  256 - RANDOM - assoc:   4
L2-Sets:  512 - RANDOM - assoc:   4
Store_allocation: Yes
L2_inclusive: Yes

L1 Cache Stats:
L1-Load-Hits:        8605102461   89.11%
L1-Load-Misses:      1051449692   10.89%
L1-Load-Accesses:    9656552153  100.00%

L1-Store-Hits:        3210968578   90.09%
L1-Store-Misses:       353187147    9.91%
L1-Store-Accesses:    3564155725  100.00%

L1-Total-Hits:       11816071039   89.38%
L1-Total-Misses:      1404636839   10.62%
L1-Total-Accesses:   13220707878  100.00%

L2 Cache Stats:
L2-Load-Hits:         768930295   73.13%
L2-Load-Misses:       282519397   26.87%
L2-Load-Accesses:    1051449692  100.00%

L2-Store-Hits:         286532278   81.13%
L2-Store-Misses:        66654869   18.87%
L2-Store-Accesses:     353187147  100.00%

L2-Total-Hits:        1055462573   75.14%
L2-Total-Misses:       349174266   24.86%
L2-Total-Accesses:    1404636839  100.00%

