--------
Total Statistics
--------
Total Instructions: 60533955358
Total Cycles: 88474083453
IPC: 0.6842

--------
Two level Cache hierarchy
--------
  L1-Data Cache:
    Size(KB):          32
    Block Size(B):     32
    Associativity:      4

  L2-Data Cache:
    Size(KB):         512
    Block Size(B):    256
    Associativity:      4

Latencies:    1   15  250
L1-Sets:  256 - RANDOM - assoc:   4
L2-Sets:  512 - RANDOM - assoc:   4
Store_allocation: Yes
L2_inclusive: Yes

L1 Cache Stats:
L1-Load-Hits:       13322206391   95.66%
L1-Load-Misses:       604406325    4.34%
L1-Load-Accesses:   13926612716  100.00%

L1-Store-Hits:        3701296414   99.33%
L1-Store-Misses:        25107240    0.67%
L1-Store-Accesses:    3726403654  100.00%

L1-Total-Hits:       17023502805   96.43%
L1-Total-Misses:       629513565    3.57%
L1-Total-Accesses:   17653016370  100.00%

L2 Cache Stats:
L2-Load-Hits:         601535078   99.52%
L2-Load-Misses:         2871247    0.48%
L2-Load-Accesses:     604406325  100.00%

L2-Store-Hits:          24600854   97.98%
L2-Store-Misses:          506386    2.02%
L2-Store-Accesses:      25107240  100.00%

L2-Total-Hits:         626135932   99.46%
L2-Total-Misses:         3377633    0.54%
L2-Total-Accesses:     629513565  100.00%

