--------
Total Statistics
--------
Total Instructions: 7434780634
Total Cycles: 29703409667
IPC: 0.250301

--------
Two level Cache hierarchy
--------
  L1-Data Cache:
    Size(KB):          32
    Block Size(B):     32
    Associativity:      4

  L2-Data Cache:
    Size(KB):         512
    Block Size(B):    256
    Associativity:      4

Latencies:    1   15  250
L1-Sets:  256 - RANDOM - assoc:   4
L2-Sets:  512 - RANDOM - assoc:   4
Store_allocation: Yes
L2_inclusive: Yes

L1 Cache Stats:
L1-Load-Hits:        1806640860   83.03%
L1-Load-Misses:       369163412   16.97%
L1-Load-Accesses:    2175804272  100.00%

L1-Store-Hits:         437016001   94.50%
L1-Store-Misses:        25426755    5.50%
L1-Store-Accesses:     462442756  100.00%

L1-Total-Hits:        2243656861   85.04%
L1-Total-Misses:       394590167   14.96%
L1-Total-Accesses:    2638247028  100.00%

L2 Cache Stats:
L2-Load-Hits:         317744274   86.07%
L2-Load-Misses:        51419138   13.93%
L2-Load-Accesses:     369163412  100.00%

L2-Store-Hits:          21999775   86.52%
L2-Store-Misses:         3426980   13.48%
L2-Store-Accesses:      25426755  100.00%

L2-Total-Hits:         339744049   86.10%
L2-Total-Misses:        54846118   13.90%
L2-Total-Accesses:     394590167  100.00%

