--------
Total Statistics
--------
Total Instructions: 108733220816
Total Cycles: 575509808174
IPC: 0.188934

--------
Two level Cache hierarchy
--------
  L1-Data Cache:
    Size(KB):          32
    Block Size(B):     32
    Associativity:      4

  L2-Data Cache:
    Size(KB):         512
    Block Size(B):    256
    Associativity:      4

Latencies:    1   15  250
L1-Sets:  256 - RANDOM - assoc:   4
L2-Sets:  512 - RANDOM - assoc:   4
Store_allocation: Yes
L2_inclusive: Yes

L1 Cache Stats:
L1-Load-Hits:       27474196421   79.03%
L1-Load-Misses:      7291182482   20.97%
L1-Load-Accesses:   34765378903  100.00%

L1-Store-Hits:        9476634013   98.75%
L1-Store-Misses:       119710357    1.25%
L1-Store-Accesses:    9596344370  100.00%

L1-Total-Hits:       36950830434   83.29%
L1-Total-Misses:      7410892839   16.71%
L1-Total-Accesses:   44361723273  100.00%

L2 Cache Stats:
L2-Load-Hits:        6055362092   83.05%
L2-Load-Misses:      1235820390   16.95%
L2-Load-Accesses:    7291182482  100.00%

L2-Store-Hits:         110524861   92.33%
L2-Store-Misses:         9185496    7.67%
L2-Store-Accesses:     119710357  100.00%

L2-Total-Hits:        6165886953   83.20%
L2-Total-Misses:      1245005886   16.80%
L2-Total-Accesses:    7410892839  100.00%

