--------
Total Statistics
--------
Total Instructions: 96483399370
Total Cycles: 568142951141
IPC: 0.169822

--------
Two level Cache hierarchy
--------
  L1-Data Cache:
    Size(KB):          32
    Block Size(B):     32
    Associativity:      4

  L2-Data Cache:
    Size(KB):         512
    Block Size(B):    256
    Associativity:      4

Latencies:    1   15  250
L1-Sets:  256 - RANDOM - assoc:   4
L2-Sets:  512 - RANDOM - assoc:   4
Store_allocation: Yes
L2_inclusive: Yes

L1 Cache Stats:
L1-Load-Hits:       18205096658   89.71%
L1-Load-Misses:      2088062640   10.29%
L1-Load-Accesses:   20293159298  100.00%

L1-Store-Hits:        5477098535   47.07%
L1-Store-Misses:      6159858443   52.93%
L1-Store-Accesses:   11636956978  100.00%

L1-Total-Hits:       23682195193   74.17%
L1-Total-Misses:      8247921083   25.83%
L1-Total-Accesses:   31930116276  100.00%

L2 Cache Stats:
L2-Load-Hits:        1829715622   87.63%
L2-Load-Misses:       258347018   12.37%
L2-Load-Accesses:    2088062640  100.00%

L2-Store-Hits:        5154162984   83.67%
L2-Store-Misses:      1005695459   16.33%
L2-Store-Accesses:    6159858443  100.00%

L2-Total-Hits:        6983878606   84.67%
L2-Total-Misses:      1264042477   15.33%
L2-Total-Accesses:    8247921083  100.00%

