--------
Total Statistics
--------
Total Instructions: 38323373264
Total Cycles: 193434504844
IPC: 0.198121

--------
Two level Cache hierarchy
--------
  L1-Data Cache:
    Size(KB):          32
    Block Size(B):     32
    Associativity:      4

  L2-Data Cache:
    Size(KB):         256
    Block Size(B):    128
    Associativity:      4

Latencies:    1   15  250
L1-Sets:  256 - LRU - assoc:   4
L2-Sets:  512 - LRU - assoc:   4
Store_allocation: Yes
L2_inclusive: Yes

L1 Cache Stats:
L1-Load-Hits:        8616315030   89.23%
L1-Load-Misses:      1040237125   10.77%
L1-Load-Accesses:    9656552155  100.00%

L1-Store-Hits:        3213631670   90.17%
L1-Store-Misses:       350524055    9.83%
L1-Store-Accesses:    3564155725  100.00%

L1-Total-Hits:       11829946700   89.48%
L1-Total-Misses:      1390761180   10.52%
L1-Total-Accesses:   13220707880  100.00%

L2 Cache Stats:
L2-Load-Hits:         656672549   63.13%
L2-Load-Misses:       383564576   36.87%
L2-Load-Accesses:    1040237125  100.00%

L2-Store-Hits:         249972607   71.31%
L2-Store-Misses:       100551448   28.69%
L2-Store-Accesses:     350524055  100.00%

L2-Total-Hits:         906645156   65.19%
L2-Total-Misses:       484116024   34.81%
L2-Total-Accesses:    1390761180  100.00%

