--------
Total Statistics
--------
Total Instructions: 38323373253
Total Cycles: 268704799101
IPC: 0.142623

--------
Two level Cache hierarchy
--------
  L1-Data Cache:
    Size(KB):          32
    Block Size(B):     32
    Associativity:      4

  L2-Data Cache:
    Size(KB):         256
    Block Size(B):     64
    Associativity:      4

Latencies:    1   15  250
L1-Sets:  256 - LRU - assoc:   4
L2-Sets: 1024 - LRU - assoc:   4
Store_allocation: Yes
L2_inclusive: Yes

L1 Cache Stats:
L1-Load-Hits:        8616893164   89.23%
L1-Load-Misses:      1039658989   10.77%
L1-Load-Accesses:    9656552153  100.00%

L1-Store-Hits:        3213678316   90.17%
L1-Store-Misses:       350477409    9.83%
L1-Store-Accesses:    3564155725  100.00%

L1-Total-Hits:       11830571480   89.49%
L1-Total-Misses:      1390136398   10.51%
L1-Total-Accesses:   13220707878  100.00%

L2 Cache Stats:
L2-Load-Hits:         438164430   42.15%
L2-Load-Misses:       601494559   57.85%
L2-Load-Accesses:    1039658989  100.00%

L2-Store-Hits:         166737280   47.57%
L2-Store-Misses:       183740129   52.43%
L2-Store-Accesses:     350477409  100.00%

L2-Total-Hits:         604901710   43.51%
L2-Total-Misses:       785234688   56.49%
L2-Total-Accesses:    1390136398  100.00%

