--------
Total Statistics
--------
Total Instructions: 38323373253
Total Cycles: 191543366001
IPC: 0.200077

--------
Two level Cache hierarchy
--------
  L1-Data Cache:
    Size(KB):          32
    Block Size(B):     32
    Associativity:      4

  L2-Data Cache:
    Size(KB):        1024
    Block Size(B):    128
    Associativity:      8

Latencies:    1   15  250
L1-Sets:  256 - LRU - assoc:   4
L2-Sets: 1024 - LRU - assoc:   8
Store_allocation: Yes
L2_inclusive: Yes

L1 Cache Stats:
L1-Load-Hits:        8617161189   89.24%
L1-Load-Misses:      1039390964   10.76%
L1-Load-Accesses:    9656552153  100.00%

L1-Store-Hits:        3213881681   90.17%
L1-Store-Misses:       350274044    9.83%
L1-Store-Accesses:    3564155725  100.00%

L1-Total-Hits:       11831042870   89.49%
L1-Total-Misses:      1389665008   10.51%
L1-Total-Accesses:   13220707878  100.00%

L2 Cache Stats:
L2-Load-Hits:         660229484   63.52%
L2-Load-Misses:       379161480   36.48%
L2-Load-Accesses:    1039390964  100.00%

L2-Store-Hits:         252818285   72.18%
L2-Store-Misses:        97455759   27.82%
L2-Store-Accesses:     350274044  100.00%

L2-Total-Hits:         913047769   65.70%
L2-Total-Misses:       476617239   34.30%
L2-Total-Accesses:    1389665008  100.00%

