--------
Total Statistics
--------
Total Instructions: 38323373253
Total Cycles: 160106699276
IPC: 0.239361

--------
Two level Cache hierarchy
--------
  L1-Data Cache:
    Size(KB):          32
    Block Size(B):     32
    Associativity:      4

  L2-Data Cache:
    Size(KB):         256
    Block Size(B):    256
    Associativity:      8

Latencies:    1   15  250
L1-Sets:  256 - LRU - assoc:   4
L2-Sets:  128 - LRU - assoc:   8
Store_allocation: Yes
L2_inclusive: Yes

L1 Cache Stats:
L1-Load-Hits:        8615820781   89.22%
L1-Load-Misses:      1040731372   10.78%
L1-Load-Accesses:    9656552153  100.00%

L1-Store-Hits:        3213485004   90.16%
L1-Store-Misses:       350670721    9.84%
L1-Store-Accesses:    3564155725  100.00%

L1-Total-Hits:       11829305785   89.48%
L1-Total-Misses:      1391402093   10.52%
L1-Total-Accesses:   13220707878  100.00%

L2 Cache Stats:
L2-Load-Hits:         757157037   72.75%
L2-Load-Misses:       283574335   27.25%
L2-Load-Accesses:    1040731372  100.00%

L2-Store-Hits:         283478709   80.84%
L2-Store-Misses:        67192012   19.16%
L2-Store-Accesses:     350670721  100.00%

L2-Total-Hits:        1040635746   74.79%
L2-Total-Misses:       350766347   25.21%
L2-Total-Accesses:    1391402093  100.00%

