--------
Total Statistics
--------
Total Instructions: 38323373253
Total Cycles: 155818926031
IPC: 0.245948

--------
Two level Cache hierarchy
--------
  L1-Data Cache:
    Size(KB):          32
    Block Size(B):     32
    Associativity:      4

  L2-Data Cache:
    Size(KB):        2048
    Block Size(B):    256
    Associativity:     16

Latencies:    1   15  250
L1-Sets:  256 - LRU - assoc:   4
L2-Sets:  512 - LRU - assoc:  16
Store_allocation: Yes
L2_inclusive: Yes

L1 Cache Stats:
L1-Load-Hits:        8617383697   89.24%
L1-Load-Misses:      1039168456   10.76%
L1-Load-Accesses:    9656552153  100.00%

L1-Store-Hits:        3213884971   90.17%
L1-Store-Misses:       350270754    9.83%
L1-Store-Accesses:    3564155725  100.00%

L1-Total-Hits:       11831268668   89.49%
L1-Total-Misses:      1389439210   10.51%
L1-Total-Accesses:   13220707878  100.00%

L2 Cache Stats:
L2-Load-Hits:         766633560   73.77%
L2-Load-Misses:       272534896   26.23%
L2-Load-Accesses:    1039168456  100.00%

L2-Store-Hits:         289072623   82.53%
L2-Store-Misses:        61198131   17.47%
L2-Store-Accesses:     350270754  100.00%

L2-Total-Hits:        1055706183   75.98%
L2-Total-Misses:       333733027   24.02%
L2-Total-Accesses:    1389439210  100.00%

