--------
Total Statistics
--------
Total Instructions: 38323373253
Total Cycles: 184617138136
IPC: 0.207583

--------
Two level Cache hierarchy
--------
  L1-Data Cache:
    Size(KB):          32
    Block Size(B):     32
    Associativity:      4

  L2-Data Cache:
    Size(KB):        2048
    Block Size(B):    128
    Associativity:     16

Latencies:    1   15  250
L1-Sets:  256 - LRU - assoc:   4
L2-Sets: 1024 - LRU - assoc:  16
Store_allocation: Yes
L2_inclusive: Yes

L1 Cache Stats:
L1-Load-Hits:        8617387871   89.24%
L1-Load-Misses:      1039164282   10.76%
L1-Load-Accesses:    9656552153  100.00%

L1-Store-Hits:        3213868940   90.17%
L1-Store-Misses:       350286785    9.83%
L1-Store-Accesses:    3564155725  100.00%

L1-Total-Hits:       11831256811   89.49%
L1-Total-Misses:      1389451067   10.51%
L1-Total-Accesses:   13220707878  100.00%

L2 Cache Stats:
L2-Load-Hits:         677786953   65.22%
L2-Load-Misses:       361377329   34.78%
L2-Load-Accesses:    1039164282  100.00%

L2-Store-Hits:         262738950   75.01%
L2-Store-Misses:        87547835   24.99%
L2-Store-Accesses:     350286785  100.00%

L2-Total-Hits:         940525903   67.69%
L2-Total-Misses:       448925164   32.31%
L2-Total-Accesses:    1389451067  100.00%

