--------
Total Statistics
--------
Total Instructions: 3184124440
Total Cycles: 6993042549
IPC: 0.455327

--------
Two level Cache hierarchy
--------
  L1-Data Cache:
    Size(KB):          32
    Block Size(B):     32
    Associativity:      4

  L2-Data Cache:
    Size(KB):        1024
    Block Size(B):    256
    Associativity:      8

Latencies:    1   15  250
L1-Sets:  256 - SRRIP-FP - assoc:   4
L2-Sets:  512 - SRRIP-FP - assoc:   8
Store_allocation: Yes
L2_inclusive: Yes

L1 Cache Stats:
L1-Load-Hits:         719030415   94.94%
L1-Load-Misses:        38346268    5.06%
L1-Load-Accesses:     757376683  100.00%

L1-Store-Hits:         442661722   93.54%
L1-Store-Misses:        30575699    6.46%
L1-Store-Accesses:     473237421  100.00%

L1-Total-Hits:        1161692137   94.40%
L1-Total-Misses:        68921967    5.60%
L1-Total-Accesses:    1230614104  100.00%

L2 Cache Stats:
L2-Load-Hits:          32693650   85.26%
L2-Load-Misses:         5652618   14.74%
L2-Load-Accesses:      38346268  100.00%

L2-Store-Hits:          30050419   98.28%
L2-Store-Misses:          525280    1.72%
L2-Store-Accesses:      30575699  100.00%

L2-Total-Hits:          62744069   91.04%
L2-Total-Misses:         6177898    8.96%
L2-Total-Accesses:      68921967  100.00%

