--------
Total Statistics
--------
Total Instructions: 60533958085
Total Cycles: 88689667160
IPC: 0.682537

--------
Two level Cache hierarchy
--------
  L1-Data Cache:
    Size(KB):          32
    Block Size(B):     32
    Associativity:      4

  L2-Data Cache:
    Size(KB):        1024
    Block Size(B):    256
    Associativity:      8

Latencies:    1   15  250
L1-Sets:  256 - SRRIP-FP - assoc:   4
L2-Sets:  512 - SRRIP-FP - assoc:   8
Store_allocation: Yes
L2_inclusive: Yes

L1 Cache Stats:
L1-Load-Hits:       13288774537   95.42%
L1-Load-Misses:       637838649    4.58%
L1-Load-Accesses:   13926613186  100.00%

L1-Store-Hits:        3710906904   99.58%
L1-Store-Misses:        15496750    0.42%
L1-Store-Accesses:    3726403654  100.00%

L1-Total-Hits:       16999681441   96.30%
L1-Total-Misses:       653335399    3.70%
L1-Total-Accesses:   17653016840  100.00%

L2 Cache Stats:
L2-Load-Hits:         635510835   99.64%
L2-Load-Misses:         2327814    0.36%
L2-Load-Accesses:     637838649  100.00%

L2-Store-Hits:          15013919   96.88%
L2-Store-Misses:          482831    3.12%
L2-Store-Accesses:      15496750  100.00%

L2-Total-Hits:         650524754   99.57%
L2-Total-Misses:         2810645    0.43%
L2-Total-Accesses:     653335399  100.00%

