--------
Total Statistics
--------
Total Instructions: 7454818466
Total Cycles: 27787462693
IPC: 0.26828

--------
Two level Cache hierarchy
--------
  L1-Data Cache:
    Size(KB):          32
    Block Size(B):     32
    Associativity:      4

  L2-Data Cache:
    Size(KB):        1024
    Block Size(B):    256
    Associativity:      8

Latencies:    1   15  250
L1-Sets:  256 - SRRIP-FP - assoc:   4
L2-Sets:  512 - SRRIP-FP - assoc:   8
Store_allocation: Yes
L2_inclusive: Yes

L1 Cache Stats:
L1-Load-Hits:        1819047612   83.48%
L1-Load-Misses:       360043035   16.52%
L1-Load-Accesses:    2179090647  100.00%

L1-Store-Hits:         437052155   94.51%
L1-Store-Misses:        25380775    5.49%
L1-Store-Accesses:     462432930  100.00%

L1-Total-Hits:        2256099767   85.41%
L1-Total-Misses:       385423810   14.59%
L1-Total-Accesses:    2641523577  100.00%

L2 Cache Stats:
L2-Load-Hits:         315549002   87.64%
L2-Load-Misses:        44494033   12.36%
L2-Load-Accesses:     360043035  100.00%

L2-Store-Hits:          22235754   87.61%
L2-Store-Misses:         3145021   12.39%
L2-Store-Accesses:      25380775  100.00%

L2-Total-Hits:         337784756   87.64%
L2-Total-Misses:        47639054   12.36%
L2-Total-Accesses:     385423810  100.00%

