--------
Total Statistics
--------
Total Instructions: 108733220728
Total Cycles: 540558932892
IPC: 0.20115

--------
Two level Cache hierarchy
--------
  L1-Data Cache:
    Size(KB):          32
    Block Size(B):     32
    Associativity:      4

  L2-Data Cache:
    Size(KB):        1024
    Block Size(B):    256
    Associativity:      8

Latencies:    1   15  250
L1-Sets:  256 - SRRIP-FP - assoc:   4
L2-Sets:  512 - SRRIP-FP - assoc:   8
Store_allocation: Yes
L2_inclusive: Yes

L1 Cache Stats:
L1-Load-Hits:       25873647867   74.42%
L1-Load-Misses:      8891731040   25.58%
L1-Load-Accesses:   34765378907  100.00%

L1-Store-Hits:        9425531883   98.22%
L1-Store-Misses:       170812439    1.78%
L1-Store-Accesses:    9596344322  100.00%

L1-Total-Hits:       35299179750   79.57%
L1-Total-Misses:      9062543479   20.43%
L1-Total-Accesses:   44361723229  100.00%

L2 Cache Stats:
L2-Load-Hits:        7891382759   88.75%
L2-Load-Misses:      1000348281   11.25%
L2-Load-Accesses:    8891731040  100.00%

L2-Store-Hits:         165057373   96.63%
L2-Store-Misses:         5755066    3.37%
L2-Store-Accesses:     170812439  100.00%

L2-Total-Hits:        8056440132   88.90%
L2-Total-Misses:      1006103347   11.10%
L2-Total-Accesses:    9062543479  100.00%

