--------
Total Statistics
--------
Total Instructions: 96483399742
Total Cycles: 503283472273
IPC: 0.191708

--------
Two level Cache hierarchy
--------
  L1-Data Cache:
    Size(KB):          32
    Block Size(B):     32
    Associativity:      4

  L2-Data Cache:
    Size(KB):        1024
    Block Size(B):    256
    Associativity:      8

Latencies:    1   15  250
L1-Sets:  256 - SRRIP-FP - assoc:   4
L2-Sets:  512 - SRRIP-FP - assoc:   8
Store_allocation: Yes
L2_inclusive: Yes

L1 Cache Stats:
L1-Load-Hits:       18239665805   89.88%
L1-Load-Misses:      2053493527   10.12%
L1-Load-Accesses:   20293159332  100.00%

L1-Store-Hits:        5351009346   45.98%
L1-Store-Misses:      6285947653   54.02%
L1-Store-Accesses:   11636956999  100.00%

L1-Total-Hits:       23590675151   73.88%
L1-Total-Misses:      8339441180   26.12%
L1-Total-Accesses:   31930116331  100.00%

L2 Cache Stats:
L2-Load-Hits:        1794669681   87.40%
L2-Load-Misses:       258823846   12.60%
L2-Load-Accesses:    2053493527  100.00%

L2-Store-Hits:        5545658145   88.22%
L2-Store-Misses:       740289508   11.78%
L2-Store-Accesses:    6285947653  100.00%

L2-Total-Hits:        7340327826   88.02%
L2-Total-Misses:       999113354   11.98%
L2-Total-Accesses:    8339441180  100.00%

