--------
Total Statistics
--------
Total Instructions: 96483399370
Total Cycles: 751289643896
IPC: 0.128424

--------
Two level Cache hierarchy
--------
  L1-Data Cache:
    Size(KB):          32
    Block Size(B):     32
    Associativity:      4

  L2-Data Cache:
    Size(KB):         256
    Block Size(B):    128
    Associativity:      8

Latencies:    1   15  250
L1-Sets:  256 - LRU - assoc:   4
L2-Sets:  256 - LRU - assoc:   8
Store_allocation: Yes
L2_inclusive: Yes

L1 Cache Stats:
L1-Load-Hits:       18237913791   89.87%
L1-Load-Misses:      2055245507   10.13%
L1-Load-Accesses:   20293159298  100.00%

L1-Store-Hits:        5347555135   45.95%
L1-Store-Misses:      6289401843   54.05%
L1-Store-Accesses:   11636956978  100.00%

L1-Total-Hits:       23585468926   73.87%
L1-Total-Misses:      8344647350   26.13%
L1-Total-Accesses:   31930116276  100.00%

L2 Cache Stats:
L2-Load-Hits:        1539810019   74.92%
L2-Load-Misses:       515435488   25.08%
L2-Load-Accesses:    2055245507  100.00%

L2-Store-Hits:        4814011659   76.54%
L2-Store-Misses:      1475390184   23.46%
L2-Store-Accesses:    6289401843  100.00%

L2-Total-Hits:        6353821678   76.14%
L2-Total-Misses:      1990825672   23.86%
L2-Total-Accesses:    8344647350  100.00%

