--------
Total Statistics
--------
Total Instructions: 96483399370
Total Cycles: 1246927823416
IPC: 0.0773769

--------
Two level Cache hierarchy
--------
  L1-Data Cache:
    Size(KB):          32
    Block Size(B):     32
    Associativity:      4

  L2-Data Cache:
    Size(KB):         512
    Block Size(B):     64
    Associativity:      4

Latencies:    1   15  250
L1-Sets:  256 - LRU - assoc:   4
L2-Sets: 2048 - LRU - assoc:   4
Store_allocation: Yes
L2_inclusive: Yes

L1 Cache Stats:
L1-Load-Hits:       18239827926   89.88%
L1-Load-Misses:      2053331372   10.12%
L1-Load-Accesses:   20293159298  100.00%

L1-Store-Hits:        5349757982   45.97%
L1-Store-Misses:      6287198996   54.03%
L1-Store-Accesses:   11636956978  100.00%

L1-Total-Hits:       23589585908   73.88%
L1-Total-Misses:      8340530368   26.12%
L1-Total-Accesses:   31930116276  100.00%

L2 Cache Stats:
L2-Load-Hits:        1027120456   50.02%
L2-Load-Misses:      1026210916   49.98%
L2-Load-Accesses:    2053331372  100.00%

L2-Store-Hits:        3339784503   53.12%
L2-Store-Misses:      2947414493   46.88%
L2-Store-Accesses:    6287198996  100.00%

L2-Total-Hits:        4366904959   52.36%
L2-Total-Misses:      3973625409   47.64%
L2-Total-Accesses:    8340530368  100.00%

