--------
Total Statistics
--------
Total Instructions: 96483399370
Total Cycles: 502387140561
IPC: 0.19205

--------
Two level Cache hierarchy
--------
  L1-Data Cache:
    Size(KB):          32
    Block Size(B):     32
    Associativity:      4

  L2-Data Cache:
    Size(KB):         512
    Block Size(B):    256
    Associativity:      4

Latencies:    1   15  250
L1-Sets:  256 - LRU - assoc:   4
L2-Sets:  512 - LRU - assoc:   4
Store_allocation: Yes
L2_inclusive: Yes

L1 Cache Stats:
L1-Load-Hits:       18239462674   89.88%
L1-Load-Misses:      2053696624   10.12%
L1-Load-Accesses:   20293159298  100.00%

L1-Store-Hits:        5349172141   45.97%
L1-Store-Misses:      6287784837   54.03%
L1-Store-Accesses:   11636956978  100.00%

L1-Total-Hits:       23588634815   73.88%
L1-Total-Misses:      8341481461   26.12%
L1-Total-Accesses:   31930116276  100.00%

L2 Cache Stats:
L2-Load-Hits:        1795931504   87.45%
L2-Load-Misses:       257765120   12.55%
L2-Load-Accesses:    2053696624  100.00%

L2-Store-Hits:        5550144345   88.27%
L2-Store-Misses:       737640492   11.73%
L2-Store-Accesses:    6287784837  100.00%

L2-Total-Hits:        7346075849   88.07%
L2-Total-Misses:       995405612   11.93%
L2-Total-Accesses:    8341481461  100.00%

